#
# A fatal error has been detected by the Java Runtime Environment:
#
#  EXCEPTION_ACCESS_VIOLATION (0xc0000005) at pc=0x00007fffe695d1e2, pid=13728, tid=1396
#
# JRE version: Java(TM) SE Runtime Environment (16.0.1+9) (build 16.0.1+9-24)
# Java VM: Java HotSpot(TM) 64-Bit Server VM (16.0.1+9-24, mixed mode, sharing, tiered, compressed oops, compressed class ptrs, g1 gc, windows-amd64)
# Problematic frame:
# V  [jvm.dll+0x2cd1e2]
#
# No core dump will be written. Minidumps are not enabled by default on client versions of Windows
#
# If you would like to submit a bug report, please visit:
#   https://bugreport.java.com/bugreport/crash.jsp
#

---------------  S U M M A R Y ------------

Command Line: -XX:TieredStopAtLevel=1 -Xverify:none -Dspring.output.ansi.enabled=always -javaagent:C:\Program Files\JetBrains\IntelliJ IDEA 2021.1.2\lib\idea_rt.jar=51355:C:\Program Files\JetBrains\IntelliJ IDEA 2021.1.2\bin -Dcom.sun.management.jmxremote -Dspring.jmx.enabled=true -Dspring.liveBeansView.mbeanDomain -Dspring.application.admin.enabled=true -Dfile.encoding=UTF-8 com.example.booksforgram.BooksforgramApplication

Host: Intel(R) Core(TM) i5-8250U CPU @ 1.60GHz, 8 cores, 7G,  Windows 10 , 64 bit Build 19041 (10.0.19041.1151)
Time: Tue Nov 30 10:13:00 2021  Windows 10 , 64 bit Build 19041 (10.0.19041.1151) elapsed time: 336785.154449 seconds (3d 21h 33m 5s)

---------------  T H R E A D  ---------------

Current thread (0x000001d533d93680):  ConcurrentGCThread "G1 Conc#1" [stack: 0x0000007dad400000,0x0000007dad500000] [id=1396]

Stack: [0x0000007dad400000,0x0000007dad500000],  sp=0x0000007dad4ff000,  free space=1020k
Native frames: (J=compiled Java code, j=interpreted, Vv=VM code, C=native code)
V  [jvm.dll+0x2cd1e2]
V  [jvm.dll+0x2ccf2f]
V  [jvm.dll+0x2cb19d]
V  [jvm.dll+0x2cae01]
V  [jvm.dll+0x2df1c8]
V  [jvm.dll+0x2dde7c]
V  [jvm.dll+0x2df81c]
V  [jvm.dll+0x2de734]
V  [jvm.dll+0x2e2286]
V  [jvm.dll+0x7f844b]
V  [jvm.dll+0x779b4a]
V  [jvm.dll+0x667666]
C  [ucrtbase.dll+0x21bb2]
C  [KERNEL32.DLL+0x17034]
C  [ntdll.dll+0x52651]


siginfo: EXCEPTION_ACCESS_VIOLATION (0xc0000005), reading address 0x00000000000000f8


Register to memory mapping:

RIP=0x00007fffe695d1e2 jvm.dll
RAX=0x000001d514be7940 points into unknown readable memory: 0x0000000000000000 | 00 00 00 00 00 00 00 00
RBX=0x000001d514c162e0 points into unknown readable memory: 0x00007fffe6f73c78 | 78 3c f7 e6 ff 7f 00 00
RCX=0x0000000000000014 is an unknown value
RDX=0x0000000000000001 is an unknown value
RSP=0x0000007dad4ff000 points into unknown readable memory: 0x0000000000583702 | 02 37 58 00 00 00 00 00
RBP=0x0000000000000001 is an unknown value
RSI=0x000001d514bfdfb0 points into unknown readable memory: 0x000001d514c0e710 | 10 e7 c0 14 d5 01 00 00
RDI=0x0000000000000004 is an unknown value
R8 =0x0000000000000004 is an unknown value
R9 =0x0 is NULL
R10=0x0000000000000031 is an unknown value
R11=0x0000000000000002 is an unknown value
R12=0x0 is NULL
R13=0xaaaaaaaaaaaaaaab is an unknown value
R14=0x0000000800ceb1c8 is a pointer to class: 
org.springframework.core.ResolvableType$EmptyType {0x0000000800ceb1d0}
R15=0x00000000849f45b0 is an oop: org.springframework.core.ResolvableType 
{0x00000000849f45b0} - klass: 'org/springframework/core/ResolvableType'


Registers:
RAX=0x000001d514be7940, RBX=0x000001d514c162e0, RCX=0x0000000000000014, RDX=0x0000000000000001
RSP=0x0000007dad4ff000, RBP=0x0000000000000001, RSI=0x000001d514bfdfb0, RDI=0x0000000000000004
R8 =0x0000000000000004, R9 =0x0000000000000000, R10=0x0000000000000031, R11=0x0000000000000002
R12=0x0000000000000000, R13=0xaaaaaaaaaaaaaaab, R14=0x0000000800ceb1c8, R15=0x00000000849f45b0
RIP=0x00007fffe695d1e2, EFLAGS=0x0000000000010246

Top of Stack: (sp=0x0000007dad4ff000)
0x0000007dad4ff000:   0000000000583702 00007fffe695d214
0x0000007dad4ff010:   0000c3c960ac8658 0000007dad4ff200
0x0000007dad4ff020:   0000000000000004 00007fffe695cf2f
0x0000007dad4ff030:   000001d514c162e0 0000007dad4ff200
0x0000007dad4ff040:   0000000800ceb1c0 0000007dad4ff200
0x0000007dad4ff050:   00000000849f45e0 00007fffe695b19d
0x0000007dad4ff060:   00000000849f45c8 00007fffe695b79d
0x0000007dad4ff070:   00000000849f434c 0000000800cde000
0x0000007dad4ff080:   0000007dad4ff1c0 0000000000000000
0x0000007dad4ff090:   00000000849f45b0 00007fffe695ae01
0x0000007dad4ff0a0:   0000000800ceaee0 0000000000000006
0x0000007dad4ff0b0:   0000007dad4ff200 0000000000000000
0x0000007dad4ff0c0:   00000000849f45b0 00007fffe696f1c8
0x0000007dad4ff0d0:   000001d514c162e0 0000000000000040
0x0000007dad4ff0e0:   000000000000006e 0000000000000000
0x0000007dad4ff0f0:   000001d514c162e0 00007fffe69715de 

Instructions: (pc=0x00007fffe695d1e2)
0x00007fffe695d0e2:   48 3b c8 75 ee 32 db 48 8b 6c 24 38 0f b6 c3 48
0x00007fffe695d0f2:   8b 5c 24 30 48 8b 74 24 40 48 83 c4 20 5f c3 80
0x00007fffe695d102:   3d 79 a7 80 00 00 b3 01 74 15 8b 57 08 8b 0d 33
0x00007fffe695d112:   3f 7a 00 48 d3 e2 48 03 15 21 3f 7a 00 eb 04 48
0x00007fffe695d122:   8b 57 08 48 8b cf e8 d3 fd ed ff 4c 63 d8 48 8b
0x00007fffe695d132:   86 08 03 00 00 4c 8b 04 e8 49 8b 40 18 8b 88 c0
0x00007fffe695d142:   01 00 00 48 8b 90 b8 01 00 00 48 d3 e2 8b 0d 3b
0x00007fffe695d152:   b1 80 00 48 2b fa 41 8b 50 60 48 d3 ef 44 8b d7
0x00007fffe695d162:   49 23 d2 48 c1 e2 04 49 03 50 40 8b 02 3b c7 74
0x00007fffe695d172:   2d 4c 8b 4a 08 4d 85 c9 74 0c 8b c8 49 8b 40 38
0x00007fffe695d182:   f0 4c 0f c1 0c c8 48 c7 42 08 00 00 00 00 44 89
0x00007fffe695d192:   12 49 ff 40 58 4c 01 5a 08 e9 49 ff ff ff 49 ff
0x00007fffe695d1a2:   40 50 4c 01 5a 08 e9 3c ff ff ff cc cc cc 48 89
0x00007fffe695d1b2:   6c 24 10 48 89 74 24 18 57 48 83 ec 20 48 8b 41
0x00007fffe695d1c2:   08 48 8b f1 4d 8b c8 8b ea 49 8b f8 8b 88 c0 01
0x00007fffe695d1d2:   00 00 48 8b 80 b0 01 00 00 49 d3 e9 4e 8b 0c c8
0x00007fffe695d1e2:   4d 3b 81 f8 00 00 00 72 12 32 c0 48 8b 6c 24 38
0x00007fffe695d1f2:   48 8b 74 24 40 48 83 c4 20 5f c3 48 89 5c 24 30
0x00007fffe695d202:   48 8b d7 48 8b 9e 98 00 00 00 48 8b cb 48 8b 03
0x00007fffe695d212:   ff 10 8b 4b 18 48 8b d7 48 2b 53 08 48 8b 43 20
0x00007fffe695d222:   48 c1 ea 03 48 d3 ea 48 8b ca 48 c1 e9 06 4c 8d
0x00007fffe695d232:   04 c8 0f b6 ca 49 8b 00 80 e1 3f ba 01 00 00 00
0x00007fffe695d242:   48 d3 e2 48 8b c8 48 0b ca 48 3b c8 74 12 f0 49
0x00007fffe695d252:   0f b1 08 74 25 48 8b c8 48 0b ca 48 3b c8 75 ee
0x00007fffe695d262:   32 db 48 8b 6c 24 38 0f b6 c3 48 8b 5c 24 30 48
0x00007fffe695d272:   8b 74 24 40 48 83 c4 20 5f c3 80 3d fe a5 80 00
0x00007fffe695d282:   00 b3 01 74 15 8b 57 08 8b 0d b8 3d 7a 00 48 d3
0x00007fffe695d292:   e2 48 03 15 a6 3d 7a 00 eb 04 48 8b 57 08 48 8b
0x00007fffe695d2a2:   cf e8 58 fc ed ff 4c 63 d8 48 8b 86 08 03 00 00
0x00007fffe695d2b2:   4c 8b 04 e8 49 8b 40 18 8b 88 c0 01 00 00 48 8b
0x00007fffe695d2c2:   90 b8 01 00 00 48 d3 e2 8b 0d c0 af 80 00 48 2b
0x00007fffe695d2d2:   fa 41 8b 50 60 48 d3 ef 44 8b d7 49 23 d2 48 c1 


Stack slot to memory mapping:
stack at sp + 0 slots: 0x0000000000583702 is an unknown value
stack at sp + 1 slots: 0x00007fffe695d214 jvm.dll
stack at sp + 2 slots: 0x0000c3c960ac8658 is an unknown value
stack at sp + 3 slots: 0x0000007dad4ff200 points into unknown readable memory: 0x00007fffe6f73c98 | 98 3c f7 e6 ff 7f 00 00
stack at sp + 4 slots: 0x0000000000000004 is an unknown value
stack at sp + 5 slots: 0x00007fffe695cf2f jvm.dll
stack at sp + 6 slots: 0x000001d514c162e0 points into unknown readable memory: 0x00007fffe6f73c78 | 78 3c f7 e6 ff 7f 00 00
stack at sp + 7 slots: 0x0000007dad4ff200 points into unknown readable memory: 0x00007fffe6f73c98 | 98 3c f7 e6 ff 7f 00 00


---------------  P R O C E S S  ---------------

Threads class SMR info:
_java_thread_list=0x000001d53aa16ac0, length=42, elements={
0x000001d532b92b90, 0x000001d532b93a50, 0x000001d532ba79c0, 0x000001d532baa3e0,
0x000001d532bade10, 0x000001d532bb3c40, 0x000001d532bb4210, 0x000001d532bbc780,
0x000001d532b6faf0, 0x000001d533bfad40, 0x000001d533e83010, 0x000001d53413b2d0,
0x000001d53438cc90, 0x000001d53718d030, 0x000001d537189070, 0x000001d537189b10,
0x000001d53718a5b0, 0x000001d53718fab0, 0x000001d53718baf0, 0x000001d537190000,
0x000001d537190aa0, 0x000001d53718d580, 0x000001d53718f560, 0x000001d53718ab00,
0x000001d537190550, 0x000001d53718b5a0, 0x000001d53718eac0, 0x000001d53718dad0,
0x000001d53438ec70, 0x000001d53438d1e0, 0x000001d53438d730, 0x000001d53718f010,
0x000001d53438dc80, 0x000001d53438e1d0, 0x000001d53718b050, 0x000001d53aa978f0,
0x000001d53aa94e70, 0x000001d53a89d810, 0x000001d53a89f7f0, 0x000001d53a89f2a0,
0x000001d53a899da0, 0x000001d53a89bd80
}

Java Threads: ( => current thread )
  0x000001d532b92b90 JavaThread "Reference Handler" daemon [_thread_blocked, id=7112, stack(0x0000007dab600000,0x0000007dab700000)]
  0x000001d532b93a50 JavaThread "Finalizer" daemon [_thread_blocked, id=11440, stack(0x0000007dab700000,0x0000007dab800000)]
  0x000001d532ba79c0 JavaThread "Signal Dispatcher" daemon [_thread_blocked, id=9824, stack(0x0000007dab800000,0x0000007dab900000)]
  0x000001d532baa3e0 JavaThread "Attach Listener" daemon [_thread_blocked, id=6356, stack(0x0000007dab900000,0x0000007daba00000)]
  0x000001d532bade10 JavaThread "Service Thread" daemon [_thread_blocked, id=6048, stack(0x0000007daba00000,0x0000007dabb00000)]
  0x000001d532bb3c40 JavaThread "Monitor Deflation Thread" daemon [_thread_blocked, id=10436, stack(0x0000007dabb00000,0x0000007dabc00000)]
  0x000001d532bb4210 JavaThread "C1 CompilerThread0" daemon [_thread_blocked, id=9784, stack(0x0000007dabc00000,0x0000007dabd00000)]
  0x000001d532bbc780 JavaThread "Sweeper thread" daemon [_thread_blocked, id=5424, stack(0x0000007dabd00000,0x0000007dabe00000)]
  0x000001d532b6faf0 JavaThread "Common-Cleaner" daemon [_thread_blocked, id=11448, stack(0x0000007dabe00000,0x0000007dabf00000)]
  0x000001d533bfad40 JavaThread "Notification Thread" daemon [_thread_blocked, id=8072, stack(0x0000007dac000000,0x0000007dac100000)]
  0x000001d533e83010 JavaThread "RMI TCP Accept-0" daemon [_thread_in_native, id=11192, stack(0x0000007dac100000,0x0000007dac200000)]
  0x000001d53413b2d0 JavaThread "RMI Scheduler(0)" daemon [_thread_blocked, id=8304, stack(0x0000007dac400000,0x0000007dac500000)]
  0x000001d53438cc90 JavaThread "mysql-cj-abandoned-connection-cleanup" daemon [_thread_blocked, id=10592, stack(0x0000007dada00000,0x0000007dadb00000)]
  0x000001d53718d030 JavaThread "DestroyJavaVM" [_thread_blocked, id=14196, stack(0x0000007daaf00000,0x0000007dab000000)]
  0x000001d537189070 JavaThread "File Watcher" daemon [_thread_in_native, id=12840, stack(0x0000007dace00000,0x0000007dacf00000)]
  0x000001d537189b10 JavaThread "File Watcher" daemon [_thread_blocked, id=15128, stack(0x0000007dad200000,0x0000007dad300000)]
  0x000001d53718a5b0 JavaThread "File Watcher" daemon [_thread_blocked, id=7540, stack(0x0000007dacd00000,0x0000007dace00000)]
  0x000001d53718fab0 JavaThread "File Watcher" daemon [_thread_in_native, id=13908, stack(0x0000007dad300000,0x0000007dad400000)]
  0x000001d53718baf0 JavaThread "File Watcher" daemon [_thread_blocked, id=8692, stack(0x0000007dad600000,0x0000007dad700000)]
  0x000001d537190000 JavaThread "File Watcher" daemon [_thread_blocked, id=3948, stack(0x0000007dad000000,0x0000007dad100000)]
  0x000001d537190aa0 JavaThread "File Watcher" daemon [_thread_blocked, id=16316, stack(0x0000007dad700000,0x0000007dad800000)]
  0x000001d53718d580 JavaThread "File Watcher" daemon [_thread_blocked, id=6156, stack(0x0000007dad100000,0x0000007dad200000)]
  0x000001d53718f560 JavaThread "File Watcher" daemon [_thread_blocked, id=11888, stack(0x0000007dad500000,0x0000007dad600000)]
  0x000001d53718ab00 JavaThread "File Watcher" daemon [_thread_in_native, id=12600, stack(0x0000007dad800000,0x0000007dad900000)]
  0x000001d537190550 JavaThread "File Watcher" daemon [_thread_blocked, id=14396, stack(0x0000007dad900000,0x0000007dada00000)]
  0x000001d53718b5a0 JavaThread "File Watcher" daemon [_thread_blocked, id=9888, stack(0x0000007dadc00000,0x0000007dadd00000)]
  0x000001d53718eac0 JavaThread "File Watcher" daemon [_thread_in_vm, id=10488, stack(0x0000007dae000000,0x0000007dae100000)]
  0x000001d53718dad0 JavaThread "File Watcher" daemon [_thread_blocked, id=10144, stack(0x0000007dadd00000,0x0000007dade00000)]
  0x000001d53438ec70 JavaThread "File Watcher" daemon [_thread_blocked, id=8028, stack(0x0000007dadf00000,0x0000007dae000000)]
  0x000001d53438d1e0 JavaThread "File Watcher" daemon [_thread_blocked, id=13384, stack(0x0000007dae100000,0x0000007dae200000)]
  0x000001d53438d730 JavaThread "File Watcher" daemon [_thread_blocked, id=5260, stack(0x0000007dae300000,0x0000007dae400000)]
  0x000001d53718f010 JavaThread "File Watcher" daemon [_thread_blocked, id=3688, stack(0x0000007dae200000,0x0000007dae300000)]
  0x000001d53438dc80 JavaThread "File Watcher" daemon [_thread_in_native, id=16292, stack(0x0000007dae400000,0x0000007dae500000)]
  0x000001d53438e1d0 JavaThread "File Watcher" daemon [_thread_blocked, id=10108, stack(0x0000007dae500000,0x0000007dae600000)]
  0x000001d53718b050 JavaThread "File Watcher" daemon [_thread_blocked, id=13228, stack(0x0000007dabf00000,0x0000007dac000000)]
  0x000001d53aa978f0 JavaThread "File Watcher" daemon [_thread_blocked, id=8372, stack(0x0000007dadb00000,0x0000007dadc00000)]
  0x000001d53aa94e70 JavaThread "File Watcher" daemon [_thread_blocked, id=14444, stack(0x0000007dae800000,0x0000007dae900000)]
  0x000001d53a89d810 JavaThread "File Watcher" daemon [_thread_blocked, id=13388, stack(0x0000007dae600000,0x0000007dae700000)]
  0x000001d53a89f7f0 JavaThread "File Watcher" daemon [_thread_blocked, id=15108, stack(0x0000007dae700000,0x0000007dae800000)]
  0x000001d53a89f2a0 JavaThread "File Watcher" daemon [_thread_blocked, id=4380, stack(0x0000007dae900000,0x0000007daea00000)]
  0x000001d53a899da0 JavaThread "Thread-204" [_thread_blocked, id=6236, stack(0x0000007daef00000,0x0000007daf000000)]
  0x000001d53a89bd80 JavaThread "File Watcher" daemon [_thread_blocked, id=15284, stack(0x0000007daeb00000,0x0000007daec00000)]

Other Threads:
  0x000001d532b8cf30 VMThread "VM Thread" [stack: 0x0000007dab500000,0x0000007dab600000] [id=8604]
  0x000001d514bbfab0 WatcherThread [stack: 0x0000007dac200000,0x0000007dac300000] [id=8664]
  0x000001d514bfd8d0 GCTaskThread "GC Thread#0" [stack: 0x0000007dab000000,0x0000007dab100000] [id=10704]
  0x000001d534192ba0 GCTaskThread "GC Thread#1" [stack: 0x0000007dac500000,0x0000007dac600000] [id=10756]
  0x000001d534192eb0 GCTaskThread "GC Thread#2" [stack: 0x0000007dac600000,0x0000007dac700000] [id=6412]
  0x000001d5341fee80 GCTaskThread "GC Thread#3" [stack: 0x0000007dac700000,0x0000007dac800000] [id=13568]
  0x000001d5341ff190 GCTaskThread "GC Thread#4" [stack: 0x0000007dac800000,0x0000007dac900000] [id=12612]
  0x000001d5341ff4a0 GCTaskThread "GC Thread#5" [stack: 0x0000007dac900000,0x0000007daca00000] [id=10132]
  0x000001d5341ff7b0 GCTaskThread "GC Thread#6" [stack: 0x0000007daca00000,0x0000007dacb00000] [id=12536]
  0x000001d5341ffac0 GCTaskThread "GC Thread#7" [stack: 0x0000007dacb00000,0x0000007dacc00000] [id=7000]
  0x000001d514c0e710 ConcurrentGCThread "G1 Main Marker" [stack: 0x0000007dab100000,0x0000007dab200000] [id=1564]
  0x000001d514c0f9a0 ConcurrentGCThread "G1 Conc#0" [stack: 0x0000007dab200000,0x0000007dab300000] [id=3396]
=>0x000001d533d93680 ConcurrentGCThread "G1 Conc#1" [stack: 0x0000007dad400000,0x0000007dad500000] [id=1396]
  0x000001d532a40090 ConcurrentGCThread "G1 Refine#0" [stack: 0x0000007dab300000,0x0000007dab400000] [id=14092]
  0x000001d53419be10 ConcurrentGCThread "G1 Refine#1" [stack: 0x0000007dacc00000,0x0000007dacd00000] [id=1736]
  0x000001d537806a80 ConcurrentGCThread "G1 Refine#2" [stack: 0x0000007dade00000,0x0000007dadf00000] [id=4700]
  0x000001d533dc86b0 ConcurrentGCThread "G1 Refine#3" [stack: 0x0000007daac00000,0x0000007daad00000] [id=1980]
  0x000001d533e60aa0 ConcurrentGCThread "G1 Refine#4" [stack: 0x0000007daad00000,0x0000007daae00000] [id=12316]
  0x000001d5354365d0 ConcurrentGCThread "G1 Refine#5" [stack: 0x0000007daae00000,0x0000007daaf00000] [id=9648]
  0x000001d5378d7cc0 ConcurrentGCThread "G1 Refine#6" [stack: 0x0000007dac300000,0x0000007dac400000] [id=6860]
  0x000001d53527de80 ConcurrentGCThread "G1 Refine#7" [stack: 0x0000007dacf00000,0x0000007dad000000] [id=6460]
  0x000001d532a40b90 ConcurrentGCThread "G1 Service" [stack: 0x0000007dab400000,0x0000007dab500000] [id=12960]

Threads with active compile tasks:

VM state: not at safepoint (normal execution)

VM Mutex/Monitor currently owned by a thread: None

Heap address: 0x0000000081800000, size: 2024 MB, Compressed Oops mode: 32-bit

CDS archive(s) mapped at: [0x0000000800000000-0x0000000800bb0000-0x0000000800bb0000), size 12255232, SharedBaseAddress: 0x0000000800000000, ArchiveRelocationMode: 0.
Compressed class space mapped at: 0x0000000800c00000-0x0000000840c00000, reserved size: 1073741824
Narrow klass base: 0x0000000800000000, Narrow klass shift: 3, Narrow klass range: 0x100000000

GC Precious Log:
 CPUs: 8 total, 8 available
 Memory: 8089M
 Large Page Support: Disabled
 NUMA Support: Disabled
 Compressed Oops: Enabled (32-bit)
 Heap Region Size: 1M
 Heap Min Capacity: 8M
 Heap Initial Capacity: 128M
 Heap Max Capacity: 2024M
 Pre-touch: Disabled
 Parallel Workers: 8
 Concurrent Workers: 2
 Concurrent Refinement Workers: 8
 Periodic GC: Disabled

Heap:
 garbage-first heap   total 227328K, used 90400K [0x0000000081800000, 0x0000000100000000)
  region size 1024K, 13 young (13312K), 1 survivors (1024K)
 Metaspace       used 79057K, committed 86592K, reserved 1138688K
  class space    used 10776K, committed 13248K, reserved 1048576K

Heap Regions: E=young(eden), S=young(survivor), O=old, HS=humongous(starts), HC=humongous(continues), CS=collection set, F=free, OA=open archive, CA=closed archive, TAMS=top-at-mark-start (previous, next)
|   0|0x0000000081800000, 0x0000000081900000, 0x0000000081900000|100%|HS|  |TAMS 0x0000000081900000, 0x0000000081900000| Complete 
|   1|0x0000000081900000, 0x00000000819ffff0, 0x0000000081a00000| 99%| O|  |TAMS 0x00000000819ffff0, 0x00000000819ffff0| Untracked 
|   2|0x0000000081a00000, 0x0000000081affff0, 0x0000000081b00000| 99%| O|  |TAMS 0x0000000081affff0, 0x0000000081affff0| Untracked 
|   3|0x0000000081b00000, 0x0000000081bffff0, 0x0000000081c00000| 99%| O|  |TAMS 0x0000000081bffff0, 0x0000000081bffff0| Untracked 
|   4|0x0000000081c00000, 0x0000000081cffff8, 0x0000000081d00000| 99%| O|  |TAMS 0x0000000081cffff8, 0x0000000081cffff8| Untracked 
|   5|0x0000000081d00000, 0x0000000081dfff00, 0x0000000081e00000| 99%| O|  |TAMS 0x0000000081dfff00, 0x0000000081dfff00| Untracked 
|   6|0x0000000081e00000, 0x0000000081effff8, 0x0000000081f00000| 99%| O|  |TAMS 0x0000000081effff8, 0x0000000081effff8| Untracked 
|   7|0x0000000081f00000, 0x0000000081fffff0, 0x0000000082000000| 99%| O|  |TAMS 0x0000000081fffff0, 0x0000000081fffff0| Untracked 
|   8|0x0000000082000000, 0x0000000082100000, 0x0000000082100000|100%| O|  |TAMS 0x0000000082100000, 0x0000000082100000| Untracked 
|   9|0x0000000082100000, 0x00000000821ffff0, 0x0000000082200000| 99%| O|  |TAMS 0x00000000821ffff0, 0x00000000821ffff0| Untracked 
|  10|0x0000000082200000, 0x00000000822ffff8, 0x0000000082300000| 99%| O|  |TAMS 0x00000000822ffff8, 0x00000000822ffff8| Untracked 
|  11|0x0000000082300000, 0x0000000082400000, 0x0000000082400000|100%| O|  |TAMS 0x0000000082400000, 0x0000000082400000| Untracked 
|  12|0x0000000082400000, 0x00000000824fffe0, 0x0000000082500000| 99%| O|  |TAMS 0x00000000824fffe0, 0x00000000824fffe0| Untracked 
|  13|0x0000000082500000, 0x00000000825fffc0, 0x0000000082600000| 99%| O|  |TAMS 0x00000000825fffc0, 0x00000000825fffc0| Untracked 
|  14|0x0000000082600000, 0x00000000826ffff8, 0x0000000082700000| 99%| O|  |TAMS 0x00000000826ffff8, 0x00000000826ffff8| Untracked 
|  15|0x0000000082700000, 0x00000000827ffff0, 0x0000000082800000| 99%| O|  |TAMS 0x00000000827ffff0, 0x00000000827ffff0| Untracked 
|  16|0x0000000082800000, 0x00000000828ffff8, 0x0000000082900000| 99%| O|  |TAMS 0x00000000828ffff8, 0x00000000828ffff8| Untracked 
|  17|0x0000000082900000, 0x00000000829ffff0, 0x0000000082a00000| 99%| O|  |TAMS 0x00000000829ffff0, 0x00000000829ffff0| Untracked 
|  18|0x0000000082a00000, 0x0000000082affff0, 0x0000000082b00000| 99%| O|  |TAMS 0x0000000082affff0, 0x0000000082affff0| Untracked 
|  19|0x0000000082b00000, 0x0000000082bffff0, 0x0000000082c00000| 99%| O|  |TAMS 0x0000000082bffff0, 0x0000000082bffff0| Untracked 
|  20|0x0000000082c00000, 0x0000000082cffff8, 0x0000000082d00000| 99%| O|  |TAMS 0x0000000082cffff8, 0x0000000082cffff8| Untracked 
|  21|0x0000000082d00000, 0x0000000082dfffe8, 0x0000000082e00000| 99%| O|  |TAMS 0x0000000082dfffe8, 0x0000000082dfffe8| Untracked 
|  22|0x0000000082e00000, 0x0000000082efffb0, 0x0000000082f00000| 99%| O|  |TAMS 0x0000000082efffb0, 0x0000000082efffb0| Untracked 
|  23|0x0000000082f00000, 0x0000000082fffff8, 0x0000000083000000| 99%| O|  |TAMS 0x0000000082fffff8, 0x0000000082fffff8| Untracked 
|  24|0x0000000083000000, 0x00000000830fffe0, 0x0000000083100000| 99%| O|  |TAMS 0x00000000830fffe0, 0x00000000830fffe0| Untracked 
|  25|0x0000000083100000, 0x00000000831fffe8, 0x0000000083200000| 99%| O|  |TAMS 0x00000000831fffe8, 0x00000000831fffe8| Untracked 
|  26|0x0000000083200000, 0x00000000832fffd8, 0x0000000083300000| 99%| O|  |TAMS 0x00000000832fffd8, 0x00000000832fffd8| Untracked 
|  27|0x0000000083300000, 0x00000000833ffff8, 0x0000000083400000| 99%| O|  |TAMS 0x00000000833ffff8, 0x00000000833ffff8| Untracked 
|  28|0x0000000083400000, 0x00000000834ffff8, 0x0000000083500000| 99%| O|  |TAMS 0x00000000834ffff8, 0x00000000834ffff8| Untracked 
|  29|0x0000000083500000, 0x00000000835ffff8, 0x0000000083600000| 99%| O|  |TAMS 0x00000000835ffff8, 0x00000000835ffff8| Untracked 
|  30|0x0000000083600000, 0x00000000836fffe0, 0x0000000083700000| 99%| O|  |TAMS 0x00000000836fffe0, 0x00000000836fffe0| Untracked 
|  31|0x0000000083700000, 0x0000000083800000, 0x0000000083800000|100%| O|  |TAMS 0x0000000083800000, 0x0000000083800000| Untracked 
|  32|0x0000000083800000, 0x00000000838fffe8, 0x0000000083900000| 99%| O|  |TAMS 0x00000000838fffe8, 0x00000000838fffe8| Untracked 
|  33|0x0000000083900000, 0x00000000839ffff8, 0x0000000083a00000| 99%| O|  |TAMS 0x00000000839ffff8, 0x00000000839ffff8| Untracked 
|  34|0x0000000083a00000, 0x0000000083affff0, 0x0000000083b00000| 99%| O|  |TAMS 0x0000000083affff0, 0x0000000083affff0| Untracked 
|  35|0x0000000083b00000, 0x0000000083bffff0, 0x0000000083c00000| 99%| O|  |TAMS 0x0000000083bffff0, 0x0000000083bffff0| Untracked 
|  36|0x0000000083c00000, 0x0000000083d00000, 0x0000000083d00000|100%| O|  |TAMS 0x0000000083d00000, 0x0000000083d00000| Untracked 
|  37|0x0000000083d00000, 0x0000000083e00000, 0x0000000083e00000|100%| O|  |TAMS 0x0000000083e00000, 0x0000000083e00000| Untracked 
|  38|0x0000000083e00000, 0x0000000083efff60, 0x0000000083f00000| 99%| O|  |TAMS 0x0000000083efff60, 0x0000000083efff60| Untracked 
|  39|0x0000000083f00000, 0x0000000083ffffe0, 0x0000000084000000| 99%| O|  |TAMS 0x0000000083ffffe0, 0x0000000083ffffe0| Untracked 
|  40|0x0000000084000000, 0x0000000084100000, 0x0000000084100000|100%| O|  |TAMS 0x0000000084100000, 0x0000000084100000| Untracked 
|  41|0x0000000084100000, 0x00000000841ffff8, 0x0000000084200000| 99%| O|  |TAMS 0x00000000841ffff8, 0x00000000841ffff8| Untracked 
|  42|0x0000000084200000, 0x00000000842ffff8, 0x0000000084300000| 99%| O|  |TAMS 0x00000000842ffff8, 0x00000000842ffff8| Untracked 
|  43|0x0000000084300000, 0x00000000843ffff0, 0x0000000084400000| 99%| O|  |TAMS 0x00000000843ffff0, 0x00000000843ffff0| Untracked 
|  44|0x0000000084400000, 0x00000000844ffff0, 0x0000000084500000| 99%| O|  |TAMS 0x00000000844ffff0, 0x00000000844ffff0| Untracked 
|  45|0x0000000084500000, 0x00000000845ffff0, 0x0000000084600000| 99%| O|  |TAMS 0x00000000845ffff0, 0x00000000845ffff0| Untracked 
|  46|0x0000000084600000, 0x00000000846ffff8, 0x0000000084700000| 99%| O|  |TAMS 0x00000000846ffff8, 0x00000000846ffff8| Untracked 
|  47|0x0000000084700000, 0x00000000847fffe8, 0x0000000084800000| 99%| O|  |TAMS 0x00000000847fffe8, 0x00000000847fffe8| Untracked 
|  48|0x0000000084800000, 0x00000000848fffe0, 0x0000000084900000| 99%| O|  |TAMS 0x00000000848fffe0, 0x00000000848fffe0| Untracked 
|  49|0x0000000084900000, 0x0000000084a00000, 0x0000000084a00000|100%| O|  |TAMS 0x0000000084a00000, 0x0000000084a00000| Untracked 
|  50|0x0000000084a00000, 0x0000000084aff6b0, 0x0000000084b00000| 99%| O|  |TAMS 0x0000000084aff6b0, 0x0000000084aff6b0| Untracked 
|  51|0x0000000084b00000, 0x0000000084bffff0, 0x0000000084c00000| 99%| O|  |TAMS 0x0000000084bffff0, 0x0000000084bffff0| Untracked 
|  52|0x0000000084c00000, 0x0000000084cffff0, 0x0000000084d00000| 99%| O|  |TAMS 0x0000000084cffff0, 0x0000000084cffff0| Untracked 
|  53|0x0000000084d00000, 0x0000000084dffff8, 0x0000000084e00000| 99%| O|  |TAMS 0x0000000084dffff8, 0x0000000084dffff8| Untracked 
|  54|0x0000000084e00000, 0x0000000084effff8, 0x0000000084f00000| 99%| O|  |TAMS 0x0000000084effff8, 0x0000000084effff8| Untracked 
|  55|0x0000000084f00000, 0x0000000084fffff0, 0x0000000085000000| 99%| O|  |TAMS 0x0000000084fffff0, 0x0000000084fffff0| Untracked 
|  56|0x0000000085000000, 0x00000000850ffff8, 0x0000000085100000| 99%| O|  |TAMS 0x00000000850ffff8, 0x00000000850ffff8| Untracked 
|  57|0x0000000085100000, 0x00000000851fffe0, 0x0000000085200000| 99%| O|  |TAMS 0x00000000851fffe0, 0x00000000851fffe0| Untracked 
|  58|0x0000000085200000, 0x0000000085300000, 0x0000000085300000|100%| O|  |TAMS 0x0000000085300000, 0x0000000085300000| Untracked 
|  59|0x0000000085300000, 0x00000000853fffa8, 0x0000000085400000| 99%| O|  |TAMS 0x00000000853fffa8, 0x00000000853fffa8| Untracked 
|  60|0x0000000085400000, 0x00000000854ffff0, 0x0000000085500000| 99%| O|  |TAMS 0x00000000854ffff0, 0x00000000854ffff0| Untracked 
|  61|0x0000000085500000, 0x00000000855f21f8, 0x0000000085600000| 94%| O|  |TAMS 0x00000000855f21f8, 0x00000000855f21f8| Untracked 
|  62|0x0000000085600000, 0x00000000856ffff0, 0x0000000085700000| 99%| O|  |TAMS 0x00000000856ffff0, 0x00000000856ffff0| Untracked 
|  63|0x0000000085700000, 0x00000000857fffb8, 0x0000000085800000| 99%| O|  |TAMS 0x00000000857fffb8, 0x00000000857fffb8| Untracked 
|  64|0x0000000085800000, 0x0000000085847600, 0x0000000085900000| 27%| O|  |TAMS 0x0000000085847600, 0x0000000085847600| Untracked 
|  65|0x0000000085900000, 0x0000000085a00000, 0x0000000085a00000|100%| O|  |TAMS 0x0000000085a00000, 0x0000000085a00000| Untracked 
|  66|0x0000000085a00000, 0x0000000085b00000, 0x0000000085b00000|100%| O|  |TAMS 0x0000000085b00000, 0x0000000085b00000| Untracked 
|  67|0x0000000085b00000, 0x0000000085ba1bf0, 0x0000000085c00000| 63%| O|  |TAMS 0x0000000085ba1bf0, 0x0000000085ba1bf0| Untracked 
|  68|0x0000000085c00000, 0x0000000085d00000, 0x0000000085d00000|100%| O|  |TAMS 0x0000000085d00000, 0x0000000085d00000| Untracked 
|  69|0x0000000085d00000, 0x0000000085e00000, 0x0000000085e00000|100%| O|  |TAMS 0x0000000085e00000, 0x0000000085e00000| Untracked 
|  70|0x0000000085e00000, 0x0000000085f00000, 0x0000000085f00000|100%| O|  |TAMS 0x0000000085f00000, 0x0000000085f00000| Untracked 
|  71|0x0000000085f00000, 0x0000000086000000, 0x0000000086000000|100%| O|  |TAMS 0x0000000086000000, 0x0000000086000000| Untracked 
|  72|0x0000000086000000, 0x0000000086100000, 0x0000000086100000|100%| O|  |TAMS 0x0000000086100000, 0x0000000086100000| Untracked 
|  73|0x0000000086100000, 0x0000000086200000, 0x0000000086200000|100%| O|  |TAMS 0x0000000086200000, 0x0000000086200000| Untracked 
|  74|0x0000000086200000, 0x000000008622fe00, 0x0000000086300000| 18%| O|  |TAMS 0x000000008622fe00, 0x000000008622fe00| Untracked 
|  75|0x0000000086300000, 0x0000000086300000, 0x0000000086400000|  0%| F|  |TAMS 0x0000000086300000, 0x0000000086300000| Untracked 
|  76|0x0000000086400000, 0x0000000086400000, 0x0000000086500000|  0%| F|  |TAMS 0x0000000086400000, 0x0000000086400000| Untracked 
|  77|0x0000000086500000, 0x0000000086500000, 0x0000000086600000|  0%| F|  |TAMS 0x0000000086500000, 0x0000000086500000| Untracked 
|  78|0x0000000086600000, 0x0000000086600000, 0x0000000086700000|  0%| F|  |TAMS 0x0000000086600000, 0x0000000086600000| Untracked 
|  79|0x0000000086700000, 0x0000000086700000, 0x0000000086800000|  0%| F|  |TAMS 0x0000000086700000, 0x0000000086700000| Untracked 
|  80|0x0000000086800000, 0x0000000086800000, 0x0000000086900000|  0%| F|  |TAMS 0x0000000086800000, 0x0000000086800000| Untracked 
|  81|0x0000000086900000, 0x00000000869ffff8, 0x0000000086a00000| 99%| O|  |TAMS 0x00000000869ffff8, 0x00000000869ffff8| Untracked 
|  82|0x0000000086a00000, 0x0000000086aad400, 0x0000000086b00000| 67%| O|  |TAMS 0x0000000086aad400, 0x0000000086aad400| Untracked 
|  83|0x0000000086b00000, 0x0000000086b00000, 0x0000000086c00000|  0%| F|  |TAMS 0x0000000086b00000, 0x0000000086b00000| Untracked 
|  84|0x0000000086c00000, 0x0000000086c00000, 0x0000000086d00000|  0%| F|  |TAMS 0x0000000086c00000, 0x0000000086c00000| Untracked 
|  85|0x0000000086d00000, 0x0000000086d00000, 0x0000000086e00000|  0%| F|  |TAMS 0x0000000086d00000, 0x0000000086d00000| Untracked 
|  86|0x0000000086e00000, 0x0000000086e00000, 0x0000000086f00000|  0%| F|  |TAMS 0x0000000086e00000, 0x0000000086e00000| Untracked 
|  87|0x0000000086f00000, 0x0000000086f00000, 0x0000000087000000|  0%| F|  |TAMS 0x0000000086f00000, 0x0000000086f00000| Untracked 
|  88|0x0000000087000000, 0x0000000087000000, 0x0000000087100000|  0%| F|  |TAMS 0x0000000087000000, 0x0000000087000000| Untracked 
|  89|0x0000000087100000, 0x0000000087100000, 0x0000000087200000|  0%| F|  |TAMS 0x0000000087100000, 0x0000000087100000| Untracked 
|  90|0x0000000087200000, 0x00000000872ffff0, 0x0000000087300000| 99%| O|  |TAMS 0x00000000872ffff0, 0x00000000872ffff0| Untracked 
|  91|0x0000000087300000, 0x0000000087300000, 0x0000000087400000|  0%| F|  |TAMS 0x0000000087300000, 0x0000000087300000| Untracked 
|  92|0x0000000087400000, 0x0000000087400000, 0x0000000087500000|  0%| F|  |TAMS 0x0000000087400000, 0x0000000087400000| Untracked 
|  93|0x0000000087500000, 0x0000000087500000, 0x0000000087600000|  0%| F|  |TAMS 0x0000000087500000, 0x0000000087500000| Untracked 
|  94|0x0000000087600000, 0x0000000087600000, 0x0000000087700000|  0%| F|  |TAMS 0x0000000087600000, 0x0000000087600000| Untracked 
|  95|0x0000000087700000, 0x00000000877fffe8, 0x0000000087800000| 99%| O|  |TAMS 0x00000000877fffe8, 0x00000000877fffe8| Untracked 
|  96|0x0000000087800000, 0x0000000087800000, 0x0000000087900000|  0%| F|  |TAMS 0x0000000087800000, 0x0000000087800000| Untracked 
|  97|0x0000000087900000, 0x0000000087900000, 0x0000000087a00000|  0%| F|  |TAMS 0x0000000087900000, 0x0000000087900000| Untracked 
|  98|0x0000000087a00000, 0x0000000087a00000, 0x0000000087b00000|  0%| F|  |TAMS 0x0000000087a00000, 0x0000000087a00000| Untracked 
|  99|0x0000000087b00000, 0x0000000087b00000, 0x0000000087c00000|  0%| F|  |TAMS 0x0000000087b00000, 0x0000000087b00000| Untracked 
| 100|0x0000000087c00000, 0x0000000087c00000, 0x0000000087d00000|  0%| F|  |TAMS 0x0000000087c00000, 0x0000000087c00000| Untracked 
| 101|0x0000000087d00000, 0x0000000087d00000, 0x0000000087e00000|  0%| F|  |TAMS 0x0000000087d00000, 0x0000000087d00000| Untracked 
| 102|0x0000000087e00000, 0x0000000087e00000, 0x0000000087f00000|  0%| F|  |TAMS 0x0000000087e00000, 0x0000000087e00000| Untracked 
| 103|0x0000000087f00000, 0x0000000087f00000, 0x0000000088000000|  0%| F|  |TAMS 0x0000000087f00000, 0x0000000087f00000| Untracked 
| 104|0x0000000088000000, 0x0000000088090ba0, 0x0000000088100000| 56%| S|CS|TAMS 0x0000000088000000, 0x0000000088000000| Complete 
| 105|0x0000000088100000, 0x0000000088100000, 0x0000000088200000|  0%| F|  |TAMS 0x0000000088100000, 0x0000000088100000| Untracked 
| 106|0x0000000088200000, 0x0000000088200000, 0x0000000088300000|  0%| F|  |TAMS 0x0000000088200000, 0x0000000088200000| Untracked 
| 107|0x0000000088300000, 0x0000000088300000, 0x0000000088400000|  0%| F|  |TAMS 0x0000000088300000, 0x0000000088300000| Untracked 
| 108|0x0000000088400000, 0x0000000088400000, 0x0000000088500000|  0%| F|  |TAMS 0x0000000088400000, 0x0000000088400000| Untracked 
| 109|0x0000000088500000, 0x0000000088500000, 0x0000000088600000|  0%| F|  |TAMS 0x0000000088500000, 0x0000000088500000| Untracked 
| 110|0x0000000088600000, 0x0000000088600000, 0x0000000088700000|  0%| F|  |TAMS 0x0000000088600000, 0x0000000088600000| Untracked 
| 111|0x0000000088700000, 0x0000000088700000, 0x0000000088800000|  0%| F|  |TAMS 0x0000000088700000, 0x0000000088700000| Untracked 
| 112|0x0000000088800000, 0x0000000088800000, 0x0000000088900000|  0%| F|  |TAMS 0x0000000088800000, 0x0000000088800000| Untracked 
| 113|0x0000000088900000, 0x0000000088900000, 0x0000000088a00000|  0%| F|  |TAMS 0x0000000088900000, 0x0000000088900000| Untracked 
| 114|0x0000000088a00000, 0x0000000088a00000, 0x0000000088b00000|  0%| F|  |TAMS 0x0000000088a00000, 0x0000000088a00000| Untracked 
| 115|0x0000000088b00000, 0x0000000088b00000, 0x0000000088c00000|  0%| F|  |TAMS 0x0000000088b00000, 0x0000000088b00000| Untracked 
| 116|0x0000000088c00000, 0x0000000088c00000, 0x0000000088d00000|  0%| F|  |TAMS 0x0000000088c00000, 0x0000000088c00000| Untracked 
| 117|0x0000000088d00000, 0x0000000088d00000, 0x0000000088e00000|  0%| F|  |TAMS 0x0000000088d00000, 0x0000000088d00000| Untracked 
| 118|0x0000000088e00000, 0x0000000088e00000, 0x0000000088f00000|  0%| F|  |TAMS 0x0000000088e00000, 0x0000000088e00000| Untracked 
| 119|0x0000000088f00000, 0x0000000088f00000, 0x0000000089000000|  0%| F|  |TAMS 0x0000000088f00000, 0x0000000088f00000| Untracked 
| 120|0x0000000089000000, 0x0000000089000000, 0x0000000089100000|  0%| F|  |TAMS 0x0000000089000000, 0x0000000089000000| Untracked 
| 121|0x0000000089100000, 0x0000000089100000, 0x0000000089200000|  0%| F|  |TAMS 0x0000000089100000, 0x0000000089100000| Untracked 
| 122|0x0000000089200000, 0x0000000089200000, 0x0000000089300000|  0%| F|  |TAMS 0x0000000089200000, 0x0000000089200000| Untracked 
| 123|0x0000000089300000, 0x0000000089300000, 0x0000000089400000|  0%| F|  |TAMS 0x0000000089300000, 0x0000000089300000| Untracked 
| 124|0x0000000089400000, 0x0000000089400000, 0x0000000089500000|  0%| F|  |TAMS 0x0000000089400000, 0x0000000089400000| Untracked 
| 125|0x0000000089500000, 0x0000000089500000, 0x0000000089600000|  0%| F|  |TAMS 0x0000000089500000, 0x0000000089500000| Untracked 
| 126|0x0000000089600000, 0x0000000089600000, 0x0000000089700000|  0%| F|  |TAMS 0x0000000089600000, 0x0000000089600000| Untracked 
| 127|0x0000000089700000, 0x0000000089700000, 0x0000000089800000|  0%| F|  |TAMS 0x0000000089700000, 0x0000000089700000| Untracked 
| 128|0x0000000089800000, 0x0000000089800000, 0x0000000089900000|  0%| F|  |TAMS 0x0000000089800000, 0x0000000089800000| Untracked 
| 129|0x0000000089900000, 0x0000000089900000, 0x0000000089a00000|  0%| F|  |TAMS 0x0000000089900000, 0x0000000089900000| Untracked 
| 130|0x0000000089a00000, 0x0000000089a00000, 0x0000000089b00000|  0%| F|  |TAMS 0x0000000089a00000, 0x0000000089a00000| Untracked 
| 131|0x0000000089b00000, 0x0000000089b00000, 0x0000000089c00000|  0%| F|  |TAMS 0x0000000089b00000, 0x0000000089b00000| Untracked 
| 132|0x0000000089c00000, 0x0000000089c00000, 0x0000000089d00000|  0%| F|  |TAMS 0x0000000089c00000, 0x0000000089c00000| Untracked 
| 133|0x0000000089d00000, 0x0000000089d00000, 0x0000000089e00000|  0%| F|  |TAMS 0x0000000089d00000, 0x0000000089d00000| Untracked 
| 134|0x0000000089e00000, 0x0000000089e00000, 0x0000000089f00000|  0%| F|  |TAMS 0x0000000089e00000, 0x0000000089e00000| Untracked 
| 135|0x0000000089f00000, 0x0000000089f00000, 0x000000008a000000|  0%| F|  |TAMS 0x0000000089f00000, 0x0000000089f00000| Untracked 
| 136|0x000000008a000000, 0x000000008a000000, 0x000000008a100000|  0%| F|  |TAMS 0x000000008a000000, 0x000000008a000000| Untracked 
| 137|0x000000008a100000, 0x000000008a100000, 0x000000008a200000|  0%| F|  |TAMS 0x000000008a100000, 0x000000008a100000| Untracked 
| 138|0x000000008a200000, 0x000000008a200000, 0x000000008a300000|  0%| F|  |TAMS 0x000000008a200000, 0x000000008a200000| Untracked 
| 139|0x000000008a300000, 0x000000008a300000, 0x000000008a400000|  0%| F|  |TAMS 0x000000008a300000, 0x000000008a300000| Untracked 
| 140|0x000000008a400000, 0x000000008a400000, 0x000000008a500000|  0%| F|  |TAMS 0x000000008a400000, 0x000000008a400000| Untracked 
| 141|0x000000008a500000, 0x000000008a500000, 0x000000008a600000|  0%| F|  |TAMS 0x000000008a500000, 0x000000008a500000| Untracked 
| 142|0x000000008a600000, 0x000000008a600000, 0x000000008a700000|  0%| F|  |TAMS 0x000000008a600000, 0x000000008a600000| Untracked 
| 143|0x000000008a700000, 0x000000008a700000, 0x000000008a800000|  0%| F|  |TAMS 0x000000008a700000, 0x000000008a700000| Untracked 
| 144|0x000000008a800000, 0x000000008a800000, 0x000000008a900000|  0%| F|  |TAMS 0x000000008a800000, 0x000000008a800000| Untracked 
| 145|0x000000008a900000, 0x000000008a900000, 0x000000008aa00000|  0%| F|  |TAMS 0x000000008a900000, 0x000000008a900000| Untracked 
| 146|0x000000008aa00000, 0x000000008aa00000, 0x000000008ab00000|  0%| F|  |TAMS 0x000000008aa00000, 0x000000008aa00000| Untracked 
| 147|0x000000008ab00000, 0x000000008ab00000, 0x000000008ac00000|  0%| F|  |TAMS 0x000000008ab00000, 0x000000008ab00000| Untracked 
| 148|0x000000008ac00000, 0x000000008ac00000, 0x000000008ad00000|  0%| F|  |TAMS 0x000000008ac00000, 0x000000008ac00000| Untracked 
| 149|0x000000008ad00000, 0x000000008ad00000, 0x000000008ae00000|  0%| F|  |TAMS 0x000000008ad00000, 0x000000008ad00000| Untracked 
| 150|0x000000008ae00000, 0x000000008ae00000, 0x000000008af00000|  0%| F|  |TAMS 0x000000008ae00000, 0x000000008ae00000| Untracked 
| 151|0x000000008af00000, 0x000000008af00000, 0x000000008b000000|  0%| F|  |TAMS 0x000000008af00000, 0x000000008af00000| Untracked 
| 152|0x000000008b000000, 0x000000008b000000, 0x000000008b100000|  0%| F|  |TAMS 0x000000008b000000, 0x000000008b000000| Untracked 
| 153|0x000000008b100000, 0x000000008b100000, 0x000000008b200000|  0%| F|  |TAMS 0x000000008b100000, 0x000000008b100000| Untracked 
| 154|0x000000008b200000, 0x000000008b200000, 0x000000008b300000|  0%| F|  |TAMS 0x000000008b200000, 0x000000008b200000| Untracked 
| 155|0x000000008b300000, 0x000000008b300000, 0x000000008b400000|  0%| F|  |TAMS 0x000000008b300000, 0x000000008b300000| Untracked 
| 156|0x000000008b400000, 0x000000008b400000, 0x000000008b500000|  0%| F|  |TAMS 0x000000008b400000, 0x000000008b400000| Untracked 
| 157|0x000000008b500000, 0x000000008b500000, 0x000000008b600000|  0%| F|  |TAMS 0x000000008b500000, 0x000000008b500000| Untracked 
| 158|0x000000008b600000, 0x000000008b600000, 0x000000008b700000|  0%| F|  |TAMS 0x000000008b600000, 0x000000008b600000| Untracked 
| 159|0x000000008b700000, 0x000000008b700000, 0x000000008b800000|  0%| F|  |TAMS 0x000000008b700000, 0x000000008b700000| Untracked 
| 160|0x000000008b800000, 0x000000008b800000, 0x000000008b900000|  0%| F|  |TAMS 0x000000008b800000, 0x000000008b800000| Untracked 
| 161|0x000000008b900000, 0x000000008b900000, 0x000000008ba00000|  0%| F|  |TAMS 0x000000008b900000, 0x000000008b900000| Untracked 
| 162|0x000000008ba00000, 0x000000008ba00000, 0x000000008bb00000|  0%| F|  |TAMS 0x000000008ba00000, 0x000000008ba00000| Untracked 
| 163|0x000000008bb00000, 0x000000008bb00000, 0x000000008bc00000|  0%| F|  |TAMS 0x000000008bb00000, 0x000000008bb00000| Untracked 
| 164|0x000000008bc00000, 0x000000008bc00000, 0x000000008bd00000|  0%| F|  |TAMS 0x000000008bc00000, 0x000000008bc00000| Untracked 
| 165|0x000000008bd00000, 0x000000008bd00000, 0x000000008be00000|  0%| F|  |TAMS 0x000000008bd00000, 0x000000008bd00000| Untracked 
| 166|0x000000008be00000, 0x000000008be00000, 0x000000008bf00000|  0%| F|  |TAMS 0x000000008be00000, 0x000000008be00000| Untracked 
| 167|0x000000008bf00000, 0x000000008bf00000, 0x000000008c000000|  0%| F|  |TAMS 0x000000008bf00000, 0x000000008bf00000| Untracked 
| 168|0x000000008c000000, 0x000000008c000000, 0x000000008c100000|  0%| F|  |TAMS 0x000000008c000000, 0x000000008c000000| Untracked 
| 169|0x000000008c100000, 0x000000008c100000, 0x000000008c200000|  0%| F|  |TAMS 0x000000008c100000, 0x000000008c100000| Untracked 
| 170|0x000000008c200000, 0x000000008c200000, 0x000000008c300000|  0%| F|  |TAMS 0x000000008c200000, 0x000000008c200000| Untracked 
| 171|0x000000008c300000, 0x000000008c300000, 0x000000008c400000|  0%| F|  |TAMS 0x000000008c300000, 0x000000008c300000| Untracked 
| 172|0x000000008c400000, 0x000000008c400000, 0x000000008c500000|  0%| F|  |TAMS 0x000000008c400000, 0x000000008c400000| Untracked 
| 173|0x000000008c500000, 0x000000008c500000, 0x000000008c600000|  0%| F|  |TAMS 0x000000008c500000, 0x000000008c500000| Untracked 
| 174|0x000000008c600000, 0x000000008c600000, 0x000000008c700000|  0%| F|  |TAMS 0x000000008c600000, 0x000000008c600000| Untracked 
| 175|0x000000008c700000, 0x000000008c700000, 0x000000008c800000|  0%| F|  |TAMS 0x000000008c700000, 0x000000008c700000| Untracked 
| 176|0x000000008c800000, 0x000000008c800000, 0x000000008c900000|  0%| F|  |TAMS 0x000000008c800000, 0x000000008c800000| Untracked 
| 177|0x000000008c900000, 0x000000008c900000, 0x000000008ca00000|  0%| F|  |TAMS 0x000000008c900000, 0x000000008c900000| Untracked 
| 178|0x000000008ca00000, 0x000000008ca00000, 0x000000008cb00000|  0%| F|  |TAMS 0x000000008ca00000, 0x000000008ca00000| Untracked 
| 179|0x000000008cb00000, 0x000000008cb00000, 0x000000008cc00000|  0%| F|  |TAMS 0x000000008cb00000, 0x000000008cb00000| Untracked 
| 180|0x000000008cc00000, 0x000000008cc00000, 0x000000008cd00000|  0%| F|  |TAMS 0x000000008cc00000, 0x000000008cc00000| Untracked 
| 181|0x000000008cd00000, 0x000000008cd00000, 0x000000008ce00000|  0%| F|  |TAMS 0x000000008cd00000, 0x000000008cd00000| Untracked 
| 182|0x000000008ce00000, 0x000000008ce00000, 0x000000008cf00000|  0%| F|  |TAMS 0x000000008ce00000, 0x000000008ce00000| Untracked 
| 183|0x000000008cf00000, 0x000000008cf00000, 0x000000008d000000|  0%| F|  |TAMS 0x000000008cf00000, 0x000000008cf00000| Untracked 
| 184|0x000000008d000000, 0x000000008d000000, 0x000000008d100000|  0%| F|  |TAMS 0x000000008d000000, 0x000000008d000000| Untracked 
| 185|0x000000008d100000, 0x000000008d100000, 0x000000008d200000|  0%| F|  |TAMS 0x000000008d100000, 0x000000008d100000| Untracked 
| 186|0x000000008d200000, 0x000000008d200000, 0x000000008d300000|  0%| F|  |TAMS 0x000000008d200000, 0x000000008d200000| Untracked 
| 187|0x000000008d300000, 0x000000008d300000, 0x000000008d400000|  0%| F|  |TAMS 0x000000008d300000, 0x000000008d300000| Untracked 
| 188|0x000000008d400000, 0x000000008d400000, 0x000000008d500000|  0%| F|  |TAMS 0x000000008d400000, 0x000000008d400000| Untracked 
| 189|0x000000008d500000, 0x000000008d500000, 0x000000008d600000|  0%| F|  |TAMS 0x000000008d500000, 0x000000008d500000| Untracked 
| 190|0x000000008d600000, 0x000000008d600000, 0x000000008d700000|  0%| F|  |TAMS 0x000000008d600000, 0x000000008d600000| Untracked 
| 191|0x000000008d700000, 0x000000008d700000, 0x000000008d800000|  0%| F|  |TAMS 0x000000008d700000, 0x000000008d700000| Untracked 
| 192|0x000000008d800000, 0x000000008d800000, 0x000000008d900000|  0%| F|  |TAMS 0x000000008d800000, 0x000000008d800000| Untracked 
| 193|0x000000008d900000, 0x000000008d900000, 0x000000008da00000|  0%| F|  |TAMS 0x000000008d900000, 0x000000008d900000| Untracked 
| 194|0x000000008da00000, 0x000000008da00000, 0x000000008db00000|  0%| F|  |TAMS 0x000000008da00000, 0x000000008da00000| Untracked 
| 195|0x000000008db00000, 0x000000008db00000, 0x000000008dc00000|  0%| F|  |TAMS 0x000000008db00000, 0x000000008db00000| Untracked 
| 196|0x000000008dc00000, 0x000000008dc00000, 0x000000008dd00000|  0%| F|  |TAMS 0x000000008dc00000, 0x000000008dc00000| Untracked 
| 197|0x000000008dd00000, 0x000000008dd00000, 0x000000008de00000|  0%| F|  |TAMS 0x000000008dd00000, 0x000000008dd00000| Untracked 
| 198|0x000000008de00000, 0x000000008de00000, 0x000000008df00000|  0%| F|  |TAMS 0x000000008de00000, 0x000000008de00000| Untracked 
| 199|0x000000008df00000, 0x000000008df00000, 0x000000008e000000|  0%| F|  |TAMS 0x000000008df00000, 0x000000008df00000| Untracked 
| 200|0x000000008e000000, 0x000000008e000000, 0x000000008e100000|  0%| F|  |TAMS 0x000000008e000000, 0x000000008e000000| Untracked 
| 201|0x000000008e100000, 0x000000008e100000, 0x000000008e200000|  0%| F|  |TAMS 0x000000008e100000, 0x000000008e100000| Untracked 
| 202|0x000000008e200000, 0x000000008e200000, 0x000000008e300000|  0%| F|  |TAMS 0x000000008e200000, 0x000000008e200000| Untracked 
| 203|0x000000008e300000, 0x000000008e300000, 0x000000008e400000|  0%| F|  |TAMS 0x000000008e300000, 0x000000008e300000| Untracked 
| 204|0x000000008e400000, 0x000000008e400000, 0x000000008e500000|  0%| F|  |TAMS 0x000000008e400000, 0x000000008e400000| Untracked 
| 205|0x000000008e500000, 0x000000008e500000, 0x000000008e600000|  0%| F|  |TAMS 0x000000008e500000, 0x000000008e500000| Untracked 
| 206|0x000000008e600000, 0x000000008e600000, 0x000000008e700000|  0%| F|  |TAMS 0x000000008e600000, 0x000000008e600000| Untracked 
| 207|0x000000008e700000, 0x000000008e700000, 0x000000008e800000|  0%| F|  |TAMS 0x000000008e700000, 0x000000008e700000| Untracked 
| 208|0x000000008e800000, 0x000000008e800000, 0x000000008e900000|  0%| F|  |TAMS 0x000000008e800000, 0x000000008e800000| Untracked 
| 209|0x000000008e900000, 0x000000008e900000, 0x000000008ea00000|  0%| F|  |TAMS 0x000000008e900000, 0x000000008e900000| Untracked 
| 210|0x000000008ea00000, 0x000000008ea985f8, 0x000000008eb00000| 59%| E|  |TAMS 0x000000008ea00000, 0x000000008ea00000| Complete 
| 211|0x000000008eb00000, 0x000000008ec00000, 0x000000008ec00000|100%| E|CS|TAMS 0x000000008eb00000, 0x000000008eb00000| Complete 
| 212|0x000000008ec00000, 0x000000008ed00000, 0x000000008ed00000|100%| E|CS|TAMS 0x000000008ec00000, 0x000000008ec00000| Complete 
| 213|0x000000008ed00000, 0x000000008ee00000, 0x000000008ee00000|100%| E|CS|TAMS 0x000000008ed00000, 0x000000008ed00000| Complete 
| 214|0x000000008ee00000, 0x000000008ef00000, 0x000000008ef00000|100%| E|CS|TAMS 0x000000008ee00000, 0x000000008ee00000| Complete 
| 215|0x000000008ef00000, 0x000000008f000000, 0x000000008f000000|100%| E|CS|TAMS 0x000000008ef00000, 0x000000008ef00000| Complete 
| 216|0x000000008f000000, 0x000000008f100000, 0x000000008f100000|100%| E|CS|TAMS 0x000000008f000000, 0x000000008f000000| Complete 
| 217|0x000000008f100000, 0x000000008f200000, 0x000000008f200000|100%| E|CS|TAMS 0x000000008f100000, 0x000000008f100000| Complete 
| 218|0x000000008f200000, 0x000000008f300000, 0x000000008f300000|100%| E|CS|TAMS 0x000000008f200000, 0x000000008f200000| Complete 
| 219|0x000000008f300000, 0x000000008f400000, 0x000000008f400000|100%| E|CS|TAMS 0x000000008f300000, 0x000000008f300000| Complete 
| 220|0x000000008f400000, 0x000000008f500000, 0x000000008f500000|100%| E|CS|TAMS 0x000000008f400000, 0x000000008f400000| Complete 
| 221|0x000000008f500000, 0x000000008f600000, 0x000000008f600000|100%| E|CS|TAMS 0x000000008f500000, 0x000000008f500000| Complete 

Card table byte_map: [0x000001d52ba60000,0x000001d52be60000] _byte_map_base: 0x000001d52b654000

Marking Bits (Prev, Next): (CMBitMap*) 0x000001d514bfe000, (CMBitMap*) 0x000001d514bfdfc0
 Prev Bits: [0x000001d52e200000, 0x000001d5301a0000)
 Next Bits: [0x000001d52c260000, 0x000001d52e200000)

Polling page: 0x000001d512b80000

Metaspace:

Usage:
  Non-class:     66.68 MB used.
      Class:     10.52 MB used.
       Both:     77.20 MB used.

Virtual space:
  Non-class space:       88.00 MB reserved,      71.62 MB ( 81%) committed,  11 nodes.
      Class space:        1.00 GB reserved,      12.94 MB (  1%) committed,  1 nodes.
              Both:        1.09 GB reserved,      84.56 MB (  8%) committed. 

Chunk freelists:
   Non-Class:  20.61 MB
       Class:  4.80 MB
        Both:  25.41 MB

MaxMetaspaceSize: 17179869184.00 GB
CompressedClassSpaceSize: 1.00 GB
 - commit_granule_bytes: 65536.
 - commit_granule_words: 8192.
 - virtual_space_node_default_size: 1048576.
 - enlarge_chunks_in_place: 1.
 - new_chunks_are_fully_committed: 0.
 - uncommit_free_chunks: 1.
 - use_allocation_guard: 0.
 - handle_deallocations: 1.


Internal statistics:

num_allocs_failed_limit: 12.
num_arena_births: 4264.
num_arena_deaths: 2312.
num_vsnodes_births: 12.
num_vsnodes_deaths: 0.
num_space_committed: 1657.
num_space_uncommitted: 304.
num_chunks_returned_to_freelist: 4892.
num_chunks_taken_from_freelist: 10446.
num_chunk_merges: 1246.
num_chunk_splits: 5322.
num_chunks_enlarged: 2936.
num_purges: 128.

CodeHeap 'non-profiled nmethods': size=238336Kb used=41318Kb max_used=41318Kb free=197017Kb
 bounds [0x000001d51ca70000, 0x000001d51f2d0000, 0x000001d52b330000]
CodeHeap 'non-nmethods': size=7424Kb used=1350Kb max_used=1350Kb free=6073Kb
 bounds [0x000001d51c330000, 0x000001d51c5a0000, 0x000001d51ca70000]
 total_blobs=23717 nmethods=23035 adapters=607
 compilation: enabled
              stopped_count=0, restarted_count=0
 full_count=0

Compilation events (20 events):
Event: 335959.306 Thread 0x000001d532bb4210 23030       1       com.zaxxer.hikari.pool.ProxyDatabaseMetaData::getImportedKeys (54 bytes)
Event: 335959.307 Thread 0x000001d532bb4210 nmethod 23030 0x000001d51f2c1510 code [0x000001d51f2c16e0, 0x000001d51f2c1b18]
Event: 335959.307 Thread 0x000001d532bb4210 23031   !   1       com.mysql.cj.jdbc.DatabaseMetaDataUsingInfoSchema::getImportedKeys (361 bytes)
Event: 335959.310 Thread 0x000001d532bb4210 nmethod 23031 0x000001d51f2c1c90 code [0x000001d51f2c2040, 0x000001d51f2c2cf8]
Event: 335959.310 Thread 0x000001d532bb4210 23032       1       com.mysql.cj.jdbc.DatabaseMetaDataUsingInfoSchema::generateUpdateRuleClause (88 bytes)
Event: 335959.311 Thread 0x000001d532bb4210 nmethod 23032 0x000001d51f2c3a10 code [0x000001d51f2c3cc0, 0x000001d51f2c4218]
Event: 335959.311 Thread 0x000001d532bb4210 23033       1       com.mysql.cj.jdbc.DatabaseMetaDataUsingInfoSchema::generateDeleteRuleClause (88 bytes)
Event: 335959.312 Thread 0x000001d532bb4210 nmethod 23033 0x000001d51f2c4590 code [0x000001d51f2c4840, 0x000001d51f2c4d98]
Event: 335959.318 Thread 0x000001d532bb4210 23034       1       com.mysql.cj.jdbc.DatabaseMetaData::createFkMetadataFields (404 bytes)
Event: 335959.319 Thread 0x000001d532bb4210 nmethod 23034 0x000001d51f2c5110 code [0x000001d51f2c5440, 0x000001d51f2c6c78]
Event: 335959.607 Thread 0x000001d532bb4210 23035       1       java.lang.Module::implAddReads (50 bytes)
Event: 335959.608 Thread 0x000001d532bb4210 nmethod 23035 0x000001d51f2c7310 code [0x000001d51f2c7540, 0x000001d51f2c7968]
Event: 335959.608 Thread 0x000001d532bb4210 23036       1       java.lang.WeakPairMap::putIfAbsent (22 bytes)
Event: 335959.610 Thread 0x000001d532bb4210 nmethod 23036 0x000001d51f2c7c10 code [0x000001d51f2c7e60, 0x000001d51f2c85b8]
Event: 335959.954 Thread 0x000001d532bb4210 23037       1       org.springframework.cglib.core.CodeEmitter::dup_x1 (10 bytes)
Event: 335959.954 Thread 0x000001d532bb4210 nmethod 23037 0x000001d51f2c8a10 code [0x000001d51f2c8bc0, 0x000001d51f2c8ca8]
Event: 335960.091 Thread 0x000001d532bb4210 23038       1       com.fasterxml.jackson.databind.module.SimpleModule::<init> (112 bytes)
Event: 335960.092 Thread 0x000001d532bb4210 nmethod 23038 0x000001d51f2c8d10 code [0x000001d51f2c8f40, 0x000001d51f2c95e8]
Event: 335960.092 Thread 0x000001d532bb4210 23039       1       com.fasterxml.jackson.core.Version::unknownVersion (4 bytes)
Event: 335960.092 Thread 0x000001d532bb4210 nmethod 23039 0x000001d51f2c9810 code [0x000001d51f2c99a0, 0x000001d51f2c9a58]

GC Heap History (20 events):
Event: 336537.606 GC heap before
{Heap before GC invocations=1053 (full 30):
 garbage-first heap   total 227328K, used 198834K [0x0000000081800000, 0x0000000100000000)
  region size 1024K, 118 young (120832K), 1 survivors (1024K)
 Metaspace       used 79057K, committed 86592K, reserved 1138688K
  class space    used 10776K, committed 13248K, reserved 1048576K
}
Event: 336537.611 GC heap after
{Heap after GC invocations=1054 (full 30):
 garbage-first heap   total 227328K, used 79646K [0x0000000081800000, 0x0000000100000000)
  region size 1024K, 2 young (2048K), 2 survivors (2048K)
 Metaspace       used 79057K, committed 86592K, reserved 1138688K
  class space    used 10776K, committed 13248K, reserved 1048576K
}
Event: 336565.161 GC heap before
{Heap before GC invocations=1054 (full 30):
 garbage-first heap   total 227328K, used 198430K [0x0000000081800000, 0x0000000100000000)
  region size 1024K, 118 young (120832K), 2 survivors (2048K)
 Metaspace       used 79057K, committed 86592K, reserved 1138688K
  class space    used 10776K, committed 13248K, reserved 1048576K
}
Event: 336565.165 GC heap after
{Heap after GC invocations=1055 (full 30):
 garbage-first heap   total 227328K, used 79542K [0x0000000081800000, 0x0000000100000000)
  region size 1024K, 1 young (1024K), 1 survivors (1024K)
 Metaspace       used 79057K, committed 86592K, reserved 1138688K
  class space    used 10776K, committed 13248K, reserved 1048576K
}
Event: 336592.405 GC heap before
{Heap before GC invocations=1056 (full 30):
 garbage-first heap   total 227328K, used 199350K [0x0000000081800000, 0x0000000100000000)
  region size 1024K, 118 young (120832K), 1 survivors (1024K)
 Metaspace       used 79057K, committed 86592K, reserved 1138688K
  class space    used 10776K, committed 13248K, reserved 1048576K
}
Event: 336592.408 GC heap after
{Heap after GC invocations=1057 (full 30):
 garbage-first heap   total 227328K, used 78907K [0x0000000081800000, 0x0000000100000000)
  region size 1024K, 1 young (1024K), 1 survivors (1024K)
 Metaspace       used 79057K, committed 86592K, reserved 1138688K
  class space    used 10776K, committed 13248K, reserved 1048576K
}
Event: 336619.531 GC heap before
{Heap before GC invocations=1057 (full 30):
 garbage-first heap   total 227328K, used 198715K [0x0000000081800000, 0x0000000100000000)
  region size 1024K, 118 young (120832K), 1 survivors (1024K)
 Metaspace       used 79057K, committed 86592K, reserved 1138688K
  class space    used 10776K, committed 13248K, reserved 1048576K
}
Event: 336619.533 GC heap after
{Heap after GC invocations=1058 (full 30):
 garbage-first heap   total 227328K, used 79030K [0x0000000081800000, 0x0000000100000000)
  region size 1024K, 1 young (1024K), 1 survivors (1024K)
 Metaspace       used 79057K, committed 86592K, reserved 1138688K
  class space    used 10776K, committed 13248K, reserved 1048576K
}
Event: 336646.739 GC heap before
{Heap before GC invocations=1059 (full 30):
 garbage-first heap   total 227328K, used 198838K [0x0000000081800000, 0x0000000100000000)
  region size 1024K, 118 young (120832K), 1 survivors (1024K)
 Metaspace       used 79057K, committed 86592K, reserved 1138688K
  class space    used 10776K, committed 13248K, reserved 1048576K
}
Event: 336646.741 GC heap after
{Heap after GC invocations=1060 (full 30):
 garbage-first heap   total 227328K, used 79199K [0x0000000081800000, 0x0000000100000000)
  region size 1024K, 1 young (1024K), 1 survivors (1024K)
 Metaspace       used 79057K, committed 86592K, reserved 1138688K
  class space    used 10776K, committed 13248K, reserved 1048576K
}
Event: 336673.766 GC heap before
{Heap before GC invocations=1060 (full 30):
 garbage-first heap   total 227328K, used 199007K [0x0000000081800000, 0x0000000100000000)
  region size 1024K, 118 young (120832K), 1 survivors (1024K)
 Metaspace       used 79057K, committed 86592K, reserved 1138688K
  class space    used 10776K, committed 13248K, reserved 1048576K
}
Event: 336673.769 GC heap after
{Heap after GC invocations=1061 (full 30):
 garbage-first heap   total 227328K, used 79041K [0x0000000081800000, 0x0000000100000000)
  region size 1024K, 1 young (1024K), 1 survivors (1024K)
 Metaspace       used 79057K, committed 86592K, reserved 1138688K
  class space    used 10776K, committed 13248K, reserved 1048576K
}
Event: 336701.213 GC heap before
{Heap before GC invocations=1062 (full 30):
 garbage-first heap   total 227328K, used 198849K [0x0000000081800000, 0x0000000100000000)
  region size 1024K, 118 young (120832K), 1 survivors (1024K)
 Metaspace       used 79057K, committed 86592K, reserved 1138688K
  class space    used 10776K, committed 13248K, reserved 1048576K
}
Event: 336701.216 GC heap after
{Heap after GC invocations=1063 (full 30):
 garbage-first heap   total 227328K, used 78962K [0x0000000081800000, 0x0000000100000000)
  region size 1024K, 1 young (1024K), 1 survivors (1024K)
 Metaspace       used 79057K, committed 86592K, reserved 1138688K
  class space    used 10776K, committed 13248K, reserved 1048576K
}
Event: 336728.284 GC heap before
{Heap before GC invocations=1063 (full 30):
 garbage-first heap   total 227328K, used 198770K [0x0000000081800000, 0x0000000100000000)
  region size 1024K, 118 young (120832K), 1 survivors (1024K)
 Metaspace       used 79057K, committed 86592K, reserved 1138688K
  class space    used 10776K, committed 13248K, reserved 1048576K
}
Event: 336728.286 GC heap after
{Heap after GC invocations=1064 (full 30):
 garbage-first heap   total 227328K, used 79407K [0x0000000081800000, 0x0000000100000000)
  region size 1024K, 1 young (1024K), 1 survivors (1024K)
 Metaspace       used 79057K, committed 86592K, reserved 1138688K
  class space    used 10776K, committed 13248K, reserved 1048576K
}
Event: 336755.712 GC heap before
{Heap before GC invocations=1065 (full 30):
 garbage-first heap   total 227328K, used 199215K [0x0000000081800000, 0x0000000100000000)
  region size 1024K, 118 young (120832K), 1 survivors (1024K)
 Metaspace       used 79057K, committed 86592K, reserved 1138688K
  class space    used 10776K, committed 13248K, reserved 1048576K
}
Event: 336755.714 GC heap after
{Heap after GC invocations=1066 (full 30):
 garbage-first heap   total 227328K, used 78869K [0x0000000081800000, 0x0000000100000000)
  region size 1024K, 1 young (1024K), 1 survivors (1024K)
 Metaspace       used 79057K, committed 86592K, reserved 1138688K
  class space    used 10776K, committed 13248K, reserved 1048576K
}
Event: 336782.942 GC heap before
{Heap before GC invocations=1066 (full 30):
 garbage-first heap   total 227328K, used 198677K [0x0000000081800000, 0x0000000100000000)
  region size 1024K, 118 young (120832K), 1 survivors (1024K)
 Metaspace       used 79057K, committed 86592K, reserved 1138688K
  class space    used 10776K, committed 13248K, reserved 1048576K
}
Event: 336782.944 GC heap after
{Heap after GC invocations=1067 (full 30):
 garbage-first heap   total 227328K, used 79136K [0x0000000081800000, 0x0000000100000000)
  region size 1024K, 1 young (1024K), 1 survivors (1024K)
 Metaspace       used 79057K, committed 86592K, reserved 1138688K
  class space    used 10776K, committed 13248K, reserved 1048576K
}

Deoptimization events (8 events):
Event: 6.418 Thread 0x000001d534210000 DEOPT PACKING pc=0x000001d51cd8dfd4 sp=0x0000007dacefc810
Event: 6.418 Thread 0x000001d534210000 DEOPT UNPACKING pc=0x000001d51c37dece sp=0x0000007dacefbd68 mode 0
Event: 8.827 Thread 0x000001d534210000 DEOPT PACKING pc=0x000001d51d1fa774 sp=0x0000007dacefac00
Event: 8.827 Thread 0x000001d534210000 DEOPT UNPACKING pc=0x000001d51c37dece sp=0x0000007dacefa088 mode 0
Event: 9.468 Thread 0x000001d534210000 DEOPT PACKING pc=0x000001d51cd665f2 sp=0x0000007dacefb6a0
Event: 9.468 Thread 0x000001d534210000 DEOPT UNPACKING pc=0x000001d51c37dece sp=0x0000007dacefaba8 mode 3
Event: 10.832 Thread 0x000001d534210000 DEOPT PACKING pc=0x000001d51d430d5c sp=0x0000007dacefce60
Event: 10.832 Thread 0x000001d534210000 DEOPT UNPACKING pc=0x000001d51c37dece sp=0x0000007dacefc3e0 mode 0

Classes unloaded (20 events):
Event: 335955.904 Thread 0x000001d532b8cf30 Unloading class 0x00000008017c8800 'jdk/internal/reflect/GeneratedMethodAccessor772'
Event: 335955.904 Thread 0x000001d532b8cf30 Unloading class 0x0000000801706400 'jdk/internal/reflect/GeneratedMethodAccessor767'
Event: 335955.904 Thread 0x000001d532b8cf30 Unloading class 0x0000000801706000 'jdk/internal/reflect/GeneratedMethodAccessor766'
Event: 335955.904 Thread 0x000001d532b8cf30 Unloading class 0x0000000801705c00 'jdk/internal/reflect/GeneratedMethodAccessor765'
Event: 335955.904 Thread 0x000001d532b8cf30 Unloading class 0x0000000801705800 'jdk/internal/reflect/GeneratedMethodAccessor764'
Event: 335955.904 Thread 0x000001d532b8cf30 Unloading class 0x0000000801702800 'jdk/internal/reflect/GeneratedMethodAccessor758'
Event: 335955.904 Thread 0x000001d532b8cf30 Unloading class 0x0000000801702400 'jdk/internal/reflect/GeneratedMethodAccessor757'
Event: 335955.904 Thread 0x000001d532b8cf30 Unloading class 0x0000000801701c00 'jdk/internal/reflect/GeneratedMethodAccessor756'
Event: 335955.904 Thread 0x000001d532b8cf30 Unloading class 0x0000000801701800 'jdk/internal/reflect/GeneratedMethodAccessor755'
Event: 335955.905 Thread 0x000001d532b8cf30 Unloading class 0x0000000801700800 'jdk/internal/reflect/GeneratedMethodAccessor752'
Event: 335955.905 Thread 0x000001d532b8cf30 Unloading class 0x0000000801700400 'jdk/internal/reflect/GeneratedMethodAccessor751'
Event: 335955.905 Thread 0x000001d532b8cf30 Unloading class 0x00000008016ff400 'jdk/internal/reflect/GeneratedMethodAccessor748'
Event: 335955.905 Thread 0x000001d532b8cf30 Unloading class 0x00000008016fbc00 'jdk/internal/reflect/GeneratedMethodAccessor740'
Event: 335955.906 Thread 0x000001d532b8cf30 Unloading class 0x000000080155a400 'jdk/internal/reflect/GeneratedMethodAccessor703'
Event: 335955.906 Thread 0x000001d532b8cf30 Unloading class 0x00000008015a8800 'jdk/internal/reflect/GeneratedMethodAccessor663'
Event: 335955.906 Thread 0x000001d532b8cf30 Unloading class 0x00000008015a8400 'jdk/internal/reflect/GeneratedMethodAccessor662'
Event: 335955.906 Thread 0x000001d532b8cf30 Unloading class 0x00000008015a8000 'jdk/internal/reflect/GeneratedMethodAccessor661'
Event: 335955.907 Thread 0x000001d532b8cf30 Unloading class 0x00000008015ccc00 'jdk/internal/reflect/GeneratedMethodAccessor660'
Event: 335955.907 Thread 0x000001d532b8cf30 Unloading class 0x00000008015cc000 'jdk/internal/reflect/GeneratedMethodAccessor657'
Event: 335955.907 Thread 0x000001d532b8cf30 Unloading class 0x00000008015f6c00 'jdk/internal/reflect/GeneratedMethodAccessor656'

Classes redefined (0 events):
No events

Internal exceptions (20 events):
Event: 335960.307 Thread 0x000001d53a899850 Exception <a 'java/lang/reflect/InvocationTargetException'{0x000000008d3ba410}> (0x000000008d3ba410) 
thrown [t:\workspace\open\src\hotspot\share\runtime\reflection.cpp, line 1157]
Event: 335960.317 Thread 0x000001d53a899850 Exception <a 'java/lang/ClassNotFoundException'{0x000000008d22cda0}: java/lang/ObjectCustomizer> (0x000000008d22cda0) 
thrown [t:\workspace\open\src\hotspot\share\classfile\systemDictionary.cpp, line 256]
Event: 335960.319 Thread 0x000001d53a899850 Exception <a 'java/lang/ClassNotFoundException'{0x000000008d235bb8}: com/example/booksforgram/service/impl/ConditionServiceImplCustomizer> (0x000000008d235bb8) 
thrown [t:\workspace\open\src\hotspot\share\classfile\systemDictionary.cpp, line 256]
Event: 335960.320 Thread 0x000001d53a899850 Exception <a 'java/lang/ClassNotFoundException'{0x000000008d23d9f8}: com/example/booksforgram/service/ConditionServiceCustomizer> (0x000000008d23d9f8) 
thrown [t:\workspace\open\src\hotspot\share\classfile\systemDictionary.cpp, line 256]
Event: 335960.381 Thread 0x000001d53a899850 Exception <a 'java/lang/reflect/InvocationTargetException'{0x000000008cee1070}> (0x000000008cee1070) 
thrown [t:\workspace\open\src\hotspot\share\runtime\reflection.cpp, line 1157]
Event: 335960.393 Thread 0x000001d53a899850 Exception <a 'java/lang/ClassNotFoundException'{0x000000008cd48cc8}: java/lang/ObjectCustomizer> (0x000000008cd48cc8) 
thrown [t:\workspace\open\src\hotspot\share\classfile\systemDictionary.cpp, line 256]
Event: 335960.394 Thread 0x000001d53a899850 Exception <a 'java/lang/ClassNotFoundException'{0x000000008cd51970}: com/example/booksforgram/service/impl/UserServiceImplCustomizer> (0x000000008cd51970) 
thrown [t:\workspace\open\src\hotspot\share\classfile\systemDictionary.cpp, line 256]
Event: 335960.394 Thread 0x000001d53a899850 Exception <a 'java/lang/ClassNotFoundException'{0x000000008cd5c708}: com/example/booksforgram/service/UserServiceCustomizer> (0x000000008cd5c708) 
thrown [t:\workspace\open\src\hotspot\share\classfile\systemDictionary.cpp, line 256]
Event: 335960.397 Thread 0x000001d53a899850 Exception <a 'java/io/IOException'{0x000000008cd74580}> (0x000000008cd74580) 
thrown [t:\workspace\open\src\hotspot\share\prims\jni.cpp, line 579]
Event: 335960.397 Thread 0x000001d53a899850 Exception <a 'java/io/IOException'{0x000000008cd748b8}> (0x000000008cd748b8) 
thrown [t:\workspace\open\src\hotspot\share\prims\jni.cpp, line 579]
Event: 335960.400 Thread 0x000001d53a899850 Exception <a 'java/io/IOException'{0x000000008cd8fac8}> (0x000000008cd8fac8) 
thrown [t:\workspace\open\src\hotspot\share\prims\jni.cpp, line 579]
Event: 335960.400 Thread 0x000001d53a899850 Exception <a 'java/io/IOException'{0x000000008cd900a8}> (0x000000008cd900a8) 
thrown [t:\workspace\open\src\hotspot\share\prims\jni.cpp, line 579]
Event: 335960.403 Thread 0x000001d53a899850 Exception <a 'java/io/IOException'{0x000000008cd92470}> (0x000000008cd92470) 
thrown [t:\workspace\open\src\hotspot\share\prims\jni.cpp, line 579]
Event: 335960.403 Thread 0x000001d53a899850 Exception <a 'java/io/IOException'{0x000000008cd92a50}> (0x000000008cd92a50) 
thrown [t:\workspace\open\src\hotspot\share\prims\jni.cpp, line 579]
Event: 335960.408 Thread 0x000001d53a89fd40 Exception <a 'java/lang/InterruptedException'{0x000000008cc33550}: sleep interrupted> (0x000000008cc33550) 
thrown [t:\workspace\open\src\hotspot\share\prims\jvm.cpp, line 3305]
Event: 335960.424 Thread 0x000001d53a899850 Exception <a 'java/lang/NoClassDefFoundError'{0x000000008cde54d8}: org/jooq/DSLContext> (0x000000008cde54d8) 
thrown [t:\workspace\open\src\hotspot\share\oops\constantPool.cpp, line 809]
Event: 335960.425 Thread 0x000001d53a899850 Exception <a 'java/lang/NoClassDefFoundError'{0x000000008cde9b18}: liquibase/exception/ChangeLogParseException> (0x000000008cde9b18) 
thrown [t:\workspace\open\src\hotspot\share\oops\constantPool.cpp, line 809]
Event: 335960.430 Thread 0x000001d53a899850 Exception <a 'java/io/IOException'{0x000000008cc7e310}> (0x000000008cc7e310) 
thrown [t:\workspace\open\src\hotspot\share\prims\jni.cpp, line 579]
Event: 335960.430 Thread 0x000001d53a899850 Exception <a 'java/io/IOException'{0x000000008cc7e648}> (0x000000008cc7e648) 
thrown [t:\workspace\open\src\hotspot\share\prims\jni.cpp, line 579]
Event: 335960.430 Thread 0x000001d53a899850 Exception <a 'java/lang/reflect/InvocationTargetException'{0x000000008cc7e9a0}> (0x000000008cc7e9a0) 
thrown [t:\workspace\open\src\hotspot\share\runtime\reflection.cpp, line 1157]

Events (20 events):
Event: 336646.738 Executing  VM operation: G1CollectForAllocation
Event: 336646.741 Executing  VM operation: G1CollectForAllocation done
Event: 336673.766 Executing  VM operation: G1CollectForAllocation
Event: 336673.769 Executing  VM operation: G1CollectForAllocation done
Event: 336673.934 Executing  VM operation: G1Concurrent
Event: 336673.963 Executing  VM operation: G1Concurrent done
Event: 336674.076 Executing  VM operation: G1Concurrent
Event: 336674.076 Executing  VM operation: G1Concurrent done
Event: 336701.213 Executing  VM operation: G1CollectForAllocation
Event: 336701.216 Executing  VM operation: G1CollectForAllocation done
Event: 336728.283 Executing  VM operation: G1CollectForAllocation
Event: 336728.286 Executing  VM operation: G1CollectForAllocation done
Event: 336728.525 Executing  VM operation: G1Concurrent
Event: 336728.555 Executing  VM operation: G1Concurrent done
Event: 336728.676 Executing  VM operation: G1Concurrent
Event: 336728.677 Executing  VM operation: G1Concurrent done
Event: 336755.712 Executing  VM operation: G1CollectForAllocation
Event: 336755.714 Executing  VM operation: G1CollectForAllocation done
Event: 336782.942 Executing  VM operation: G1CollectForAllocation
Event: 336782.945 Executing  VM operation: G1CollectForAllocation done


Dynamic libraries:
0x00007ff737a50000 - 0x00007ff737a60000 	C:\Program Files\Java\jdk-16.0.1\bin\java.exe
0x00007ff8098d0000 - 0x00007ff809ac5000 	C:\WINDOWS\SYSTEM32\ntdll.dll
0x00007ff808930000 - 0x00007ff8089ed000 	C:\WINDOWS\System32\KERNEL32.DLL
0x00007ff807300000 - 0x00007ff8075c9000 	C:\WINDOWS\System32\KERNELBASE.dll
0x00007ff807000000 - 0x00007ff807100000 	C:\WINDOWS\System32\ucrtbase.dll
0x00007ff803e50000 - 0x00007ff803e69000 	C:\Program Files\Java\jdk-16.0.1\bin\VCRUNTIME140.dll
0x00007ff8021e0000 - 0x00007ff8021f8000 	C:\Program Files\Java\jdk-16.0.1\bin\jli.dll
0x00007ff808e90000 - 0x00007ff808f3c000 	C:\WINDOWS\System32\ADVAPI32.dll
0x00007ff808670000 - 0x00007ff80870e000 	C:\WINDOWS\System32\msvcrt.dll
0x00007ff807ac0000 - 0x00007ff807b5b000 	C:\WINDOWS\System32\sechost.dll
0x00007ff808a00000 - 0x00007ff808b2a000 	C:\WINDOWS\System32\RPCRT4.dll
0x00007ff808f40000 - 0x00007ff8090e0000 	C:\WINDOWS\System32\USER32.dll
0x00007ff8063e0000 - 0x00007ff80667a000 	C:\WINDOWS\WinSxS\amd64_microsoft.windows.common-controls_6595b64144ccf1df_6.0.19041.1110_none_60b5254171f9507e\COMCTL32.dll
0x00007ff807900000 - 0x00007ff807922000 	C:\WINDOWS\System32\win32u.dll
0x00007ff807b60000 - 0x00007ff807b8a000 	C:\WINDOWS\System32\GDI32.dll
0x00007ff8077f0000 - 0x00007ff8078fb000 	C:\WINDOWS\System32\gdi32full.dll
0x00007ff807260000 - 0x00007ff8072fd000 	C:\WINDOWS\System32\msvcp_win.dll
0x00007ff800d80000 - 0x00007ff800d8a000 	C:\WINDOWS\SYSTEM32\VERSION.dll
0x00007ff807a90000 - 0x00007ff807ac0000 	C:\WINDOWS\System32\IMM32.DLL
0x00007ff803e40000 - 0x00007ff803e4c000 	C:\Program Files\Java\jdk-16.0.1\bin\vcruntime140_1.dll
0x00007ff802140000 - 0x00007ff8021d1000 	C:\Program Files\Java\jdk-16.0.1\bin\msvcp140.dll
0x00007fffe6690000 - 0x00007fffe723b000 	C:\Program Files\Java\jdk-16.0.1\bin\server\jvm.dll
0x00007ff8089f0000 - 0x00007ff8089f8000 	C:\WINDOWS\System32\PSAPI.DLL
0x00007ffff9ac0000 - 0x00007ffff9ae7000 	C:\WINDOWS\SYSTEM32\WINMM.dll
0x00007ffff2bb0000 - 0x00007ffff2bb9000 	C:\WINDOWS\SYSTEM32\WSOCK32.dll
0x00007ff8090e0000 - 0x00007ff80914b000 	C:\WINDOWS\System32\WS2_32.dll
0x00007ff805240000 - 0x00007ff805252000 	C:\WINDOWS\SYSTEM32\kernel.appcore.dll
0x00007ff802130000 - 0x00007ff80213a000 	C:\Program Files\Java\jdk-16.0.1\bin\jimage.dll
0x00007ff806880000 - 0x00007ff806a64000 	C:\WINDOWS\SYSTEM32\DBGHELP.DLL
0x00007ff8067d0000 - 0x00007ff8067fc000 	C:\WINDOWS\SYSTEM32\dbgcore.DLL
0x00007ff807730000 - 0x00007ff8077b3000 	C:\WINDOWS\System32\bcryptPrimitives.dll
0x00007ff8020f0000 - 0x00007ff8020fe000 	C:\Program Files\Java\jdk-16.0.1\bin\instrument.dll
0x00007ff802100000 - 0x00007ff802125000 	C:\Program Files\Java\jdk-16.0.1\bin\java.dll
0x00007ff807b90000 - 0x00007ff8082cf000 	C:\WINDOWS\System32\SHELL32.dll
0x00007ff804aa0000 - 0x00007ff805230000 	C:\WINDOWS\SYSTEM32\windows.storage.dll
0x00007ff808b30000 - 0x00007ff808e85000 	C:\WINDOWS\System32\combase.dll
0x00007ff806370000 - 0x00007ff80639c000 	C:\WINDOWS\SYSTEM32\Wldp.dll
0x00007ff8085c0000 - 0x00007ff80866e000 	C:\WINDOWS\System32\SHCORE.dll
0x00007ff809150000 - 0x00007ff8091a5000 	C:\WINDOWS\System32\shlwapi.dll
0x00007ff806f40000 - 0x00007ff806f5f000 	C:\WINDOWS\SYSTEM32\profapi.dll
0x00007ff800ba0000 - 0x00007ff800bb8000 	C:\Program Files\Java\jdk-16.0.1\bin\zip.dll
0x00007ff8020b0000 - 0x00007ff8020c9000 	C:\Program Files\Java\jdk-16.0.1\bin\net.dll
0x00007ff800240000 - 0x00007ff800348000 	C:\WINDOWS\SYSTEM32\WINHTTP.dll
0x00007ff8060d0000 - 0x00007ff80613a000 	C:\WINDOWS\system32\mswsock.dll
0x00007ff801010000 - 0x00007ff801023000 	C:\Program Files\Java\jdk-16.0.1\bin\nio.dll
0x00007ff800b80000 - 0x00007ff800b9a000 	C:\Program Files\JetBrains\IntelliJ IDEA 2021.1.2\bin\breakgen64.dll
0x00007ff805e00000 - 0x00007ff805ecc000 	C:\WINDOWS\SYSTEM32\DNSAPI.dll
0x00007ff805dc0000 - 0x00007ff805dfb000 	C:\WINDOWS\SYSTEM32\IPHLPAPI.DLL
0x00007ff8088c0000 - 0x00007ff8088c8000 	C:\WINDOWS\System32\NSI.dll
0x00007ffff8410000 - 0x00007ffff841a000 	C:\Windows\System32\rasadhlp.dll
0x00007ffff9870000 - 0x00007ffff98ef000 	C:\WINDOWS\System32\fwpuclnt.dll
0x00007ff8077c0000 - 0x00007ff8077e7000 	C:\WINDOWS\System32\bcrypt.dll
0x00007ff801210000 - 0x00007ff801219000 	C:\Program Files\Java\jdk-16.0.1\bin\management.dll
0x00007ff8011a0000 - 0x00007ff8011ab000 	C:\Program Files\Java\jdk-16.0.1\bin\management_ext.dll
0x00007ff806d80000 - 0x00007ff806d98000 	C:\WINDOWS\SYSTEM32\CRYPTSP.dll
0x00007ff805a70000 - 0x00007ff805aa4000 	C:\WINDOWS\system32\rsaenh.dll
0x00007ff806f00000 - 0x00007ff806f2e000 	C:\WINDOWS\SYSTEM32\USERENV.dll
0x00007ff806360000 - 0x00007ff80636c000 	C:\WINDOWS\SYSTEM32\CRYPTBASE.dll
0x00007ffffdd80000 - 0x00007ffffdd97000 	C:\WINDOWS\SYSTEM32\dhcpcsvc6.DLL
0x00007ffffee40000 - 0x00007ffffee5d000 	C:\WINDOWS\SYSTEM32\dhcpcsvc.DLL
0x00007fffec630000 - 0x00007fffec647000 	C:\WINDOWS\system32\napinsp.dll
0x00007fffec610000 - 0x00007fffec62b000 	C:\WINDOWS\system32\pnrpnsp.dll
0x00007ff800cb0000 - 0x00007ff800cc5000 	C:\WINDOWS\system32\wshbth.dll
0x00007ff801d80000 - 0x00007ff801d9d000 	C:\WINDOWS\system32\NLAapi.dll
0x00007fffec5f0000 - 0x00007fffec602000 	C:\WINDOWS\System32\winrnr.dll
0x00007ff801070000 - 0x00007ff80107e000 	C:\Program Files\Java\jdk-16.0.1\bin\sunmscapi.dll
0x00007ff8075d0000 - 0x00007ff80772f000 	C:\WINDOWS\System32\CRYPT32.dll
0x00007ff806680000 - 0x00007ff8066a7000 	C:\WINDOWS\SYSTEM32\ncrypt.dll
0x00007ff8063a0000 - 0x00007ff8063db000 	C:\WINDOWS\SYSTEM32\NTASN1.dll
0x00007ff801000000 - 0x00007ff801007000 	C:\WINDOWS\system32\wshunix.dll

dbghelp: loaded successfully - version: 4.0.5 - missing functions: none
symbol engine: initialized successfully - sym options: 0x614 - pdb path: .;C:\Program Files\Java\jdk-16.0.1\bin;C:\WINDOWS\SYSTEM32;C:\WINDOWS\WinSxS\amd64_microsoft.windows.common-controls_6595b64144ccf1df_6.0.19041.1110_none_60b5254171f9507e;C:\Program Files\Java\jdk-16.0.1\bin\server;C:\Program Files\JetBrains\IntelliJ IDEA 2021.1.2\bin

VM Arguments:
jvm_args: -XX:TieredStopAtLevel=1 -Xverify:none -Dspring.output.ansi.enabled=always -javaagent:C:\Program Files\JetBrains\IntelliJ IDEA 2021.1.2\lib\idea_rt.jar=51355:C:\Program Files\JetBrains\IntelliJ IDEA 2021.1.2\bin -Dcom.sun.management.jmxremote -Dspring.jmx.enabled=true -Dspring.liveBeansView.mbeanDomain -Dspring.application.admin.enabled=true -Dfile.encoding=UTF-8 
java_command: com.example.booksforgram.BooksforgramApplication
java_class_path (initial): F:\Java-Web\myproject\booksforgram\target\classes;C:\Users\User\.m2\repository\org\springframework\boot\spring-boot-starter-data-jpa\2.5.6\spring-boot-starter-data-jpa-2.5.6.jar;C:\Users\User\.m2\repository\org\springframework\boot\spring-boot-starter-aop\2.5.6\spring-boot-starter-aop-2.5.6.jar;C:\Users\User\.m2\repository\org\aspectj\aspectjweaver\1.9.7\aspectjweaver-1.9.7.jar;C:\Users\User\.m2\repository\org\springframework\boot\spring-boot-starter-jdbc\2.5.6\spring-boot-starter-jdbc-2.5.6.jar;C:\Users\User\.m2\repository\com\zaxxer\HikariCP\4.0.3\HikariCP-4.0.3.jar;C:\Users\User\.m2\repository\org\springframework\spring-jdbc\5.3.12\spring-jdbc-5.3.12.jar;C:\Users\User\.m2\repository\jakarta\transaction\jakarta.transaction-api\1.3.3\jakarta.transaction-api-1.3.3.jar;C:\Users\User\.m2\repository\jakarta\persistence\jakarta.persistence-api\2.2.3\jakarta.persistence-api-2.2.3.jar;C:\Users\User\.m2\repository\org\hibernate\hibernate-core\5.4.32.Final\hibernate-core-5.4.32.Final.jar;C:\Users\User\.m2\repository\org\jboss\logging\jboss-logging\3.4.2.Final\jboss-logging-3.4.2.Final.jar;C:\Users\User\.m2\repository\org\javassist\javassist\3.27.0-GA\javassist-3.27.0-GA.jar;C:\Users\User\.m2\repository\net\bytebuddy\byte-buddy\1.10.22\byte-buddy-1.10.22.jar;C:\Users\User\.m2\repository\antlr\antlr\2.7.7\antlr-2.7.7.jar;C:\Users\User\.m2\repository\org\jboss\jandex\2.2.3.Final\jandex-2.2.3.Final.jar;C:\Users\User\.m2\repository\com\fasterxml\classmate\1.5.1\classmate-1.5.1.jar;C:\Users\User\.m2\repository\org\dom4j\dom4j\2.1.3\dom4j-2.1.3.jar;C:\Users\User\.m2\repository\org\hibernate\common\hibernate-commons-annotations\5.1.2.Final\hibernate-commons-annotations-5.1.2.Final.jar;C:\Users\User\.m2\repository\org\glassfish\jaxb\jaxb-runtime\2.3.5\jaxb-runtime-2.3.5.jar;C:\Users\User\.m2\repository\org\glassfish\jaxb\txw2\2.3.5\txw2-2.3.5.jar;C:\Users\User\.m2\repository\com\sun\istack\istack-commons-runtime\3.0.12\istack-commons-runtime-3.0.12.jar;C
Launcher Type: SUN_STANDARD

[Global flags]
     intx CICompilerCount                          = 4                                         {product} {ergonomic}
     uint ConcGCThreads                            = 2                                         {product} {ergonomic}
     uint G1ConcRefinementThreads                  = 8                                         {product} {ergonomic}
   size_t G1HeapRegionSize                         = 1048576                                   {product} {ergonomic}
    uintx GCDrainStackTargetSize                   = 64                                        {product} {ergonomic}
   size_t InitialHeapSize                          = 134217728                                 {product} {ergonomic}
     bool ManagementServer                         = true                                      {product} {command line}
   size_t MarkStackSize                            = 4194304                                   {product} {ergonomic}
   size_t MaxHeapSize                              = 2122317824                                {product} {ergonomic}
   size_t MaxNewSize                               = 1272971264                                {product} {ergonomic}
   size_t MinHeapDeltaBytes                        = 1048576                                   {product} {ergonomic}
   size_t MinHeapSize                              = 8388608                                   {product} {ergonomic}
    uintx NonNMethodCodeHeapSize                   = 7549744                                {pd product} {ergonomic}
    uintx NonProfiledCodeHeapSize                  = 244108496                              {pd product} {ergonomic}
    uintx ProfiledCodeHeapSize                     = 0                                      {pd product} {ergonomic}
    uintx ReservedCodeCacheSize                    = 251658240                              {pd product} {ergonomic}
     bool SegmentedCodeCache                       = true                                      {product} {ergonomic}
   size_t SoftMaxHeapSize                          = 2122317824                             {manageable} {ergonomic}
     intx TieredStopAtLevel                        = 1                                         {product} {command line}
     bool UseCompressedClassPointers               = true                           {product lp64_product} {ergonomic}
     bool UseCompressedOops                        = true                           {product lp64_product} {ergonomic}
     bool UseG1GC                                  = true                                      {product} {ergonomic}
     bool UseLargePagesIndividualAllocation        = false                                  {pd product} {ergonomic}

Logging:
Log output configuration:
 #0: stdout all=warning uptime,level,tags
 #1: stderr all=off uptime,level,tags

Environment Variables:
PATH=C:\Program Files\Common Files\Oracle\Java\javapath;C:\WINDOWS\system32;C:\WINDOWS;C:\WINDOWS\System32\Wbem;C:\WINDOWS\System32\WindowsPowerShell\v1.0\;C:\WINDOWS\System32\OpenSSH\;C:\Program Files\nodejs\;C:\Program Files\TortoiseGit\bin;C:\Users\User\AppData\Local\Microsoft\WindowsApps;C:\Users\User\AppData\Roaming\npm;C:\Users\User\AppData\Local\Programs\Microsoft VS Code\bin;C:\Users\User\AppData\Local\GitHubDesktop\bin;F:\Java-Web\gradle-6.9.1\bin;
USERNAME=User
OS=Windows_NT
PROCESSOR_IDENTIFIER=Intel64 Family 6 Model 142 Stepping 10, GenuineIntel



---------------  S Y S T E M  ---------------

OS:
 Windows 10 , 64 bit Build 19041 (10.0.19041.1151)
OS uptime: 3 days 22:00 hours

CPU: total 8 (initial active 8) (4 cores per cpu, 2 threads per core) family 6 model 142 stepping 10 microcode 0xea, cx8, cmov, fxsr, ht, mmx, 3dnowpref, sse, sse2, sse3, ssse3, sse4.1, sse4.2, popcnt, lzcnt, tsc, tscinvbit, avx, avx2, aes, erms, clmul, bmi1, bmi2, adx, fma, vzeroupper, clflush, clflushopt

Memory: 4k page, system-wide physical 8089M (1724M free)
TotalPageFile size 12093M (AvailPageFile size 2007M)
current process WorkingSet (physical memory assigned to process): 401M, peak: 432M
current process commit charge ("private bytes"): 486M, peak: 517M

vm_info: Java HotSpot(TM) 64-Bit Server VM (16.0.1+9-24) for windows-amd64 JRE (16.0.1+9-24), built on Mar 26 2021 19:31:42 by "mach5one" with MS VC++ 16.7 (VS2019)

END.
