#
# A fatal error has been detected by the Java Runtime Environment:
#
#  EXCEPTION_ACCESS_VIOLATION (0xc0000005) at pc=0x00007ff979d2e05c, pid=6400, tid=9080
#
# JRE version: Java(TM) SE Runtime Environment (16.0.1+9) (build 16.0.1+9-24)
# Java VM: Java HotSpot(TM) 64-Bit Server VM (16.0.1+9-24, mixed mode, sharing, tiered, compressed oops, compressed class ptrs, g1 gc, windows-amd64)
# Problematic frame:
# V  [jvm.dll+0x2ee05c]
#
# No core dump will be written. Minidumps are not enabled by default on client versions of Windows
#
# If you would like to submit a bug report, please visit:
#   https://bugreport.java.com/bugreport/crash.jsp
#

---------------  S U M M A R Y ------------

Command Line: -XX:TieredStopAtLevel=1 -Xverify:none -Dspring.output.ansi.enabled=always -javaagent:C:\Program Files\JetBrains\IntelliJ IDEA 2021.1.2\lib\idea_rt.jar=50215:C:\Program Files\JetBrains\IntelliJ IDEA 2021.1.2\bin -Dcom.sun.management.jmxremote -Dspring.jmx.enabled=true -Dspring.liveBeansView.mbeanDomain -Dspring.application.admin.enabled=true -Dfile.encoding=UTF-8 com.example.booksforgram.BooksforgramApplication

Host: Intel(R) Core(TM) i5-8250U CPU @ 1.60GHz, 8 cores, 7G,  Windows 10 , 64 bit Build 19041 (10.0.19041.1151)
Time: Thu Dec  2 15:20:49 2021  Windows 10 , 64 bit Build 19041 (10.0.19041.1151) elapsed time: 644.181887 seconds (0d 0h 10m 44s)

---------------  T H R E A D  ---------------

Current thread (0x0000023f35c25ac0):  GCTaskThread "GC Thread#4" [stack: 0x0000004bec000000,0x0000004bec100000] [id=9080]

Stack: [0x0000004bec000000,0x0000004bec100000],  sp=0x0000004bec0ff860,  free space=1022k
Native frames: (J=compiled Java code, j=interpreted, Vv=VM code, C=native code)
V  [jvm.dll+0x2ee05c]
V  [jvm.dll+0x2eda5d]
V  [jvm.dll+0x2ed33d]
V  [jvm.dll+0x7f844b]
V  [jvm.dll+0x779b4a]
V  [jvm.dll+0x667666]
C  [ucrtbase.dll+0x21bb2]
C  [KERNEL32.DLL+0x17034]
C  [ntdll.dll+0x52651]


siginfo: EXCEPTION_ACCESS_VIOLATION (0xc0000005), reading address 0xffffffffffffffff


Register to memory mapping:

RIP=0x00007ff979d2e05c jvm.dll
RAX=0x00000000000000e2 is an unknown value
RBX=0x000000008256eb9c is pointing into object: java.lang.Integer 
{0x000000008256eb98} - klass: 'java/lang/Integer'
RCX=0x0000023f39964420 points into unknown readable memory: 0x00007ff97a325d18 | 18 5d 32 7a f9 7f 00 00
RDX=0x000000008256eb9c is pointing into object: java.lang.Integer 
{0x000000008256eb98} - klass: 'java/lang/Integer'
RSP=0x0000004bec0ff860 points into unknown readable memory: 0x0000000000000057 | 57 00 00 00 00 00 00 00
RBP=0x0000000000000057 is an unknown value
RSI=0x00007ff979a40000 jvm.dll
RDI=0x0000023f39963e70 points into unknown readable memory: 0x0000004beaffeee0 | e0 ee ff ea 4b 00 00 00
R8 =0x0000000800002458 is pointing into metadata
R9 =0x0000000800000000 is pointing into metadata
R10=0x0000000000000003 is an unknown value
R11=0x0000000800000000 is pointing into metadata
R12=0x0 is NULL
R13=0x00007ff979a40000 jvm.dll
R14=0x0000000000000010 is an unknown value
R15=0x000000000000000c is an unknown value


Registers:
RAX=0x00000000000000e2, RBX=0x000000008256eb9c, RCX=0x0000023f39964420, RDX=0x000000008256eb9c
RSP=0x0000004bec0ff860, RBP=0x0000000000000057, RSI=0x00007ff979a40000, RDI=0x0000023f39963e70
R8 =0x0000000800002458, R9 =0x0000000800000000, R10=0x0000000000000003, R11=0x0000000800000000
R12=0x0000000000000000, R13=0x00007ff979a40000, R14=0x0000000000000010, R15=0x000000000000000c
RIP=0x00007ff979d2e05c, EFLAGS=0x0000000000010202

Top of Stack: (sp=0x0000004bec0ff860)
0x0000004bec0ff860:   0000000000000057 000000008256eb78
0x0000004bec0ff870:   00007ff979a40000 00007ff979d29e2e
0x0000004bec0ff880:   000004460000031b 0000000000000000
0x0000004bec0ff890:   00000000824e0af0 0000000000000000
0x0000004bec0ff8a0:   0000000000000000 0000000000000000
0x0000004bec0ff8b0:   000000008256ad48 0000023f35a89450
0x0000004bec0ff8c0:   000000000000000c 0000004beafff0f0
0x0000004bec0ff8d0:   0000004beaffe7e0 0000023f39963e70
0x0000004bec0ff8e0:   00007ff979a40000 0000000000000010
0x0000004bec0ff8f0:   0000004beafff108 00007ff979d2da5d
0x0000004bec0ff900:   0000000000000000 0000000000000200
0x0000004bec0ff910:   00007ff979a40000 0000000000002152
0x0000004bec0ff920:   000000008256a540 0000000000000000
0x0000004bec0ff930:   0000023f35a89450 0000000000000000
0x0000004bec0ff940:   00000000000003d8 0000023f35a89828
0x0000004bec0ff950:   0000023f35a89440 0000004beaffe680 

Instructions: (pc=0x00007ff979d2e05c)
0x00007ff979d2df5c:   f0 48 0f b1 8f 18 01 00 00 0f 85 ca 01 00 00 8b
0x00007ff979d2df6c:   87 18 01 00 00 eb 1f 48 8d 8f 98 02 00 00 48 83
0x00007ff979d2df7c:   69 20 01 48 8b 41 20 48 8b 59 38 48 8b 1c c3 75
0x00007ff979d2df8c:   05 e8 be b0 f5 ff 44 0f b6 05 e7 98 7e 00 8b 0d
0x00007ff979d2df9c:   a8 30 78 00 4c 8b 0d 99 30 78 00 45 84 c0 74 0d
0x00007ff979d2dfac:   8b 53 08 8b c2 48 d3 e0 49 03 c1 eb 06 48 8b 43
0x00007ff979d2dfbc:   08 8b d0 81 78 08 00 00 00 c0 7d 72 45 84 c0 74
0x00007ff979d2dfcc:   0a 8b c2 48 d3 e0 49 03 c1 eb 04 48 8b 43 08 48
0x00007ff979d2dfdc:   8b 88 98 00 00 00 e8 49 61 f0 ff 48 89 44 24 28
0x00007ff979d2dfec:   48 8b e8 48 85 c0 74 1b 48 8b d0 48 8b cf e8 f1
0x00007ff979d2dffc:   bd ff ff 84 c0 74 0c 48 8b d5 48 8d 4f 18 e8 81
0x00007ff979d2e00c:   c3 ff ff 44 38 25 6b 98 7e 00 49 8b c6 49 0f 45
0x00007ff979d2e01c:   c7 44 39 24 18 0f 8e 99 fe ff ff 45 33 c0 48 8b
0x00007ff979d2e02c:   d3 48 8b cf e8 bb 04 00 00 e9 86 fe ff ff 45 84
0x00007ff979d2e03c:   c0 74 0b 44 8b c2 49 d3 e0 4d 03 c1 eb 04 4c 8b
0x00007ff979d2e04c:   43 08 49 63 40 0c 48 8d 8f b0 05 00 00 48 8b d3
0x00007ff979d2e05c:   41 ff 94 c5 c0 1b a7 00 44 38 25 1f 9b 7e 00 0f
0x00007ff979d2e06c:   84 4f fe ff ff 44 0f b6 05 08 98 7e 00 8b 0d c9
0x00007ff979d2e07c:   2f 78 00 4c 8b 0d ba 2f 78 00 45 84 c0 74 0d 8b
0x00007ff979d2e08c:   53 08 8b c2 48 d3 e0 49 03 c1 eb 06 48 8b 43 08
0x00007ff979d2e09c:   8b d0 44 39 60 08 7e 20 45 84 c0 74 0a 8b c2 48
0x00007ff979d2e0ac:   d3 e0 49 03 c1 eb 04 48 8b 43 08 80 b8 35 01 00
0x00007ff979d2e0bc:   00 01 0f 84 fc fd ff ff 48 89 9f f0 05 00 00 44
0x00007ff979d2e0cc:   38 25 af 97 7e 00 74 16 44 8b 43 08 8b 0d 6a 2f
0x00007ff979d2e0dc:   78 00 49 d3 e0 4c 03 05 58 2f 78 00 eb 04 4c 8b
0x00007ff979d2e0ec:   43 08 49 63 40 0c 48 8d 8f d0 05 00 00 48 8b d3
0x00007ff979d2e0fc:   41 ff 94 c5 f0 1b a7 00 44 38 a7 e8 05 00 00 0f
0x00007ff979d2e10c:   84 af fd ff ff 4c 39 25 50 87 7e 00 0f 84 a2 fd
0x00007ff979d2e11c:   ff ff 8b 97 fc 05 00 00 48 8d 0d 45 7c 5f 00 e8
0x00007ff979d2e12c:   80 6d fd ff e9 8b fd ff ff 48 8b 84 24 a8 00 00
0x00007ff979d2e13c:   00 48 89 87 18 01 00 00 8b 87 18 01 00 00 4c 89
0x00007ff979d2e14c:   64 24 30 44 89 64 24 38 4c 39 a7 98 05 00 00 0f 


Stack slot to memory mapping:
stack at sp + 0 slots: 0x0000000000000057 is an unknown value
stack at sp + 1 slots: 0x000000008256eb78 is an oop: java.util.HashMap$Node 
{0x000000008256eb78} - klass: 'java/util/HashMap$Node'
stack at sp + 2 slots: 0x00007ff979a40000 jvm.dll
stack at sp + 3 slots: 0x00007ff979d29e2e jvm.dll
stack at sp + 4 slots: 0x000004460000031b is an unknown value
stack at sp + 5 slots: 0x0 is NULL
stack at sp + 6 slots: 0x00000000824e0af0 is an oop: [Ljava.lang.Class; 
{0x00000000824e0af0} - klass: 'java/lang/Class'[]
 - length: 1
stack at sp + 7 slots: 0x0 is NULL


---------------  P R O C E S S  ---------------

Threads class SMR info:
_java_thread_list=0x0000023f399754e0, length=17, elements={
0x0000023f34873150, 0x0000023f34874010, 0x0000023f348882d0, 0x0000023f34888de0,
0x0000023f3488b800, 0x0000023f3488d120, 0x0000023f3488dae0, 0x0000023f34899940,
0x0000023f354952d0, 0x0000023f358f6eb0, 0x0000023f358f73d0, 0x0000023f35a94020,
0x0000023f370d2860, 0x0000023f376bb0a0, 0x0000023f37e46af0, 0x0000023f37e47040,
0x0000023f37e44070
}

Java Threads: ( => current thread )
  0x0000023f34873150 JavaThread "Reference Handler" daemon [_thread_blocked, id=5600, stack(0x0000004beb000000,0x0000004beb100000)]
  0x0000023f34874010 JavaThread "Finalizer" daemon [_thread_blocked, id=5596, stack(0x0000004beb100000,0x0000004beb200000)]
  0x0000023f348882d0 JavaThread "Signal Dispatcher" daemon [_thread_blocked, id=3636, stack(0x0000004beb200000,0x0000004beb300000)]
  0x0000023f34888de0 JavaThread "Attach Listener" daemon [_thread_blocked, id=4424, stack(0x0000004beb300000,0x0000004beb400000)]
  0x0000023f3488b800 JavaThread "Service Thread" daemon [_thread_blocked, id=5380, stack(0x0000004beb400000,0x0000004beb500000)]
  0x0000023f3488d120 JavaThread "Monitor Deflation Thread" daemon [_thread_blocked, id=5520, stack(0x0000004beb500000,0x0000004beb600000)]
  0x0000023f3488dae0 JavaThread "C1 CompilerThread0" daemon [_thread_blocked, id=1388, stack(0x0000004beb600000,0x0000004beb700000)]
  0x0000023f34899940 JavaThread "Sweeper thread" daemon [_thread_blocked, id=3256, stack(0x0000004beb700000,0x0000004beb800000)]
  0x0000023f354952d0 JavaThread "Common-Cleaner" daemon [_thread_blocked, id=10780, stack(0x0000004beb800000,0x0000004beb900000)]
  0x0000023f358f6eb0 JavaThread "Monitor Ctrl-Break" daemon [_thread_in_native, id=8296, stack(0x0000004beb900000,0x0000004beba00000)]
  0x0000023f358f73d0 JavaThread "Notification Thread" daemon [_thread_blocked, id=8836, stack(0x0000004beba00000,0x0000004bebb00000)]
  0x0000023f35a94020 JavaThread "RMI TCP Accept-0" daemon [_thread_in_native, id=12548, stack(0x0000004bebb00000,0x0000004bebc00000)]
  0x0000023f370d2860 JavaThread "RMI Scheduler(0)" daemon [_thread_blocked, id=3620, stack(0x0000004beca00000,0x0000004becb00000)]
  0x0000023f376bb0a0 JavaThread "mysql-cj-abandoned-connection-cleanup" daemon [_thread_blocked, id=13016, stack(0x0000004bece00000,0x0000004becf00000)]
  0x0000023f37e46af0 JavaThread "Live Reload Server" daemon [_thread_in_native, id=9668, stack(0x0000004bed300000,0x0000004bed400000)]
  0x0000023f37e47040 JavaThread "DestroyJavaVM" [_thread_blocked, id=6000, stack(0x0000004bea900000,0x0000004beaa00000)]
  0x0000023f37e44070 JavaThread "Thread-23" [_thread_blocked, id=1616, stack(0x0000004bed800000,0x0000004bed900000)]

Other Threads:
  0x0000023f3486d4f0 VMThread "VM Thread" [stack: 0x0000004beaf00000,0x0000004beb000000] [id=4264]
  0x0000023f35a8ebe0 WatcherThread [stack: 0x0000004bebc00000,0x0000004bebd00000] [id=10744]
  0x0000023f168bd1e0 GCTaskThread "GC Thread#0" [stack: 0x0000004beaa00000,0x0000004beab00000] [id=12420]
  0x0000023f35bbf0f0 GCTaskThread "GC Thread#1" [stack: 0x0000004bebd00000,0x0000004bebe00000] [id=11976]
  0x0000023f35bbf400 GCTaskThread "GC Thread#2" [stack: 0x0000004bebe00000,0x0000004bebf00000] [id=10716]
  0x0000023f35c257b0 GCTaskThread "GC Thread#3" [stack: 0x0000004bebf00000,0x0000004bec000000] [id=8584]
=>0x0000023f35c25ac0 GCTaskThread "GC Thread#4" [stack: 0x0000004bec000000,0x0000004bec100000] [id=9080]
  0x0000023f35c25dd0 GCTaskThread "GC Thread#5" [stack: 0x0000004bec100000,0x0000004bec200000] [id=10816]
  0x0000023f35ddf4e0 GCTaskThread "GC Thread#6" [stack: 0x0000004bec200000,0x0000004bec300000] [id=10700]
  0x0000023f35e09750 GCTaskThread "GC Thread#7" [stack: 0x0000004bec300000,0x0000004bec400000] [id=8912]
  0x0000023f168ce020 ConcurrentGCThread "G1 Main Marker" [stack: 0x0000004beab00000,0x0000004beac00000] [id=8628]
  0x0000023f168cf2b0 ConcurrentGCThread "G1 Conc#0" [stack: 0x0000004beac00000,0x0000004bead00000] [id=7332]
  0x0000023f35e08b10 ConcurrentGCThread "G1 Conc#1" [stack: 0x0000004bec800000,0x0000004bec900000] [id=7748]
  0x0000023f1694e590 ConcurrentGCThread "G1 Refine#0" [stack: 0x0000004bead00000,0x0000004beae00000] [id=4148]
  0x0000023f35d66630 ConcurrentGCThread "G1 Refine#1" [stack: 0x0000004bec400000,0x0000004bec500000] [id=8920]
  0x0000023f357fcda0 ConcurrentGCThread "G1 Refine#2" [stack: 0x0000004bec500000,0x0000004bec600000] [id=5384]
  0x0000023f3471c280 ConcurrentGCThread "G1 Service" [stack: 0x0000004beae00000,0x0000004beaf00000] [id=9676]

Threads with active compile tasks:

VM state: at safepoint (normal execution)

VM Mutex/Monitor currently owned by a thread:  ([mutex/lock_event])
[0x0000023f1687e6f0] Threads_lock - owner thread: 0x0000023f3486d4f0
[0x0000023f1687edb0] Heap_lock - owner thread: 0x0000023f37e44070

Heap address: 0x0000000081800000, size: 2024 MB, Compressed Oops mode: 32-bit

CDS archive(s) mapped at: [0x0000000800000000-0x0000000800bb0000-0x0000000800bb0000), size 12255232, SharedBaseAddress: 0x0000000800000000, ArchiveRelocationMode: 0.
Compressed class space mapped at: 0x0000000800c00000-0x0000000840c00000, reserved size: 1073741824
Narrow klass base: 0x0000000800000000, Narrow klass shift: 3, Narrow klass range: 0x100000000

GC Precious Log:
 CPUs: 8 total, 8 available
 Memory: 8089M
 Large Page Support: Disabled
 NUMA Support: Disabled
 Compressed Oops: Enabled (32-bit)
 Heap Region Size: 1M
 Heap Min Capacity: 8M
 Heap Initial Capacity: 128M
 Heap Max Capacity: 2024M
 Pre-touch: Disabled
 Parallel Workers: 8
 Concurrent Workers: 2
 Concurrent Refinement Workers: 8
 Periodic GC: Disabled

Heap:
 garbage-first heap   total 132096K, used 66748K [0x0000000081800000, 0x0000000100000000)
  region size 1024K, 24 young (24576K), 6 survivors (6144K)
 Metaspace       used 67730K, committed 68480K, reserved 1114112K
  class space    used 9311K, committed 9664K, reserved 1048576K

Heap Regions: E=young(eden), S=young(survivor), O=old, HS=humongous(starts), HC=humongous(continues), CS=collection set, F=free, OA=open archive, CA=closed archive, TAMS=top-at-mark-start (previous, next)
|   0|0x0000000081800000, 0x0000000081900000, 0x0000000081900000|100%|HS|  |TAMS 0x0000000081900000, 0x0000000081800000| Untracked 
|   1|0x0000000081900000, 0x00000000819ffff8, 0x0000000081a00000| 99%| O|  |TAMS 0x0000000081900000, 0x0000000081900000| Untracked 
|   2|0x0000000081a00000, 0x0000000081afec88, 0x0000000081b00000| 99%| O|  |TAMS 0x0000000081a00000, 0x0000000081a00000| Untracked 
|   3|0x0000000081b00000, 0x0000000081bfffe8, 0x0000000081c00000| 99%| O|  |TAMS 0x0000000081b00000, 0x0000000081b00000| Untracked 
|   4|0x0000000081c00000, 0x0000000081cffff8, 0x0000000081d00000| 99%| O|  |TAMS 0x0000000081c00000, 0x0000000081c00000| Untracked 
|   5|0x0000000081d00000, 0x0000000081e00000, 0x0000000081e00000|100%| O|  |TAMS 0x0000000081d00000, 0x0000000081d00000| Untracked 
|   6|0x0000000081e00000, 0x0000000081efffe0, 0x0000000081f00000| 99%| O|  |TAMS 0x0000000081e00000, 0x0000000081e00000| Untracked 
|   7|0x0000000081f00000, 0x0000000081fffff8, 0x0000000082000000| 99%| O|  |TAMS 0x0000000081f00000, 0x0000000081f00000| Untracked 
|   8|0x0000000082000000, 0x00000000820fffe8, 0x0000000082100000| 99%| O|  |TAMS 0x0000000082000000, 0x0000000082000000| Untracked 
|   9|0x0000000082100000, 0x0000000082200000, 0x0000000082200000|100%| O|  |TAMS 0x0000000082100000, 0x0000000082100000| Untracked 
|  10|0x0000000082200000, 0x0000000082300000, 0x0000000082300000|100%| O|  |TAMS 0x0000000082200000, 0x0000000082200000| Untracked 
|  11|0x0000000082300000, 0x00000000823ffff8, 0x0000000082400000| 99%| O|  |TAMS 0x0000000082300000, 0x0000000082300000| Untracked 
|  12|0x0000000082400000, 0x0000000082500000, 0x0000000082500000|100%| O|  |TAMS 0x0000000082400000, 0x0000000082400000| Untracked 
|  13|0x0000000082500000, 0x00000000825fffd0, 0x0000000082600000| 99%| O|  |TAMS 0x0000000082500000, 0x0000000082500000| Untracked 
|  14|0x0000000082600000, 0x00000000826fffd0, 0x0000000082700000| 99%| O|  |TAMS 0x0000000082600000, 0x0000000082600000| Untracked 
|  15|0x0000000082700000, 0x00000000827ffff8, 0x0000000082800000| 99%| O|  |TAMS 0x0000000082700000, 0x0000000082700000| Untracked 
|  16|0x0000000082800000, 0x00000000828ffff8, 0x0000000082900000| 99%| O|  |TAMS 0x0000000082800000, 0x0000000082800000| Untracked 
|  17|0x0000000082900000, 0x00000000829fff30, 0x0000000082a00000| 99%| O|  |TAMS 0x0000000082900000, 0x0000000082900000| Untracked 
|  18|0x0000000082a00000, 0x0000000082afffe8, 0x0000000082b00000| 99%| O|  |TAMS 0x0000000082a00000, 0x0000000082a00000| Untracked 
|  19|0x0000000082b00000, 0x0000000082c00000, 0x0000000082c00000|100%| O|  |TAMS 0x0000000082b00000, 0x0000000082b00000| Untracked 
|  20|0x0000000082c00000, 0x0000000082cfffe0, 0x0000000082d00000| 99%| O|  |TAMS 0x0000000082c00000, 0x0000000082c00000| Untracked 
|  21|0x0000000082d00000, 0x0000000082dffff0, 0x0000000082e00000| 99%| O|  |TAMS 0x0000000082d00000, 0x0000000082d00000| Untracked 
|  22|0x0000000082e00000, 0x0000000082effff0, 0x0000000082f00000| 99%| O|  |TAMS 0x0000000082e00000, 0x0000000082e00000| Untracked 
|  23|0x0000000082f00000, 0x0000000082fffff8, 0x0000000083000000| 99%| O|  |TAMS 0x0000000082f00000, 0x0000000082f00000| Untracked 
|  24|0x0000000083000000, 0x00000000830ffff8, 0x0000000083100000| 99%| O|  |TAMS 0x0000000083000000, 0x0000000083000000| Untracked 
|  25|0x0000000083100000, 0x0000000083200000, 0x0000000083200000|100%| O|  |TAMS 0x0000000083100000, 0x0000000083100000| Untracked 
|  26|0x0000000083200000, 0x00000000832fffb0, 0x0000000083300000| 99%| O|  |TAMS 0x0000000083200000, 0x0000000083200000| Untracked 
|  27|0x0000000083300000, 0x00000000833fffc0, 0x0000000083400000| 99%| O|  |TAMS 0x0000000083300000, 0x0000000083300000| Untracked 
|  28|0x0000000083400000, 0x00000000834fdd98, 0x0000000083500000| 99%| O|  |TAMS 0x0000000083400000, 0x0000000083400000| Untracked 
|  29|0x0000000083500000, 0x00000000835ffff0, 0x0000000083600000| 99%| O|  |TAMS 0x0000000083500000, 0x0000000083500000| Untracked 
|  30|0x0000000083600000, 0x00000000836fffb0, 0x0000000083700000| 99%| O|  |TAMS 0x0000000083600000, 0x0000000083600000| Untracked 
|  31|0x0000000083700000, 0x00000000837ffd40, 0x0000000083800000| 99%| O|  |TAMS 0x0000000083700000, 0x0000000083700000| Untracked 
|  32|0x0000000083800000, 0x00000000838ffff8, 0x0000000083900000| 99%| O|  |TAMS 0x0000000083800000, 0x0000000083800000| Untracked 
|  33|0x0000000083900000, 0x00000000839fe298, 0x0000000083a00000| 99%| O|  |TAMS 0x0000000083900000, 0x0000000083900000| Untracked 
|  34|0x0000000083a00000, 0x0000000083afffe0, 0x0000000083b00000| 99%| O|  |TAMS 0x0000000083a00000, 0x0000000083a00000| Untracked 
|  35|0x0000000083b00000, 0x0000000083bff0e8, 0x0000000083c00000| 99%| O|  |TAMS 0x0000000083b00000, 0x0000000083b00000| Untracked 
|  36|0x0000000083c00000, 0x0000000083cffff0, 0x0000000083d00000| 99%| O|  |TAMS 0x0000000083c00000, 0x0000000083c00000| Untracked 
|  37|0x0000000083d00000, 0x0000000083dffff0, 0x0000000083e00000| 99%| O|  |TAMS 0x0000000083d00000, 0x0000000083d00000| Untracked 
|  38|0x0000000083e00000, 0x0000000083e780f8, 0x0000000083f00000| 46%| O|  |TAMS 0x0000000083e00000, 0x0000000083e00000| Untracked 
|  39|0x0000000083f00000, 0x0000000084000000, 0x0000000084000000|100%| O|  |TAMS 0x0000000083f00000, 0x0000000083f00000| Untracked 
|  40|0x0000000084000000, 0x0000000084100000, 0x0000000084100000|100%| O|  |TAMS 0x0000000084000000, 0x0000000084000000| Untracked 
|  41|0x0000000084100000, 0x00000000841014c0, 0x0000000084200000|  0%| O|  |TAMS 0x0000000084100000, 0x0000000084100000| Untracked 
|  42|0x0000000084200000, 0x00000000842e1200, 0x0000000084300000| 87%| O|  |TAMS 0x0000000084200000, 0x0000000084200000| Untracked 
|  43|0x0000000084300000, 0x0000000084300000, 0x0000000084400000|  0%| F|  |TAMS 0x0000000084300000, 0x0000000084300000| Untracked 
|  44|0x0000000084400000, 0x0000000084400000, 0x0000000084500000|  0%| F|  |TAMS 0x0000000084400000, 0x0000000084400000| Untracked 
|  45|0x0000000084500000, 0x000000008459e028, 0x0000000084600000| 61%| O|  |TAMS 0x0000000084500000, 0x0000000084500000| Untracked 
|  46|0x0000000084600000, 0x0000000084600000, 0x0000000084700000|  0%| F|  |TAMS 0x0000000084600000, 0x0000000084600000| Untracked 
|  47|0x0000000084700000, 0x0000000084715c70, 0x0000000084800000|  8%| O|  |TAMS 0x0000000084700000, 0x0000000084700000| Untracked 
|  48|0x0000000084800000, 0x0000000084800000, 0x0000000084900000|  0%| F|  |TAMS 0x0000000084800000, 0x0000000084800000| Untracked 
|  49|0x0000000084900000, 0x0000000084900000, 0x0000000084a00000|  0%| F|  |TAMS 0x0000000084900000, 0x0000000084900000| Untracked 
|  50|0x0000000084a00000, 0x0000000084a00000, 0x0000000084b00000|  0%| F|  |TAMS 0x0000000084a00000, 0x0000000084a00000| Untracked 
|  51|0x0000000084b00000, 0x0000000084b00000, 0x0000000084c00000|  0%| F|  |TAMS 0x0000000084b00000, 0x0000000084b00000| Untracked 
|  52|0x0000000084c00000, 0x0000000084c00000, 0x0000000084d00000|  0%| F|  |TAMS 0x0000000084c00000, 0x0000000084c00000| Untracked 
|  53|0x0000000084d00000, 0x0000000084d00000, 0x0000000084e00000|  0%| F|  |TAMS 0x0000000084d00000, 0x0000000084d00000| Untracked 
|  54|0x0000000084e00000, 0x0000000084e00000, 0x0000000084f00000|  0%| F|  |TAMS 0x0000000084e00000, 0x0000000084e00000| Untracked 
|  55|0x0000000084f00000, 0x0000000084f00000, 0x0000000085000000|  0%| F|  |TAMS 0x0000000084f00000, 0x0000000084f00000| Untracked 
|  56|0x0000000085000000, 0x0000000085000000, 0x0000000085100000|  0%| F|  |TAMS 0x0000000085000000, 0x0000000085000000| Untracked 
|  57|0x0000000085100000, 0x0000000085100000, 0x0000000085200000|  0%| F|  |TAMS 0x0000000085100000, 0x0000000085100000| Untracked 
|  58|0x0000000085200000, 0x0000000085200000, 0x0000000085300000|  0%| F|  |TAMS 0x0000000085200000, 0x0000000085200000| Untracked 
|  59|0x0000000085300000, 0x0000000085300000, 0x0000000085400000|  0%| F|  |TAMS 0x0000000085300000, 0x0000000085300000| Untracked 
|  60|0x0000000085400000, 0x0000000085400000, 0x0000000085500000|  0%| F|  |TAMS 0x0000000085400000, 0x0000000085400000| Untracked 
|  61|0x0000000085500000, 0x0000000085500000, 0x0000000085600000|  0%| F|  |TAMS 0x0000000085500000, 0x0000000085500000| Untracked 
|  62|0x0000000085600000, 0x0000000085600000, 0x0000000085700000|  0%| F|  |TAMS 0x0000000085600000, 0x0000000085600000| Untracked 
|  63|0x0000000085700000, 0x00000000857824c0, 0x0000000085800000| 50%| S|  |TAMS 0x0000000085700000, 0x0000000085700000| Complete 
|  64|0x0000000085800000, 0x0000000085900000, 0x0000000085900000|100%| S|  |TAMS 0x0000000085800000, 0x0000000085800000| Complete 
|  65|0x0000000085900000, 0x0000000085a00000, 0x0000000085a00000|100%| S|  |TAMS 0x0000000085900000, 0x0000000085900000| Complete 
|  66|0x0000000085a00000, 0x0000000085a00000, 0x0000000085b00000|  0%| F|  |TAMS 0x0000000085a00000, 0x0000000085a00000| Untracked 
|  67|0x0000000085b00000, 0x0000000085b00000, 0x0000000085c00000|  0%| F|  |TAMS 0x0000000085b00000, 0x0000000085b00000| Untracked 
|  68|0x0000000085c00000, 0x0000000085c00000, 0x0000000085d00000|  0%| F|  |TAMS 0x0000000085c00000, 0x0000000085c00000| Untracked 
|  69|0x0000000085d00000, 0x0000000085e00000, 0x0000000085e00000|100%| S|  |TAMS 0x0000000085d00000, 0x0000000085d00000| Complete 
|  70|0x0000000085e00000, 0x0000000085f00000, 0x0000000085f00000|100%| S|  |TAMS 0x0000000085e00000, 0x0000000085e00000| Complete 
|  71|0x0000000085f00000, 0x0000000086000000, 0x0000000086000000|100%| S|  |TAMS 0x0000000085f00000, 0x0000000085f00000| Complete 
|  72|0x0000000086000000, 0x0000000086000000, 0x0000000086100000|  0%| F|  |TAMS 0x0000000086000000, 0x0000000086000000| Untracked 
|  73|0x0000000086100000, 0x0000000086100000, 0x0000000086200000|  0%| F|  |TAMS 0x0000000086100000, 0x0000000086100000| Untracked 
|  74|0x0000000086200000, 0x0000000086200000, 0x0000000086300000|  0%| F|  |TAMS 0x0000000086200000, 0x0000000086200000| Untracked 
|  75|0x0000000086300000, 0x0000000086300000, 0x0000000086400000|  0%| F|  |TAMS 0x0000000086300000, 0x0000000086300000| Untracked 
|  76|0x0000000086400000, 0x0000000086400000, 0x0000000086500000|  0%| F|  |TAMS 0x0000000086400000, 0x0000000086400000| Untracked 
|  77|0x0000000086500000, 0x0000000086500000, 0x0000000086600000|  0%| F|  |TAMS 0x0000000086500000, 0x0000000086500000| Untracked 
|  78|0x0000000086600000, 0x0000000086600000, 0x0000000086700000|  0%| F|  |TAMS 0x0000000086600000, 0x0000000086600000| Untracked 
|  79|0x0000000086700000, 0x0000000086700000, 0x0000000086800000|  0%| F|  |TAMS 0x0000000086700000, 0x0000000086700000| Untracked 
|  80|0x0000000086800000, 0x0000000086800000, 0x0000000086900000|  0%| F|  |TAMS 0x0000000086800000, 0x0000000086800000| Untracked 
|  81|0x0000000086900000, 0x0000000086900000, 0x0000000086a00000|  0%| F|  |TAMS 0x0000000086900000, 0x0000000086900000| Untracked 
|  82|0x0000000086a00000, 0x0000000086a00000, 0x0000000086b00000|  0%| F|  |TAMS 0x0000000086a00000, 0x0000000086a00000| Untracked 
|  83|0x0000000086b00000, 0x0000000086b00000, 0x0000000086c00000|  0%| F|  |TAMS 0x0000000086b00000, 0x0000000086b00000| Untracked 
|  84|0x0000000086c00000, 0x0000000086c00000, 0x0000000086d00000|  0%| F|  |TAMS 0x0000000086c00000, 0x0000000086c00000| Untracked 
|  85|0x0000000086d00000, 0x0000000086d00000, 0x0000000086e00000|  0%| F|  |TAMS 0x0000000086d00000, 0x0000000086d00000| Untracked 
|  86|0x0000000086e00000, 0x0000000086e00000, 0x0000000086f00000|  0%| F|  |TAMS 0x0000000086e00000, 0x0000000086e00000| Untracked 
|  87|0x0000000086f00000, 0x0000000086f00000, 0x0000000087000000|  0%| F|  |TAMS 0x0000000086f00000, 0x0000000086f00000| Untracked 
|  88|0x0000000087000000, 0x0000000087000000, 0x0000000087100000|  0%| F|  |TAMS 0x0000000087000000, 0x0000000087000000| Untracked 
|  89|0x0000000087100000, 0x0000000087100000, 0x0000000087200000|  0%| F|  |TAMS 0x0000000087100000, 0x0000000087100000| Untracked 
|  90|0x0000000087200000, 0x0000000087200000, 0x0000000087300000|  0%| F|  |TAMS 0x0000000087200000, 0x0000000087200000| Untracked 
|  91|0x0000000087300000, 0x0000000087300000, 0x0000000087400000|  0%| F|  |TAMS 0x0000000087300000, 0x0000000087300000| Untracked 
|  92|0x0000000087400000, 0x0000000087400000, 0x0000000087500000|  0%| F|  |TAMS 0x0000000087400000, 0x0000000087400000| Untracked 
|  93|0x0000000087500000, 0x0000000087500000, 0x0000000087600000|  0%| F|  |TAMS 0x0000000087500000, 0x0000000087500000| Untracked 
|  94|0x0000000087600000, 0x0000000087600000, 0x0000000087700000|  0%| F|  |TAMS 0x0000000087600000, 0x0000000087600000| Untracked 
|  95|0x0000000087700000, 0x0000000087700000, 0x0000000087800000|  0%| F|  |TAMS 0x0000000087700000, 0x0000000087700000| Untracked 
|  96|0x0000000087800000, 0x0000000087800000, 0x0000000087900000|  0%| F|  |TAMS 0x0000000087800000, 0x0000000087800000| Untracked 
|  97|0x0000000087900000, 0x0000000087900000, 0x0000000087a00000|  0%| F|  |TAMS 0x0000000087900000, 0x0000000087900000| Untracked 
|  98|0x0000000087a00000, 0x0000000087a00000, 0x0000000087b00000|  0%| F|  |TAMS 0x0000000087a00000, 0x0000000087a00000| Untracked 
|  99|0x0000000087b00000, 0x0000000087b00000, 0x0000000087c00000|  0%| F|  |TAMS 0x0000000087b00000, 0x0000000087b00000| Untracked 
| 100|0x0000000087c00000, 0x0000000087c00000, 0x0000000087d00000|  0%| F|  |TAMS 0x0000000087c00000, 0x0000000087c00000| Untracked 
| 101|0x0000000087d00000, 0x0000000087d00000, 0x0000000087e00000|  0%| F|  |TAMS 0x0000000087d00000, 0x0000000087d00000| Untracked 
| 102|0x0000000087e00000, 0x0000000087e00000, 0x0000000087f00000|  0%| F|  |TAMS 0x0000000087e00000, 0x0000000087e00000| Untracked 
| 103|0x0000000087f00000, 0x0000000087f00000, 0x0000000088000000|  0%| F|  |TAMS 0x0000000087f00000, 0x0000000087f00000| Untracked 
| 104|0x0000000088000000, 0x0000000088000000, 0x0000000088100000|  0%| F|  |TAMS 0x0000000088000000, 0x0000000088000000| Untracked 
| 105|0x0000000088100000, 0x0000000088100000, 0x0000000088200000|  0%| F|  |TAMS 0x0000000088100000, 0x0000000088100000| Untracked 
| 106|0x0000000088200000, 0x0000000088200000, 0x0000000088300000|  0%| F|  |TAMS 0x0000000088200000, 0x0000000088200000| Untracked 
| 107|0x0000000088300000, 0x0000000088300000, 0x0000000088400000|  0%| F|  |TAMS 0x0000000088300000, 0x0000000088300000| Untracked 
| 108|0x0000000088400000, 0x0000000088400000, 0x0000000088500000|  0%| F|  |TAMS 0x0000000088400000, 0x0000000088400000| Untracked 
| 109|0x0000000088500000, 0x0000000088500000, 0x0000000088600000|  0%| F|  |TAMS 0x0000000088500000, 0x0000000088500000| Untracked 
| 110|0x0000000088600000, 0x0000000088600000, 0x0000000088700000|  0%| F|  |TAMS 0x0000000088600000, 0x0000000088600000| Untracked 
| 111|0x0000000088700000, 0x00000000887a4fb0, 0x0000000088800000| 64%| E|  |TAMS 0x0000000088700000, 0x0000000088700000| Complete 
| 112|0x0000000088800000, 0x0000000088900000, 0x0000000088900000|100%| E|  |TAMS 0x0000000088800000, 0x0000000088800000| Complete 
| 113|0x0000000088900000, 0x0000000088a00000, 0x0000000088a00000|100%| E|  |TAMS 0x0000000088900000, 0x0000000088900000| Complete 
| 114|0x0000000088a00000, 0x0000000088b00000, 0x0000000088b00000|100%| E|  |TAMS 0x0000000088a00000, 0x0000000088a00000| Complete 
| 115|0x0000000088b00000, 0x0000000088c00000, 0x0000000088c00000|100%| E|  |TAMS 0x0000000088b00000, 0x0000000088b00000| Complete 
| 116|0x0000000088c00000, 0x0000000088d00000, 0x0000000088d00000|100%| E|  |TAMS 0x0000000088c00000, 0x0000000088c00000| Complete 
| 117|0x0000000088d00000, 0x0000000088e00000, 0x0000000088e00000|100%| E|  |TAMS 0x0000000088d00000, 0x0000000088d00000| Complete 
| 118|0x0000000088e00000, 0x0000000088f00000, 0x0000000088f00000|100%| E|  |TAMS 0x0000000088e00000, 0x0000000088e00000| Complete 
| 119|0x0000000088f00000, 0x0000000089000000, 0x0000000089000000|100%| E|  |TAMS 0x0000000088f00000, 0x0000000088f00000| Complete 
| 120|0x0000000089000000, 0x0000000089100000, 0x0000000089100000|100%| E|  |TAMS 0x0000000089000000, 0x0000000089000000| Complete 
| 121|0x0000000089100000, 0x0000000089200000, 0x0000000089200000|100%| E|  |TAMS 0x0000000089100000, 0x0000000089100000| Complete 
| 122|0x0000000089200000, 0x0000000089300000, 0x0000000089300000|100%| E|  |TAMS 0x0000000089200000, 0x0000000089200000| Complete 
| 123|0x0000000089300000, 0x0000000089400000, 0x0000000089400000|100%| E|  |TAMS 0x0000000089300000, 0x0000000089300000| Complete 
| 127|0x0000000089700000, 0x0000000089800000, 0x0000000089800000|100%| E|  |TAMS 0x0000000089700000, 0x0000000089700000| Complete 
|2020|0x00000000ffc00000, 0x00000000ffd00000, 0x00000000ffd00000|100%| E|  |TAMS 0x00000000ffc00000, 0x00000000ffc00000| Complete 
|2021|0x00000000ffd00000, 0x00000000ffe00000, 0x00000000ffe00000|100%| E|  |TAMS 0x00000000ffd00000, 0x00000000ffd00000| Complete 
|2022|0x00000000ffe00000, 0x00000000fff00000, 0x00000000fff00000|100%| E|  |TAMS 0x00000000ffe00000, 0x00000000ffe00000| Complete 
|2023|0x00000000fff00000, 0x0000000100000000, 0x0000000100000000|100%| E|  |TAMS 0x00000000fff00000, 0x00000000fff00000| Complete 

Card table byte_map: [0x0000023f2d720000,0x0000023f2db20000] _byte_map_base: 0x0000023f2d314000

Marking Bits (Prev, Next): (CMBitMap*) 0x0000023f168bd8d0, (CMBitMap*) 0x0000023f168bd910
 Prev Bits: [0x0000023f2df20000, 0x0000023f2fec0000)
 Next Bits: [0x0000023f2fec0000, 0x0000023f31e60000)

Polling page: 0x0000023f147e0000

Metaspace:

Usage:
  Non-class:     57.05 MB used.
      Class:      9.09 MB used.
       Both:     66.14 MB used.

Virtual space:
  Non-class space:       64.00 MB reserved,      57.44 MB ( 90%) committed,  8 nodes.
      Class space:        1.00 GB reserved,       9.44 MB ( <1%) committed,  1 nodes.
              Both:        1.06 GB reserved,      66.88 MB (  6%) committed. 

Chunk freelists:
   Non-Class:  2.39 MB
       Class:  2.60 MB
        Both:  4.99 MB

MaxMetaspaceSize: 17179869184.00 GB
CompressedClassSpaceSize: 1.00 GB
 - commit_granule_bytes: 65536.
 - commit_granule_words: 8192.
 - virtual_space_node_default_size: 1048576.
 - enlarge_chunks_in_place: 1.
 - new_chunks_are_fully_committed: 0.
 - uncommit_free_chunks: 1.
 - use_allocation_guard: 0.
 - handle_deallocations: 1.


Internal statistics:

num_allocs_failed_limit: 9.
num_arena_births: 1050.
num_arena_deaths: 16.
num_vsnodes_births: 9.
num_vsnodes_deaths: 0.
num_space_committed: 1070.
num_space_uncommitted: 0.
num_chunks_returned_to_freelist: 32.
num_chunks_taken_from_freelist: 3833.
num_chunk_merges: 9.
num_chunk_splits: 2531.
num_chunks_enlarged: 1749.
num_purges: 10.

CodeHeap 'non-profiled nmethods': size=238336Kb used=21044Kb max_used=21044Kb free=217291Kb
 bounds [0x0000023f1e730000, 0x0000023f1fbc0000, 0x0000023f2cff0000]
CodeHeap 'non-nmethods': size=7424Kb used=1343Kb max_used=1343Kb free=6080Kb
 bounds [0x0000023f1dff0000, 0x0000023f1e260000, 0x0000023f1e730000]
 total_blobs=13172 nmethods=12498 adapters=600
 compilation: enabled
              stopped_count=0, restarted_count=0
 full_count=0

Compilation events (20 events):
Event: 644.121 Thread 0x0000023f3488dae0 12490   !   1       java.net.NetworkInterface::getCheckedInetAddresses (109 bytes)
Event: 644.122 Thread 0x0000023f3488dae0 nmethod 12490 0x0000023f1fbba190 code [0x0000023f1fbba3a0, 0x0000023f1fbba9e8]
Event: 644.122 Thread 0x0000023f3488dae0 12489       1       java.net.NetworkInterface::getInetAddresses (8 bytes)
Event: 644.122 Thread 0x0000023f3488dae0 nmethod 12489 0x0000023f1fbbad90 code [0x0000023f1fbbaf40, 0x0000023f1fbbb0c8]
Event: 644.140 Thread 0x0000023f3488dae0 12491       1       org.apache.catalina.core.ContainerBase::getLogger (28 bytes)
Event: 644.140 Thread 0x0000023f3488dae0 nmethod 12491 0x0000023f1fbbb190 code [0x0000023f1fbbb340, 0x0000023f1fbbb4d8]
Event: 644.142 Thread 0x0000023f3488dae0 12492       1       org.apache.tomcat.util.net.SocketWrapperBase::getEndpoint (5 bytes)
Event: 644.142 Thread 0x0000023f3488dae0 nmethod 12492 0x0000023f1fbbb590 code [0x0000023f1fbbb720, 0x0000023f1fbbb7f8]
Event: 644.143 Thread 0x0000023f3488dae0 12493       1       java.beans.PropertyChangeSupport::firePropertyChange (35 bytes)
Event: 644.143 Thread 0x0000023f3488dae0 nmethod 12493 0x0000023f1fbbb890 code [0x0000023f1fbbba60, 0x0000023f1fbbbe88]
Event: 644.143 Thread 0x0000023f3488dae0 12494       1       com.sun.jmx.mbeanserver.WeakIdentityHashMap$IdentityWeakReference::hashCode (5 bytes)
Event: 644.143 Thread 0x0000023f3488dae0 nmethod 12494 0x0000023f1fbbc010 code [0x0000023f1fbbc1a0, 0x0000023f1fbbc278]
Event: 644.146 Thread 0x0000023f3488dae0 12495       1       com.zaxxer.hikari.pool.PoolEntry::compareAndSet (10 bytes)
Event: 644.146 Thread 0x0000023f3488dae0 nmethod 12495 0x0000023f1fbbc310 code [0x0000023f1fbbc4c0, 0x0000023f1fbbc648]
Event: 644.146 Thread 0x0000023f3488dae0 12496       1       java.util.concurrent.atomic.AtomicIntegerFieldUpdater$AtomicIntegerFieldUpdaterImpl::compareAndSet (19 bytes)
Event: 644.146 Thread 0x0000023f3488dae0 nmethod 12496 0x0000023f1fbbc710 code [0x0000023f1fbbc8c0, 0x0000023f1fbbca08]
Event: 644.146 Thread 0x0000023f3488dae0 12497       1       com.mysql.cj.conf.IntegerPropertyDefinition::isRangeBased (17 bytes)
Event: 644.146 Thread 0x0000023f3488dae0 nmethod 12497 0x0000023f1fbbcb10 code [0x0000023f1fbbcca0, 0x0000023f1fbbcd78]
Event: 644.146 Thread 0x0000023f3488dae0 12498       1       com.mysql.cj.protocol.ExportControlled::isSSLEstablished (18 bytes)
Event: 644.147 Thread 0x0000023f3488dae0 nmethod 12498 0x0000023f1fbbce10 code [0x0000023f1fbbcfc0, 0x0000023f1fbbd0c8]

GC Heap History (20 events):
Event: 174.204 GC heap after
{Heap after GC invocations=31 (full 3):
 garbage-first heap   total 132096K, used 48268K [0x0000000081800000, 0x0000000100000000)
  region size 1024K, 7 young (7168K), 7 survivors (7168K)
 Metaspace       used 65805K, committed 66432K, reserved 1105920K
  class space    used 9102K, committed 9408K, reserved 1048576K
}
Event: 212.432 GC heap before
{Heap before GC invocations=31 (full 3):
 garbage-first heap   total 132096K, used 71820K [0x0000000081800000, 0x0000000100000000)
  region size 1024K, 31 young (31744K), 7 survivors (7168K)
 Metaspace       used 65818K, committed 66432K, reserved 1105920K
  class space    used 9104K, committed 9408K, reserved 1048576K
}
Event: 212.507 GC heap after
{Heap after GC invocations=32 (full 4):
 garbage-first heap   total 132096K, used 39523K [0x0000000081800000, 0x0000000100000000)
  region size 1024K, 0 young (0K), 0 survivors (0K)
 Metaspace       used 65811K, committed 66432K, reserved 1105920K
  class space    used 9103K, committed 9408K, reserved 1048576K
}
Event: 213.088 GC heap before
{Heap before GC invocations=32 (full 4):
 garbage-first heap   total 132096K, used 104035K [0x0000000081800000, 0x0000000100000000)
  region size 1024K, 64 young (65536K), 0 survivors (0K)
 Metaspace       used 66065K, committed 66688K, reserved 1114112K
  class space    used 9139K, committed 9472K, reserved 1048576K
}
Event: 213.092 GC heap after
{Heap after GC invocations=33 (full 4):
 garbage-first heap   total 132096K, used 43331K [0x0000000081800000, 0x0000000100000000)
  region size 1024K, 4 young (4096K), 4 survivors (4096K)
 Metaspace       used 66065K, committed 66688K, reserved 1114112K
  class space    used 9139K, committed 9472K, reserved 1048576K
}
Event: 213.541 GC heap before
{Heap before GC invocations=33 (full 4):
 garbage-first heap   total 132096K, used 104771K [0x0000000081800000, 0x0000000100000000)
  region size 1024K, 65 young (66560K), 4 survivors (4096K)
 Metaspace       used 66307K, committed 66944K, reserved 1114112K
  class space    used 9158K, committed 9472K, reserved 1048576K
}
Event: 213.545 GC heap after
{Heap after GC invocations=34 (full 4):
 garbage-first heap   total 132096K, used 45761K [0x0000000081800000, 0x0000000100000000)
  region size 1024K, 7 young (7168K), 7 survivors (7168K)
 Metaspace       used 66307K, committed 66944K, reserved 1114112K
  class space    used 9158K, committed 9472K, reserved 1048576K
}
Event: 213.846 GC heap before
{Heap before GC invocations=34 (full 4):
 garbage-first heap   total 132096K, used 105153K [0x0000000081800000, 0x0000000100000000)
  region size 1024K, 65 young (66560K), 7 survivors (7168K)
 Metaspace       used 66629K, committed 67264K, reserved 1114112K
  class space    used 9185K, committed 9536K, reserved 1048576K
}
Event: 213.851 GC heap after
{Heap after GC invocations=35 (full 4):
 garbage-first heap   total 132096K, used 48466K [0x0000000081800000, 0x0000000100000000)
  region size 1024K, 6 young (6144K), 6 survivors (6144K)
 Metaspace       used 66629K, committed 67264K, reserved 1114112K
  class space    used 9185K, committed 9536K, reserved 1048576K
}
Event: 431.593 GC heap before
{Heap before GC invocations=35 (full 4):
 garbage-first heap   total 132096K, used 106834K [0x0000000081800000, 0x0000000100000000)
  region size 1024K, 63 young (64512K), 6 survivors (6144K)
 Metaspace       used 66823K, committed 67520K, reserved 1114112K
  class space    used 9211K, committed 9536K, reserved 1048576K
}
Event: 431.598 GC heap after
{Heap after GC invocations=36 (full 4):
 garbage-first heap   total 132096K, used 50247K [0x0000000081800000, 0x0000000100000000)
  region size 1024K, 5 young (5120K), 5 survivors (5120K)
 Metaspace       used 66823K, committed 67520K, reserved 1114112K
  class space    used 9211K, committed 9536K, reserved 1048576K
}
Event: 640.557 GC heap before
{Heap before GC invocations=36 (full 4):
 garbage-first heap   total 132096K, used 91207K [0x0000000081800000, 0x0000000100000000)
  region size 1024K, 46 young (47104K), 5 survivors (5120K)
 Metaspace       used 66825K, committed 67520K, reserved 1114112K
  class space    used 9212K, committed 9536K, reserved 1048576K
}
Event: 640.621 GC heap after
{Heap after GC invocations=37 (full 5):
 garbage-first heap   total 132096K, used 40090K [0x0000000081800000, 0x0000000100000000)
  region size 1024K, 0 young (0K), 0 survivors (0K)
 Metaspace       used 66819K, committed 67520K, reserved 1114112K
  class space    used 9211K, committed 9536K, reserved 1048576K
}
Event: 641.254 GC heap before
{Heap before GC invocations=37 (full 5):
 garbage-first heap   total 132096K, used 103578K [0x0000000081800000, 0x0000000100000000)
  region size 1024K, 63 young (64512K), 0 survivors (0K)
 Metaspace       used 67119K, committed 67840K, reserved 1114112K
  class space    used 9256K, committed 9600K, reserved 1048576K
}
Event: 641.257 GC heap after
{Heap after GC invocations=38 (full 5):
 garbage-first heap   total 132096K, used 43801K [0x0000000081800000, 0x0000000100000000)
  region size 1024K, 4 young (4096K), 4 survivors (4096K)
 Metaspace       used 67119K, committed 67840K, reserved 1114112K
  class space    used 9256K, committed 9600K, reserved 1048576K
}
Event: 642.063 GC heap before
{Heap before GC invocations=38 (full 5):
 garbage-first heap   total 132096K, used 104217K [0x0000000081800000, 0x0000000100000000)
  region size 1024K, 64 young (65536K), 4 survivors (4096K)
 Metaspace       used 67375K, committed 68096K, reserved 1114112K
  class space    used 9277K, committed 9600K, reserved 1048576K
}
Event: 642.068 GC heap after
{Heap after GC invocations=39 (full 5):
 garbage-first heap   total 132096K, used 46324K [0x0000000081800000, 0x0000000100000000)
  region size 1024K, 7 young (7168K), 7 survivors (7168K)
 Metaspace       used 67375K, committed 68096K, reserved 1114112K
  class space    used 9277K, committed 9600K, reserved 1048576K
}
Event: 642.550 GC heap before
{Heap before GC invocations=39 (full 5):
 garbage-first heap   total 132096K, used 104692K [0x0000000081800000, 0x0000000100000000)
  region size 1024K, 64 young (65536K), 7 survivors (7168K)
 Metaspace       used 67718K, committed 68480K, reserved 1114112K
  class space    used 9308K, committed 9664K, reserved 1048576K
}
Event: 642.555 GC heap after
{Heap after GC invocations=40 (full 5):
 garbage-first heap   total 132096K, used 48680K [0x0000000081800000, 0x0000000100000000)
  region size 1024K, 6 young (6144K), 6 survivors (6144K)
 Metaspace       used 67718K, committed 68480K, reserved 1114112K
  class space    used 9308K, committed 9664K, reserved 1048576K
}
Event: 644.148 GC heap before
{Heap before GC invocations=40 (full 5):
 garbage-first heap   total 132096K, used 66088K [0x0000000081800000, 0x0000000100000000)
  region size 1024K, 24 young (24576K), 6 survivors (6144K)
 Metaspace       used 67730K, committed 68480K, reserved 1114112K
  class space    used 9311K, committed 9664K, reserved 1048576K
}

Deoptimization events (12 events):
Event: 2.765 Thread 0x0000023f35e1c3c0 DEOPT PACKING pc=0x0000023f1ea24354 sp=0x0000004bec7fcd30
Event: 2.765 Thread 0x0000023f35e1c3c0 DEOPT UNPACKING pc=0x0000023f1e03dece sp=0x0000004bec7fc288 mode 0
Event: 3.585 Thread 0x0000023f35e1c3c0 DEOPT PACKING pc=0x0000023f1ea10801 sp=0x0000004bec7fdda0
Event: 3.585 Thread 0x0000023f35e1c3c0 DEOPT UNPACKING pc=0x0000023f1e03dece sp=0x0000004bec7fd230 mode 3
Event: 3.586 Thread 0x0000023f376bbb40 DEOPT PACKING pc=0x0000023f1e9b6b17 sp=0x0000004becbfeb70
Event: 3.586 Thread 0x0000023f376bbb40 DEOPT UNPACKING pc=0x0000023f1e03dece sp=0x0000004becbfdfc8 mode 3
Event: 4.398 Thread 0x0000023f35e1c3c0 DEOPT PACKING pc=0x0000023f1ee9d6f4 sp=0x0000004bec7fb120
Event: 4.398 Thread 0x0000023f35e1c3c0 DEOPT UNPACKING pc=0x0000023f1e03dece sp=0x0000004bec7fa5a8 mode 0
Event: 6.908 Thread 0x0000023f35e1c3c0 DEOPT PACKING pc=0x0000023f1ea08a72 sp=0x0000004bec7fbbc0
Event: 6.908 Thread 0x0000023f35e1c3c0 DEOPT UNPACKING pc=0x0000023f1e03dece sp=0x0000004bec7fb0c8 mode 3
Event: 8.011 Thread 0x0000023f35e1c3c0 DEOPT PACKING pc=0x0000023f1f0b47dc sp=0x0000004bec7fd270
Event: 8.011 Thread 0x0000023f35e1c3c0 DEOPT UNPACKING pc=0x0000023f1e03dece sp=0x0000004bec7fc808 mode 0

Classes unloaded (8 events):
Event: 141.216 Thread 0x0000023f3486d4f0 Unloading class 0x0000000801304000 'jdk/internal/reflect/GeneratedSerializationConstructorAccessor18'
Event: 169.494 Thread 0x0000023f3486d4f0 Unloading class 0x00000008014ec000 'jdk/internal/reflect/GeneratedSerializationConstructorAccessor27'
Event: 173.136 Thread 0x0000023f3486d4f0 Unloading class 0x0000000801508c00 'jdk/internal/reflect/GeneratedSerializationConstructorAccessor28'
Event: 173.136 Thread 0x0000023f3486d4f0 Unloading class 0x00000008014f7c00 'org/apache/catalina/loader/JdbcLeakPrevention'
Event: 212.452 Thread 0x0000023f3486d4f0 Unloading class 0x0000000801520c00 'jdk/internal/reflect/GeneratedSerializationConstructorAccessor29'
Event: 212.452 Thread 0x0000023f3486d4f0 Unloading class 0x0000000801509c00 'org/apache/catalina/loader/JdbcLeakPrevention'
Event: 640.576 Thread 0x0000023f3486d4f0 Unloading class 0x0000000801538800 'jdk/internal/reflect/GeneratedSerializationConstructorAccessor30'
Event: 640.576 Thread 0x0000023f3486d4f0 Unloading class 0x000000080152d800 'org/apache/catalina/loader/JdbcLeakPrevention'

Classes redefined (0 events):
No events

Internal exceptions (20 events):
Event: 642.343 Thread 0x0000023f37e47590 Exception <a 'java/lang/ClassNotFoundException'{0x0000000087169080}: java/lang/ObjectCustomizer> (0x0000000087169080) 
thrown [t:\workspace\open\src\hotspot\share\classfile\systemDictionary.cpp, line 256]
Event: 642.343 Thread 0x0000023f37e47590 Exception <a 'java/lang/ClassNotFoundException'{0x00000000871719f8}: com/example/booksforgram/web/OrderControllerCustomizer> (0x00000000871719f8) 
thrown [t:\workspace\open\src\hotspot\share\classfile\systemDictionary.cpp, line 256]
Event: 642.344 Thread 0x0000023f37e47590 Exception <a 'java/lang/ClassNotFoundException'{0x000000008717d260}: java/lang/ObjectCustomizer> (0x000000008717d260) 
thrown [t:\workspace\open\src\hotspot\share\classfile\systemDictionary.cpp, line 256]
Event: 642.344 Thread 0x0000023f37e47590 Exception <a 'java/lang/ClassNotFoundException'{0x0000000087185f00}: com/example/booksforgram/web/SearchControllerCustomizer> (0x0000000087185f00) 
thrown [t:\workspace\open\src\hotspot\share\classfile\systemDictionary.cpp, line 256]
Event: 642.344 Thread 0x0000023f37e47590 Exception <a 'java/lang/ClassNotFoundException'{0x000000008718f8a0}: java/lang/ObjectCustomizer> (0x000000008718f8a0) 
thrown [t:\workspace\open\src\hotspot\share\classfile\systemDictionary.cpp, line 256]
Event: 642.345 Thread 0x0000023f37e47590 Exception <a 'java/lang/ClassNotFoundException'{0x0000000087198218}: com/example/booksforgram/web/StatsControllerCustomizer> (0x0000000087198218) 
thrown [t:\workspace\open\src\hotspot\share\classfile\systemDictionary.cpp, line 256]
Event: 642.347 Thread 0x0000023f37e47590 Exception <a 'java/lang/ClassNotFoundException'{0x00000000871abc00}: java/lang/ObjectCustomizer> (0x00000000871abc00) 
thrown [t:\workspace\open\src\hotspot\share\classfile\systemDictionary.cpp, line 256]
Event: 642.348 Thread 0x0000023f37e47590 Exception <a 'java/lang/ClassNotFoundException'{0x00000000871b4558}: com/example/booksforgram/web/UserControllerCustomizer> (0x00000000871b4558) 
thrown [t:\workspace\open\src\hotspot\share\classfile\systemDictionary.cpp, line 256]
Event: 642.349 Thread 0x0000023f37e47590 Exception <a 'java/lang/ClassNotFoundException'{0x00000000871c5380}: java/lang/ObjectCustomizer> (0x00000000871c5380) 
thrown [t:\workspace\open\src\hotspot\share\classfile\systemDictionary.cpp, line 256]
Event: 642.349 Thread 0x0000023f37e47590 Exception <a 'java/lang/ClassNotFoundException'{0x00000000871cdcd8}: com/example/booksforgram/web/WishControllerCustomizer> (0x00000000871cdcd8) 
thrown [t:\workspace\open\src\hotspot\share\classfile\systemDictionary.cpp, line 256]
Event: 642.350 Thread 0x0000023f37e47590 Exception <a 'java/lang/ClassNotFoundException'{0x00000000871d9fd0}: java/lang/ObjectCustomizer> (0x00000000871d9fd0) 
thrown [t:\workspace\open\src\hotspot\share\classfile\systemDictionary.cpp, line 256]
Event: 642.350 Thread 0x0000023f37e47590 Exception <a 'java/lang/ClassNotFoundException'{0x00000000871e2ec8}: com/example/booksforgram/web/exception/GlobalExceptionHandlerCustomizer> (0x00000000871e2ec8) 
thrown [t:\workspace\open\src\hotspot\share\classfile\systemDictionary.cpp, line 256]
Event: 642.366 Thread 0x0000023f37e47590 Exception <a 'java/lang/ClassNotFoundException'{0x0000000086f588c8}: java/lang/ObjectCustomizer> (0x0000000086f588c8) 
thrown [t:\workspace\open\src\hotspot\share\classfile\systemDictionary.cpp, line 256]
Event: 642.367 Thread 0x0000023f37e47590 Exception <a 'java/lang/ClassNotFoundException'{0x0000000086f63c08}: com/example/booksforgram/model/entity/BaseEntityCustomizer> (0x0000000086f63c08) 
thrown [t:\workspace\open\src\hotspot\share\classfile\systemDictionary.cpp, line 256]
Event: 642.368 Thread 0x0000023f37e47590 Exception <a 'java/lang/ClassNotFoundException'{0x0000000086f6d608}: com/example/booksforgram/model/entity/PictureCustomizer> (0x0000000086f6d608) 
thrown [t:\workspace\open\src\hotspot\share\classfile\systemDictionary.cpp, line 256]
Event: 642.409 Thread 0x0000023f37e47590 Exception <a 'java/lang/reflect/InvocationTargetException'{0x00000000868d1170}> (0x00000000868d1170) 
thrown [t:\workspace\open\src\hotspot\share\runtime\reflection.cpp, line 1157]
Event: 642.409 Thread 0x0000023f37e47590 Exception <a 'java/lang/reflect/InvocationTargetException'{0x00000000868db6a0}> (0x00000000868db6a0) 
thrown [t:\workspace\open\src\hotspot\share\runtime\reflection.cpp, line 1157]
Event: 642.708 Thread 0x0000023f37e4a010 Exception <a 'java/lang/NullPointerException'{0x0000000088e9b170}> (0x0000000088e9b170) 
thrown [t:\workspace\open\src\hotspot\share\interpreter\linkResolver.cpp, line 1468]
Event: 642.708 Thread 0x0000023f37e4a010 Exception <a 'java/lang/reflect/InvocationTargetException'{0x0000000088e9b998}> (0x0000000088e9b998) 
thrown [t:\workspace\open\src\hotspot\share\runtime\reflection.cpp, line 1157]
Event: 644.142 Thread 0x0000023f37e445c0 Exception <a 'java/lang/InterruptedException'{0x0000000088873520}: sleep interrupted> (0x0000000088873520) 
thrown [t:\workspace\open\src\hotspot\share\prims\jvm.cpp, line 3305]

Events (20 events):
Event: 644.114 Thread 0x0000023f37e44070 Thread added: 0x0000023f37e44070
Event: 644.114 Thread 0x0000023f37e48ad0 Thread exited: 0x0000023f37e48ad0
Event: 644.122 Thread 0x0000023f37e49570 Thread exited: 0x0000023f37e49570
Event: 644.142 Thread 0x0000023f37e4b000 Thread exited: 0x0000023f37e4b000
Event: 644.142 Thread 0x0000023f37e4baa0 Thread exited: 0x0000023f37e4baa0
Event: 644.142 Thread 0x0000023f37e455b0 Thread exited: 0x0000023f37e455b0
Event: 644.142 Thread 0x0000023f37e45b00 Thread exited: 0x0000023f37e45b00
Event: 644.142 Thread 0x0000023f37e4b550 Thread exited: 0x0000023f37e4b550
Event: 644.142 Thread 0x0000023f37e4a010 Thread exited: 0x0000023f37e4a010
Event: 644.142 Thread 0x0000023f37e47590 Thread exited: 0x0000023f37e47590
Event: 644.142 Thread 0x0000023f37e49ac0 Thread exited: 0x0000023f37e49ac0
Event: 644.142 Thread 0x0000023f37e4a560 Thread exited: 0x0000023f37e4a560
Event: 644.142 Thread 0x0000023f37e445c0 Thread exited: 0x0000023f37e445c0
Event: 644.143 Thread 0x0000023f37e48030 Thread exited: 0x0000023f37e48030
Event: 644.143 Thread 0x0000023f37e48580 Thread exited: 0x0000023f37e48580
Event: 644.146 Thread 0x0000023f37e47590 Thread added: 0x0000023f37e47590
Event: 644.146 Thread 0x0000023f37e44b10 Thread exited: 0x0000023f37e44b10
Event: 644.146 Thread 0x0000023f37e49020 Thread exited: 0x0000023f37e49020
Event: 644.147 Thread 0x0000023f37e47590 Thread exited: 0x0000023f37e47590
Event: 644.147 Executing  VM operation: G1CollectFull


Dynamic libraries:
0x00007ff6e3ea0000 - 0x00007ff6e3eb0000 	C:\Program Files\Java\jdk-16.0.1\bin\java.exe
0x00007ff9dc9d0000 - 0x00007ff9dcbc5000 	C:\WINDOWS\SYSTEM32\ntdll.dll
0x00007ff9dc7f0000 - 0x00007ff9dc8ad000 	C:\WINDOWS\System32\KERNEL32.DLL
0x00007ff9da3e0000 - 0x00007ff9da6a9000 	C:\WINDOWS\System32\KERNELBASE.dll
0x00007ff9da8e0000 - 0x00007ff9da9e0000 	C:\WINDOWS\System32\ucrtbase.dll
0x00007ff9d7de0000 - 0x00007ff9d7df9000 	C:\Program Files\Java\jdk-16.0.1\bin\VCRUNTIME140.dll
0x00007ff9d7e00000 - 0x00007ff9d7e18000 	C:\Program Files\Java\jdk-16.0.1\bin\jli.dll
0x00007ff9dc180000 - 0x00007ff9dc22c000 	C:\WINDOWS\System32\ADVAPI32.dll
0x00007ff9daae0000 - 0x00007ff9dab7e000 	C:\WINDOWS\System32\msvcrt.dll
0x00007ff9dad30000 - 0x00007ff9dadcb000 	C:\WINDOWS\System32\sechost.dll
0x00007ff9dc630000 - 0x00007ff9dc75a000 	C:\WINDOWS\System32\RPCRT4.dll
0x00007ff9db6c0000 - 0x00007ff9db860000 	C:\WINDOWS\System32\USER32.dll
0x00007ff9da100000 - 0x00007ff9da122000 	C:\WINDOWS\System32\win32u.dll
0x00007ff9d94e0000 - 0x00007ff9d977a000 	C:\WINDOWS\WinSxS\amd64_microsoft.windows.common-controls_6595b64144ccf1df_6.0.19041.1110_none_60b5254171f9507e\COMCTL32.dll
0x00007ff9db860000 - 0x00007ff9db88a000 	C:\WINDOWS\System32\GDI32.dll
0x00007ff9da6b0000 - 0x00007ff9da7bb000 	C:\WINDOWS\System32\gdi32full.dll
0x00007ff9da340000 - 0x00007ff9da3dd000 	C:\WINDOWS\System32\msvcp_win.dll
0x00007ff9d2ce0000 - 0x00007ff9d2cea000 	C:\WINDOWS\SYSTEM32\VERSION.dll
0x00007ff9dc230000 - 0x00007ff9dc260000 	C:\WINDOWS\System32\IMM32.DLL
0x00007ff9d7dd0000 - 0x00007ff9d7ddc000 	C:\Program Files\Java\jdk-16.0.1\bin\vcruntime140_1.dll
0x00007ff9be0b0000 - 0x00007ff9be141000 	C:\Program Files\Java\jdk-16.0.1\bin\msvcp140.dll
0x00007ff979a40000 - 0x00007ff97a5eb000 	C:\Program Files\Java\jdk-16.0.1\bin\server\jvm.dll
0x00007ff9dc170000 - 0x00007ff9dc178000 	C:\WINDOWS\System32\PSAPI.DLL
0x00007ff9cc620000 - 0x00007ff9cc647000 	C:\WINDOWS\SYSTEM32\WINMM.dll
0x00007ff9c5cb0000 - 0x00007ff9c5cb9000 	C:\WINDOWS\SYSTEM32\WSOCK32.dll
0x00007ff9db890000 - 0x00007ff9db8fb000 	C:\WINDOWS\System32\WS2_32.dll
0x00007ff9d8340000 - 0x00007ff9d8352000 	C:\WINDOWS\SYSTEM32\kernel.appcore.dll
0x00007ff9d7dc0000 - 0x00007ff9d7dca000 	C:\Program Files\Java\jdk-16.0.1\bin\jimage.dll
0x00007ff9d9aa0000 - 0x00007ff9d9c84000 	C:\WINDOWS\SYSTEM32\DBGHELP.DLL
0x00007ff9d98d0000 - 0x00007ff9d98fc000 	C:\WINDOWS\SYSTEM32\dbgcore.DLL
0x00007ff9da820000 - 0x00007ff9da8a3000 	C:\WINDOWS\System32\bcryptPrimitives.dll
0x00007ff9d3ae0000 - 0x00007ff9d3aee000 	C:\Program Files\Java\jdk-16.0.1\bin\instrument.dll
0x00007ff9d7d90000 - 0x00007ff9d7db5000 	C:\Program Files\Java\jdk-16.0.1\bin\java.dll
0x00007ff9dba30000 - 0x00007ff9dc16f000 	C:\WINDOWS\System32\SHELL32.dll
0x00007ff9d7420000 - 0x00007ff9d7bb0000 	C:\WINDOWS\SYSTEM32\windows.storage.dll
0x00007ff9dc2c0000 - 0x00007ff9dc615000 	C:\WINDOWS\System32\combase.dll
0x00007ff9d9470000 - 0x00007ff9d949c000 	C:\WINDOWS\SYSTEM32\Wldp.dll
0x00007ff9daa30000 - 0x00007ff9daade000 	C:\WINDOWS\System32\SHCORE.dll
0x00007ff9dc930000 - 0x00007ff9dc985000 	C:\WINDOWS\System32\shlwapi.dll
0x00007ff9da040000 - 0x00007ff9da05f000 	C:\WINDOWS\SYSTEM32\profapi.dll
0x00007ff9ce2b0000 - 0x00007ff9ce2c8000 	C:\Program Files\Java\jdk-16.0.1\bin\zip.dll
0x00007ff9d3940000 - 0x00007ff9d3959000 	C:\Program Files\Java\jdk-16.0.1\bin\net.dll
0x00007ff9cc350000 - 0x00007ff9cc458000 	C:\WINDOWS\SYSTEM32\WINHTTP.dll
0x00007ff9d91d0000 - 0x00007ff9d923a000 	C:\WINDOWS\system32\mswsock.dll
0x00007ff9d1d80000 - 0x00007ff9d1d93000 	C:\Program Files\Java\jdk-16.0.1\bin\nio.dll
0x00007ff9beea0000 - 0x00007ff9beeba000 	C:\Program Files\JetBrains\IntelliJ IDEA 2021.1.2\bin\breakgen64.dll
0x00007ff9d8f00000 - 0x00007ff9d8fcc000 	C:\WINDOWS\SYSTEM32\DNSAPI.dll
0x00007ff9d8ec0000 - 0x00007ff9d8efb000 	C:\WINDOWS\SYSTEM32\IPHLPAPI.DLL
0x00007ff9dc620000 - 0x00007ff9dc628000 	C:\WINDOWS\System32\NSI.dll
0x00007ff9c80e0000 - 0x00007ff9c80ea000 	C:\Windows\System32\rasadhlp.dll
0x00007ff9cc2d0000 - 0x00007ff9cc34f000 	C:\WINDOWS\System32\fwpuclnt.dll
0x00007ff9da8b0000 - 0x00007ff9da8d7000 	C:\WINDOWS\System32\bcrypt.dll
0x00007ff9ce2a0000 - 0x00007ff9ce2a9000 	C:\Program Files\Java\jdk-16.0.1\bin\management.dll
0x00007ff9ce290000 - 0x00007ff9ce29b000 	C:\Program Files\Java\jdk-16.0.1\bin\management_ext.dll
0x00007ff9d9e80000 - 0x00007ff9d9e98000 	C:\WINDOWS\SYSTEM32\CRYPTSP.dll
0x00007ff9d8b70000 - 0x00007ff9d8ba4000 	C:\WINDOWS\system32\rsaenh.dll
0x00007ff9da000000 - 0x00007ff9da02e000 	C:\WINDOWS\SYSTEM32\USERENV.dll
0x00007ff9d9460000 - 0x00007ff9d946c000 	C:\WINDOWS\SYSTEM32\CRYPTBASE.dll
0x00007ff9d1350000 - 0x00007ff9d1367000 	C:\WINDOWS\SYSTEM32\dhcpcsvc6.DLL
0x00007ff9d1770000 - 0x00007ff9d178d000 	C:\WINDOWS\SYSTEM32\dhcpcsvc.DLL
0x00007ff9bf6c0000 - 0x00007ff9bf6d7000 	C:\WINDOWS\system32\napinsp.dll
0x00007ff9bf6a0000 - 0x00007ff9bf6bb000 	C:\WINDOWS\system32\pnrpnsp.dll
0x00007ff9d3100000 - 0x00007ff9d3115000 	C:\WINDOWS\system32\wshbth.dll
0x00007ff9d4650000 - 0x00007ff9d466d000 	C:\WINDOWS\system32\NLAapi.dll
0x00007ff9bf630000 - 0x00007ff9bf642000 	C:\WINDOWS\System32\winrnr.dll
0x00007ff9ce280000 - 0x00007ff9ce28e000 	C:\Program Files\Java\jdk-16.0.1\bin\sunmscapi.dll
0x00007ff9da130000 - 0x00007ff9da28f000 	C:\WINDOWS\System32\CRYPT32.dll
0x00007ff9d9780000 - 0x00007ff9d97a7000 	C:\WINDOWS\SYSTEM32\ncrypt.dll
0x00007ff9d94a0000 - 0x00007ff9d94db000 	C:\WINDOWS\SYSTEM32\NTASN1.dll
0x00007ff9bee90000 - 0x00007ff9bee97000 	C:\WINDOWS\system32\wshunix.dll

dbghelp: loaded successfully - version: 4.0.5 - missing functions: none
symbol engine: initialized successfully - sym options: 0x614 - pdb path: .;C:\Program Files\Java\jdk-16.0.1\bin;C:\WINDOWS\SYSTEM32;C:\WINDOWS\WinSxS\amd64_microsoft.windows.common-controls_6595b64144ccf1df_6.0.19041.1110_none_60b5254171f9507e;C:\Program Files\Java\jdk-16.0.1\bin\server;C:\Program Files\JetBrains\IntelliJ IDEA 2021.1.2\bin

VM Arguments:
jvm_args: -XX:TieredStopAtLevel=1 -Xverify:none -Dspring.output.ansi.enabled=always -javaagent:C:\Program Files\JetBrains\IntelliJ IDEA 2021.1.2\lib\idea_rt.jar=50215:C:\Program Files\JetBrains\IntelliJ IDEA 2021.1.2\bin -Dcom.sun.management.jmxremote -Dspring.jmx.enabled=true -Dspring.liveBeansView.mbeanDomain -Dspring.application.admin.enabled=true -Dfile.encoding=UTF-8 
java_command: com.example.booksforgram.BooksforgramApplication
java_class_path (initial): F:\Java-Web\myproject\booksforgram\target\classes;C:\Users\User\.m2\repository\org\springframework\boot\spring-boot-starter-data-jpa\2.5.6\spring-boot-starter-data-jpa-2.5.6.jar;C:\Users\User\.m2\repository\org\springframework\boot\spring-boot-starter-aop\2.5.6\spring-boot-starter-aop-2.5.6.jar;C:\Users\User\.m2\repository\org\aspectj\aspectjweaver\1.9.7\aspectjweaver-1.9.7.jar;C:\Users\User\.m2\repository\org\springframework\boot\spring-boot-starter-jdbc\2.5.6\spring-boot-starter-jdbc-2.5.6.jar;C:\Users\User\.m2\repository\com\zaxxer\HikariCP\4.0.3\HikariCP-4.0.3.jar;C:\Users\User\.m2\repository\org\springframework\spring-jdbc\5.3.12\spring-jdbc-5.3.12.jar;C:\Users\User\.m2\repository\jakarta\transaction\jakarta.transaction-api\1.3.3\jakarta.transaction-api-1.3.3.jar;C:\Users\User\.m2\repository\jakarta\persistence\jakarta.persistence-api\2.2.3\jakarta.persistence-api-2.2.3.jar;C:\Users\User\.m2\repository\org\hibernate\hibernate-core\5.4.32.Final\hibernate-core-5.4.32.Final.jar;C:\Users\User\.m2\repository\org\jboss\logging\jboss-logging\3.4.2.Final\jboss-logging-3.4.2.Final.jar;C:\Users\User\.m2\repository\org\javassist\javassist\3.27.0-GA\javassist-3.27.0-GA.jar;C:\Users\User\.m2\repository\net\bytebuddy\byte-buddy\1.10.22\byte-buddy-1.10.22.jar;C:\Users\User\.m2\repository\antlr\antlr\2.7.7\antlr-2.7.7.jar;C:\Users\User\.m2\repository\org\jboss\jandex\2.2.3.Final\jandex-2.2.3.Final.jar;C:\Users\User\.m2\repository\com\fasterxml\classmate\1.5.1\classmate-1.5.1.jar;C:\Users\User\.m2\repository\org\dom4j\dom4j\2.1.3\dom4j-2.1.3.jar;C:\Users\User\.m2\repository\org\hibernate\common\hibernate-commons-annotations\5.1.2.Final\hibernate-commons-annotations-5.1.2.Final.jar;C:\Users\User\.m2\repository\org\glassfish\jaxb\jaxb-runtime\2.3.5\jaxb-runtime-2.3.5.jar;C:\Users\User\.m2\repository\org\glassfish\jaxb\txw2\2.3.5\txw2-2.3.5.jar;C:\Users\User\.m2\repository\com\sun\istack\istack-commons-runtime\3.0.12\istack-commons-runtime-3.0.12.jar;C
Launcher Type: SUN_STANDARD

[Global flags]
     intx CICompilerCount                          = 4                                         {product} {ergonomic}
     uint ConcGCThreads                            = 2                                         {product} {ergonomic}
     uint G1ConcRefinementThreads                  = 8                                         {product} {ergonomic}
   size_t G1HeapRegionSize                         = 1048576                                   {product} {ergonomic}
    uintx GCDrainStackTargetSize                   = 64                                        {product} {ergonomic}
   size_t InitialHeapSize                          = 134217728                                 {product} {ergonomic}
     bool ManagementServer                         = true                                      {product} {command line}
   size_t MarkStackSize                            = 4194304                                   {product} {ergonomic}
   size_t MaxHeapSize                              = 2122317824                                {product} {ergonomic}
   size_t MaxNewSize                               = 1272971264                                {product} {ergonomic}
   size_t MinHeapDeltaBytes                        = 1048576                                   {product} {ergonomic}
   size_t MinHeapSize                              = 8388608                                   {product} {ergonomic}
    uintx NonNMethodCodeHeapSize                   = 7549744                                {pd product} {ergonomic}
    uintx NonProfiledCodeHeapSize                  = 244108496                              {pd product} {ergonomic}
    uintx ProfiledCodeHeapSize                     = 0                                      {pd product} {ergonomic}
    uintx ReservedCodeCacheSize                    = 251658240                              {pd product} {ergonomic}
     bool SegmentedCodeCache                       = true                                      {product} {ergonomic}
   size_t SoftMaxHeapSize                          = 2122317824                             {manageable} {ergonomic}
     intx TieredStopAtLevel                        = 1                                         {product} {command line}
     bool UseCompressedClassPointers               = true                           {product lp64_product} {ergonomic}
     bool UseCompressedOops                        = true                           {product lp64_product} {ergonomic}
     bool UseG1GC                                  = true                                      {product} {ergonomic}
     bool UseLargePagesIndividualAllocation        = false                                  {pd product} {ergonomic}

Logging:
Log output configuration:
 #0: stdout all=warning uptime,level,tags
 #1: stderr all=off uptime,level,tags

Environment Variables:
PATH=C:\Program Files\Common Files\Oracle\Java\javapath;C:\WINDOWS\system32;C:\WINDOWS;C:\WINDOWS\System32\Wbem;C:\WINDOWS\System32\WindowsPowerShell\v1.0\;C:\WINDOWS\System32\OpenSSH\;C:\Program Files\nodejs\;C:\Program Files\TortoiseGit\bin;C:\Users\User\AppData\Local\Microsoft\WindowsApps;C:\Users\User\AppData\Roaming\npm;C:\Users\User\AppData\Local\Programs\Microsoft VS Code\bin;C:\Users\User\AppData\Local\GitHubDesktop\bin;F:\Java-Web\gradle-6.9.1\bin;
USERNAME=User
OS=Windows_NT
PROCESSOR_IDENTIFIER=Intel64 Family 6 Model 142 Stepping 10, GenuineIntel



---------------  S Y S T E M  ---------------

OS:
 Windows 10 , 64 bit Build 19041 (10.0.19041.1151)
OS uptime: 0 days 0:14 hours

CPU: total 8 (initial active 8) (4 cores per cpu, 2 threads per core) family 6 model 142 stepping 10 microcode 0xea, cx8, cmov, fxsr, ht, mmx, 3dnowpref, sse, sse2, sse3, ssse3, sse4.1, sse4.2, popcnt, lzcnt, tsc, tscinvbit, avx, avx2, aes, erms, clmul, bmi1, bmi2, adx, fma, vzeroupper, clflush, clflushopt

Memory: 4k page, system-wide physical 8089M (1414M free)
TotalPageFile size 11673M (AvailPageFile size 4160M)
current process WorkingSet (physical memory assigned to process): 294M, peak: 299M
current process commit charge ("private bytes"): 351M, peak: 351M

vm_info: Java HotSpot(TM) 64-Bit Server VM (16.0.1+9-24) for windows-amd64 JRE (16.0.1+9-24), built on Mar 26 2021 19:31:42 by "mach5one" with MS VC++ 16.7 (VS2019)

END.
