#
# A fatal error has been detected by the Java Runtime Environment:
#
#  EXCEPTION_ACCESS_VIOLATION (0xc0000005) at pc=0x00007fff9c2cf211, pid=9468, tid=13156
#
# JRE version: Java(TM) SE Runtime Environment (16.0.1+9) (build 16.0.1+9-24)
# Java VM: Java HotSpot(TM) 64-Bit Server VM (16.0.1+9-24, mixed mode, sharing, tiered, compressed oops, compressed class ptrs, g1 gc, windows-amd64)
# Problematic frame:
# V  [jvm.dll+0x2ff211]
#
# No core dump will be written. Minidumps are not enabled by default on client versions of Windows
#
# If you would like to submit a bug report, please visit:
#   https://bugreport.java.com/bugreport/crash.jsp
#

---------------  S U M M A R Y ------------

Command Line: -XX:TieredStopAtLevel=1 -Xverify:none -Dspring.output.ansi.enabled=always -javaagent:C:\Program Files\JetBrains\IntelliJ IDEA 2021.1.2\lib\idea_rt.jar=50382:C:\Program Files\JetBrains\IntelliJ IDEA 2021.1.2\bin -Dcom.sun.management.jmxremote -Dspring.jmx.enabled=true -Dspring.liveBeansView.mbeanDomain -Dspring.application.admin.enabled=true -Dfile.encoding=UTF-8 com.example.booksforgram.BooksforgramApplication

Host: Intel(R) Core(TM) i5-8250U CPU @ 1.60GHz, 8 cores, 7G,  Windows 10 , 64 bit Build 19041 (10.0.19041.1151)
Time: Sun Nov 21 17:38:06 2021  Windows 10 , 64 bit Build 19041 (10.0.19041.1151) elapsed time: 5.028864 seconds (0d 0h 0m 5s)

---------------  T H R E A D  ---------------

Current thread (0x0000024791d3eaf0):  GCTaskThread "GC Thread#2" [stack: 0x000000e86ca00000,0x000000e86cb00000] [id=13156]

Stack: [0x000000e86ca00000,0x000000e86cb00000],  sp=0x000000e86caff1e0,  free space=1020k
Native frames: (J=compiled Java code, j=interpreted, Vv=VM code, C=native code)
V  [jvm.dll+0x2ff211]
V  [jvm.dll+0x2fbf0e]
V  [jvm.dll+0x30a423]
V  [jvm.dll+0x30c41e]
V  [jvm.dll+0x30aa6d]
V  [jvm.dll+0x30bfdd]
V  [jvm.dll+0x2d7133]
V  [jvm.dll+0x2d8a9b]
V  [jvm.dll+0x7f844b]
V  [jvm.dll+0x779b4a]
V  [jvm.dll+0x667666]
C  [ucrtbase.dll+0x21bb2]
C  [KERNEL32.DLL+0x17034]
C  [ntdll.dll+0x52651]


siginfo: EXCEPTION_ACCESS_VIOLATION (0xc0000005), reading address 0x0000000000000004


Register to memory mapping:

RIP=0x00007fff9c2cf211 jvm.dll
RAX=0x00000247f29691d0 points into unknown readable memory: 0x0000000000000000 | 00 00 00 00 00 00 00 00
RBX=0x0000000086b9e511 points into unknown readable memory: 00 00 00 c0 7e b6 86
RCX=0x0 is NULL
RDX=0x0 is NULL
RSP=0x000000e86caff1e0 points into unknown readable memory: 0x00000000835b0001 | 01 00 5b 83 00 00 00 00
RBP=0x00000000000007fe is an unknown value
RSI=0x0000000086b9e510 points into unknown readable memory: 0x86b67ec000000004 | 04 00 00 00 c0 7e b6 86
RDI=0x0000024791ddc5b0 points into unknown readable memory: 0x00007fff9c8b8918 | 18 89 8b 9c ff 7f 00 00
R8 =0x0000000086b67ec0 is an oop: java.util.concurrent.ConcurrentHashMap$Node 
{0x0000000086b67ec0} - klass: 'java/util/concurrent/ConcurrentHashMap$Node'
R9 =0x00000000826d23c0 is an oop: java.lang.String 
{0x00000000826d23c0} - klass: 'java/lang/String'
R10=0x0000000000000004 is an unknown value
R11=0x0000000000000001 is an unknown value
R12=0x000000e86caff490 points into unknown readable memory: 0x00007fff9c8b9ac0 | c0 9a 8b 9c ff 7f 00 00
R13=0x00000247f293b210 points into unknown readable memory: 0x00000000000007e8 | e8 07 00 00 00 00 00 00
R14=0x0000000000000040 is an unknown value
R15=0x0 is NULL


Registers:
RAX=0x00000247f29691d0, RBX=0x0000000086b9e511, RCX=0x0000000000000000, RDX=0x0000000000000000
RSP=0x000000e86caff1e0, RBP=0x00000000000007fe, RSI=0x0000000086b9e510, RDI=0x0000024791ddc5b0
R8 =0x0000000086b67ec0, R9 =0x00000000826d23c0, R10=0x0000000000000004, R11=0x0000000000000001
R12=0x000000e86caff490, R13=0x00000247f293b210, R14=0x0000000000000040, R15=0x0000000000000000
RIP=0x00007fff9c2cf211, EFLAGS=0x0000000000010246

Top of Stack: (sp=0x000000e86caff1e0)
0x000000e86caff1e0:   00000000835b0001 0000000000000001
0x000000e86caff1f0:   00000247f2940001 0000000000000009
0x000000e86caff200:   000000e86caff280 000000008253dc00
0x000000e86caff210:   0000000000000000 00007fff9c2d9ac1
0x000000e86caff220:   00000247f29a9220 00000247fa7d6900
0x000000e86caff230:   0000000000000001 0000000000000040
0x000000e86caff240:   000000e86caff490 000000008253da00
0x000000e86caff250:   0000024791ddc5b0 00007fff9c2cbf0e
0x000000e86caff260:   0000000000000000 000000e86caff490
0x000000e86caff270:   00000247fa7d0000 0000000000000001
0x000000e86caff280:   0000000002fdcf96 000000021877330d
0x000000e86caff290:   000000e86caff490 000000008253da00
0x000000e86caff2a0:   000000008253dc18 00007fff9c2da423
0x000000e86caff2b0:   000000008253da00 000000e86caff2d0
0x000000e86caff2c0:   000000e86caff2e0 00000247f296c1d0
0x000000e86caff2d0:   000000008253da00 0000000000000040 

Instructions: (pc=0x00007fff9c2cf211)
0x00007fff9c2cf111:   0b fd ff ff 66 66 66 0f 1f 84 00 00 00 00 00 48
0x00007fff9c2cf121:   8b 77 10 8b ae 80 00 00 00 8b cd 8b 86 00 01 00
0x00007fff9c2cf131:   00 2b c8 81 e1 ff ff 01 00 41 3b ce 0f 86 16 03
0x00007fff9c2cf141:   00 00 ff cd 81 e5 ff ff 01 00 89 ae 80 00 00 00
0x00007fff9c2cf151:   e8 aa aa 35 00 8b 86 00 01 00 00 8b cd 48 8b 9e
0x00007fff9c2cf161:   80 01 00 00 2b c8 81 e1 ff ff 01 00 8b d5 81 f9
0x00007fff9c2cf171:   ff ff 01 00 48 8b 1c eb 41 0f 44 cf 85 c9 75 41
0x00007fff9c2cf181:   48 8b 86 00 01 00 00 48 8b c8 48 89 44 24 28 48
0x00007fff9c2cf191:   c1 e9 20 ff c1 89 6c 24 20 89 4c 24 24 3b e8 0f
0x00007fff9c2cf1a1:   85 a1 02 00 00 48 c1 e1 20 48 0b ca f0 48 0f b1
0x00007fff9c2cf1b1:   8e 00 01 00 00 0f 85 8b 02 00 00 8b 86 00 01 00
0x00007fff9c2cf1c1:   00 f6 c3 01 0f 84 44 01 00 00 8b 0d 67 1e 77 00
0x00007fff9c2cf1d1:   48 8d 73 ff 48 8b 47 08 44 8b 16 49 d3 e2 4c 03
0x00007fff9c2cf1e1:   15 4a 1e 77 00 8b 88 78 05 00 00 49 8b d2 48 8b
0x00007fff9c2cf1f1:   80 68 05 00 00 48 d3 ea 0f b7 0c 50 66 89 8c 24
0x00007fff9c2cf201:   90 00 00 00 66 c1 e9 08 84 c9 0f 88 0f ff ff ff
0x00007fff9c2cf211:   4d 8b 02 41 0f b6 c0 24 03 3c 03 75 1e 44 38 3d
0x00007fff9c2cf221:   3d 87 7d 00 74 0f 41 0f b6 c0 24 07 3c 05 75 05
0x00007fff9c2cf231:   4d 8b c7 eb 1f 49 83 e0 fc eb 19 0f b7 94 24 90
0x00007fff9c2cf241:   00 00 00 4d 8b c8 4d 8b c2 48 8b cf e8 7e ee ff
0x00007fff9c2cf251:   ff 4c 8b c0 8b 0d dd 1d 77 00 49 8b d0 48 2b 15
0x00007fff9c2cf261:   cb 1d 77 00 48 d3 ea 89 16 49 8b d0 8b 0d 1d 90
0x00007fff9c2cf271:   7d 00 48 33 d6 48 d3 ea 48 85 d2 0f 84 9e fe ff
0x00007fff9c2cf281:   ff 48 8b 47 08 48 8b d6 8b 88 c0 01 00 00 48 8b
0x00007fff9c2cf291:   80 b0 01 00 00 48 d3 ea 48 8b 0c d0 8b 81 cc 00
0x00007fff9c2cf2a1:   00 00 d1 e8 a8 01 0f 85 73 fe ff ff 48 8b 47 08
0x00007fff9c2cf2b1:   8b 88 78 05 00 00 48 8b 80 68 05 00 00 49 d3 e8
0x00007fff9c2cf2c1:   46 38 3c 40 0f 84 55 fe ff ff 48 8b 87 80 00 00
0x00007fff9c2cf2d1:   00 48 c1 ee 09 48 8b 58 48 48 8b 50 40 48 03 de
0x00007fff9c2cf2e1:   48 2b da 48 39 9f d0 01 00 00 0f 84 2f fe ff ff
0x00007fff9c2cf2f1:   44 38 7f 28 48 8d 4f 18 74 08 48 03 d3 e8 3d be
0x00007fff9c2cf301:   3a 00 48 89 9f d0 01 00 00 e9 11 fe ff ff f6 c3 


Stack slot to memory mapping:
stack at sp + 0 slots: 0x00000000835b0001 is pointing into object: [B 
{0x00000000835b0000} - klass: {type array byte}
 - length: 33
stack at sp + 1 slots: 0x0000000000000001 is an unknown value
stack at sp + 2 slots: 0x00000247f2940001 points into unknown readable memory: 00 00 00 00 00 00 00
stack at sp + 3 slots: 0x0000000000000009 is an unknown value
stack at sp + 4 slots: 0x000000e86caff280 points into unknown readable memory: 0x0000000002fdcf96 | 96 cf fd 02 00 00 00 00
stack at sp + 5 slots: 0x000000008253dc00 is pointing into object: org.springframework.util.ConcurrentReferenceHashMap$SoftEntryReference 
{0x000000008253dbe8} - klass: 'org/springframework/util/ConcurrentReferenceHashMap$SoftEntryReference'
stack at sp + 6 slots: 0x0 is NULL
stack at sp + 7 slots: 0x00007fff9c2d9ac1 jvm.dll


---------------  P R O C E S S  ---------------

Threads class SMR info:
_java_thread_list=0x000002479522d5f0, length=23, elements={
0x00000247f292bd30, 0x00000247ff8fc900, 0x00000247ff8fd7c0, 0x00000247ff914790,
0x00000247ff9151a0, 0x00000247ff917ac0, 0x00000247ff9193e0, 0x00000247ff91a540,
0x00000247ff91d640, 0x00000247ff8da690, 0x0000024791849090, 0x000002479184d040,
0x0000024791a00fe0, 0x0000024791aa9fb0, 0x0000024791d05000, 0x0000024791d72480,
0x0000024791de88a0, 0x0000024793593d60, 0x00000247935942b0, 0x0000024793594d50,
0x0000024793596d30, 0x00000247935952a0, 0x0000024793595d40
}

Java Threads: ( => current thread )
  0x00000247f292bd30 JavaThread "main" [_thread_blocked, id=6368, stack(0x000000e86b200000,0x000000e86b300000)]
  0x00000247ff8fc900 JavaThread "Reference Handler" daemon [_thread_blocked, id=2404, stack(0x000000e86b900000,0x000000e86ba00000)]
  0x00000247ff8fd7c0 JavaThread "Finalizer" daemon [_thread_blocked, id=4528, stack(0x000000e86ba00000,0x000000e86bb00000)]
  0x00000247ff914790 JavaThread "Signal Dispatcher" daemon [_thread_blocked, id=3848, stack(0x000000e86bb00000,0x000000e86bc00000)]
  0x00000247ff9151a0 JavaThread "Attach Listener" daemon [_thread_blocked, id=3104, stack(0x000000e86bc00000,0x000000e86bd00000)]
  0x00000247ff917ac0 JavaThread "Service Thread" daemon [_thread_blocked, id=12100, stack(0x000000e86bd00000,0x000000e86be00000)]
  0x00000247ff9193e0 JavaThread "Monitor Deflation Thread" daemon [_thread_blocked, id=3884, stack(0x000000e86be00000,0x000000e86bf00000)]
  0x00000247ff91a540 JavaThread "C1 CompilerThread0" daemon [_thread_blocked, id=12428, stack(0x000000e86bf00000,0x000000e86c000000)]
  0x00000247ff91d640 JavaThread "Sweeper thread" daemon [_thread_blocked, id=1804, stack(0x000000e86c000000,0x000000e86c100000)]
  0x00000247ff8da690 JavaThread "Common-Cleaner" daemon [_thread_blocked, id=4472, stack(0x000000e86c100000,0x000000e86c200000)]
  0x0000024791849090 JavaThread "Monitor Ctrl-Break" daemon [_thread_in_native, id=1920, stack(0x000000e86c200000,0x000000e86c300000)]
  0x000002479184d040 JavaThread "Notification Thread" daemon [_thread_blocked, id=7180, stack(0x000000e86c300000,0x000000e86c400000)]
  0x0000024791a00fe0 JavaThread "RMI TCP Accept-0" daemon [_thread_in_native, id=2744, stack(0x000000e86c400000,0x000000e86c500000)]
  0x0000024791aa9fb0 JavaThread "RMI TCP Connection(1)-192.168.1.5" daemon [_thread_in_native, id=12368, stack(0x000000e86c600000,0x000000e86c700000)]
  0x0000024791d05000 JavaThread "RMI Scheduler(0)" daemon [_thread_blocked, id=12392, stack(0x000000e86c700000,0x000000e86c800000)]
  0x0000024791d72480 JavaThread "Thread-0" [_thread_blocked, id=11888, stack(0x000000e86c800000,0x000000e86c900000)]
  0x0000024791de88a0 JavaThread "restartedMain" [_thread_blocked, id=11768, stack(0x000000e86d100000,0x000000e86d200000)]
  0x0000024793593d60 JavaThread "Catalina-utility-1" [_thread_blocked, id=11572, stack(0x000000e86d300000,0x000000e86d400000)]
  0x00000247935942b0 JavaThread "Catalina-utility-2" [_thread_blocked, id=7608, stack(0x000000e86d400000,0x000000e86d500000)]
  0x0000024793594d50 JavaThread "container-0" [_thread_blocked, id=11712, stack(0x000000e86d500000,0x000000e86d600000)]
  0x0000024793596d30 JavaThread "mysql-cj-abandoned-connection-cleanup" daemon [_thread_blocked, id=11708, stack(0x000000e86d600000,0x000000e86d700000)]
  0x00000247935952a0 JavaThread "HikariPool-1 housekeeper" daemon [_thread_blocked, id=1136, stack(0x000000e86d800000,0x000000e86d900000)]
  0x0000024793595d40 JavaThread "HikariPool-1 connection adder" daemon [_thread_blocked, id=3352, stack(0x000000e86d900000,0x000000e86da00000)]

Other Threads:
  0x00000247ff8f8510 VMThread "VM Thread" [stack: 0x000000e86b800000,0x000000e86b900000] [id=8656]
  0x00000247919e9030 WatcherThread [stack: 0x000000e86c500000,0x000000e86c600000] [id=1284]
  0x00000247f296baa0 GCTaskThread "GC Thread#0" [stack: 0x000000e86b300000,0x000000e86b400000] [id=13080]
  0x0000024791d3e7e0 GCTaskThread "GC Thread#1" [stack: 0x000000e86c900000,0x000000e86ca00000] [id=11488]
=>0x0000024791d3eaf0 GCTaskThread "GC Thread#2" [stack: 0x000000e86ca00000,0x000000e86cb00000] [id=13156]
  0x0000024791d3ee00 GCTaskThread "GC Thread#3" [stack: 0x000000e86cb00000,0x000000e86cc00000] [id=11700]
  0x0000024791d3f110 GCTaskThread "GC Thread#4" [stack: 0x000000e86cc00000,0x000000e86cd00000] [id=5820]
  0x0000024791d3f420 GCTaskThread "GC Thread#5" [stack: 0x000000e86cd00000,0x000000e86ce00000] [id=13296]
  0x0000024791d3f730 GCTaskThread "GC Thread#6" [stack: 0x000000e86ce00000,0x000000e86cf00000] [id=1256]
  0x0000024791d929c0 GCTaskThread "GC Thread#7" [stack: 0x000000e86cf00000,0x000000e86d000000] [id=3512]
  0x00000247f297c8e0 ConcurrentGCThread "G1 Main Marker" [stack: 0x000000e86b400000,0x000000e86b500000] [id=5380]
  0x00000247f297d3d0 ConcurrentGCThread "G1 Conc#0" [stack: 0x000000e86b500000,0x000000e86b600000] [id=9704]
  0x0000024793499780 ConcurrentGCThread "G1 Conc#1" [stack: 0x000000e86d200000,0x000000e86d300000] [id=2124]
  0x00000247f29f6810 ConcurrentGCThread "G1 Refine#0" [stack: 0x000000e86b600000,0x000000e86b700000] [id=12244]
  0x0000024791845330 ConcurrentGCThread "G1 Refine#1" [stack: 0x000000e86d000000,0x000000e86d100000] [id=7592]
  0x00000247ff7b1b90 ConcurrentGCThread "G1 Service" [stack: 0x000000e86b700000,0x000000e86b800000] [id=4240]

Threads with active compile tasks:

VM state: at safepoint (normal execution)

VM Mutex/Monitor currently owned by a thread:  ([mutex/lock_event])
[0x00000247f2928ed0] Threads_lock - owner thread: 0x00000247ff8f8510
[0x00000247f2929080] Heap_lock - owner thread: 0x0000024791de88a0

Heap address: 0x0000000081800000, size: 2024 MB, Compressed Oops mode: 32-bit

CDS archive(s) mapped at: [0x0000000800000000-0x0000000800bb0000-0x0000000800bb0000), size 12255232, SharedBaseAddress: 0x0000000800000000, ArchiveRelocationMode: 0.
Compressed class space mapped at: 0x0000000800c00000-0x0000000840c00000, reserved size: 1073741824
Narrow klass base: 0x0000000800000000, Narrow klass shift: 3, Narrow klass range: 0x100000000

GC Precious Log:
 CPUs: 8 total, 8 available
 Memory: 8089M
 Large Page Support: Disabled
 NUMA Support: Disabled
 Compressed Oops: Enabled (32-bit)
 Heap Region Size: 1M
 Heap Min Capacity: 8M
 Heap Initial Capacity: 128M
 Heap Max Capacity: 2024M
 Pre-touch: Disabled
 Parallel Workers: 8
 Concurrent Workers: 2
 Concurrent Refinement Workers: 8
 Periodic GC: Disabled

Heap:
 garbage-first heap   total 92160K, used 85528K [0x0000000081800000, 0x0000000100000000)
  region size 1024K, 66 young (67584K), 6 survivors (6144K)
 Metaspace       used 48252K, committed 48640K, reserved 1097728K
  class space    used 6744K, committed 6912K, reserved 1048576K

Heap Regions: E=young(eden), S=young(survivor), O=old, HS=humongous(starts), HC=humongous(continues), CS=collection set, F=free, OA=open archive, CA=closed archive, TAMS=top-at-mark-start (previous, next)
|   0|0x0000000081800000, 0x0000000081900000, 0x0000000081900000|100%|HS|  |TAMS 0x0000000081900000, 0x0000000081800000| Complete 
|   1|0x0000000081900000, 0x0000000081a00000, 0x0000000081a00000|100%| O|  |TAMS 0x0000000081a00000, 0x0000000081900000| Untracked 
|   2|0x0000000081a00000, 0x0000000081b00000, 0x0000000081b00000|100%| O|  |TAMS 0x0000000081b00000, 0x0000000081a00000| Untracked 
|   3|0x0000000081b00000, 0x0000000081c00000, 0x0000000081c00000|100%| O|  |TAMS 0x0000000081c00000, 0x0000000081b00000| Untracked 
|   4|0x0000000081c00000, 0x0000000081d00000, 0x0000000081d00000|100%| O|  |TAMS 0x0000000081d00000, 0x0000000081c00000| Untracked 
|   5|0x0000000081d00000, 0x0000000081e00000, 0x0000000081e00000|100%| O|  |TAMS 0x0000000081e00000, 0x0000000081d00000| Untracked 
|   6|0x0000000081e00000, 0x0000000081f00000, 0x0000000081f00000|100%| O|  |TAMS 0x0000000081f00000, 0x0000000081e00000| Untracked 
|   7|0x0000000081f00000, 0x0000000082000000, 0x0000000082000000|100%| O|  |TAMS 0x0000000082000000, 0x0000000081f00000| Untracked 
|   8|0x0000000082000000, 0x00000000820c6a00, 0x0000000082100000| 77%| O|  |TAMS 0x00000000820c6a00, 0x0000000082000000| Untracked 
|   9|0x0000000082100000, 0x0000000082200000, 0x0000000082200000|100%| O|  |TAMS 0x0000000082200000, 0x0000000082100000| Untracked 
|  10|0x0000000082200000, 0x0000000082300000, 0x0000000082300000|100%| O|  |TAMS 0x0000000082300000, 0x0000000082200000| Untracked 
|  11|0x0000000082300000, 0x0000000082400000, 0x0000000082400000|100%| O|  |TAMS 0x0000000082400000, 0x0000000082300000| Untracked 
|  12|0x0000000082400000, 0x0000000082500000, 0x0000000082500000|100%| O|  |TAMS 0x0000000082500000, 0x0000000082400000| Untracked 
|  13|0x0000000082500000, 0x0000000082600000, 0x0000000082600000|100%| O|  |TAMS 0x00000000825e3400, 0x0000000082500000| Untracked 
|  14|0x0000000082600000, 0x0000000082700000, 0x0000000082700000|100%| O|  |TAMS 0x0000000082600000, 0x0000000082600000| Untracked 
|  15|0x0000000082700000, 0x0000000082800000, 0x0000000082800000|100%| O|  |TAMS 0x0000000082700000, 0x0000000082700000| Untracked 
|  16|0x0000000082800000, 0x00000000828d7600, 0x0000000082900000| 84%| O|  |TAMS 0x0000000082800000, 0x0000000082800000| Untracked 
|  17|0x0000000082900000, 0x0000000082a00000, 0x0000000082a00000|100%| E|CS|TAMS 0x0000000082900000, 0x0000000082900000| Complete 
|  18|0x0000000082a00000, 0x0000000082b00000, 0x0000000082b00000|100%| E|CS|TAMS 0x0000000082a00000, 0x0000000082a00000| Complete 
|  19|0x0000000082b00000, 0x0000000082c00000, 0x0000000082c00000|100%| E|CS|TAMS 0x0000000082b00000, 0x0000000082b00000| Complete 
|  20|0x0000000082c00000, 0x0000000082d00000, 0x0000000082d00000|100%| E|CS|TAMS 0x0000000082c00000, 0x0000000082c00000| Complete 
|  21|0x0000000082d00000, 0x0000000082e00000, 0x0000000082e00000|100%| E|CS|TAMS 0x0000000082d00000, 0x0000000082d00000| Complete 
|  22|0x0000000082e00000, 0x0000000082f00000, 0x0000000082f00000|100%| E|CS|TAMS 0x0000000082e00000, 0x0000000082e00000| Complete 
|  23|0x0000000082f00000, 0x0000000083000000, 0x0000000083000000|100%| E|CS|TAMS 0x0000000082f00000, 0x0000000082f00000| Complete 
|  24|0x0000000083000000, 0x0000000083100000, 0x0000000083100000|100%| E|CS|TAMS 0x0000000083000000, 0x0000000083000000| Complete 
|  25|0x0000000083100000, 0x0000000083200000, 0x0000000083200000|100%| E|CS|TAMS 0x0000000083100000, 0x0000000083100000| Complete 
|  26|0x0000000083200000, 0x0000000083300000, 0x0000000083300000|100%| E|CS|TAMS 0x0000000083200000, 0x0000000083200000| Complete 
|  27|0x0000000083300000, 0x00000000833e8110, 0x0000000083400000| 90%| E|CS|TAMS 0x0000000083300000, 0x0000000083300000| Complete 
|  28|0x0000000083400000, 0x0000000083500000, 0x0000000083500000|100%| E|CS|TAMS 0x0000000083400000, 0x0000000083400000| Complete 
|  29|0x0000000083500000, 0x0000000083600000, 0x0000000083600000|100%| E|CS|TAMS 0x0000000083500000, 0x0000000083500000| Complete 
|  30|0x0000000083600000, 0x0000000083700000, 0x0000000083700000|100%| E|CS|TAMS 0x0000000083600000, 0x0000000083600000| Complete 
|  31|0x0000000083700000, 0x0000000083800000, 0x0000000083800000|100%| E|CS|TAMS 0x0000000083700000, 0x0000000083700000| Complete 
|  32|0x0000000083800000, 0x0000000083900000, 0x0000000083900000|100%| E|CS|TAMS 0x0000000083800000, 0x0000000083800000| Complete 
|  33|0x0000000083900000, 0x0000000083a00000, 0x0000000083a00000|100%| E|CS|TAMS 0x0000000083900000, 0x0000000083900000| Complete 
|  34|0x0000000083a00000, 0x0000000083b00000, 0x0000000083b00000|100%| E|CS|TAMS 0x0000000083a00000, 0x0000000083a00000| Complete 
|  35|0x0000000083b00000, 0x0000000083c00000, 0x0000000083c00000|100%| E|CS|TAMS 0x0000000083b00000, 0x0000000083b00000| Complete 
|  36|0x0000000083c00000, 0x0000000083d00000, 0x0000000083d00000|100%| E|CS|TAMS 0x0000000083c00000, 0x0000000083c00000| Complete 
|  37|0x0000000083d00000, 0x0000000083e00000, 0x0000000083e00000|100%| E|CS|TAMS 0x0000000083d00000, 0x0000000083d00000| Complete 
|  38|0x0000000083e00000, 0x0000000083f00000, 0x0000000083f00000|100%| E|CS|TAMS 0x0000000083e00000, 0x0000000083e00000| Complete 
|  39|0x0000000083f00000, 0x0000000084000000, 0x0000000084000000|100%| E|CS|TAMS 0x0000000083f00000, 0x0000000083f00000| Complete 
|  40|0x0000000084000000, 0x0000000084100000, 0x0000000084100000|100%| E|CS|TAMS 0x0000000084000000, 0x0000000084000000| Complete 
|  41|0x0000000084100000, 0x0000000084200000, 0x0000000084200000|100%| E|CS|TAMS 0x0000000084100000, 0x0000000084100000| Complete 
|  42|0x0000000084200000, 0x0000000084300000, 0x0000000084300000|100%| E|CS|TAMS 0x0000000084200000, 0x0000000084200000| Complete 
|  43|0x0000000084300000, 0x0000000084400000, 0x0000000084400000|100%| E|CS|TAMS 0x0000000084300000, 0x0000000084300000| Complete 
|  44|0x0000000084400000, 0x0000000084500000, 0x0000000084500000|100%| E|CS|TAMS 0x0000000084400000, 0x0000000084400000| Complete 
|  45|0x0000000084500000, 0x0000000084600000, 0x0000000084600000|100%| E|CS|TAMS 0x0000000084500000, 0x0000000084500000| Complete 
|  46|0x0000000084600000, 0x0000000084700000, 0x0000000084700000|100%| E|CS|TAMS 0x0000000084600000, 0x0000000084600000| Complete 
|  47|0x0000000084700000, 0x0000000084800000, 0x0000000084800000|100%| E|CS|TAMS 0x0000000084700000, 0x0000000084700000| Complete 
|  48|0x0000000084800000, 0x0000000084900000, 0x0000000084900000|100%| E|CS|TAMS 0x0000000084800000, 0x0000000084800000| Complete 
|  49|0x0000000084900000, 0x0000000084a00000, 0x0000000084a00000|100%| E|CS|TAMS 0x0000000084900000, 0x0000000084900000| Complete 
|  50|0x0000000084a00000, 0x0000000084b00000, 0x0000000084b00000|100%| E|CS|TAMS 0x0000000084a00000, 0x0000000084a00000| Complete 
|  51|0x0000000084b00000, 0x0000000084c00000, 0x0000000084c00000|100%| E|CS|TAMS 0x0000000084b00000, 0x0000000084b00000| Complete 
|  52|0x0000000084c00000, 0x0000000084d00000, 0x0000000084d00000|100%| E|CS|TAMS 0x0000000084c00000, 0x0000000084c00000| Complete 
|  53|0x0000000084d00000, 0x0000000084e00000, 0x0000000084e00000|100%| E|CS|TAMS 0x0000000084d00000, 0x0000000084d00000| Complete 
|  54|0x0000000084e00000, 0x0000000084f00000, 0x0000000084f00000|100%| E|CS|TAMS 0x0000000084e00000, 0x0000000084e00000| Complete 
|  55|0x0000000084f00000, 0x0000000085000000, 0x0000000085000000|100%| E|CS|TAMS 0x0000000084f00000, 0x0000000084f00000| Complete 
|  56|0x0000000085000000, 0x0000000085100000, 0x0000000085100000|100%| E|CS|TAMS 0x0000000085000000, 0x0000000085000000| Complete 
|  57|0x0000000085100000, 0x0000000085200000, 0x0000000085200000|100%| E|CS|TAMS 0x0000000085100000, 0x0000000085100000| Complete 
|  58|0x0000000085200000, 0x0000000085300000, 0x0000000085300000|100%| E|CS|TAMS 0x0000000085200000, 0x0000000085200000| Complete 
|  59|0x0000000085300000, 0x0000000085400000, 0x0000000085400000|100%| E|CS|TAMS 0x0000000085300000, 0x0000000085300000| Complete 
|  60|0x0000000085400000, 0x0000000085500000, 0x0000000085500000|100%| E|CS|TAMS 0x0000000085400000, 0x0000000085400000| Complete 
|  61|0x0000000085500000, 0x0000000085600000, 0x0000000085600000|100%| E|CS|TAMS 0x0000000085500000, 0x0000000085500000| Complete 
|  62|0x0000000085600000, 0x0000000085700000, 0x0000000085700000|100%| E|CS|TAMS 0x0000000085600000, 0x0000000085600000| Complete 
|  63|0x0000000085700000, 0x0000000085800000, 0x0000000085800000|100%| E|CS|TAMS 0x0000000085700000, 0x0000000085700000| Complete 
|  64|0x0000000085800000, 0x0000000085900000, 0x0000000085900000|100%| E|CS|TAMS 0x0000000085800000, 0x0000000085800000| Complete 
|  65|0x0000000085900000, 0x0000000085a00000, 0x0000000085a00000|100%| E|CS|TAMS 0x0000000085900000, 0x0000000085900000| Complete 
|  66|0x0000000085a00000, 0x0000000085b00000, 0x0000000085b00000|100%| E|CS|TAMS 0x0000000085a00000, 0x0000000085a00000| Complete 
|  67|0x0000000085b00000, 0x0000000085c00000, 0x0000000085c00000|100%| E|CS|TAMS 0x0000000085b00000, 0x0000000085b00000| Complete 
|  68|0x0000000085c00000, 0x0000000085d00000, 0x0000000085d00000|100%| E|CS|TAMS 0x0000000085c00000, 0x0000000085c00000| Complete 
|  69|0x0000000085d00000, 0x0000000085e00000, 0x0000000085e00000|100%| E|CS|TAMS 0x0000000085d00000, 0x0000000085d00000| Complete 
|  70|0x0000000085e00000, 0x0000000085f00000, 0x0000000085f00000|100%| E|CS|TAMS 0x0000000085e00000, 0x0000000085e00000| Complete 
|  71|0x0000000085f00000, 0x0000000086000000, 0x0000000086000000|100%| E|CS|TAMS 0x0000000085f00000, 0x0000000085f00000| Complete 
|  72|0x0000000086000000, 0x0000000086100000, 0x0000000086100000|100%| E|CS|TAMS 0x0000000086000000, 0x0000000086000000| Complete 
|  73|0x0000000086100000, 0x0000000086200000, 0x0000000086200000|100%| E|CS|TAMS 0x0000000086100000, 0x0000000086100000| Complete 
|  74|0x0000000086200000, 0x0000000086300000, 0x0000000086300000|100%| E|CS|TAMS 0x0000000086200000, 0x0000000086200000| Complete 
|  75|0x0000000086300000, 0x0000000086400000, 0x0000000086400000|100%| E|CS|TAMS 0x0000000086300000, 0x0000000086300000| Complete 
|  76|0x0000000086400000, 0x0000000086500000, 0x0000000086500000|100%| E|CS|TAMS 0x0000000086400000, 0x0000000086400000| Complete 
|  77|0x0000000086500000, 0x0000000086600000, 0x0000000086600000|100%| E|CS|TAMS 0x0000000086500000, 0x0000000086500000| Complete 
|  78|0x0000000086600000, 0x0000000086700000, 0x0000000086700000|100%| E|CS|TAMS 0x0000000086600000, 0x0000000086600000| Complete 
|  79|0x0000000086700000, 0x0000000086800000, 0x0000000086800000|100%| S|  |TAMS 0x0000000086700000, 0x0000000086700000| Complete 
|  80|0x0000000086800000, 0x0000000086900000, 0x0000000086900000|100%| S|  |TAMS 0x0000000086800000, 0x0000000086800000| Complete 
|  81|0x0000000086900000, 0x0000000086a00000, 0x0000000086a00000|100%| S|  |TAMS 0x0000000086900000, 0x0000000086900000| Complete 
|  82|0x0000000086a00000, 0x0000000086b00000, 0x0000000086b00000|100%| S|  |TAMS 0x0000000086a00000, 0x0000000086a00000| Complete 
|  83|0x0000000086b00000, 0x0000000086c00000, 0x0000000086c00000|100%| S|  |TAMS 0x0000000086b00000, 0x0000000086b00000| Complete 
|  84|0x0000000086c00000, 0x0000000086ccc518, 0x0000000086d00000| 79%| S|  |TAMS 0x0000000086c00000, 0x0000000086c00000| Complete 
| 127|0x0000000089700000, 0x0000000089800000, 0x0000000089800000|100%| E|CS|TAMS 0x0000000089700000, 0x0000000089700000| Complete 
|2020|0x00000000ffc00000, 0x00000000ffd00000, 0x00000000ffd00000|100%| O|  |TAMS 0x00000000ffd00000, 0x00000000ffc00000| Untracked 
|2021|0x00000000ffd00000, 0x00000000ffe00000, 0x00000000ffe00000|100%| O|  |TAMS 0x00000000ffe00000, 0x00000000ffd00000| Untracked 
|2022|0x00000000ffe00000, 0x00000000fff00000, 0x00000000fff00000|100%| O|  |TAMS 0x00000000fff00000, 0x00000000ffe00000| Untracked 
|2023|0x00000000fff00000, 0x0000000100000000, 0x0000000100000000|100%| O|  |TAMS 0x0000000100000000, 0x00000000fff00000| Untracked 

Card table byte_map: [0x00000247fa7d0000,0x00000247fabd0000] _byte_map_base: 0x00000247fa3c4000

Marking Bits (Prev, Next): (CMBitMap*) 0x00000247f296c1d0, (CMBitMap*) 0x00000247f296c190
 Prev Bits: [0x00000247fcf70000, 0x00000247fef10000)
 Next Bits: [0x00000247fafd0000, 0x00000247fcf70000)

Polling page: 0x00000247f2100000

Metaspace:

Usage:
  Non-class:     40.54 MB used.
      Class:      6.59 MB used.
       Both:     47.12 MB used.

Virtual space:
  Non-class space:       48.00 MB reserved,      40.75 MB ( 85%) committed,  6 nodes.
      Class space:        1.00 GB reserved,       6.75 MB ( <1%) committed,  1 nodes.
              Both:        1.05 GB reserved,      47.50 MB (  4%) committed. 

Chunk freelists:
   Non-Class:  2.51 MB
       Class:  1.25 MB
        Both:  3.77 MB

MaxMetaspaceSize: 17179869184.00 GB
CompressedClassSpaceSize: 1.00 GB
 - commit_granule_bytes: 65536.
 - commit_granule_words: 8192.
 - virtual_space_node_default_size: 1048576.
 - enlarge_chunks_in_place: 1.
 - new_chunks_are_fully_committed: 0.
 - uncommit_free_chunks: 1.
 - use_allocation_guard: 0.
 - handle_deallocations: 1.


Internal statistics:

num_allocs_failed_limit: 9.
num_arena_births: 542.
num_arena_deaths: 0.
num_vsnodes_births: 7.
num_vsnodes_deaths: 0.
num_space_committed: 760.
num_space_uncommitted: 0.
num_chunks_returned_to_freelist: 9.
num_chunks_taken_from_freelist: 2327.
num_chunk_merges: 9.
num_chunk_splits: 1637.
num_chunks_enlarged: 1242.
num_purges: 0.

CodeHeap 'non-profiled nmethods': size=238336Kb used=8600Kb max_used=8600Kb free=229735Kb
 bounds [0x0000024780740000, 0x0000024780fb0000, 0x000002478f000000]
CodeHeap 'non-nmethods': size=7424Kb used=1298Kb max_used=1298Kb free=6125Kb
 bounds [0x0000024780000000, 0x0000024780270000, 0x0000024780740000]
 total_blobs=6132 nmethods=5508 adapters=551
 compilation: enabled
              stopped_count=0, restarted_count=0
 full_count=0

Compilation events (20 events):
Event: 5.007 Thread 0x00000247ff91a540 5499       1       org.springframework.core.convert.support.GenericConversionService::handleResult (12 bytes)
Event: 5.007 Thread 0x00000247ff91a540 nmethod 5499 0x0000024780fa2290 code [0x0000024780fa2460, 0x0000024780fa26d8]
Event: 5.007 Thread 0x00000247ff91a540 5500  s    1       org.springframework.beans.PropertyValue::isConverted (5 bytes)
Event: 5.007 Thread 0x00000247ff91a540 nmethod 5500 0x0000024780fa2890 code [0x0000024780fa2a20, 0x0000024780fa2b98]
Event: 5.007 Thread 0x00000247ff91a540 5501       1       org.springframework.beans.AbstractNestablePropertyAccessor$PropertyHandler::isWritable (5 bytes)
Event: 5.007 Thread 0x00000247ff91a540 nmethod 5501 0x0000024780fa2c10 code [0x0000024780fa2da0, 0x0000024780fa2e78]
Event: 5.007 Thread 0x00000247ff91a540 5502   !   1       org.springframework.beans.CachedIntrospectionResults::isPlainAccessor (55 bytes)
Event: 5.007 Thread 0x00000247ff91a540 nmethod 5502 0x0000024780fa2f10 code [0x0000024780fa30c0, 0x0000024780fa3288]
Event: 5.009 Thread 0x00000247ff91a540 5503       1       org.springframework.util.ConcurrentReferenceHashMap::<init> (176 bytes)
Event: 5.009 Thread 0x00000247ff91a540 nmethod 5503 0x0000024780fa3390 code [0x0000024780fa35c0, 0x0000024780fa3e38]
Event: 5.010 Thread 0x00000247ff91a540 5504       1       org.springframework.data.jpa.repository.support.CrudMethodMetadataPostProcessor$CrudMethodMetadataPopulatingMethodInterceptor$$Lambda$967/0x0000000801253b60::matches (9 bytes)
Event: 5.010 Thread 0x00000247ff91a540 nmethod 5504 0x0000024780fa4290 code [0x0000024780fa4480, 0x0000024780fa4788]
Event: 5.010 Thread 0x00000247ff91a540 5505       1       org.springframework.data.jpa.repository.support.CrudMethodMetadataPostProcessor$CrudMethodMetadataPopulatingMethodInterceptor::lambda$new$0 (16 bytes)
Event: 5.010 Thread 0x00000247ff91a540 nmethod 5505 0x0000024780fa4a10 code [0x0000024780fa4c00, 0x0000024780fa4ee8]
Event: 5.010 Thread 0x00000247ff91a540 5506       1       org.springframework.data.repository.core.support.DefaultRepositoryInformation::isQueryMethod (21 bytes)
Event: 5.011 Thread 0x00000247ff91a540 nmethod 5506 0x0000024780fa5110 code [0x0000024780fa5340, 0x0000024780fa5958]
Event: 5.011 Thread 0x00000247ff91a540 5507       1       org.springframework.data.repository.core.support.DefaultRepositoryInformation$$Lambda$972/0x00000008012568e8::<init> (10 bytes)
Event: 5.011 Thread 0x00000247ff91a540 nmethod 5507 0x0000024780fa5c90 code [0x0000024780fa5e20, 0x0000024780fa5f38]
Event: 5.012 Thread 0x00000247ff91a540 5508       1       org.springframework.data.jpa.repository.support.CrudMethodMetadataPostProcessor$CrudMethodMetadataPopulatingMethodInterceptor$$Lambda$966/0x0000000801253940::doWith (11 bytes)
Event: 5.012 Thread 0x00000247ff91a540 nmethod 5508 0x0000024780fa5f90 code [0x0000024780fa6140, 0x0000024780fa6228]

GC Heap History (20 events):
Event: 1.599 GC heap after
{Heap after GC invocations=2 (full 0):
 garbage-first heap   total 131072K, used 9431K [0x0000000081800000, 0x0000000100000000)
  region size 1024K, 1 young (1024K), 1 survivors (1024K)
 Metaspace       used 7340K, committed 7552K, reserved 1056768K
  class space    used 884K, committed 960K, reserved 1048576K
}
Event: 2.413 GC heap before
{Heap before GC invocations=2 (full 0):
 garbage-first heap   total 131072K, used 75991K [0x0000000081800000, 0x0000000100000000)
  region size 1024K, 67 young (68608K), 1 survivors (1024K)
 Metaspace       used 16573K, committed 16832K, reserved 1064960K
  class space    used 2248K, committed 2368K, reserved 1048576K
}
Event: 2.416 GC heap after
{Heap after GC invocations=3 (full 0):
 garbage-first heap   total 131072K, used 12358K [0x0000000081800000, 0x0000000100000000)
  region size 1024K, 4 young (4096K), 4 survivors (4096K)
 Metaspace       used 16573K, committed 16832K, reserved 1064960K
  class space    used 2248K, committed 2368K, reserved 1048576K
}
Event: 2.796 GC heap before
{Heap before GC invocations=3 (full 0):
 garbage-first heap   total 131072K, used 85062K [0x0000000081800000, 0x0000000100000000)
  region size 1024K, 76 young (77824K), 4 survivors (4096K)
 Metaspace       used 20130K, committed 20416K, reserved 1073152K
  class space    used 2731K, committed 2880K, reserved 1048576K
}
Event: 2.800 GC heap after
{Heap after GC invocations=4 (full 0):
 garbage-first heap   total 131072K, used 14318K [0x0000000081800000, 0x0000000100000000)
  region size 1024K, 6 young (6144K), 6 survivors (6144K)
 Metaspace       used 20130K, committed 20416K, reserved 1073152K
  class space    used 2731K, committed 2880K, reserved 1048576K
}
Event: 2.884 GC heap before
{Heap before GC invocations=4 (full 0):
 garbage-first heap   total 131072K, used 19438K [0x0000000081800000, 0x0000000100000000)
  region size 1024K, 12 young (12288K), 6 survivors (6144K)
 Metaspace       used 20966K, committed 21248K, reserved 1073152K
  class space    used 2847K, committed 3008K, reserved 1048576K
}
Event: 2.889 GC heap after
{Heap after GC invocations=5 (full 0):
 garbage-first heap   total 131072K, used 14683K [0x0000000081800000, 0x0000000100000000)
  region size 1024K, 6 young (6144K), 6 survivors (6144K)
 Metaspace       used 20966K, committed 21248K, reserved 1073152K
  class space    used 2847K, committed 3008K, reserved 1048576K
}
Event: 3.394 GC heap before
{Heap before GC invocations=6 (full 0):
 garbage-first heap   total 55296K, used 54619K [0x0000000081800000, 0x0000000100000000)
  region size 1024K, 45 young (46080K), 6 survivors (6144K)
 Metaspace       used 26300K, committed 26688K, reserved 1073152K
  class space    used 3652K, committed 3840K, reserved 1048576K
}
Event: 3.401 GC heap after
{Heap after GC invocations=7 (full 0):
 garbage-first heap   total 78848K, used 18093K [0x0000000081800000, 0x0000000100000000)
  region size 1024K, 6 young (6144K), 6 survivors (6144K)
 Metaspace       used 26300K, committed 26688K, reserved 1073152K
  class space    used 3652K, committed 3840K, reserved 1048576K
}
Event: 3.432 GC heap before
{Heap before GC invocations=7 (full 0):
 garbage-first heap   total 78848K, used 57005K [0x0000000081800000, 0x0000000100000000)
  region size 1024K, 45 young (46080K), 6 survivors (6144K)
 Metaspace       used 26496K, committed 26816K, reserved 1073152K
  class space    used 3672K, committed 3840K, reserved 1048576K
}
Event: 3.436 GC heap after
{Heap after GC invocations=8 (full 0):
 garbage-first heap   total 78848K, used 18805K [0x0000000081800000, 0x0000000100000000)
  region size 1024K, 1 young (1024K), 1 survivors (1024K)
 Metaspace       used 26496K, committed 26816K, reserved 1073152K
  class space    used 3672K, committed 3840K, reserved 1048576K
}
Event: 3.475 GC heap before
{Heap before GC invocations=8 (full 0):
 garbage-first heap   total 78848K, used 59765K [0x0000000081800000, 0x0000000100000000)
  region size 1024K, 42 young (43008K), 1 survivors (1024K)
 Metaspace       used 26915K, committed 27264K, reserved 1073152K
  class space    used 3708K, committed 3840K, reserved 1048576K
}
Event: 3.476 GC heap after
{Heap after GC invocations=9 (full 0):
 garbage-first heap   total 78848K, used 18428K [0x0000000081800000, 0x0000000100000000)
  region size 1024K, 1 young (1024K), 1 survivors (1024K)
 Metaspace       used 26915K, committed 27264K, reserved 1073152K
  class space    used 3708K, committed 3840K, reserved 1048576K
}
Event: 3.894 GC heap before
{Heap before GC invocations=9 (full 0):
 garbage-first heap   total 78848K, used 61436K [0x0000000081800000, 0x0000000100000000)
  region size 1024K, 43 young (44032K), 1 survivors (1024K)
 Metaspace       used 33778K, committed 34176K, reserved 1081344K
  class space    used 4706K, committed 4928K, reserved 1048576K
}
Event: 3.897 GC heap after
{Heap after GC invocations=10 (full 0):
 garbage-first heap   total 78848K, used 21182K [0x0000000081800000, 0x0000000100000000)
  region size 1024K, 4 young (4096K), 4 survivors (4096K)
 Metaspace       used 33778K, committed 34176K, reserved 1081344K
  class space    used 4706K, committed 4928K, reserved 1048576K
}
Event: 3.971 GC heap before
{Heap before GC invocations=10 (full 0):
 garbage-first heap   total 78848K, used 26302K [0x0000000081800000, 0x0000000100000000)
  region size 1024K, 10 young (10240K), 4 survivors (4096K)
 Metaspace       used 35335K, committed 35648K, reserved 1081344K
  class space    used 4877K, committed 5056K, reserved 1048576K
}
Event: 3.974 GC heap after
{Heap after GC invocations=11 (full 0):
 garbage-first heap   total 78848K, used 21671K [0x0000000081800000, 0x0000000100000000)
  region size 1024K, 4 young (4096K), 4 survivors (4096K)
 Metaspace       used 35335K, committed 35648K, reserved 1081344K
  class space    used 4877K, committed 5056K, reserved 1048576K
}
Event: 4.442 GC heap before
{Heap before GC invocations=12 (full 0):
 garbage-first heap   total 78848K, used 61607K [0x0000000081800000, 0x0000000100000000)
  region size 1024K, 43 young (44032K), 4 survivors (4096K)
 Metaspace       used 42804K, committed 43200K, reserved 1089536K
  class space    used 6005K, committed 6208K, reserved 1048576K
}
Event: 4.446 GC heap after
{Heap after GC invocations=13 (full 0):
 garbage-first heap   total 115712K, used 24088K [0x0000000081800000, 0x0000000100000000)
  region size 1024K, 3 young (3072K), 3 survivors (3072K)
 Metaspace       used 42804K, committed 43200K, reserved 1089536K
  class space    used 6005K, committed 6208K, reserved 1048576K
}
Event: 5.015 GC heap before
{Heap before GC invocations=14 (full 0):
 garbage-first heap   total 86016K, used 85528K [0x0000000081800000, 0x0000000100000000)
  region size 1024K, 63 young (64512K), 3 survivors (3072K)
 Metaspace       used 48252K, committed 48640K, reserved 1097728K
  class space    used 6744K, committed 6912K, reserved 1048576K
}

Deoptimization events (4 events):
Event: 2.924 Thread 0x0000024791de88a0 DEOPT PACKING pc=0x0000024780a43ad4 sp=0x000000e86d1fc8c0
Event: 2.924 Thread 0x0000024791de88a0 DEOPT UNPACKING pc=0x000002478004dece sp=0x000000e86d1fbe18 mode 0
Event: 4.285 Thread 0x0000024791de88a0 DEOPT PACKING pc=0x0000024780e27af4 sp=0x000000e86d1facb0
Event: 4.285 Thread 0x0000024791de88a0 DEOPT UNPACKING pc=0x000002478004dece sp=0x000000e86d1fa138 mode 0

Classes unloaded (0 events):
No events

Classes redefined (0 events):
No events

Internal exceptions (20 events):
Event: 4.842 Thread 0x0000024791de88a0 Exception <a 'java/lang/ClassNotFoundException'{0x0000000084ae7bf0}: org/springframework/beans/factory/AwareCustomizer> (0x0000000084ae7bf0) 
thrown [t:\workspace\open\src\hotspot\share\classfile\systemDictionary.cpp, line 256]
Event: 4.842 Thread 0x0000024791de88a0 Exception <a 'java/lang/ClassNotFoundException'{0x0000000084aece30}: org/springframework/context/ApplicationContextAwareCustomizer> (0x0000000084aece30) 
thrown [t:\workspace\open\src\hotspot\share\classfile\systemDictionary.cpp, line 256]
Event: 4.842 Thread 0x0000024791de88a0 Exception <a 'java/lang/ClassNotFoundException'{0x0000000084af37f8}: org/springframework/beans/factory/AwareCustomizer> (0x0000000084af37f8) 
thrown [t:\workspace\open\src\hotspot\share\classfile\systemDictionary.cpp, line 256]
Event: 4.842 Thread 0x0000024791de88a0 Exception <a 'java/lang/ClassNotFoundException'{0x0000000084af8a10}: org/springframework/web/context/ServletContextAwareCustomizer> (0x0000000084af8a10) 
thrown [t:\workspace\open\src\hotspot\share\classfile\systemDictionary.cpp, line 256]
Event: 4.842 Thread 0x0000024791de88a0 Exception <a 'java/lang/ClassNotFoundException'{0x0000000084afec60}: org/springframework/beans/factory/AwareCustomizer> (0x0000000084afec60) 
thrown [t:\workspace\open\src\hotspot\share\classfile\systemDictionary.cpp, line 256]
Event: 4.865 Thread 0x0000024791de88a0 Exception <a 'java/lang/reflect/InvocationTargetException'{0x00000000845e8040}> (0x00000000845e8040) 
thrown [t:\workspace\open\src\hotspot\share\runtime\reflection.cpp, line 1157]
Event: 4.881 Thread 0x0000024791de88a0 Exception <a 'java/lang/reflect/InvocationTargetException'{0x0000000084085100}> (0x0000000084085100) 
thrown [t:\workspace\open\src\hotspot\share\runtime\reflection.cpp, line 1157]
Event: 4.893 Thread 0x0000024791de88a0 Exception <a 'java/lang/NoSuchMethodError'{0x0000000083f822d0}: 'java.lang.Object java.lang.invoke.Invokers$Holder.invoker(java.lang.Object, java.lang.Object, java.lang.Object, java.lang.Object)'> (0x0000000083f822d0) 
thrown [t:\workspace\open\src\hotspot\share\interpreter\linkResolver.cpp, line 790]
Event: 4.894 Thread 0x0000024791de88a0 Exception <a 'java/lang/NoSuchMethodError'{0x0000000083f8cce0}: 'int java.lang.invoke.DirectMethodHandle$Holder.invokeSpecial(java.lang.Object, java.lang.Object, java.lang.Object, int)'> (0x0000000083f8cce0) 
thrown [t:\workspace\open\src\hotspot\share\interpreter\linkResolver.cpp, line 790]
Event: 4.895 Thread 0x0000024791de88a0 Exception <a 'java/lang/NoSuchMethodError'{0x0000000083fa3970}: 'void java.lang.invoke.DelegatingMethodHandle$Holder.reinvoke_L(java.lang.Object, java.lang.Object, int)'> (0x0000000083fa3970) 
thrown [t:\workspace\open\src\hotspot\share\interpreter\linkResolver.cpp, line 790]
Event: 4.896 Thread 0x0000024791de88a0 Exception <a 'java/lang/NoSuchMethodError'{0x0000000083fb20b0}: 'java.lang.Object java.lang.invoke.Invokers$Holder.invokeExact_MT(java.lang.Object, java.lang.Object, java.lang.Object, java.lang.Object)'> (0x0000000083fb20b0) 
thrown [t:\workspace\open\src\hotspot\share\interpreter\linkResolver.cpp, line 790]
Event: 4.914 Thread 0x0000024791de88a0 Exception <a 'java/lang/reflect/InvocationTargetException'{0x0000000083a5c9c0}> (0x0000000083a5c9c0) 
thrown [t:\workspace\open\src\hotspot\share\runtime\reflection.cpp, line 1157]
Event: 4.940 Thread 0x0000024791de88a0 Exception <a 'java/lang/reflect/InvocationTargetException'{0x00000000831c6030}> (0x00000000831c6030) 
thrown [t:\workspace\open\src\hotspot\share\runtime\reflection.cpp, line 1157]
Event: 4.992 Thread 0x0000024791de88a0 Exception <a 'java/lang/reflect/InvocationTargetException'{0x0000000082ddb330}> (0x0000000082ddb330) 
thrown [t:\workspace\open\src\hotspot\share\runtime\reflection.cpp, line 1157]
Event: 4.995 Thread 0x0000024791de88a0 Exception <a 'java/lang/reflect/InvocationTargetException'{0x0000000082df32f0}> (0x0000000082df32f0) 
thrown [t:\workspace\open\src\hotspot\share\runtime\reflection.cpp, line 1157]
Event: 4.996 Thread 0x0000024791de88a0 Exception <a 'java/lang/reflect/InvocationTargetException'{0x0000000082c025d0}> (0x0000000082c025d0) 
thrown [t:\workspace\open\src\hotspot\share\runtime\reflection.cpp, line 1157]
Event: 5.001 Thread 0x0000024791de88a0 Exception <a 'java/lang/reflect/InvocationTargetException'{0x0000000082c2d408}> (0x0000000082c2d408) 
thrown [t:\workspace\open\src\hotspot\share\runtime\reflection.cpp, line 1157]
Event: 5.006 Thread 0x0000024791de88a0 Exception <a 'java/lang/ClassNotFoundException'{0x0000000082cc28c8}: java/lang/ObjectCustomizer> (0x0000000082cc28c8) 
thrown [t:\workspace\open\src\hotspot\share\classfile\systemDictionary.cpp, line 256]
Event: 5.007 Thread 0x0000024791de88a0 Exception <a 'java/lang/ClassNotFoundException'{0x0000000082ccc178}: com/example/booksforgram/model/entity/BaseEntityCustomizer> (0x0000000082ccc178) 
thrown [t:\workspace\open\src\hotspot\share\classfile\systemDictionary.cpp, line 256]
Event: 5.007 Thread 0x0000024791de88a0 Exception <a 'java/lang/ClassNotFoundException'{0x0000000082cd4088}: com/example/booksforgram/model/entity/AuthorCustomizer> (0x0000000082cd4088) 
thrown [t:\workspace\open\src\hotspot\share\classfile\systemDictionary.cpp, line 256]

Events (20 events):
Event: 4.896 loading class sun/nio/ch/Interruptible done
Event: 4.896 loading class java/nio/charset/CharacterCodingException
Event: 4.896 loading class java/nio/charset/CharacterCodingException done
Event: 4.896 loading class jdk/internal/reflect/ConstantPool$Tag
Event: 4.896 loading class jdk/internal/reflect/ConstantPool$Tag done
Event: 4.901 loading class java/util/concurrent/ConcurrentHashMap$TreeNode
Event: 4.901 loading class java/util/concurrent/ConcurrentHashMap$TreeNode done
Event: 4.901 loading class java/util/concurrent/ConcurrentHashMap$TreeBin
Event: 4.901 loading class java/util/concurrent/ConcurrentHashMap$TreeBin done
Event: 4.941 loading class java/util/regex/Pattern$SliceU
Event: 4.941 loading class java/util/regex/Pattern$SliceU done
Event: 4.955 loading class java/io/StringReader
Event: 4.955 loading class java/io/StringReader done
Event: 4.995 Executing  VM operation: ICBufferFull
Event: 4.995 Executing  VM operation: ICBufferFull done
Event: 5.006 loading class java/lang/ObjectCustomizer
Event: 5.006 loading class java/lang/ObjectCustomizer done
Event: 5.006 loading class java/lang/ObjectCustomizer
Event: 5.006 loading class java/lang/ObjectCustomizer done
Event: 5.015 Executing  VM operation: G1CollectForAllocation


Dynamic libraries:
0x00007ff7268c0000 - 0x00007ff7268d0000 	C:\Program Files\Java\jdk-16.0.1\bin\java.exe
0x00007fffea870000 - 0x00007fffeaa65000 	C:\WINDOWS\SYSTEM32\ntdll.dll
0x00007fffe88e0000 - 0x00007fffe899d000 	C:\WINDOWS\System32\KERNEL32.DLL
0x00007fffe84d0000 - 0x00007fffe8799000 	C:\WINDOWS\System32\KERNELBASE.dll
0x00007fffe80b0000 - 0x00007fffe81b0000 	C:\WINDOWS\System32\ucrtbase.dll
0x00007fffdd4b0000 - 0x00007fffdd4c9000 	C:\Program Files\Java\jdk-16.0.1\bin\VCRUNTIME140.dll
0x00007fffddf20000 - 0x00007fffddf38000 	C:\Program Files\Java\jdk-16.0.1\bin\jli.dll
0x00007fffe9680000 - 0x00007fffe972c000 	C:\WINDOWS\System32\ADVAPI32.dll
0x00007fffea250000 - 0x00007fffea2ee000 	C:\WINDOWS\System32\msvcrt.dll
0x00007fffea1b0000 - 0x00007fffea24b000 	C:\WINDOWS\System32\sechost.dll
0x00007fffea650000 - 0x00007fffea77a000 	C:\WINDOWS\System32\RPCRT4.dll
0x00007fffe89b0000 - 0x00007fffe8b50000 	C:\WINDOWS\System32\USER32.dll
0x00007fffe7380000 - 0x00007fffe761a000 	C:\WINDOWS\WinSxS\amd64_microsoft.windows.common-controls_6595b64144ccf1df_6.0.19041.1110_none_60b5254171f9507e\COMCTL32.dll
0x00007fffe8210000 - 0x00007fffe8232000 	C:\WINDOWS\System32\win32u.dll
0x00007fffea180000 - 0x00007fffea1aa000 	C:\WINDOWS\System32\GDI32.dll
0x00007fffe7fa0000 - 0x00007fffe80ab000 	C:\WINDOWS\System32\gdi32full.dll
0x00007fffe83a0000 - 0x00007fffe843d000 	C:\WINDOWS\System32\msvcp_win.dll
0x00007fffe1c40000 - 0x00007fffe1c4a000 	C:\WINDOWS\SYSTEM32\VERSION.dll
0x00007fffe9aa0000 - 0x00007fffe9ad0000 	C:\WINDOWS\System32\IMM32.DLL
0x00007fffddf10000 - 0x00007fffddf1c000 	C:\Program Files\Java\jdk-16.0.1\bin\vcruntime140_1.dll
0x00007fffb4060000 - 0x00007fffb40f1000 	C:\Program Files\Java\jdk-16.0.1\bin\msvcp140.dll
0x00007fff9bfd0000 - 0x00007fff9cb7b000 	C:\Program Files\Java\jdk-16.0.1\bin\server\jvm.dll
0x00007fffe88d0000 - 0x00007fffe88d8000 	C:\WINDOWS\System32\PSAPI.DLL
0x00007fffd4a50000 - 0x00007fffd4a59000 	C:\WINDOWS\SYSTEM32\WSOCK32.dll
0x00007fffdcf30000 - 0x00007fffdcf57000 	C:\WINDOWS\SYSTEM32\WINMM.dll
0x00007fffe9970000 - 0x00007fffe99db000 	C:\WINDOWS\System32\WS2_32.dll
0x00007fffe61e0000 - 0x00007fffe61f2000 	C:\WINDOWS\SYSTEM32\kernel.appcore.dll
0x00007fffdd4a0000 - 0x00007fffdd4aa000 	C:\Program Files\Java\jdk-16.0.1\bin\jimage.dll
0x00007fffe7820000 - 0x00007fffe7a04000 	C:\WINDOWS\SYSTEM32\DBGHELP.DLL
0x00007fffe7770000 - 0x00007fffe779c000 	C:\WINDOWS\SYSTEM32\dbgcore.DLL
0x00007fffe8440000 - 0x00007fffe84c3000 	C:\WINDOWS\System32\bcryptPrimitives.dll
0x00007fffd0c20000 - 0x00007fffd0c2e000 	C:\Program Files\Java\jdk-16.0.1\bin\instrument.dll
0x00007fffce220000 - 0x00007fffce245000 	C:\Program Files\Java\jdk-16.0.1\bin\java.dll
0x00007fffe8ee0000 - 0x00007fffe961f000 	C:\WINDOWS\System32\SHELL32.dll
0x00007fffe5a40000 - 0x00007fffe61d0000 	C:\WINDOWS\SYSTEM32\windows.storage.dll
0x00007fffea2f0000 - 0x00007fffea645000 	C:\WINDOWS\System32\combase.dll
0x00007fffe7310000 - 0x00007fffe733c000 	C:\WINDOWS\SYSTEM32\Wldp.dll
0x00007fffe99f0000 - 0x00007fffe9a9e000 	C:\WINDOWS\System32\SHCORE.dll
0x00007fffe9620000 - 0x00007fffe9675000 	C:\WINDOWS\System32\shlwapi.dll
0x00007fffe7ee0000 - 0x00007fffe7eff000 	C:\WINDOWS\SYSTEM32\profapi.dll
0x00007fffcb0f0000 - 0x00007fffcb108000 	C:\Program Files\Java\jdk-16.0.1\bin\zip.dll
0x00007fffdd480000 - 0x00007fffdd499000 	C:\Program Files\Java\jdk-16.0.1\bin\net.dll
0x00007fffdb910000 - 0x00007fffdba18000 	C:\WINDOWS\SYSTEM32\WINHTTP.dll
0x00007fffe7070000 - 0x00007fffe70da000 	C:\WINDOWS\system32\mswsock.dll
0x00007fffcb2b0000 - 0x00007fffcb2c3000 	C:\Program Files\Java\jdk-16.0.1\bin\nio.dll
0x00007fffcb0d0000 - 0x00007fffcb0ea000 	C:\Program Files\JetBrains\IntelliJ IDEA 2021.1.2\bin\breakgen64.dll
0x00007fffe6da0000 - 0x00007fffe6e6c000 	C:\WINDOWS\SYSTEM32\DNSAPI.dll
0x00007fffe6d60000 - 0x00007fffe6d9b000 	C:\WINDOWS\SYSTEM32\IPHLPAPI.DLL
0x00007fffe99e0000 - 0x00007fffe99e8000 	C:\WINDOWS\System32\NSI.dll
0x00007fffdb610000 - 0x00007fffdb61a000 	C:\Windows\System32\rasadhlp.dll
0x00007fffdb630000 - 0x00007fffdb6af000 	C:\WINDOWS\System32\fwpuclnt.dll
0x00007fffe87f0000 - 0x00007fffe8817000 	C:\WINDOWS\System32\bcrypt.dll
0x00007fffcb0c0000 - 0x00007fffcb0c9000 	C:\Program Files\Java\jdk-16.0.1\bin\management.dll
0x00007fffcb0b0000 - 0x00007fffcb0bb000 	C:\Program Files\Java\jdk-16.0.1\bin\management_ext.dll
0x00007fffe7d20000 - 0x00007fffe7d38000 	C:\WINDOWS\SYSTEM32\CRYPTSP.dll
0x00007fffe6a10000 - 0x00007fffe6a44000 	C:\WINDOWS\system32\rsaenh.dll
0x00007fffe7ea0000 - 0x00007fffe7ece000 	C:\WINDOWS\SYSTEM32\USERENV.dll
0x00007fffe7300000 - 0x00007fffe730c000 	C:\WINDOWS\SYSTEM32\CRYPTBASE.dll
0x00007fffe03c0000 - 0x00007fffe03d7000 	C:\WINDOWS\SYSTEM32\dhcpcsvc6.DLL
0x00007fffe0a80000 - 0x00007fffe0a9d000 	C:\WINDOWS\SYSTEM32\dhcpcsvc.DLL
0x00007fffce2d0000 - 0x00007fffce2e7000 	C:\WINDOWS\system32\napinsp.dll
0x00007fffce2b0000 - 0x00007fffce2cb000 	C:\WINDOWS\system32\pnrpnsp.dll
0x00007fffce290000 - 0x00007fffce2a5000 	C:\WINDOWS\system32\wshbth.dll
0x00007fffe2ff0000 - 0x00007fffe300d000 	C:\WINDOWS\system32\NLAapi.dll
0x00007fffce270000 - 0x00007fffce282000 	C:\WINDOWS\System32\winrnr.dll

dbghelp: loaded successfully - version: 4.0.5 - missing functions: none
symbol engine: initialized successfully - sym options: 0x614 - pdb path: .;C:\Program Files\Java\jdk-16.0.1\bin;C:\WINDOWS\SYSTEM32;C:\WINDOWS\WinSxS\amd64_microsoft.windows.common-controls_6595b64144ccf1df_6.0.19041.1110_none_60b5254171f9507e;C:\Program Files\Java\jdk-16.0.1\bin\server;C:\Program Files\JetBrains\IntelliJ IDEA 2021.1.2\bin

VM Arguments:
jvm_args: -XX:TieredStopAtLevel=1 -Xverify:none -Dspring.output.ansi.enabled=always -javaagent:C:\Program Files\JetBrains\IntelliJ IDEA 2021.1.2\lib\idea_rt.jar=50382:C:\Program Files\JetBrains\IntelliJ IDEA 2021.1.2\bin -Dcom.sun.management.jmxremote -Dspring.jmx.enabled=true -Dspring.liveBeansView.mbeanDomain -Dspring.application.admin.enabled=true -Dfile.encoding=UTF-8 
java_command: com.example.booksforgram.BooksforgramApplication
java_class_path (initial): F:\Java-Web\myproject\booksforgram\target\classes;C:\Users\User\.m2\repository\org\springframework\boot\spring-boot-starter-data-jpa\2.5.6\spring-boot-starter-data-jpa-2.5.6.jar;C:\Users\User\.m2\repository\org\springframework\boot\spring-boot-starter-aop\2.5.6\spring-boot-starter-aop-2.5.6.jar;C:\Users\User\.m2\repository\org\aspectj\aspectjweaver\1.9.7\aspectjweaver-1.9.7.jar;C:\Users\User\.m2\repository\org\springframework\boot\spring-boot-starter-jdbc\2.5.6\spring-boot-starter-jdbc-2.5.6.jar;C:\Users\User\.m2\repository\com\zaxxer\HikariCP\4.0.3\HikariCP-4.0.3.jar;C:\Users\User\.m2\repository\org\springframework\spring-jdbc\5.3.12\spring-jdbc-5.3.12.jar;C:\Users\User\.m2\repository\jakarta\transaction\jakarta.transaction-api\1.3.3\jakarta.transaction-api-1.3.3.jar;C:\Users\User\.m2\repository\jakarta\persistence\jakarta.persistence-api\2.2.3\jakarta.persistence-api-2.2.3.jar;C:\Users\User\.m2\repository\org\hibernate\hibernate-core\5.4.32.Final\hibernate-core-5.4.32.Final.jar;C:\Users\User\.m2\repository\org\jboss\logging\jboss-logging\3.4.2.Final\jboss-logging-3.4.2.Final.jar;C:\Users\User\.m2\repository\org\javassist\javassist\3.27.0-GA\javassist-3.27.0-GA.jar;C:\Users\User\.m2\repository\net\bytebuddy\byte-buddy\1.10.22\byte-buddy-1.10.22.jar;C:\Users\User\.m2\repository\antlr\antlr\2.7.7\antlr-2.7.7.jar;C:\Users\User\.m2\repository\org\jboss\jandex\2.2.3.Final\jandex-2.2.3.Final.jar;C:\Users\User\.m2\repository\com\fasterxml\classmate\1.5.1\classmate-1.5.1.jar;C:\Users\User\.m2\repository\org\dom4j\dom4j\2.1.3\dom4j-2.1.3.jar;C:\Users\User\.m2\repository\org\hibernate\common\hibernate-commons-annotations\5.1.2.Final\hibernate-commons-annotations-5.1.2.Final.jar;C:\Users\User\.m2\repository\org\glassfish\jaxb\jaxb-runtime\2.3.5\jaxb-runtime-2.3.5.jar;C:\Users\User\.m2\repository\org\glassfish\jaxb\txw2\2.3.5\txw2-2.3.5.jar;C:\Users\User\.m2\repository\com\sun\istack\istack-commons-runtime\3.0.12\istack-commons-runtime-3.0.12.jar;C
Launcher Type: SUN_STANDARD

[Global flags]
     intx CICompilerCount                          = 4                                         {product} {ergonomic}
     uint ConcGCThreads                            = 2                                         {product} {ergonomic}
     uint G1ConcRefinementThreads                  = 8                                         {product} {ergonomic}
   size_t G1HeapRegionSize                         = 1048576                                   {product} {ergonomic}
    uintx GCDrainStackTargetSize                   = 64                                        {product} {ergonomic}
   size_t InitialHeapSize                          = 134217728                                 {product} {ergonomic}
     bool ManagementServer                         = true                                      {product} {command line}
   size_t MarkStackSize                            = 4194304                                   {product} {ergonomic}
   size_t MaxHeapSize                              = 2122317824                                {product} {ergonomic}
   size_t MaxNewSize                               = 1272971264                                {product} {ergonomic}
   size_t MinHeapDeltaBytes                        = 1048576                                   {product} {ergonomic}
   size_t MinHeapSize                              = 8388608                                   {product} {ergonomic}
    uintx NonNMethodCodeHeapSize                   = 7549744                                {pd product} {ergonomic}
    uintx NonProfiledCodeHeapSize                  = 244108496                              {pd product} {ergonomic}
    uintx ProfiledCodeHeapSize                     = 0                                      {pd product} {ergonomic}
    uintx ReservedCodeCacheSize                    = 251658240                              {pd product} {ergonomic}
     bool SegmentedCodeCache                       = true                                      {product} {ergonomic}
   size_t SoftMaxHeapSize                          = 2122317824                             {manageable} {ergonomic}
     intx TieredStopAtLevel                        = 1                                         {product} {command line}
     bool UseCompressedClassPointers               = true                           {product lp64_product} {ergonomic}
     bool UseCompressedOops                        = true                           {product lp64_product} {ergonomic}
     bool UseG1GC                                  = true                                      {product} {ergonomic}
     bool UseLargePagesIndividualAllocation        = false                                  {pd product} {ergonomic}

Logging:
Log output configuration:
 #0: stdout all=warning uptime,level,tags
 #1: stderr all=off uptime,level,tags

Environment Variables:
PATH=C:\Program Files\Common Files\Oracle\Java\javapath;C:\WINDOWS\system32;C:\WINDOWS;C:\WINDOWS\System32\Wbem;C:\WINDOWS\System32\WindowsPowerShell\v1.0\;C:\WINDOWS\System32\OpenSSH\;C:\Program Files\nodejs\;C:\Program Files\TortoiseGit\bin;C:\Users\User\AppData\Local\Microsoft\WindowsApps;C:\Users\User\AppData\Roaming\npm;C:\Users\User\AppData\Local\Programs\Microsoft VS Code\bin;C:\Users\User\AppData\Local\GitHubDesktop\bin;F:\Java-Web\gradle-6.9.1\bin;
USERNAME=User
OS=Windows_NT
PROCESSOR_IDENTIFIER=Intel64 Family 6 Model 142 Stepping 10, GenuineIntel



---------------  S Y S T E M  ---------------

OS:
 Windows 10 , 64 bit Build 19041 (10.0.19041.1151)
OS uptime: 0 days 0:22 hours

CPU: total 8 (initial active 8) (4 cores per cpu, 2 threads per core) family 6 model 142 stepping 10 microcode 0xea, cx8, cmov, fxsr, ht, mmx, 3dnowpref, sse, sse2, sse3, ssse3, sse4.1, sse4.2, popcnt, lzcnt, tsc, tscinvbit, avx, avx2, aes, erms, clmul, bmi1, bmi2, adx, fma, vzeroupper, clflush, clflushopt

Memory: 4k page, system-wide physical 8089M (2096M free)
TotalPageFile size 11289M (AvailPageFile size 4471M)
current process WorkingSet (physical memory assigned to process): 210M, peak: 210M
current process commit charge ("private bytes"): 254M, peak: 270M

vm_info: Java HotSpot(TM) 64-Bit Server VM (16.0.1+9-24) for windows-amd64 JRE (16.0.1+9-24), built on Mar 26 2021 19:31:42 by "mach5one" with MS VC++ 16.7 (VS2019)

END.
