#
# A fatal error has been detected by the Java Runtime Environment:
#
#  EXCEPTION_ACCESS_VIOLATION (0xc0000005) at pc=0x00007ffb63569e51, pid=9356, tid=4340
#
# JRE version: Java(TM) SE Runtime Environment (16.0.1+9) (build 16.0.1+9-24)
# Java VM: Java HotSpot(TM) 64-Bit Server VM (16.0.1+9-24, mixed mode, sharing, tiered, compressed oops, compressed class ptrs, g1 gc, windows-amd64)
# Problematic frame:
# V  [jvm.dll+0x2e9e51]
#
# No core dump will be written. Minidumps are not enabled by default on client versions of Windows
#
# If you would like to submit a bug report, please visit:
#   https://bugreport.java.com/bugreport/crash.jsp
#

---------------  S U M M A R Y ------------

Command Line: -XX:TieredStopAtLevel=1 -Xverify:none -Dspring.output.ansi.enabled=always -javaagent:C:\Program Files\JetBrains\IntelliJ IDEA 2021.1.2\lib\idea_rt.jar=61173:C:\Program Files\JetBrains\IntelliJ IDEA 2021.1.2\bin -Dcom.sun.management.jmxremote -Dspring.jmx.enabled=true -Dspring.liveBeansView.mbeanDomain -Dspring.application.admin.enabled=true -Dfile.encoding=UTF-8 com.example.booksforgram.BooksforgramApplication

Host: Intel(R) Core(TM) i5-8250U CPU @ 1.60GHz, 8 cores, 7G,  Windows 10 , 64 bit Build 19041 (10.0.19041.1151)
Time: Tue Nov  2 12:51:03 2021  Windows 10 , 64 bit Build 19041 (10.0.19041.1151) elapsed time: 2311.424877 seconds (0d 0h 38m 31s)

---------------  T H R E A D  ---------------

Current thread (0x00000216b90fb720):  GCTaskThread "GC Thread#6" [stack: 0x000000a843b00000,0x000000a843c00000] [id=4340]

Stack: [0x000000a843b00000,0x000000a843c00000],  sp=0x000000a843bff760,  free space=1021k
Native frames: (J=compiled Java code, j=interpreted, Vv=VM code, C=native code)
V  [jvm.dll+0x2e9e51]
V  [jvm.dll+0x2ed47e]
V  [jvm.dll+0x2ee2a9]
V  [jvm.dll+0x2eda5d]
V  [jvm.dll+0x2ed33d]
V  [jvm.dll+0x7f844b]
V  [jvm.dll+0x779b4a]
V  [jvm.dll+0x667666]
C  [ucrtbase.dll+0x21bb2]
C  [KERNEL32.DLL+0x17034]
C  [ntdll.dll+0x52651]


siginfo: EXCEPTION_ACCESS_VIOLATION (0xc0000005), reading address 0xffffffffffffffff


Register to memory mapping:

RIP=0x00007ffb63569e51 jvm.dll
RAX=0x00000216b33b0000 points into unknown readable memory: 0x0000000000000001 | 01 00 00 00 00 00 00 00
RBX=0x0000021699dabb00 points into unknown readable memory: 0x00007ffb63b63c58 | 58 3c b6 63 fb 7f 00 00
RCX=0x0 is NULL
RDX=0x1fffffffefd00000 is an unknown value
RSP=0x000000a843bff760 points into unknown readable memory: 0x00000000828b9e88 | 88 9e 8b 82 00 00 00 00
RBP=0x00000216befbfbf0 points into unknown readable memory: 0x00007ffb63b65d18 | 18 5d b6 63 fb 7f 00 00
RSI=0x00000216befbf640 points into unknown readable memory: 0x000000a8428ff3f0 | f0 f3 8f 42 a8 00 00 00
RDI=0x0000000000000004 is an unknown value
R8 =0x04000216b1350000 is an unknown value
R9 =0x000000000000006a is an unknown value
R10=0x0000000000000003 is an unknown value
R11=0x0000000800000000 is pointing into metadata
R12=0x0 is NULL
R13=0x00007ffb63280000 jvm.dll
R14=0x0000000082b06de0 is pointing into object: [Ljava.lang.String; 
{0x0000000082b04dd0} - klass: 'java/lang/String'[]
 - length: 3000
R15=0x000000000000000c is an unknown value


Registers:
RAX=0x00000216b33b0000, RBX=0x0000021699dabb00, RCX=0x0000000000000000, RDX=0x1fffffffefd00000
RSP=0x000000a843bff760, RBP=0x00000216befbfbf0, RSI=0x00000216befbf640, RDI=0x0000000000000004
R8 =0x04000216b1350000, R9 =0x000000000000006a, R10=0x0000000000000003, R11=0x0000000800000000
R12=0x0000000000000000, R13=0x00007ffb63280000, R14=0x0000000082b06de0, R15=0x000000000000000c
RIP=0x00007ffb63569e51, EFLAGS=0x0000000000010206

Top of Stack: (sp=0x000000a843bff760)
0x000000a843bff760:   00000000828b9e88 00000000828b86ac
0x000000a843bff770:   00000216b9018810 00000216befbfbf0
0x000000a843bff780:   0000000082b11508 00007ffb635683ea
0x000000a843bff790:   0000000082b057f8 00007ffb6356d47e
0x000000a843bff7a0:   0000000000000004 00000216befbf640
0x000000a843bff7b0:   000000000000000c 0000000000000010
0x000000a843bff7c0:   0000000082b04dd0 0000000000000800
0x000000a843bff7d0:   00000216befbf640 00007ffb6356e2a9
0x000000a843bff7e0:   0000000000000000 0000000000000000
0x000000a843bff7f0:   00007ffb63280000 00007ffb63280000
0x000000a843bff800:   0000000000000000 0000000000000000
0x000000a843bff810:   0000000082b04dd0 0000000000000000
0x000000a843bff820:   0000000000000000 0000000000000000
0x000000a843bff830:   0000000000000000 00000216b90c4c00
0x000000a843bff840:   000000000000000c 000000a8428ff600
0x000000a843bff850:   000000a8428fecf0 00000216befbf640 

Instructions: (pc=0x00007ffb63569e51)
0x00007ffb63569d51:   00 48 8b 7c 24 30 48 83 c4 20 5b c3 cc cc cc 40
0x00007ffb63569d61:   57 48 83 ec 20 8b 02 48 8b f9 85 c0 74 3b 8b 0d
0x00007ffb63569d71:   c3 72 78 00 48 8b 7f 10 48 89 5c 24 30 8b d8 48
0x00007ffb63569d81:   d3 e3 48 8b cf 48 03 1d a3 72 78 00 48 8b d3 e8
0x00007ffb63569d91:   5b 00 00 00 84 c0 74 0c 48 8d 4f 18 48 8b d3 e8
0x00007ffb63569da1:   eb 05 00 00 48 8b 5c 24 30 48 83 c4 20 5f c3 e9
0x00007ffb63569db1:   cb 4a 00 00 cc cc cc cc cc cc cc cc cc cc cc e9
0x00007ffb63569dc1:   3b 4e 00 00 cc cc cc cc cc cc cc cc cc cc cc 48
0x00007ffb63569dd1:   8b 01 48 8b 80 b8 04 00 00 48 8b 80 98 00 00 00
0x00007ffb63569de1:   c3 cc cc cc cc cc cc cc cc cc cc cc cc cc cc 48
0x00007ffb63569df1:   89 5c 24 08 48 89 74 24 10 57 48 83 ec 30 48 8b
0x00007ffb63569e01:   01 48 8b f1 4c 8b c2 48 8b fa 8b 88 f0 02 00 00
0x00007ffb63569e11:   48 8b 80 e0 02 00 00 49 d3 e8 41 80 3c 00 02 74
0x00007ffb63569e21:   60 48 8b 5e 10 48 8b cb 48 8b 03 ff 10 8b 4b 18
0x00007ffb63569e31:   48 8b d7 48 2b 53 08 48 8b 43 20 48 c1 ea 03 48
0x00007ffb63569e41:   d3 ea 48 8b ca 48 c1 e9 06 4c 8d 04 c8 0f b6 ca
0x00007ffb63569e51:   49 8b 00 80 e1 3f ba 01 00 00 00 48 d3 e2 48 8b
0x00007ffb63569e61:   c8 48 0b ca 48 3b c8 74 18 66 0f 1f 44 00 00 f0
0x00007ffb63569e71:   49 0f b1 08 74 1d 48 8b c8 48 0b ca 48 3b c8 75
0x00007ffb63569e81:   ee 32 c0 48 8b 5c 24 40 48 8b 74 24 48 48 83 c4
0x00007ffb63569e91:   30 5f c3 4c 8b 07 44 0f b6 0d e2 d9 7e 00 49 8b
0x00007ffb63569ea1:   d0 44 8b 15 9f 71 78 00 83 e2 07 80 3d af da 7e
0x00007ffb63569eb1:   00 00 4c 8b 1d 86 71 78 00 74 2e 48 83 fa 05 0f
0x00007ffb63569ec1:   84 ab 00 00 00 45 84 c9 74 0e 8b 47 08 41 8b ca
0x00007ffb63569ed1:   48 d3 e0 49 03 c3 eb 04 48 8b 47 08 0f b6 80 b8
0x00007ffb63569ee1:   00 00 00 24 07 3c 05 74 15 48 83 fa 01 75 0f 48
0x00007ffb63569ef1:   b8 00 ff ff ff 7f 00 00 00 4c 85 c0 74 72 48 8b
0x00007ffb63569f01:   06 48 8b d7 8b 88 f0 02 00 00 48 8b 80 e0 02 00
0x00007ffb63569f11:   00 48 d3 ea 80 3c 02 01 74 56 48 8b 9e a8 05 00
0x00007ffb63569f21:   00 48 89 7c 24 20 4c 89 44 24 28 48 8b 53 20 48
0x00007ffb63569f31:   3b 53 08 75 0a 48 8b cb e8 82 f2 f5 ff 33 d2 48
0x00007ffb63569f41:   8b 43 38 48 8b ca 0f 10 44 24 20 48 03 c9 0f 11 


Stack slot to memory mapping:
stack at sp + 0 slots: 0x00000000828b9e88 is an oop: java.util.ImmutableCollections$List12 
{0x00000000828b9e88} - klass: 'java/util/ImmutableCollections$List12'
stack at sp + 1 slots: 0x00000000828b86ac is pointing into object: java.lang.Class 
{0x00000000828b8640} - klass: 'java/lang/Class'
stack at sp + 2 slots: 0x00000216b9018810 points into unknown readable memory: 0x00000000828b8640 | 40 86 8b 82 00 00 00 00
stack at sp + 3 slots: 0x00000216befbfbf0 points into unknown readable memory: 0x00007ffb63b65d18 | 18 5d b6 63 fb 7f 00 00
stack at sp + 4 slots: 0x0000000082b11508 is an oop: [B 
{0x0000000082b11508} - klass: {type array byte}
 - length: 25
stack at sp + 5 slots: 0x00007ffb635683ea jvm.dll
stack at sp + 6 slots: 0x0000000082b057f8 is pointing into object: [Ljava.lang.String; 
{0x0000000082b04dd0} - klass: 'java/lang/String'[]
 - length: 3000
stack at sp + 7 slots: 0x00007ffb6356d47e jvm.dll


---------------  P R O C E S S  ---------------

Threads class SMR info:
_java_thread_list=0x00000216bd3ef230, length=19, elements={
0x00000216b7d2ac90, 0x00000216b7d2c200, 0x00000216b7d43790, 0x00000216b7d441a0,
0x00000216b7d492a0, 0x00000216b7d4ebd0, 0x00000216b7d71370, 0x00000216b7d718d0,
0x00000216b7d09f40, 0x00000216b8be4e40, 0x00000216b8d764f0, 0x00000216b9360830,
0x00000216ba957d10, 0x00000216bb330ef0, 0x00000216bb332980, 0x00000216bb32b4a0,
0x00000216bb32e9c0, 0x00000216bb331ee0, 0x00000216bb32f460
}

Java Threads: ( => current thread )
  0x00000216b7d2ac90 JavaThread "Reference Handler" daemon [_thread_blocked, id=1396, stack(0x000000a842900000,0x000000a842a00000)]
  0x00000216b7d2c200 JavaThread "Finalizer" daemon [_thread_blocked, id=3896, stack(0x000000a842a00000,0x000000a842b00000)]
  0x00000216b7d43790 JavaThread "Signal Dispatcher" daemon [_thread_blocked, id=6704, stack(0x000000a842b00000,0x000000a842c00000)]
  0x00000216b7d441a0 JavaThread "Attach Listener" daemon [_thread_blocked, id=3408, stack(0x000000a842c00000,0x000000a842d00000)]
  0x00000216b7d492a0 JavaThread "Service Thread" daemon [_thread_blocked, id=8112, stack(0x000000a842d00000,0x000000a842e00000)]
  0x00000216b7d4ebd0 JavaThread "Monitor Deflation Thread" daemon [_thread_blocked, id=732, stack(0x000000a842e00000,0x000000a842f00000)]
  0x00000216b7d71370 JavaThread "C1 CompilerThread0" daemon [_thread_blocked, id=2936, stack(0x000000a842f00000,0x000000a843000000)]
  0x00000216b7d718d0 JavaThread "Sweeper thread" daemon [_thread_blocked, id=8800, stack(0x000000a843000000,0x000000a843100000)]
  0x00000216b7d09f40 JavaThread "Common-Cleaner" daemon [_thread_blocked, id=2976, stack(0x000000a843100000,0x000000a843200000)]
  0x00000216b8be4e40 JavaThread "Notification Thread" daemon [_thread_blocked, id=11376, stack(0x000000a843300000,0x000000a843400000)]
  0x00000216b8d764f0 JavaThread "RMI TCP Accept-0" daemon [_thread_in_native, id=2548, stack(0x000000a843400000,0x000000a843500000)]
  0x00000216b9360830 JavaThread "RMI Scheduler(0)" daemon [_thread_blocked, id=7452, stack(0x000000a844300000,0x000000a844400000)]
  0x00000216ba957d10 JavaThread "mysql-cj-abandoned-connection-cleanup" daemon [_thread_blocked, id=7344, stack(0x000000a844b00000,0x000000a844c00000)]
  0x00000216bb330ef0 JavaThread "Live Reload Server" daemon [_thread_in_native, id=6748, stack(0x000000a845000000,0x000000a845100000)]
  0x00000216bb332980 JavaThread "DestroyJavaVM" [_thread_blocked, id=8252, stack(0x000000a842200000,0x000000a842300000)]
  0x00000216bb32b4a0 JavaThread "File Watcher" daemon [_thread_blocked, id=4944, stack(0x000000a842100000,0x000000a842200000)]
  0x00000216bb32e9c0 JavaThread "File Watcher" daemon [_thread_blocked, id=9648, stack(0x000000a841f00000,0x000000a842000000)]
  0x00000216bb331ee0 JavaThread "File Watcher" daemon [_thread_blocked, id=8208, stack(0x000000a843f00000,0x000000a844000000)]
  0x00000216bb32f460 JavaThread "Thread-32" [_thread_blocked, id=3052, stack(0x000000a844800000,0x000000a844900000)]

Other Threads:
  0x00000216b7d26990 VMThread "VM Thread" [stack: 0x000000a842800000,0x000000a842900000] [id=2576]
  0x0000021699d6a560 WatcherThread [stack: 0x000000a843500000,0x000000a843600000] [id=2060]
  0x0000021699da9520 GCTaskThread "GC Thread#0" [stack: 0x000000a842300000,0x000000a842400000] [id=3060]
  0x00000216b8e8cea0 GCTaskThread "GC Thread#1" [stack: 0x000000a843600000,0x000000a843700000] [id=2932]
  0x00000216b90a1040 GCTaskThread "GC Thread#2" [stack: 0x000000a843700000,0x000000a843800000] [id=6644]
  0x00000216b9086ed0 GCTaskThread "GC Thread#3" [stack: 0x000000a843800000,0x000000a843900000] [id=9020]
  0x00000216b9086490 GCTaskThread "GC Thread#4" [stack: 0x000000a843900000,0x000000a843a00000] [id=6028]
  0x00000216b90867a0 GCTaskThread "GC Thread#5" [stack: 0x000000a843a00000,0x000000a843b00000] [id=4732]
=>0x00000216b90fb720 GCTaskThread "GC Thread#6" [stack: 0x000000a843b00000,0x000000a843c00000] [id=4340]
  0x00000216b90fba30 GCTaskThread "GC Thread#7" [stack: 0x000000a843c00000,0x000000a843d00000] [id=1420]
  0x0000021699dbc190 ConcurrentGCThread "G1 Main Marker" [stack: 0x000000a842400000,0x000000a842500000] [id=4860]
  0x0000021699dbd2b0 ConcurrentGCThread "G1 Conc#0" [stack: 0x000000a842500000,0x000000a842600000] [id=8372]
  0x00000216ba913c70 ConcurrentGCThread "G1 Conc#1" [stack: 0x000000a844200000,0x000000a844300000] [id=8832]
  0x0000021699e36580 ConcurrentGCThread "G1 Refine#0" [stack: 0x000000a842600000,0x000000a842700000] [id=4564]
  0x00000216b9086ab0 ConcurrentGCThread "G1 Refine#1" [stack: 0x000000a843d00000,0x000000a843e00000] [id=7284]
  0x00000216b90a1b60 ConcurrentGCThread "G1 Refine#2" [stack: 0x000000a843e00000,0x000000a843f00000] [id=3148]
  0x00000216b7be0090 ConcurrentGCThread "G1 Service" [stack: 0x000000a842700000,0x000000a842800000] [id=9280]

Threads with active compile tasks:

VM state: at safepoint (normal execution)

VM Mutex/Monitor currently owned by a thread:  ([mutex/lock_event])
[0x0000021699d65ce0] Threads_lock - owner thread: 0x00000216b7d26990
[0x0000021699d66820] Heap_lock - owner thread: 0x00000216bb32f460

Heap address: 0x0000000081800000, size: 2024 MB, Compressed Oops mode: 32-bit

CDS archive(s) mapped at: [0x0000000800000000-0x0000000800bb0000-0x0000000800bb0000), size 12255232, SharedBaseAddress: 0x0000000800000000, ArchiveRelocationMode: 0.
Compressed class space mapped at: 0x0000000800c00000-0x0000000840c00000, reserved size: 1073741824
Narrow klass base: 0x0000000800000000, Narrow klass shift: 3, Narrow klass range: 0x100000000

GC Precious Log:
 CPUs: 8 total, 8 available
 Memory: 8089M
 Large Page Support: Disabled
 NUMA Support: Disabled
 Compressed Oops: Enabled (32-bit)
 Heap Region Size: 1M
 Heap Min Capacity: 8M
 Heap Initial Capacity: 128M
 Heap Max Capacity: 2024M
 Pre-touch: Disabled
 Parallel Workers: 8
 Concurrent Workers: 2
 Concurrent Refinement Workers: 8
 Periodic GC: Disabled

Heap:
 garbage-first heap   total 135168K, used 63142K [0x0000000081800000, 0x0000000100000000)
  region size 1024K, 20 young (20480K), 4 survivors (4096K)
 Metaspace       used 66164K, committed 66944K, reserved 1114112K
  class space    used 9054K, committed 9472K, reserved 1048576K

Heap Regions: E=young(eden), S=young(survivor), O=old, HS=humongous(starts), HC=humongous(continues), CS=collection set, F=free, OA=open archive, CA=closed archive, TAMS=top-at-mark-start (previous, next)
|   0|0x0000000081800000, 0x0000000081900000, 0x0000000081900000|100%|HS|  |TAMS 0x0000000081900000, 0x0000000081800000| Untracked 
|   1|0x0000000081900000, 0x00000000819fff98, 0x0000000081a00000| 99%| O|  |TAMS 0x0000000081900000, 0x0000000081900000| Untracked 
|   2|0x0000000081a00000, 0x0000000081b00000, 0x0000000081b00000|100%| O|  |TAMS 0x0000000081a00000, 0x0000000081a00000| Untracked 
|   3|0x0000000081b00000, 0x0000000081c00000, 0x0000000081c00000|100%| O|  |TAMS 0x0000000081b00000, 0x0000000081b00000| Untracked 
|   4|0x0000000081c00000, 0x0000000081d00000, 0x0000000081d00000|100%| O|  |TAMS 0x0000000081c00000, 0x0000000081c00000| Untracked 
|   5|0x0000000081d00000, 0x0000000081dfffc8, 0x0000000081e00000| 99%| O|  |TAMS 0x0000000081d00000, 0x0000000081d00000| Untracked 
|   6|0x0000000081e00000, 0x0000000081effff8, 0x0000000081f00000| 99%| O|  |TAMS 0x0000000081e00000, 0x0000000081e00000| Untracked 
|   7|0x0000000081f00000, 0x0000000082000000, 0x0000000082000000|100%| O|  |TAMS 0x0000000081f00000, 0x0000000081f00000| Untracked 
|   8|0x0000000082000000, 0x00000000820ffff8, 0x0000000082100000| 99%| O|  |TAMS 0x0000000082000000, 0x0000000082000000| Untracked 
|   9|0x0000000082100000, 0x00000000821fffd8, 0x0000000082200000| 99%| O|  |TAMS 0x0000000082100000, 0x0000000082100000| Untracked 
|  10|0x0000000082200000, 0x00000000822ffe30, 0x0000000082300000| 99%| O|  |TAMS 0x0000000082200000, 0x0000000082200000| Untracked 
|  11|0x0000000082300000, 0x00000000823fff20, 0x0000000082400000| 99%| O|  |TAMS 0x0000000082300000, 0x0000000082300000| Untracked 
|  12|0x0000000082400000, 0x00000000824fffc0, 0x0000000082500000| 99%| O|  |TAMS 0x0000000082400000, 0x0000000082400000| Untracked 
|  13|0x0000000082500000, 0x0000000082600000, 0x0000000082600000|100%| O|  |TAMS 0x0000000082500000, 0x0000000082500000| Untracked 
|  14|0x0000000082600000, 0x0000000082700000, 0x0000000082700000|100%| O|  |TAMS 0x0000000082600000, 0x0000000082600000| Untracked 
|  15|0x0000000082700000, 0x00000000827ffff8, 0x0000000082800000| 99%| O|  |TAMS 0x0000000082700000, 0x0000000082700000| Untracked 
|  16|0x0000000082800000, 0x00000000828fffe8, 0x0000000082900000| 99%| O|  |TAMS 0x0000000082800000, 0x0000000082800000| Untracked 
|  17|0x0000000082900000, 0x00000000829fffe8, 0x0000000082a00000| 99%| O|  |TAMS 0x0000000082900000, 0x0000000082900000| Untracked 
|  18|0x0000000082a00000, 0x0000000082affff8, 0x0000000082b00000| 99%| O|  |TAMS 0x0000000082a00000, 0x0000000082a00000| Untracked 
|  19|0x0000000082b00000, 0x0000000082c00000, 0x0000000082c00000|100%| O|  |TAMS 0x0000000082b00000, 0x0000000082b00000| Untracked 
|  20|0x0000000082c00000, 0x0000000082cffff8, 0x0000000082d00000| 99%| O|  |TAMS 0x0000000082c00000, 0x0000000082c00000| Untracked 
|  21|0x0000000082d00000, 0x0000000082dffff8, 0x0000000082e00000| 99%| O|  |TAMS 0x0000000082d00000, 0x0000000082d00000| Untracked 
|  22|0x0000000082e00000, 0x0000000082effee0, 0x0000000082f00000| 99%| O|  |TAMS 0x0000000082e00000, 0x0000000082e00000| Untracked 
|  23|0x0000000082f00000, 0x0000000082ffffb8, 0x0000000083000000| 99%| O|  |TAMS 0x0000000082f00000, 0x0000000082f00000| Untracked 
|  24|0x0000000083000000, 0x00000000830fffe8, 0x0000000083100000| 99%| O|  |TAMS 0x0000000083000000, 0x0000000083000000| Untracked 
|  25|0x0000000083100000, 0x00000000831ffff8, 0x0000000083200000| 99%| O|  |TAMS 0x0000000083100000, 0x0000000083100000| Untracked 
|  26|0x0000000083200000, 0x00000000832ffff8, 0x0000000083300000| 99%| O|  |TAMS 0x0000000083200000, 0x0000000083200000| Untracked 
|  27|0x0000000083300000, 0x00000000833ffff8, 0x0000000083400000| 99%| O|  |TAMS 0x0000000083300000, 0x0000000083300000| Untracked 
|  28|0x0000000083400000, 0x00000000834fffc0, 0x0000000083500000| 99%| O|  |TAMS 0x0000000083400000, 0x0000000083400000| Untracked 
|  29|0x0000000083500000, 0x0000000083600000, 0x0000000083600000|100%| O|  |TAMS 0x0000000083500000, 0x0000000083500000| Untracked 
|  30|0x0000000083600000, 0x00000000836fffe0, 0x0000000083700000| 99%| O|  |TAMS 0x0000000083600000, 0x0000000083600000| Untracked 
|  31|0x0000000083700000, 0x00000000837ff488, 0x0000000083800000| 99%| O|  |TAMS 0x0000000083700000, 0x0000000083700000| Untracked 
|  32|0x0000000083800000, 0x000000008383f6a0, 0x0000000083900000| 24%| O|  |TAMS 0x0000000083800000, 0x0000000083800000| Untracked 
|  33|0x0000000083900000, 0x00000000839ffff0, 0x0000000083a00000| 99%| O|  |TAMS 0x0000000083900000, 0x0000000083900000| Untracked 
|  34|0x0000000083a00000, 0x0000000083b00000, 0x0000000083b00000|100%| O|  |TAMS 0x0000000083a00000, 0x0000000083a00000| Untracked 
|  35|0x0000000083b00000, 0x0000000083c00000, 0x0000000083c00000|100%| O|  |TAMS 0x0000000083b00000, 0x0000000083b00000| Untracked 
|  36|0x0000000083c00000, 0x0000000083c02dd0, 0x0000000083d00000|  1%| O|  |TAMS 0x0000000083c00000, 0x0000000083c00000| Untracked 
|  37|0x0000000083d00000, 0x0000000083e00000, 0x0000000083e00000|100%| O|  |TAMS 0x0000000083d00000, 0x0000000083d00000| Untracked 
|  38|0x0000000083e00000, 0x0000000083efffe8, 0x0000000083f00000| 99%| O|  |TAMS 0x0000000083e00000, 0x0000000083e00000| Untracked 
|  39|0x0000000083f00000, 0x0000000083ffe900, 0x0000000084000000| 99%| O|  |TAMS 0x0000000083f00000, 0x0000000083f00000| Untracked 
|  40|0x0000000084000000, 0x0000000084065438, 0x0000000084100000| 39%| O|  |TAMS 0x0000000084000000, 0x0000000084000000| Untracked 
|  41|0x0000000084100000, 0x0000000084200000, 0x0000000084200000|100%| O|  |TAMS 0x0000000084100000, 0x0000000084100000| Untracked 
|  42|0x0000000084200000, 0x0000000084300000, 0x0000000084300000|100%| O|  |TAMS 0x0000000084200000, 0x0000000084200000| Untracked 
|  43|0x0000000084300000, 0x00000000843922a0, 0x0000000084400000| 57%| O|  |TAMS 0x0000000084300000, 0x0000000084300000| Untracked 
|  44|0x0000000084400000, 0x0000000084422180, 0x0000000084500000| 13%| O|  |TAMS 0x0000000084400000, 0x0000000084400000| Untracked 
|  45|0x0000000084500000, 0x0000000084600000, 0x0000000084600000|100%| O|  |TAMS 0x0000000084500000, 0x0000000084500000| Untracked 
|  46|0x0000000084600000, 0x0000000084637600, 0x0000000084700000| 21%| O|  |TAMS 0x0000000084600000, 0x0000000084600000| Untracked 
|  47|0x0000000084700000, 0x0000000084700000, 0x0000000084800000|  0%| F|  |TAMS 0x0000000084700000, 0x0000000084700000| Untracked 
|  48|0x0000000084800000, 0x0000000084800000, 0x0000000084900000|  0%| F|  |TAMS 0x0000000084800000, 0x0000000084800000| Untracked 
|  49|0x0000000084900000, 0x0000000084900000, 0x0000000084a00000|  0%| F|  |TAMS 0x0000000084900000, 0x0000000084900000| Untracked 
|  50|0x0000000084a00000, 0x0000000084a00000, 0x0000000084b00000|  0%| F|  |TAMS 0x0000000084a00000, 0x0000000084a00000| Untracked 
|  51|0x0000000084b00000, 0x0000000084b00000, 0x0000000084c00000|  0%| F|  |TAMS 0x0000000084b00000, 0x0000000084b00000| Untracked 
|  52|0x0000000084c00000, 0x0000000084c00000, 0x0000000084d00000|  0%| F|  |TAMS 0x0000000084c00000, 0x0000000084c00000| Untracked 
|  53|0x0000000084d00000, 0x0000000084d00000, 0x0000000084e00000|  0%| F|  |TAMS 0x0000000084d00000, 0x0000000084d00000| Untracked 
|  54|0x0000000084e00000, 0x0000000084e00000, 0x0000000084f00000|  0%| F|  |TAMS 0x0000000084e00000, 0x0000000084e00000| Untracked 
|  55|0x0000000084f00000, 0x0000000084f00000, 0x0000000085000000|  0%| F|  |TAMS 0x0000000084f00000, 0x0000000084f00000| Untracked 
|  56|0x0000000085000000, 0x0000000085000000, 0x0000000085100000|  0%| F|  |TAMS 0x0000000085000000, 0x0000000085000000| Untracked 
|  57|0x0000000085100000, 0x0000000085100000, 0x0000000085200000|  0%| F|  |TAMS 0x0000000085100000, 0x0000000085100000| Untracked 
|  58|0x0000000085200000, 0x0000000085200000, 0x0000000085300000|  0%| F|  |TAMS 0x0000000085200000, 0x0000000085200000| Untracked 
|  59|0x0000000085300000, 0x0000000085300000, 0x0000000085400000|  0%| F|  |TAMS 0x0000000085300000, 0x0000000085300000| Untracked 
|  60|0x0000000085400000, 0x0000000085400000, 0x0000000085500000|  0%| F|  |TAMS 0x0000000085400000, 0x0000000085400000| Untracked 
|  61|0x0000000085500000, 0x0000000085500000, 0x0000000085600000|  0%| F|  |TAMS 0x0000000085500000, 0x0000000085500000| Untracked 
|  62|0x0000000085600000, 0x0000000085600000, 0x0000000085700000|  0%| F|  |TAMS 0x0000000085600000, 0x0000000085600000| Untracked 
|  63|0x0000000085700000, 0x0000000085700000, 0x0000000085800000|  0%| F|  |TAMS 0x0000000085700000, 0x0000000085700000| Untracked 
|  64|0x0000000085800000, 0x0000000085800000, 0x0000000085900000|  0%| F|  |TAMS 0x0000000085800000, 0x0000000085800000| Untracked 
|  65|0x0000000085900000, 0x000000008593c978, 0x0000000085a00000| 23%| S|  |TAMS 0x0000000085900000, 0x0000000085900000| Complete 
|  66|0x0000000085a00000, 0x0000000085b00000, 0x0000000085b00000|100%| S|  |TAMS 0x0000000085a00000, 0x0000000085a00000| Complete 
|  67|0x0000000085b00000, 0x0000000085c00000, 0x0000000085c00000|100%| S|  |TAMS 0x0000000085b00000, 0x0000000085b00000| Complete 
|  68|0x0000000085c00000, 0x0000000085d00000, 0x0000000085d00000|100%| S|  |TAMS 0x0000000085c00000, 0x0000000085c00000| Complete 
|  69|0x0000000085d00000, 0x0000000085d00000, 0x0000000085e00000|  0%| F|  |TAMS 0x0000000085d00000, 0x0000000085d00000| Untracked 
|  70|0x0000000085e00000, 0x0000000085e00000, 0x0000000085f00000|  0%| F|  |TAMS 0x0000000085e00000, 0x0000000085e00000| Untracked 
|  71|0x0000000085f00000, 0x0000000085f00000, 0x0000000086000000|  0%| F|  |TAMS 0x0000000085f00000, 0x0000000085f00000| Untracked 
|  72|0x0000000086000000, 0x0000000086000000, 0x0000000086100000|  0%| F|  |TAMS 0x0000000086000000, 0x0000000086000000| Untracked 
|  73|0x0000000086100000, 0x0000000086100000, 0x0000000086200000|  0%| F|  |TAMS 0x0000000086100000, 0x0000000086100000| Untracked 
|  74|0x0000000086200000, 0x0000000086200000, 0x0000000086300000|  0%| F|  |TAMS 0x0000000086200000, 0x0000000086200000| Untracked 
|  75|0x0000000086300000, 0x0000000086300000, 0x0000000086400000|  0%| F|  |TAMS 0x0000000086300000, 0x0000000086300000| Untracked 
|  76|0x0000000086400000, 0x0000000086400000, 0x0000000086500000|  0%| F|  |TAMS 0x0000000086400000, 0x0000000086400000| Untracked 
|  77|0x0000000086500000, 0x0000000086500000, 0x0000000086600000|  0%| F|  |TAMS 0x0000000086500000, 0x0000000086500000| Untracked 
|  78|0x0000000086600000, 0x0000000086600000, 0x0000000086700000|  0%| F|  |TAMS 0x0000000086600000, 0x0000000086600000| Untracked 
|  79|0x0000000086700000, 0x0000000086700000, 0x0000000086800000|  0%| F|  |TAMS 0x0000000086700000, 0x0000000086700000| Untracked 
|  80|0x0000000086800000, 0x0000000086800000, 0x0000000086900000|  0%| F|  |TAMS 0x0000000086800000, 0x0000000086800000| Untracked 
|  81|0x0000000086900000, 0x0000000086900000, 0x0000000086a00000|  0%| F|  |TAMS 0x0000000086900000, 0x0000000086900000| Untracked 
|  82|0x0000000086a00000, 0x0000000086a00000, 0x0000000086b00000|  0%| F|  |TAMS 0x0000000086a00000, 0x0000000086a00000| Untracked 
|  83|0x0000000086b00000, 0x0000000086b00000, 0x0000000086c00000|  0%| F|  |TAMS 0x0000000086b00000, 0x0000000086b00000| Untracked 
|  84|0x0000000086c00000, 0x0000000086c00000, 0x0000000086d00000|  0%| F|  |TAMS 0x0000000086c00000, 0x0000000086c00000| Untracked 
|  85|0x0000000086d00000, 0x0000000086d00000, 0x0000000086e00000|  0%| F|  |TAMS 0x0000000086d00000, 0x0000000086d00000| Untracked 
|  86|0x0000000086e00000, 0x0000000086e00000, 0x0000000086f00000|  0%| F|  |TAMS 0x0000000086e00000, 0x0000000086e00000| Untracked 
|  87|0x0000000086f00000, 0x0000000086f00000, 0x0000000087000000|  0%| F|  |TAMS 0x0000000086f00000, 0x0000000086f00000| Untracked 
|  88|0x0000000087000000, 0x0000000087000000, 0x0000000087100000|  0%| F|  |TAMS 0x0000000087000000, 0x0000000087000000| Untracked 
|  89|0x0000000087100000, 0x0000000087100000, 0x0000000087200000|  0%| F|  |TAMS 0x0000000087100000, 0x0000000087100000| Untracked 
|  90|0x0000000087200000, 0x0000000087200000, 0x0000000087300000|  0%| F|  |TAMS 0x0000000087200000, 0x0000000087200000| Untracked 
|  91|0x0000000087300000, 0x0000000087300000, 0x0000000087400000|  0%| F|  |TAMS 0x0000000087300000, 0x0000000087300000| Untracked 
|  92|0x0000000087400000, 0x0000000087400000, 0x0000000087500000|  0%| F|  |TAMS 0x0000000087400000, 0x0000000087400000| Untracked 
|  93|0x0000000087500000, 0x0000000087500000, 0x0000000087600000|  0%| F|  |TAMS 0x0000000087500000, 0x0000000087500000| Untracked 
|  94|0x0000000087600000, 0x0000000087600000, 0x0000000087700000|  0%| F|  |TAMS 0x0000000087600000, 0x0000000087600000| Untracked 
|  95|0x0000000087700000, 0x0000000087700000, 0x0000000087800000|  0%| F|  |TAMS 0x0000000087700000, 0x0000000087700000| Untracked 
|  96|0x0000000087800000, 0x0000000087800000, 0x0000000087900000|  0%| F|  |TAMS 0x0000000087800000, 0x0000000087800000| Untracked 
|  97|0x0000000087900000, 0x0000000087900000, 0x0000000087a00000|  0%| F|  |TAMS 0x0000000087900000, 0x0000000087900000| Untracked 
|  98|0x0000000087a00000, 0x0000000087a00000, 0x0000000087b00000|  0%| F|  |TAMS 0x0000000087a00000, 0x0000000087a00000| Untracked 
|  99|0x0000000087b00000, 0x0000000087b00000, 0x0000000087c00000|  0%| F|  |TAMS 0x0000000087b00000, 0x0000000087b00000| Untracked 
| 100|0x0000000087c00000, 0x0000000087c00000, 0x0000000087d00000|  0%| F|  |TAMS 0x0000000087c00000, 0x0000000087c00000| Untracked 
| 101|0x0000000087d00000, 0x0000000087d00000, 0x0000000087e00000|  0%| F|  |TAMS 0x0000000087d00000, 0x0000000087d00000| Untracked 
| 102|0x0000000087e00000, 0x0000000087e00000, 0x0000000087f00000|  0%| F|  |TAMS 0x0000000087e00000, 0x0000000087e00000| Untracked 
| 103|0x0000000087f00000, 0x0000000087f00000, 0x0000000088000000|  0%| F|  |TAMS 0x0000000087f00000, 0x0000000087f00000| Untracked 
| 104|0x0000000088000000, 0x0000000088000000, 0x0000000088100000|  0%| F|  |TAMS 0x0000000088000000, 0x0000000088000000| Untracked 
| 105|0x0000000088100000, 0x0000000088100000, 0x0000000088200000|  0%| F|  |TAMS 0x0000000088100000, 0x0000000088100000| Untracked 
| 106|0x0000000088200000, 0x0000000088200000, 0x0000000088300000|  0%| F|  |TAMS 0x0000000088200000, 0x0000000088200000| Untracked 
| 107|0x0000000088300000, 0x0000000088300000, 0x0000000088400000|  0%| F|  |TAMS 0x0000000088300000, 0x0000000088300000| Untracked 
| 108|0x0000000088400000, 0x0000000088400000, 0x0000000088500000|  0%| F|  |TAMS 0x0000000088400000, 0x0000000088400000| Untracked 
| 109|0x0000000088500000, 0x0000000088500000, 0x0000000088600000|  0%| F|  |TAMS 0x0000000088500000, 0x0000000088500000| Untracked 
| 110|0x0000000088600000, 0x0000000088600000, 0x0000000088700000|  0%| F|  |TAMS 0x0000000088600000, 0x0000000088600000| Untracked 
| 111|0x0000000088700000, 0x0000000088700000, 0x0000000088800000|  0%| F|  |TAMS 0x0000000088700000, 0x0000000088700000| Untracked 
| 112|0x0000000088800000, 0x0000000088800000, 0x0000000088900000|  0%| F|  |TAMS 0x0000000088800000, 0x0000000088800000| Untracked 
| 113|0x0000000088900000, 0x0000000088900000, 0x0000000088a00000|  0%| F|  |TAMS 0x0000000088900000, 0x0000000088900000| Untracked 
| 114|0x0000000088a00000, 0x0000000088a00000, 0x0000000088b00000|  0%| F|  |TAMS 0x0000000088a00000, 0x0000000088a00000| Untracked 
| 115|0x0000000088b00000, 0x0000000088b00000, 0x0000000088c00000|  0%| F|  |TAMS 0x0000000088b00000, 0x0000000088b00000| Untracked 
| 116|0x0000000088c00000, 0x0000000088cdc700, 0x0000000088d00000| 86%| E|  |TAMS 0x0000000088c00000, 0x0000000088c00000| Complete 
| 117|0x0000000088d00000, 0x0000000088e00000, 0x0000000088e00000|100%| E|  |TAMS 0x0000000088d00000, 0x0000000088d00000| Complete 
| 118|0x0000000088e00000, 0x0000000088f00000, 0x0000000088f00000|100%| E|  |TAMS 0x0000000088e00000, 0x0000000088e00000| Complete 
| 119|0x0000000088f00000, 0x0000000089000000, 0x0000000089000000|100%| E|  |TAMS 0x0000000088f00000, 0x0000000088f00000| Complete 
| 120|0x0000000089000000, 0x0000000089100000, 0x0000000089100000|100%| E|  |TAMS 0x0000000089000000, 0x0000000089000000| Complete 
| 121|0x0000000089100000, 0x0000000089200000, 0x0000000089200000|100%| E|  |TAMS 0x0000000089100000, 0x0000000089100000| Complete 
| 122|0x0000000089200000, 0x0000000089300000, 0x0000000089300000|100%| E|  |TAMS 0x0000000089200000, 0x0000000089200000| Complete 
| 123|0x0000000089300000, 0x0000000089400000, 0x0000000089400000|100%| E|  |TAMS 0x0000000089300000, 0x0000000089300000| Complete 
| 124|0x0000000089400000, 0x0000000089500000, 0x0000000089500000|100%| E|  |TAMS 0x0000000089400000, 0x0000000089400000| Complete 
| 125|0x0000000089500000, 0x0000000089600000, 0x0000000089600000|100%| E|  |TAMS 0x0000000089500000, 0x0000000089500000| Complete 
| 126|0x0000000089600000, 0x0000000089700000, 0x0000000089700000|100%| E|  |TAMS 0x0000000089600000, 0x0000000089600000| Complete 
| 127|0x0000000089700000, 0x0000000089800000, 0x0000000089800000|100%| E|  |TAMS 0x0000000089700000, 0x0000000089700000| Complete 
| 128|0x0000000089800000, 0x0000000089900000, 0x0000000089900000|100%| E|  |TAMS 0x0000000089800000, 0x0000000089800000| Complete 
| 129|0x0000000089900000, 0x0000000089a00000, 0x0000000089a00000|100%| E|  |TAMS 0x0000000089900000, 0x0000000089900000| Complete 
| 130|0x0000000089a00000, 0x0000000089b00000, 0x0000000089b00000|100%| E|  |TAMS 0x0000000089a00000, 0x0000000089a00000| Complete 
| 131|0x0000000089b00000, 0x0000000089c00000, 0x0000000089c00000|100%| E|  |TAMS 0x0000000089b00000, 0x0000000089b00000| Complete 

Card table byte_map: [0x00000216b0c10000,0x00000216b1010000] _byte_map_base: 0x00000216b0804000

Marking Bits (Prev, Next): (CMBitMap*) 0x0000021699dabac0, (CMBitMap*) 0x0000021699dabb00
 Prev Bits: [0x00000216b1410000, 0x00000216b33b0000)
 Next Bits: [0x00000216b33b0000, 0x00000216b5350000)

Polling page: 0x0000021697d70000

Metaspace:

Usage:
  Non-class:     55.77 MB used.
      Class:      8.84 MB used.
       Both:     64.61 MB used.

Virtual space:
  Non-class space:       64.00 MB reserved,      56.12 MB ( 88%) committed,  8 nodes.
      Class space:        1.00 GB reserved,       9.25 MB ( <1%) committed,  1 nodes.
              Both:        1.06 GB reserved,      65.38 MB (  6%) committed. 

Chunk freelists:
   Non-Class:  2.96 MB
       Class:  2.68 MB
        Both:  5.64 MB

MaxMetaspaceSize: 17179869184.00 GB
CompressedClassSpaceSize: 1.00 GB
 - commit_granule_bytes: 65536.
 - commit_granule_words: 8192.
 - virtual_space_node_default_size: 1048576.
 - enlarge_chunks_in_place: 1.
 - new_chunks_are_fully_committed: 0.
 - uncommit_free_chunks: 1.
 - use_allocation_guard: 0.
 - handle_deallocations: 1.


Internal statistics:

num_allocs_failed_limit: 9.
num_arena_births: 1072.
num_arena_deaths: 6.
num_vsnodes_births: 9.
num_vsnodes_deaths: 0.
num_space_committed: 1046.
num_space_uncommitted: 0.
num_chunks_returned_to_freelist: 15.
num_chunks_taken_from_freelist: 3816.
num_chunk_merges: 9.
num_chunk_splits: 2519.
num_chunks_enlarged: 1719.
num_purges: 10.

CodeHeap 'non-profiled nmethods': size=238336Kb used=20598Kb max_used=20598Kb free=217738Kb
 bounds [0x00000216a1c20000, 0x00000216a3040000, 0x00000216b04e0000]
CodeHeap 'non-nmethods': size=7424Kb used=1342Kb max_used=1342Kb free=6081Kb
 bounds [0x00000216a14e0000, 0x00000216a1750000, 0x00000216a1c20000]
 total_blobs=13072 nmethods=12399 adapters=599
 compilation: enabled
              stopped_count=0, restarted_count=0
 full_count=0

Compilation events (20 events):
Event: 2185.508 Thread 0x00000216b7d71370 12390       1       java.util.TreeSet::<init> (10 bytes)
Event: 2185.509 Thread 0x00000216b7d71370 nmethod 12390 0x00000216a303b410 code [0x00000216a303b5a0, 0x00000216a303b6b8]
Event: 2295.571 Thread 0x00000216b7d71370 12391       1       com.zaxxer.hikari.util.ClockSource::plusMillis (11 bytes)
Event: 2295.571 Thread 0x00000216b7d71370 nmethod 12391 0x00000216a303b710 code [0x00000216a303b8a0, 0x00000216a303b968]
Event: 2295.571 Thread 0x00000216b7d71370 12392       1       com.zaxxer.hikari.util.ClockSource$NanosecondClockSource::plusMillis0 (10 bytes)
Event: 2295.572 Thread 0x00000216b7d71370 nmethod 12392 0x00000216a303ba10 code [0x00000216a303bbc0, 0x00000216a303bca8]
Event: 2311.374 Thread 0x00000216b7d71370 12393       1       org.apache.tomcat.util.collections.ManagedConcurrentWeakHashMap$Key::equals (61 bytes)
Event: 2311.374 Thread 0x00000216b7d71370 nmethod 12393 0x00000216a303bd90 code [0x00000216a303bf60, 0x00000216a303c258]
Event: 2311.376 Thread 0x00000216b7d71370 12394       1       java.io.DataOutputStream::incCount (20 bytes)
Event: 2311.376 Thread 0x00000216b7d71370 nmethod 12394 0x00000216a303c310 code [0x00000216a303c4a0, 0x00000216a303c578]
Event: 2311.376 Thread 0x00000216b7d71370 12395       1       java.io.ObjectOutputStream::writeTypeString (40 bytes)
Event: 2311.376 Thread 0x00000216b7d71370 nmethod 12395 0x00000216a303c610 code [0x00000216a303c800, 0x00000216a303ca08]
Event: 2311.380 Thread 0x00000216b7d71370 12396       1       org.apache.tomcat.util.modeler.NoDescriptorRegistry::unregisterComponent (1 bytes)
Event: 2311.380 Thread 0x00000216b7d71370 nmethod 12396 0x00000216a303cb90 code [0x00000216a303cd20, 0x00000216a303cdd8]
Event: 2311.381 Thread 0x00000216b7d71370 12397       1       com.sun.jmx.mbeanserver.WeakIdentityHashMap$IdentityWeakReference::hashCode (5 bytes)
Event: 2311.381 Thread 0x00000216b7d71370 nmethod 12397 0x00000216a303ce90 code [0x00000216a303d020, 0x00000216a303d0f8]
Event: 2311.384 Thread 0x00000216b7d71370 12398       1       java.util.ArrayList$ListItr::hasPrevious (13 bytes)
Event: 2311.384 Thread 0x00000216b7d71370 nmethod 12398 0x00000216a303d190 code [0x00000216a303d320, 0x00000216a303d3f8]
Event: 2311.385 Thread 0x00000216b7d71370 12399       1       com.zaxxer.hikari.pool.PoolBase::setNetworkTimeout (21 bytes)
Event: 2311.385 Thread 0x00000216b7d71370 nmethod 12399 0x00000216a303d490 code [0x00000216a303d640, 0x00000216a303d748]

GC Heap History (20 events):
Event: 1728.901 GC heap after
{Heap after GC invocations=48 (full 4):
 garbage-first heap   total 112640K, used 46632K [0x0000000081800000, 0x0000000100000000)
  region size 1024K, 3 young (3072K), 3 survivors (3072K)
 Metaspace       used 64697K, committed 65472K, reserved 1105920K
  class space    used 8882K, committed 9280K, reserved 1048576K
}
Event: 1822.650 GC heap before
{Heap before GC invocations=48 (full 4):
 garbage-first heap   total 112640K, used 91688K [0x0000000081800000, 0x0000000100000000)
  region size 1024K, 47 young (48128K), 3 survivors (3072K)
 Metaspace       used 64697K, committed 65472K, reserved 1105920K
  class space    used 8882K, committed 9280K, reserved 1048576K
}
Event: 1822.654 GC heap after
{Heap after GC invocations=49 (full 4):
 garbage-first heap   total 112640K, used 46632K [0x0000000081800000, 0x0000000100000000)
  region size 1024K, 3 young (3072K), 3 survivors (3072K)
 Metaspace       used 64697K, committed 65472K, reserved 1105920K
  class space    used 8882K, committed 9280K, reserved 1048576K
}
Event: 1919.263 GC heap before
{Heap before GC invocations=49 (full 4):
 garbage-first heap   total 112640K, used 92712K [0x0000000081800000, 0x0000000100000000)
  region size 1024K, 48 young (49152K), 3 survivors (3072K)
 Metaspace       used 64697K, committed 65472K, reserved 1105920K
  class space    used 8882K, committed 9280K, reserved 1048576K
}
Event: 1919.269 GC heap after
{Heap after GC invocations=50 (full 4):
 garbage-first heap   total 112640K, used 46568K [0x0000000081800000, 0x0000000100000000)
  region size 1024K, 3 young (3072K), 3 survivors (3072K)
 Metaspace       used 64697K, committed 65472K, reserved 1105920K
  class space    used 8882K, committed 9280K, reserved 1048576K
}
Event: 1994.759 GC heap before
{Heap before GC invocations=50 (full 4):
 garbage-first heap   total 112640K, used 84456K [0x0000000081800000, 0x0000000100000000)
  region size 1024K, 41 young (41984K), 3 survivors (3072K)
 Metaspace       used 64700K, committed 65472K, reserved 1105920K
  class space    used 8882K, committed 9280K, reserved 1048576K
}
Event: 1994.820 GC heap after
{Heap after GC invocations=51 (full 5):
 garbage-first heap   total 112640K, used 37221K [0x0000000081800000, 0x0000000100000000)
  region size 1024K, 0 young (0K), 0 survivors (0K)
 Metaspace       used 64698K, committed 65472K, reserved 1105920K
  class space    used 8882K, committed 9280K, reserved 1048576K
}
Event: 1995.291 GC heap before
{Heap before GC invocations=51 (full 5):
 garbage-first heap   total 112640K, used 91493K [0x0000000081800000, 0x0000000100000000)
  region size 1024K, 54 young (55296K), 0 survivors (0K)
 Metaspace       used 64907K, committed 65664K, reserved 1105920K
  class space    used 8913K, committed 9280K, reserved 1048576K
}
Event: 1995.294 GC heap after
{Heap after GC invocations=52 (full 5):
 garbage-first heap   total 112640K, used 40293K [0x0000000081800000, 0x0000000100000000)
  region size 1024K, 3 young (3072K), 3 survivors (3072K)
 Metaspace       used 64907K, committed 65664K, reserved 1105920K
  class space    used 8913K, committed 9280K, reserved 1048576K
}
Event: 1995.715 GC heap before
{Heap before GC invocations=52 (full 5):
 garbage-first heap   total 112640K, used 90469K [0x0000000081800000, 0x0000000100000000)
  region size 1024K, 53 young (54272K), 3 survivors (3072K)
 Metaspace       used 65114K, committed 65856K, reserved 1114112K
  class space    used 8932K, committed 9344K, reserved 1048576K
}
Event: 1995.719 GC heap after
{Heap after GC invocations=53 (full 5):
 garbage-first heap   total 112640K, used 42309K [0x0000000081800000, 0x0000000100000000)
  region size 1024K, 5 young (5120K), 5 survivors (5120K)
 Metaspace       used 65114K, committed 65856K, reserved 1114112K
  class space    used 8932K, committed 9344K, reserved 1048576K
}
Event: 1996.108 GC heap before
{Heap before GC invocations=53 (full 5):
 garbage-first heap   total 112640K, used 91461K [0x0000000081800000, 0x0000000100000000)
  region size 1024K, 53 young (54272K), 5 survivors (5120K)
 Metaspace       used 65429K, committed 66176K, reserved 1114112K
  class space    used 8955K, committed 9344K, reserved 1048576K
}
Event: 1996.112 GC heap after
{Heap after GC invocations=54 (full 5):
 garbage-first heap   total 112640K, used 44068K [0x0000000081800000, 0x0000000100000000)
  region size 1024K, 5 young (5120K), 5 survivors (5120K)
 Metaspace       used 65429K, committed 66176K, reserved 1114112K
  class space    used 8955K, committed 9344K, reserved 1048576K
}
Event: 2034.347 GC heap before
{Heap before GC invocations=54 (full 5):
 garbage-first heap   total 112640K, used 90148K [0x0000000081800000, 0x0000000100000000)
  region size 1024K, 50 young (51200K), 5 survivors (5120K)
 Metaspace       used 66157K, committed 66944K, reserved 1114112K
  class space    used 9053K, committed 9472K, reserved 1048576K
}
Event: 2034.351 GC heap after
{Heap after GC invocations=55 (full 5):
 garbage-first heap   total 135168K, used 46615K [0x0000000081800000, 0x0000000100000000)
  region size 1024K, 5 young (5120K), 5 survivors (5120K)
 Metaspace       used 66157K, committed 66944K, reserved 1114112K
  class space    used 9053K, committed 9472K, reserved 1048576K
}
Event: 2157.009 GC heap before
{Heap before GC invocations=55 (full 5):
 garbage-first heap   total 135168K, used 106007K [0x0000000081800000, 0x0000000100000000)
  region size 1024K, 63 young (64512K), 5 survivors (5120K)
 Metaspace       used 66157K, committed 66944K, reserved 1114112K
  class space    used 9053K, committed 9472K, reserved 1048576K
}
Event: 2157.012 GC heap after
{Heap after GC invocations=56 (full 5):
 garbage-first heap   total 135168K, used 47084K [0x0000000081800000, 0x0000000100000000)
  region size 1024K, 4 young (4096K), 4 survivors (4096K)
 Metaspace       used 66157K, committed 66944K, reserved 1114112K
  class space    used 9053K, committed 9472K, reserved 1048576K
}
Event: 2283.093 GC heap before
{Heap before GC invocations=56 (full 5):
 garbage-first heap   total 135168K, used 107500K [0x0000000081800000, 0x0000000100000000)
  region size 1024K, 63 young (64512K), 4 survivors (4096K)
 Metaspace       used 66157K, committed 66944K, reserved 1114112K
  class space    used 9053K, committed 9472K, reserved 1048576K
}
Event: 2283.096 GC heap after
{Heap after GC invocations=57 (full 5):
 garbage-first heap   total 135168K, used 46900K [0x0000000081800000, 0x0000000100000000)
  region size 1024K, 4 young (4096K), 4 survivors (4096K)
 Metaspace       used 66157K, committed 66944K, reserved 1114112K
  class space    used 9053K, committed 9472K, reserved 1048576K
}
Event: 2311.389 GC heap before
{Heap before GC invocations=57 (full 5):
 garbage-first heap   total 135168K, used 62260K [0x0000000081800000, 0x0000000100000000)
  region size 1024K, 20 young (20480K), 4 survivors (4096K)
 Metaspace       used 66164K, committed 66944K, reserved 1114112K
  class space    used 9054K, committed 9472K, reserved 1048576K
}

Deoptimization events (8 events):
Event: 2.199 Thread 0x00000216b90e3c90 DEOPT PACKING pc=0x00000216a1f150d4 sp=0x000000a8440fcbe0
Event: 2.199 Thread 0x00000216b90e3c90 DEOPT UNPACKING pc=0x00000216a152dece sp=0x000000a8440fc138 mode 0
Event: 4.866 Thread 0x00000216ba9557e0 DEOPT PACKING pc=0x00000216a1e9a097 sp=0x000000a844dfe8c0
Event: 4.866 Thread 0x00000216ba9557e0 DEOPT UNPACKING pc=0x00000216a152dece sp=0x000000a844dfdd18 mode 3
Event: 6.459 Thread 0x00000216b90e3c90 DEOPT PACKING pc=0x00000216a1eef9f2 sp=0x000000a8440fc6f0
Event: 6.459 Thread 0x00000216b90e3c90 DEOPT UNPACKING pc=0x00000216a152dece sp=0x000000a8440fbbf8 mode 3
Event: 6.607 Thread 0x00000216b90e3c90 DEOPT PACKING pc=0x00000216a24a635c sp=0x000000a8440fd570
Event: 6.607 Thread 0x00000216b90e3c90 DEOPT UNPACKING pc=0x00000216a152dece sp=0x000000a8440fcb08 mode 0

Classes unloaded (3 events):
Event: 1018.418 Thread 0x00000216b7d26990 Unloading class 0x00000008014b0000 'org/apache/catalina/loader/JdbcLeakPrevention'
Event: 1652.724 Thread 0x00000216b7d26990 Unloading class 0x00000008014d6800 'org/apache/catalina/loader/JdbcLeakPrevention'
Event: 1994.775 Thread 0x00000216b7d26990 Unloading class 0x00000008014f2000 'org/apache/catalina/loader/JdbcLeakPrevention'

Classes redefined (0 events):
No events

Internal exceptions (20 events):
Event: 2021.081 Thread 0x00000216bb331990 Exception <a 'java/io/IOException'{0x00000000860a41e8}> (0x00000000860a41e8) 
thrown [t:\workspace\open\src\hotspot\share\prims\jni.cpp, line 579]
Event: 2021.081 Thread 0x00000216bb331990 Exception <a 'java/io/IOException'{0x00000000860a5268}> (0x00000000860a5268) 
thrown [t:\workspace\open\src\hotspot\share\prims\jni.cpp, line 579]
Event: 2021.081 Thread 0x00000216bb331990 Exception <a 'java/io/IOException'{0x00000000860a9dd0}> (0x00000000860a9dd0) 
thrown [t:\workspace\open\src\hotspot\share\prims\jni.cpp, line 579]
Event: 2021.081 Thread 0x00000216bb331990 Exception <a 'java/io/IOException'{0x00000000860aae50}> (0x00000000860aae50) 
thrown [t:\workspace\open\src\hotspot\share\prims\jni.cpp, line 579]
Event: 2021.082 Thread 0x00000216bb331990 Exception <a 'java/io/IOException'{0x00000000860ad818}> (0x00000000860ad818) 
thrown [t:\workspace\open\src\hotspot\share\prims\jni.cpp, line 579]
Event: 2021.082 Thread 0x00000216bb331990 Exception <a 'java/io/IOException'{0x00000000860ae898}> (0x00000000860ae898) 
thrown [t:\workspace\open\src\hotspot\share\prims\jni.cpp, line 579]
Event: 2021.082 Thread 0x00000216bb331990 Exception <a 'java/io/IOException'{0x00000000860b14c0}> (0x00000000860b14c0) 
thrown [t:\workspace\open\src\hotspot\share\prims\jni.cpp, line 579]
Event: 2021.082 Thread 0x00000216bb331990 Exception <a 'java/io/IOException'{0x00000000860b2540}> (0x00000000860b2540) 
thrown [t:\workspace\open\src\hotspot\share\prims\jni.cpp, line 579]
Event: 2021.082 Thread 0x00000216bb331990 Exception <a 'java/io/IOException'{0x00000000860b4e58}> (0x00000000860b4e58) 
thrown [t:\workspace\open\src\hotspot\share\prims\jni.cpp, line 579]
Event: 2021.082 Thread 0x00000216bb331990 Exception <a 'java/io/IOException'{0x00000000860b5ed8}> (0x00000000860b5ed8) 
thrown [t:\workspace\open\src\hotspot\share\prims\jni.cpp, line 579]
Event: 2021.083 Thread 0x00000216bb331990 Exception <a 'java/io/IOException'{0x00000000860bea68}> (0x00000000860bea68) 
thrown [t:\workspace\open\src\hotspot\share\prims\jni.cpp, line 579]
Event: 2021.083 Thread 0x00000216bb331990 Exception <a 'java/io/IOException'{0x00000000860bfae8}> (0x00000000860bfae8) 
thrown [t:\workspace\open\src\hotspot\share\prims\jni.cpp, line 579]
Event: 2021.083 Thread 0x00000216bb331990 Exception <a 'java/io/IOException'{0x00000000860c35b0}> (0x00000000860c35b0) 
thrown [t:\workspace\open\src\hotspot\share\prims\jni.cpp, line 579]
Event: 2021.083 Thread 0x00000216bb331990 Exception <a 'java/io/IOException'{0x00000000860c4630}> (0x00000000860c4630) 
thrown [t:\workspace\open\src\hotspot\share\prims\jni.cpp, line 579]
Event: 2311.376 Thread 0x00000216bb32f460 Exception <a 'java/lang/NoSuchMethodError'{0x0000000088d14660}: static Lorg/springframework/security/web/csrf/DefaultCsrfToken;.<clinit>()V> (0x0000000088d14660) 
thrown [t:\workspace\open\src\hotspot\share\prims\jni.cpp, line 1210]
Event: 2311.380 Thread 0x00000216ba956280 Exception <a 'java/lang/InterruptedException'{0x0000000088c276a0}: sleep interrupted> (0x0000000088c276a0) 
thrown [t:\workspace\open\src\hotspot\share\prims\jvm.cpp, line 3305]
Event: 2311.384 Thread 0x00000216bb32f460 Exception <a 'java/io/IOException'{0x0000000088ca6d88}> (0x0000000088ca6d88) 
thrown [t:\workspace\open\src\hotspot\share\prims\jni.cpp, line 579]
Event: 2311.384 Thread 0x00000216bb32f460 Exception <a 'java/io/IOException'{0x0000000088ca70c0}> (0x0000000088ca70c0) 
thrown [t:\workspace\open\src\hotspot\share\prims\jni.cpp, line 579]
Event: 2311.388 Thread 0x00000216bb32f460 Exception <a 'java/io/IOException'{0x0000000088ca91c8}> (0x0000000088ca91c8) 
thrown [t:\workspace\open\src\hotspot\share\prims\jni.cpp, line 579]
Event: 2311.388 Thread 0x00000216bb32f460 Exception <a 'java/io/IOException'{0x0000000088ca9500}> (0x0000000088ca9500) 
thrown [t:\workspace\open\src\hotspot\share\prims\jni.cpp, line 579]

Events (20 events):
Event: 2311.358 Thread 0x00000216ba955290 Thread exited: 0x00000216ba955290
Event: 2311.368 Thread 0x00000216ba954d40 Thread exited: 0x00000216ba954d40
Event: 2311.379 Thread 0x00000216ba957270 Thread exited: 0x00000216ba957270
Event: 2311.380 Thread 0x00000216bb32d480 Thread exited: 0x00000216bb32d480
Event: 2311.380 Thread 0x00000216bb32ef10 Thread exited: 0x00000216bb32ef10
Event: 2311.380 Thread 0x00000216ba9577c0 Thread exited: 0x00000216ba9577c0
Event: 2311.380 Thread 0x00000216bb32c490 Thread exited: 0x00000216bb32c490
Event: 2311.380 Thread 0x00000216bb332430 Thread exited: 0x00000216bb332430
Event: 2311.380 Thread 0x00000216bb331990 Thread exited: 0x00000216bb331990
Event: 2311.380 Thread 0x00000216bb32c9e0 Thread exited: 0x00000216bb32c9e0
Event: 2311.380 Thread 0x00000216bb331440 Thread exited: 0x00000216bb331440
Event: 2311.380 Thread 0x00000216ba9547f0 Thread exited: 0x00000216ba9547f0
Event: 2311.380 Thread 0x00000216ba9567d0 Thread exited: 0x00000216ba9567d0
Event: 2311.380 Thread 0x00000216ba956280 Thread exited: 0x00000216ba956280
Event: 2311.381 Thread 0x00000216ba9557e0 Thread exited: 0x00000216ba9557e0
Event: 2311.381 Thread 0x00000216ba955d30 Thread exited: 0x00000216ba955d30
Event: 2311.384 Thread 0x00000216bb32c490 Thread added: 0x00000216bb32c490
Event: 2311.385 Thread 0x00000216ba956d20 Thread exited: 0x00000216ba956d20
Event: 2311.388 Thread 0x00000216bb32c490 Thread exited: 0x00000216bb32c490
Event: 2311.389 Executing  VM operation: G1CollectFull


Dynamic libraries:
0x00007ff692ff0000 - 0x00007ff693000000 	C:\Program Files\Java\jdk-16.0.1\bin\java.exe
0x00007ffbb3830000 - 0x00007ffbb3a25000 	C:\WINDOWS\SYSTEM32\ntdll.dll
0x00007ffbb2340000 - 0x00007ffbb23fd000 	C:\WINDOWS\System32\KERNEL32.DLL
0x00007ffbb15c0000 - 0x00007ffbb1889000 	C:\WINDOWS\System32\KERNELBASE.dll
0x00007ffbb1230000 - 0x00007ffbb1330000 	C:\WINDOWS\System32\ucrtbase.dll
0x00007ffb91960000 - 0x00007ffb91979000 	C:\Program Files\Java\jdk-16.0.1\bin\VCRUNTIME140.dll
0x00007ffb9b960000 - 0x00007ffb9b978000 	C:\Program Files\Java\jdk-16.0.1\bin\jli.dll
0x00007ffbb2400000 - 0x00007ffbb24ac000 	C:\WINDOWS\System32\ADVAPI32.dll
0x00007ffbb3010000 - 0x00007ffbb30ae000 	C:\WINDOWS\System32\msvcrt.dll
0x00007ffbb24b0000 - 0x00007ffbb254b000 	C:\WINDOWS\System32\sechost.dll
0x00007ffbb18f0000 - 0x00007ffbb1a1a000 	C:\WINDOWS\System32\RPCRT4.dll
0x00007ffbb1d90000 - 0x00007ffbb1f30000 	C:\WINDOWS\System32\USER32.dll
0x00007ffbb13e0000 - 0x00007ffbb1402000 	C:\WINDOWS\System32\win32u.dll
0x00007ffbb2550000 - 0x00007ffbb257a000 	C:\WINDOWS\System32\GDI32.dll
0x00007ffbb0340000 - 0x00007ffbb05da000 	C:\WINDOWS\WinSxS\amd64_microsoft.windows.common-controls_6595b64144ccf1df_6.0.19041.1110_none_60b5254171f9507e\COMCTL32.dll
0x00007ffbb1120000 - 0x00007ffbb122b000 	C:\WINDOWS\System32\gdi32full.dll
0x00007ffbb1460000 - 0x00007ffbb14fd000 	C:\WINDOWS\System32\msvcp_win.dll
0x00007ffbaad90000 - 0x00007ffbaad9a000 	C:\WINDOWS\SYSTEM32\VERSION.dll
0x00007ffbb2010000 - 0x00007ffbb2040000 	C:\WINDOWS\System32\IMM32.DLL
0x00007ffbae4a0000 - 0x00007ffbae4ac000 	C:\Program Files\Java\jdk-16.0.1\bin\vcruntime140_1.dll
0x00007ffb78bd0000 - 0x00007ffb78c61000 	C:\Program Files\Java\jdk-16.0.1\bin\msvcp140.dll
0x00007ffb63280000 - 0x00007ffb63e2b000 	C:\Program Files\Java\jdk-16.0.1\bin\server\jvm.dll
0x00007ffbb1a20000 - 0x00007ffbb1a28000 	C:\WINDOWS\System32\PSAPI.DLL
0x00007ffba3e10000 - 0x00007ffba3e37000 	C:\WINDOWS\SYSTEM32\WINMM.dll
0x00007ffb9d0c0000 - 0x00007ffb9d0c9000 	C:\WINDOWS\SYSTEM32\WSOCK32.dll
0x00007ffbb2d40000 - 0x00007ffbb2dab000 	C:\WINDOWS\System32\WS2_32.dll
0x00007ffbaf1a0000 - 0x00007ffbaf1b2000 	C:\WINDOWS\SYSTEM32\kernel.appcore.dll
0x00007ffbaaf40000 - 0x00007ffbaaf4a000 	C:\Program Files\Java\jdk-16.0.1\bin\jimage.dll
0x00007ffbb07e0000 - 0x00007ffbb09c4000 	C:\WINDOWS\SYSTEM32\DBGHELP.DLL
0x00007ffbb0730000 - 0x00007ffbb075c000 	C:\WINDOWS\SYSTEM32\dbgcore.DLL
0x00007ffbb1530000 - 0x00007ffbb15b3000 	C:\WINDOWS\System32\bcryptPrimitives.dll
0x00007ffbaaaa0000 - 0x00007ffbaaaae000 	C:\Program Files\Java\jdk-16.0.1\bin\instrument.dll
0x00007ffb8c0b0000 - 0x00007ffb8c0d5000 	C:\Program Files\Java\jdk-16.0.1\bin\java.dll
0x00007ffbb30b0000 - 0x00007ffbb37ef000 	C:\WINDOWS\System32\SHELL32.dll
0x00007ffbae920000 - 0x00007ffbaf0b0000 	C:\WINDOWS\SYSTEM32\windows.storage.dll
0x00007ffbb1a30000 - 0x00007ffbb1d85000 	C:\WINDOWS\System32\combase.dll
0x00007ffbb02d0000 - 0x00007ffbb02fc000 	C:\WINDOWS\SYSTEM32\Wldp.dll
0x00007ffbb2290000 - 0x00007ffbb233e000 	C:\WINDOWS\System32\SHCORE.dll
0x00007ffbb2a10000 - 0x00007ffbb2a65000 	C:\WINDOWS\System32\shlwapi.dll
0x00007ffbb0ea0000 - 0x00007ffbb0ebf000 	C:\WINDOWS\SYSTEM32\profapi.dll
0x00007ffb82140000 - 0x00007ffb82158000 	C:\Program Files\Java\jdk-16.0.1\bin\zip.dll
0x00007ffb8dd20000 - 0x00007ffb8dd39000 	C:\Program Files\Java\jdk-16.0.1\bin\net.dll
0x00007ffba4430000 - 0x00007ffba4538000 	C:\WINDOWS\SYSTEM32\WINHTTP.dll
0x00007ffbb0030000 - 0x00007ffbb009a000 	C:\WINDOWS\system32\mswsock.dll
0x00007ffb8bef0000 - 0x00007ffb8bf03000 	C:\Program Files\Java\jdk-16.0.1\bin\nio.dll
0x00007ffb82120000 - 0x00007ffb8213a000 	C:\Program Files\JetBrains\IntelliJ IDEA 2021.1.2\bin\breakgen64.dll
0x00007ffbafd60000 - 0x00007ffbafe2c000 	C:\WINDOWS\SYSTEM32\DNSAPI.dll
0x00007ffbafd20000 - 0x00007ffbafd5b000 	C:\WINDOWS\SYSTEM32\IPHLPAPI.DLL
0x00007ffbb2b40000 - 0x00007ffbb2b48000 	C:\WINDOWS\System32\NSI.dll
0x00007ffba3dd0000 - 0x00007ffba3dda000 	C:\Windows\System32\rasadhlp.dll
0x00007ffba43b0000 - 0x00007ffba442f000 	C:\WINDOWS\System32\fwpuclnt.dll
0x00007ffbb1500000 - 0x00007ffbb1527000 	C:\WINDOWS\System32\bcrypt.dll
0x00007ffb9cd60000 - 0x00007ffb9cd69000 	C:\Program Files\Java\jdk-16.0.1\bin\management.dll
0x00007ffb9c1f0000 - 0x00007ffb9c1fb000 	C:\Program Files\Java\jdk-16.0.1\bin\management_ext.dll
0x00007ffbb0ce0000 - 0x00007ffbb0cf8000 	C:\WINDOWS\SYSTEM32\CRYPTSP.dll
0x00007ffbaf9d0000 - 0x00007ffbafa04000 	C:\WINDOWS\system32\rsaenh.dll
0x00007ffbb0e60000 - 0x00007ffbb0e8e000 	C:\WINDOWS\SYSTEM32\USERENV.dll
0x00007ffbb02c0000 - 0x00007ffbb02cc000 	C:\WINDOWS\SYSTEM32\CRYPTBASE.dll
0x00007ffba9410000 - 0x00007ffba9427000 	C:\WINDOWS\SYSTEM32\dhcpcsvc6.DLL
0x00007ffba9470000 - 0x00007ffba948d000 	C:\WINDOWS\SYSTEM32\dhcpcsvc.DLL
0x00007ffb96e90000 - 0x00007ffb96ea7000 	C:\WINDOWS\system32\napinsp.dll
0x00007ffb96e70000 - 0x00007ffb96e8b000 	C:\WINDOWS\system32\pnrpnsp.dll
0x00007ffb96e50000 - 0x00007ffb96e65000 	C:\WINDOWS\system32\wshbth.dll
0x00007ffbab780000 - 0x00007ffbab79d000 	C:\WINDOWS\system32\NLAapi.dll
0x00007ffb96dc0000 - 0x00007ffb96dd2000 	C:\WINDOWS\System32\winrnr.dll
0x00007ffb9aae0000 - 0x00007ffb9aaee000 	C:\Program Files\Java\jdk-16.0.1\bin\sunmscapi.dll
0x00007ffbb0fc0000 - 0x00007ffbb111f000 	C:\WINDOWS\System32\CRYPT32.dll
0x00007ffbb05e0000 - 0x00007ffbb0607000 	C:\WINDOWS\SYSTEM32\ncrypt.dll
0x00007ffbb0300000 - 0x00007ffbb033b000 	C:\WINDOWS\SYSTEM32\NTASN1.dll
0x00007ffb97420000 - 0x00007ffb97427000 	C:\WINDOWS\system32\wshunix.dll

dbghelp: loaded successfully - version: 4.0.5 - missing functions: none
symbol engine: initialized successfully - sym options: 0x614 - pdb path: .;C:\Program Files\Java\jdk-16.0.1\bin;C:\WINDOWS\SYSTEM32;C:\WINDOWS\WinSxS\amd64_microsoft.windows.common-controls_6595b64144ccf1df_6.0.19041.1110_none_60b5254171f9507e;C:\Program Files\Java\jdk-16.0.1\bin\server;C:\Program Files\JetBrains\IntelliJ IDEA 2021.1.2\bin

VM Arguments:
jvm_args: -XX:TieredStopAtLevel=1 -Xverify:none -Dspring.output.ansi.enabled=always -javaagent:C:\Program Files\JetBrains\IntelliJ IDEA 2021.1.2\lib\idea_rt.jar=61173:C:\Program Files\JetBrains\IntelliJ IDEA 2021.1.2\bin -Dcom.sun.management.jmxremote -Dspring.jmx.enabled=true -Dspring.liveBeansView.mbeanDomain -Dspring.application.admin.enabled=true -Dfile.encoding=UTF-8 
java_command: com.example.booksforgram.BooksforgramApplication
java_class_path (initial): F:\Java-Web\myproject\booksforgram\target\classes;C:\Users\User\.m2\repository\org\springframework\boot\spring-boot-starter-data-jpa\2.5.6\spring-boot-starter-data-jpa-2.5.6.jar;C:\Users\User\.m2\repository\org\springframework\boot\spring-boot-starter-aop\2.5.6\spring-boot-starter-aop-2.5.6.jar;C:\Users\User\.m2\repository\org\aspectj\aspectjweaver\1.9.7\aspectjweaver-1.9.7.jar;C:\Users\User\.m2\repository\org\springframework\boot\spring-boot-starter-jdbc\2.5.6\spring-boot-starter-jdbc-2.5.6.jar;C:\Users\User\.m2\repository\com\zaxxer\HikariCP\4.0.3\HikariCP-4.0.3.jar;C:\Users\User\.m2\repository\org\springframework\spring-jdbc\5.3.12\spring-jdbc-5.3.12.jar;C:\Users\User\.m2\repository\jakarta\transaction\jakarta.transaction-api\1.3.3\jakarta.transaction-api-1.3.3.jar;C:\Users\User\.m2\repository\jakarta\persistence\jakarta.persistence-api\2.2.3\jakarta.persistence-api-2.2.3.jar;C:\Users\User\.m2\repository\org\hibernate\hibernate-core\5.4.32.Final\hibernate-core-5.4.32.Final.jar;C:\Users\User\.m2\repository\org\jboss\logging\jboss-logging\3.4.2.Final\jboss-logging-3.4.2.Final.jar;C:\Users\User\.m2\repository\org\javassist\javassist\3.27.0-GA\javassist-3.27.0-GA.jar;C:\Users\User\.m2\repository\net\bytebuddy\byte-buddy\1.10.22\byte-buddy-1.10.22.jar;C:\Users\User\.m2\repository\antlr\antlr\2.7.7\antlr-2.7.7.jar;C:\Users\User\.m2\repository\org\jboss\jandex\2.2.3.Final\jandex-2.2.3.Final.jar;C:\Users\User\.m2\repository\com\fasterxml\classmate\1.5.1\classmate-1.5.1.jar;C:\Users\User\.m2\repository\org\dom4j\dom4j\2.1.3\dom4j-2.1.3.jar;C:\Users\User\.m2\repository\org\hibernate\common\hibernate-commons-annotations\5.1.2.Final\hibernate-commons-annotations-5.1.2.Final.jar;C:\Users\User\.m2\repository\org\glassfish\jaxb\jaxb-runtime\2.3.5\jaxb-runtime-2.3.5.jar;C:\Users\User\.m2\repository\org\glassfish\jaxb\txw2\2.3.5\txw2-2.3.5.jar;C:\Users\User\.m2\repository\com\sun\istack\istack-commons-runtime\3.0.12\istack-commons-runtime-3.0.12.jar;C
Launcher Type: SUN_STANDARD

[Global flags]
     intx CICompilerCount                          = 4                                         {product} {ergonomic}
     uint ConcGCThreads                            = 2                                         {product} {ergonomic}
     uint G1ConcRefinementThreads                  = 8                                         {product} {ergonomic}
   size_t G1HeapRegionSize                         = 1048576                                   {product} {ergonomic}
    uintx GCDrainStackTargetSize                   = 64                                        {product} {ergonomic}
   size_t InitialHeapSize                          = 134217728                                 {product} {ergonomic}
     bool ManagementServer                         = true                                      {product} {command line}
   size_t MarkStackSize                            = 4194304                                   {product} {ergonomic}
   size_t MaxHeapSize                              = 2122317824                                {product} {ergonomic}
   size_t MaxNewSize                               = 1272971264                                {product} {ergonomic}
   size_t MinHeapDeltaBytes                        = 1048576                                   {product} {ergonomic}
   size_t MinHeapSize                              = 8388608                                   {product} {ergonomic}
    uintx NonNMethodCodeHeapSize                   = 7549744                                {pd product} {ergonomic}
    uintx NonProfiledCodeHeapSize                  = 244108496                              {pd product} {ergonomic}
    uintx ProfiledCodeHeapSize                     = 0                                      {pd product} {ergonomic}
    uintx ReservedCodeCacheSize                    = 251658240                              {pd product} {ergonomic}
     bool SegmentedCodeCache                       = true                                      {product} {ergonomic}
   size_t SoftMaxHeapSize                          = 2122317824                             {manageable} {ergonomic}
     intx TieredStopAtLevel                        = 1                                         {product} {command line}
     bool UseCompressedClassPointers               = true                           {product lp64_product} {ergonomic}
     bool UseCompressedOops                        = true                           {product lp64_product} {ergonomic}
     bool UseG1GC                                  = true                                      {product} {ergonomic}
     bool UseLargePagesIndividualAllocation        = false                                  {pd product} {ergonomic}

Logging:
Log output configuration:
 #0: stdout all=warning uptime,level,tags
 #1: stderr all=off uptime,level,tags

Environment Variables:
PATH=C:\Program Files\Common Files\Oracle\Java\javapath;C:\WINDOWS\system32;C:\WINDOWS;C:\WINDOWS\System32\Wbem;C:\WINDOWS\System32\WindowsPowerShell\v1.0\;C:\WINDOWS\System32\OpenSSH\;C:\Program Files\nodejs\;C:\Program Files\TortoiseGit\bin;C:\Users\User\AppData\Local\Microsoft\WindowsApps;C:\Users\User\AppData\Roaming\npm;C:\Users\User\AppData\Local\Programs\Microsoft VS Code\bin;C:\Users\User\AppData\Local\GitHubDesktop\bin;F:\Java-Web\gradle-6.9.1\bin;
USERNAME=User
OS=Windows_NT
PROCESSOR_IDENTIFIER=Intel64 Family 6 Model 142 Stepping 10, GenuineIntel



---------------  S Y S T E M  ---------------

OS:
 Windows 10 , 64 bit Build 19041 (10.0.19041.1151)
OS uptime: 0 days 3:52 hours

CPU: total 8 (initial active 8) (4 cores per cpu, 2 threads per core) family 6 model 142 stepping 10 microcode 0xea, cx8, cmov, fxsr, ht, mmx, 3dnowpref, sse, sse2, sse3, ssse3, sse4.1, sse4.2, popcnt, lzcnt, tsc, tscinvbit, avx, avx2, aes, erms, clmul, bmi1, bmi2, adx, fma, vzeroupper, clflush, clflushopt

Memory: 4k page, system-wide physical 8089M (914M free)
TotalPageFile size 11033M (AvailPageFile size 2058M)
current process WorkingSet (physical memory assigned to process): 292M, peak: 383M
current process commit charge ("private bytes"): 349M, peak: 456M

vm_info: Java HotSpot(TM) 64-Bit Server VM (16.0.1+9-24) for windows-amd64 JRE (16.0.1+9-24), built on Mar 26 2021 19:31:42 by "mach5one" with MS VC++ 16.7 (VS2019)

END.
