#
# A fatal error has been detected by the Java Runtime Environment:
#
#  EXCEPTION_ACCESS_VIOLATION (0xc0000005) at pc=0x00007ff9ba24dfbf, pid=5172, tid=1636
#
# JRE version: Java(TM) SE Runtime Environment (16.0.1+9) (build 16.0.1+9-24)
# Java VM: Java HotSpot(TM) 64-Bit Server VM (16.0.1+9-24, mixed mode, sharing, tiered, compressed oops, compressed class ptrs, g1 gc, windows-amd64)
# Problematic frame:
# V  [jvm.dll+0x2edfbf]
#
# No core dump will be written. Minidumps are not enabled by default on client versions of Windows
#
# If you would like to submit a bug report, please visit:
#   https://bugreport.java.com/bugreport/crash.jsp
#

---------------  S U M M A R Y ------------

Command Line: -XX:TieredStopAtLevel=1 -Xverify:none -Dspring.output.ansi.enabled=always -javaagent:C:\Program Files\JetBrains\IntelliJ IDEA 2021.1.2\lib\idea_rt.jar=61974:C:\Program Files\JetBrains\IntelliJ IDEA 2021.1.2\bin -Dcom.sun.management.jmxremote -Dspring.jmx.enabled=true -Dspring.liveBeansView.mbeanDomain -Dspring.application.admin.enabled=true -Dfile.encoding=UTF-8 com.example.booksforgram.BooksforgramApplication

Host: Intel(R) Core(TM) i5-8250U CPU @ 1.60GHz, 8 cores, 7G,  Windows 10 , 64 bit Build 19041 (10.0.19041.1151)
Time: Wed Dec  1 18:11:12 2021  Windows 10 , 64 bit Build 19041 (10.0.19041.1151) elapsed time: 5099.110979 seconds (0d 1h 24m 59s)

---------------  T H R E A D  ---------------

Current thread (0x0000019747dc5f90):  GCTaskThread "GC Thread#3" [stack: 0x00000014be600000,0x00000014be700000] [id=1636]

Stack: [0x00000014be600000,0x00000014be700000],  sp=0x00000014be6ff790,  free space=1021k
Native frames: (J=compiled Java code, j=interpreted, Vv=VM code, C=native code)
V  [jvm.dll+0x2edfbf]
V  [jvm.dll+0x2eda5d]
V  [jvm.dll+0x2ed33d]
V  [jvm.dll+0x7f844b]
V  [jvm.dll+0x779b4a]
V  [jvm.dll+0x667666]
C  [ucrtbase.dll+0x21bb2]
C  [KERNEL32.DLL+0x17034]
C  [ntdll.dll+0x52651]


siginfo: EXCEPTION_ACCESS_VIOLATION (0xc0000005), reading address 0x00000009402b9dc0


Register to memory mapping:

RIP=0x00007ff9ba24dfbf jvm.dll
RAX=0x00000009402b9db8 is an unknown value
RBX=0x00000000828b9ec4 is pointing into object: java.util.concurrent.ConcurrentHashMap$Node 
{0x00000000828b9ec0} - klass: 'java/util/concurrent/ConcurrentHashMap$Node'
RCX=0x0000000000000003 is an unknown value
RDX=0x00000000280573b7 is an unknown value
RSP=0x00000014be6ff790 points into unknown readable memory: 0x00000000000001af | af 01 00 00 00 00 00 00
RBP=0x00000000000001b1 is an unknown value
RSI=0x00007ff9b9f60000 jvm.dll
RDI=0x000001974bc0dee0 points into unknown readable memory: 0x00000014bd6fef30 | 30 ef 6f bd 14 00 00 00
R8 =0x0000000000000001 is an unknown value
R9 =0x0000000800000000 is pointing into metadata
R10=0x0000000000000003 is an unknown value
R11=0x0000000800000000 is pointing into metadata
R12=0x0 is NULL
R13=0x00007ff9b9f60000 jvm.dll
R14=0x0000000000000010 is an unknown value
R15=0x000000000000000c is an unknown value


Registers:
RAX=0x00000009402b9db8, RBX=0x00000000828b9ec4, RCX=0x0000000000000003, RDX=0x00000000280573b7
RSP=0x00000014be6ff790, RBP=0x00000000000001b1, RSI=0x00007ff9b9f60000, RDI=0x000001974bc0dee0
R8 =0x0000000000000001, R9 =0x0000000800000000, R10=0x0000000000000003, R11=0x0000000800000000
R12=0x0000000000000000, R13=0x00007ff9b9f60000, R14=0x0000000000000010, R15=0x000000000000000c
RIP=0x00007ff9ba24dfbf, EFLAGS=0x0000000000010206

Top of Stack: (sp=0x00000014be6ff790)
0x00000014be6ff790:   00000000000001af 000000008295e3f0
0x00000014be6ff7a0:   00007ff9b9f60000 00007ff9ba249e2e
0x00000014be6ff7b0:   0000006600000000 0000000000000000
0x00000014be6ff7c0:   0000000082c650b0 0000000000003000
0x00000014be6ff7d0:   0000000000000000 0000000000000000
0x00000014be6ff7e0:   0000000082c670bc 0000019747d56ab0
0x00000014be6ff7f0:   000000000000000c 00000014bd6ff140
0x00000014be6ff800:   00000014bd6fe830 000001974bc0dee0
0x00000014be6ff810:   00007ff9b9f60000 0000000000000010
0x00000014be6ff820:   00000014bd6ff158 00007ff9ba24da5d
0x00000014be6ff830:   0000000000000000 0000054d00000000
0x00000014be6ff840:   0000006700000000 0000054c00000000
0x00000014be6ff850:   0000000082c650b0 0000000000000000
0x00000014be6ff860:   0000019747d56ab0 0000000000000002
0x00000014be6ff870:   00000000000003d8 0000019747d56e88
0x00000014be6ff880:   0000019747d56aa0 00000014bd6fe6d0 

Instructions: (pc=0x00007ff9ba24dfbf)
0x00007ff9ba24debf:   00 4c 39 a7 d0 02 00 00 0f 85 a6 00 00 00 8b af
0x00007ff9ba24decf:   98 00 00 00 8b cd 8b 87 18 01 00 00 2b c8 81 e1
0x00007ff9ba24dedf:   ff ff 01 00 0f 86 61 02 00 00 ff cd 81 e5 ff ff
0x00007ff9ba24deef:   01 00 89 af 98 00 00 00 e8 04 bd 36 00 8b 87 18
0x00007ff9ba24deff:   01 00 00 8b cd 48 8b 9f 98 01 00 00 2b c8 81 e1
0x00007ff9ba24df0f:   ff ff 01 00 8b d5 81 f9 ff ff 01 00 48 8b 1c eb
0x00007ff9ba24df1f:   41 0f 44 cc 85 c9 75 6b 48 8b 87 18 01 00 00 48
0x00007ff9ba24df2f:   8b c8 48 89 84 24 b8 00 00 00 48 c1 e9 20 ff c1
0x00007ff9ba24df3f:   89 ac 24 a8 00 00 00 89 8c 24 ac 00 00 00 3b e8
0x00007ff9ba24df4f:   0f 85 e0 01 00 00 48 c1 e1 20 48 0b ca f0 48 0f
0x00007ff9ba24df5f:   b1 8f 18 01 00 00 0f 85 ca 01 00 00 8b 87 18 01
0x00007ff9ba24df6f:   00 00 eb 1f 48 8d 8f 98 02 00 00 48 83 69 20 01
0x00007ff9ba24df7f:   48 8b 41 20 48 8b 59 38 48 8b 1c c3 75 05 e8 be
0x00007ff9ba24df8f:   b0 f5 ff 44 0f b6 05 e7 98 7e 00 8b 0d a8 30 78
0x00007ff9ba24df9f:   00 4c 8b 0d 99 30 78 00 45 84 c0 74 0d 8b 53 08
0x00007ff9ba24dfaf:   8b c2 48 d3 e0 49 03 c1 eb 06 48 8b 43 08 8b d0
0x00007ff9ba24dfbf:   81 78 08 00 00 00 c0 7d 72 45 84 c0 74 0a 8b c2
0x00007ff9ba24dfcf:   48 d3 e0 49 03 c1 eb 04 48 8b 43 08 48 8b 88 98
0x00007ff9ba24dfdf:   00 00 00 e8 49 61 f0 ff 48 89 44 24 28 48 8b e8
0x00007ff9ba24dfef:   48 85 c0 74 1b 48 8b d0 48 8b cf e8 f1 bd ff ff
0x00007ff9ba24dfff:   84 c0 74 0c 48 8b d5 48 8d 4f 18 e8 81 c3 ff ff
0x00007ff9ba24e00f:   44 38 25 6b 98 7e 00 49 8b c6 49 0f 45 c7 44 39
0x00007ff9ba24e01f:   24 18 0f 8e 99 fe ff ff 45 33 c0 48 8b d3 48 8b
0x00007ff9ba24e02f:   cf e8 bb 04 00 00 e9 86 fe ff ff 45 84 c0 74 0b
0x00007ff9ba24e03f:   44 8b c2 49 d3 e0 4d 03 c1 eb 04 4c 8b 43 08 49
0x00007ff9ba24e04f:   63 40 0c 48 8d 8f b0 05 00 00 48 8b d3 41 ff 94
0x00007ff9ba24e05f:   c5 c0 1b a7 00 44 38 25 1f 9b 7e 00 0f 84 4f fe
0x00007ff9ba24e06f:   ff ff 44 0f b6 05 08 98 7e 00 8b 0d c9 2f 78 00
0x00007ff9ba24e07f:   4c 8b 0d ba 2f 78 00 45 84 c0 74 0d 8b 53 08 8b
0x00007ff9ba24e08f:   c2 48 d3 e0 49 03 c1 eb 06 48 8b 43 08 8b d0 44
0x00007ff9ba24e09f:   39 60 08 7e 20 45 84 c0 74 0a 8b c2 48 d3 e0 49
0x00007ff9ba24e0af:   03 c1 eb 04 48 8b 43 08 80 b8 35 01 00 00 01 0f 


Stack slot to memory mapping:
stack at sp + 0 slots: 0x00000000000001af is an unknown value
stack at sp + 1 slots: 0x000000008295e3f0 is an oop: java.util.concurrent.ConcurrentHashMap$Node 
{0x000000008295e3f0} - klass: 'java/util/concurrent/ConcurrentHashMap$Node'
stack at sp + 2 slots: 0x00007ff9b9f60000 jvm.dll
stack at sp + 3 slots: 0x00007ff9ba249e2e jvm.dll
stack at sp + 4 slots: 0x0000006600000000 is an unknown value
stack at sp + 5 slots: 0x0 is NULL
stack at sp + 6 slots: 0x0000000082c650b0 is an oop: [Ljava.util.concurrent.ConcurrentHashMap$Node; 
{0x0000000082c650b0} - klass: 'java/util/concurrent/ConcurrentHashMap$Node'[]
 - length: 16384
stack at sp + 7 slots: 12288 is a compressed pointer to class: 0x0000000800018000
jdk.internal.reflect.DelegatingClassLoader {0x0000000800018008}


---------------  P R O C E S S  ---------------

Threads class SMR info:
_java_thread_list=0x000001974bb52a80, length=17, elements={
0x0000019746a25ab0, 0x0000019746a26970, 0x0000019746a378b0, 0x0000019746a3a3d0,
0x0000019746a3ccf0, 0x0000019746a3e610, 0x0000019746a424d0, 0x0000019746a6ae40,
0x0000019746a022d0, 0x00000197477fbda0, 0x00000197477fc2c0, 0x0000019747a75b70,
0x0000019747f32490, 0x0000019749c545c0, 0x0000019749c54070, 0x000001974b9b42e0,
0x000001974b9b4d80
}

Java Threads: ( => current thread )
  0x0000019746a25ab0 JavaThread "Reference Handler" daemon [_thread_blocked, id=4504, stack(0x00000014bd700000,0x00000014bd800000)]
  0x0000019746a26970 JavaThread "Finalizer" daemon [_thread_blocked, id=7308, stack(0x00000014bd800000,0x00000014bd900000)]
  0x0000019746a378b0 JavaThread "Signal Dispatcher" daemon [_thread_blocked, id=6364, stack(0x00000014bd900000,0x00000014bda00000)]
  0x0000019746a3a3d0 JavaThread "Attach Listener" daemon [_thread_blocked, id=1188, stack(0x00000014bda00000,0x00000014bdb00000)]
  0x0000019746a3ccf0 JavaThread "Service Thread" daemon [_thread_blocked, id=1016, stack(0x00000014bdb00000,0x00000014bdc00000)]
  0x0000019746a3e610 JavaThread "Monitor Deflation Thread" daemon [_thread_blocked, id=2008, stack(0x00000014bdc00000,0x00000014bdd00000)]
  0x0000019746a424d0 JavaThread "C1 CompilerThread0" daemon [_thread_blocked, id=2224, stack(0x00000014bdd00000,0x00000014bde00000)]
  0x0000019746a6ae40 JavaThread "Sweeper thread" daemon [_thread_blocked, id=9368, stack(0x00000014bde00000,0x00000014bdf00000)]
  0x0000019746a022d0 JavaThread "Common-Cleaner" daemon [_thread_blocked, id=13876, stack(0x00000014bdf00000,0x00000014be000000)]
  0x00000197477fbda0 JavaThread "Monitor Ctrl-Break" daemon [_thread_in_native, id=9132, stack(0x00000014be000000,0x00000014be100000)]
  0x00000197477fc2c0 JavaThread "Notification Thread" daemon [_thread_blocked, id=11268, stack(0x00000014be100000,0x00000014be200000)]
  0x0000019747a75b70 JavaThread "RMI TCP Accept-0" daemon [_thread_in_native, id=12416, stack(0x00000014be200000,0x00000014be300000)]
  0x0000019747f32490 JavaThread "RMI Scheduler(0)" daemon [_thread_blocked, id=14940, stack(0x00000014bf000000,0x00000014bf100000)]
  0x0000019749c545c0 JavaThread "mysql-cj-abandoned-connection-cleanup" daemon [_thread_blocked, id=13540, stack(0x00000014bf500000,0x00000014bf600000)]
  0x0000019749c54070 JavaThread "Live Reload Server" daemon [_thread_in_native, id=3464, stack(0x00000014bfa00000,0x00000014bfb00000)]
  0x000001974b9b42e0 JavaThread "DestroyJavaVM" [_thread_blocked, id=2848, stack(0x00000014bd000000,0x00000014bd100000)]
  0x000001974b9b4d80 JavaThread "Thread-11" [_thread_blocked, id=9312, stack(0x00000014bce00000,0x00000014bcf00000)]

Other Threads:
  0x0000019746a1f020 VMThread "VM Thread" [stack: 0x00000014bd600000,0x00000014bd700000] [id=11896]
  0x0000019728a52ae0 WatcherThread [stack: 0x00000014be300000,0x00000014be400000] [id=13284]
  0x000001972696e790 GCTaskThread "GC Thread#0" [stack: 0x00000014bd100000,0x00000014bd200000] [id=4728]
  0x0000019747dbcd30 GCTaskThread "GC Thread#1" [stack: 0x00000014be400000,0x00000014be500000] [id=9484]
  0x0000019747dbd040 GCTaskThread "GC Thread#2" [stack: 0x00000014be500000,0x00000014be600000] [id=1832]
=>0x0000019747dc5f90 GCTaskThread "GC Thread#3" [stack: 0x00000014be600000,0x00000014be700000] [id=1636]
  0x0000019747dc62a0 GCTaskThread "GC Thread#4" [stack: 0x00000014be700000,0x00000014be800000] [id=8552]
  0x0000019747deeb20 GCTaskThread "GC Thread#5" [stack: 0x00000014be800000,0x00000014be900000] [id=1336]
  0x0000019747def650 GCTaskThread "GC Thread#6" [stack: 0x00000014be900000,0x00000014bea00000] [id=9280]
  0x0000019747d4cec0 GCTaskThread "GC Thread#7" [stack: 0x00000014bea00000,0x00000014beb00000] [id=6888]
  0x0000019728a9eab0 ConcurrentGCThread "G1 Main Marker" [stack: 0x00000014bd200000,0x00000014bd300000] [id=8300]
  0x0000019728a9fbd0 ConcurrentGCThread "G1 Conc#0" [stack: 0x00000014bd300000,0x00000014bd400000] [id=6324]
  0x0000019749563830 ConcurrentGCThread "G1 Conc#1" [stack: 0x00000014bf100000,0x00000014bf200000] [id=11796]
  0x00000197468d0090 ConcurrentGCThread "G1 Refine#0" [stack: 0x00000014bd400000,0x00000014bd500000] [id=11852]
  0x0000019747d4eb10 ConcurrentGCThread "G1 Refine#1" [stack: 0x00000014beb00000,0x00000014bec00000] [id=13452]
  0x0000019747dc71e0 ConcurrentGCThread "G1 Refine#2" [stack: 0x00000014bec00000,0x00000014bed00000] [id=7060]
  0x00000197468d0b10 ConcurrentGCThread "G1 Service" [stack: 0x00000014bd500000,0x00000014bd600000] [id=2168]

Threads with active compile tasks:

VM state: at safepoint (normal execution)

VM Mutex/Monitor currently owned by a thread:  ([mutex/lock_event])
[0x0000019728a4e410] Threads_lock - owner thread: 0x0000019746a1f020
[0x0000019728a4f100] Heap_lock - owner thread: 0x000001974b9b4d80

Heap address: 0x0000000081800000, size: 2024 MB, Compressed Oops mode: 32-bit

CDS archive(s) mapped at: [0x0000000800000000-0x0000000800bb0000-0x0000000800bb0000), size 12255232, SharedBaseAddress: 0x0000000800000000, ArchiveRelocationMode: 0.
Compressed class space mapped at: 0x0000000800c00000-0x0000000840c00000, reserved size: 1073741824
Narrow klass base: 0x0000000800000000, Narrow klass shift: 3, Narrow klass range: 0x100000000

GC Precious Log:
 CPUs: 8 total, 8 available
 Memory: 8089M
 Large Page Support: Disabled
 NUMA Support: Disabled
 Compressed Oops: Enabled (32-bit)
 Heap Region Size: 1M
 Heap Min Capacity: 8M
 Heap Initial Capacity: 128M
 Heap Max Capacity: 2024M
 Pre-touch: Disabled
 Parallel Workers: 8
 Concurrent Workers: 2
 Concurrent Refinement Workers: 8
 Periodic GC: Disabled

Heap:
 garbage-first heap   total 130048K, used 50388K [0x0000000081800000, 0x0000000100000000)
  region size 1024K, 5 young (5120K), 2 survivors (2048K)
 Metaspace       used 66417K, committed 67136K, reserved 1114112K
  class space    used 9192K, committed 9536K, reserved 1048576K

Heap Regions: E=young(eden), S=young(survivor), O=old, HS=humongous(starts), HC=humongous(continues), CS=collection set, F=free, OA=open archive, CA=closed archive, TAMS=top-at-mark-start (previous, next)
|   0|0x0000000081800000, 0x0000000081900000, 0x0000000081900000|100%|HS|  |TAMS 0x0000000081900000, 0x0000000081800000| Untracked 
|   1|0x0000000081900000, 0x0000000081a00000, 0x0000000081a00000|100%| O|  |TAMS 0x0000000081900000, 0x0000000081900000| Untracked 
|   2|0x0000000081a00000, 0x0000000081affff8, 0x0000000081b00000| 99%| O|  |TAMS 0x0000000081a00000, 0x0000000081a00000| Untracked 
|   3|0x0000000081b00000, 0x0000000081bf3350, 0x0000000081c00000| 95%| O|  |TAMS 0x0000000081b00000, 0x0000000081b00000| Untracked 
|   4|0x0000000081c00000, 0x0000000081cfffe8, 0x0000000081d00000| 99%| O|  |TAMS 0x0000000081c00000, 0x0000000081c00000| Untracked 
|   5|0x0000000081d00000, 0x0000000081dffff8, 0x0000000081e00000| 99%| O|  |TAMS 0x0000000081d00000, 0x0000000081d00000| Untracked 
|   6|0x0000000081e00000, 0x0000000081efffe8, 0x0000000081f00000| 99%| O|  |TAMS 0x0000000081e00000, 0x0000000081e00000| Untracked 
|   7|0x0000000081f00000, 0x0000000081fff9e0, 0x0000000082000000| 99%| O|  |TAMS 0x0000000081f00000, 0x0000000081f00000| Untracked 
|   8|0x0000000082000000, 0x00000000820ffff8, 0x0000000082100000| 99%| O|  |TAMS 0x0000000082000000, 0x0000000082000000| Untracked 
|   9|0x0000000082100000, 0x00000000821ff1a8, 0x0000000082200000| 99%| O|  |TAMS 0x0000000082100000, 0x0000000082100000| Untracked 
|  10|0x0000000082200000, 0x00000000822fffc0, 0x0000000082300000| 99%| O|  |TAMS 0x0000000082200000, 0x0000000082200000| Untracked 
|  11|0x0000000082300000, 0x00000000823ffff0, 0x0000000082400000| 99%| O|  |TAMS 0x0000000082300000, 0x0000000082300000| Untracked 
|  12|0x0000000082400000, 0x00000000824ffff8, 0x0000000082500000| 99%| O|  |TAMS 0x0000000082400000, 0x0000000082400000| Untracked 
|  13|0x0000000082500000, 0x0000000082600000, 0x0000000082600000|100%| O|  |TAMS 0x0000000082500000, 0x0000000082500000| Untracked 
|  14|0x0000000082600000, 0x00000000826fffe8, 0x0000000082700000| 99%| O|  |TAMS 0x0000000082600000, 0x0000000082600000| Untracked 
|  15|0x0000000082700000, 0x00000000827fffd8, 0x0000000082800000| 99%| O|  |TAMS 0x0000000082700000, 0x0000000082700000| Untracked 
|  16|0x0000000082800000, 0x00000000828fffe8, 0x0000000082900000| 99%| O|  |TAMS 0x0000000082800000, 0x0000000082800000| Untracked 
|  17|0x0000000082900000, 0x00000000829ffff0, 0x0000000082a00000| 99%| O|  |TAMS 0x0000000082900000, 0x0000000082900000| Untracked 
|  18|0x0000000082a00000, 0x0000000082affff8, 0x0000000082b00000| 99%| O|  |TAMS 0x0000000082a00000, 0x0000000082a00000| Untracked 
|  19|0x0000000082b00000, 0x0000000082bffff0, 0x0000000082c00000| 99%| O|  |TAMS 0x0000000082b00000, 0x0000000082b00000| Untracked 
|  20|0x0000000082c00000, 0x0000000082cfffe8, 0x0000000082d00000| 99%| O|  |TAMS 0x0000000082c00000, 0x0000000082c00000| Untracked 
|  21|0x0000000082d00000, 0x0000000082dfffd8, 0x0000000082e00000| 99%| O|  |TAMS 0x0000000082d00000, 0x0000000082d00000| Untracked 
|  22|0x0000000082e00000, 0x0000000082f00000, 0x0000000082f00000|100%| O|  |TAMS 0x0000000082e00000, 0x0000000082e00000| Untracked 
|  23|0x0000000082f00000, 0x0000000082fffff0, 0x0000000083000000| 99%| O|  |TAMS 0x0000000082f00000, 0x0000000082f00000| Untracked 
|  24|0x0000000083000000, 0x00000000830ffff8, 0x0000000083100000| 99%| O|  |TAMS 0x0000000083000000, 0x0000000083000000| Untracked 
|  25|0x0000000083100000, 0x0000000083200000, 0x0000000083200000|100%| O|  |TAMS 0x0000000083100000, 0x0000000083100000| Untracked 
|  26|0x0000000083200000, 0x00000000832ffff8, 0x0000000083300000| 99%| O|  |TAMS 0x0000000083200000, 0x0000000083200000| Untracked 
|  27|0x0000000083300000, 0x00000000833fed00, 0x0000000083400000| 99%| O|  |TAMS 0x0000000083300000, 0x0000000083300000| Untracked 
|  28|0x0000000083400000, 0x00000000834ffff8, 0x0000000083500000| 99%| O|  |TAMS 0x0000000083400000, 0x0000000083400000| Untracked 
|  29|0x0000000083500000, 0x00000000835fffc8, 0x0000000083600000| 99%| O|  |TAMS 0x0000000083500000, 0x0000000083500000| Untracked 
|  30|0x0000000083600000, 0x00000000836ffff8, 0x0000000083700000| 99%| O|  |TAMS 0x0000000083600000, 0x0000000083600000| Untracked 
|  31|0x0000000083700000, 0x00000000837ffff8, 0x0000000083800000| 99%| O|  |TAMS 0x0000000083700000, 0x0000000083700000| Untracked 
|  32|0x0000000083800000, 0x00000000838fffd0, 0x0000000083900000| 99%| O|  |TAMS 0x0000000083800000, 0x0000000083800000| Untracked 
|  33|0x0000000083900000, 0x00000000839e6be0, 0x0000000083a00000| 90%| O|  |TAMS 0x0000000083900000, 0x0000000083900000| Untracked 
|  34|0x0000000083a00000, 0x0000000083aba1f8, 0x0000000083b00000| 72%| O|  |TAMS 0x0000000083a00000, 0x0000000083a00000| Untracked 
|  35|0x0000000083b00000, 0x0000000083b2f260, 0x0000000083c00000| 18%| O|  |TAMS 0x0000000083b00000, 0x0000000083b00000| Untracked 
|  36|0x0000000083c00000, 0x0000000083c4d188, 0x0000000083d00000| 30%| O|  |TAMS 0x0000000083c00000, 0x0000000083c00000| Untracked 
|  37|0x0000000083d00000, 0x0000000083e00000, 0x0000000083e00000|100%| O|  |TAMS 0x0000000083d00000, 0x0000000083d00000| Untracked 
|  38|0x0000000083e00000, 0x0000000083f00000, 0x0000000083f00000|100%| O|  |TAMS 0x0000000083e00000, 0x0000000083e00000| Untracked 
|  39|0x0000000083f00000, 0x0000000084000000, 0x0000000084000000|100%| O|  |TAMS 0x0000000083f00000, 0x0000000083f00000| Untracked 
|  40|0x0000000084000000, 0x0000000084100000, 0x0000000084100000|100%| O|  |TAMS 0x0000000084000000, 0x0000000084000000| Untracked 
|  41|0x0000000084100000, 0x0000000084200000, 0x0000000084200000|100%| O|  |TAMS 0x0000000084100000, 0x0000000084100000| Untracked 
|  42|0x0000000084200000, 0x0000000084300000, 0x0000000084300000|100%| O|  |TAMS 0x0000000084200000, 0x0000000084200000| Untracked 
|  43|0x0000000084300000, 0x0000000084400000, 0x0000000084400000|100%| O|  |TAMS 0x0000000084300000, 0x0000000084300000| Untracked 
|  44|0x0000000084400000, 0x0000000084500000, 0x0000000084500000|100%| O|  |TAMS 0x0000000084400000, 0x0000000084400000| Untracked 
|  45|0x0000000084500000, 0x0000000084600000, 0x0000000084600000|100%| O|  |TAMS 0x0000000084500000, 0x0000000084500000| Untracked 
|  46|0x0000000084600000, 0x0000000084678800, 0x0000000084700000| 47%| O|  |TAMS 0x0000000084600000, 0x0000000084600000| Untracked 
|  47|0x0000000084700000, 0x0000000084700000, 0x0000000084800000|  0%| F|  |TAMS 0x0000000084700000, 0x0000000084700000| Untracked 
|  48|0x0000000084800000, 0x0000000084800000, 0x0000000084900000|  0%| F|  |TAMS 0x0000000084800000, 0x0000000084800000| Untracked 
|  49|0x0000000084900000, 0x0000000084900000, 0x0000000084a00000|  0%| F|  |TAMS 0x0000000084900000, 0x0000000084900000| Untracked 
|  50|0x0000000084a00000, 0x0000000084a00000, 0x0000000084b00000|  0%| F|  |TAMS 0x0000000084a00000, 0x0000000084a00000| Untracked 
|  51|0x0000000084b00000, 0x0000000084b00000, 0x0000000084c00000|  0%| F|  |TAMS 0x0000000084b00000, 0x0000000084b00000| Untracked 
|  52|0x0000000084c00000, 0x0000000084c00000, 0x0000000084d00000|  0%| F|  |TAMS 0x0000000084c00000, 0x0000000084c00000| Untracked 
|  53|0x0000000084d00000, 0x0000000084d00000, 0x0000000084e00000|  0%| F|  |TAMS 0x0000000084d00000, 0x0000000084d00000| Untracked 
|  54|0x0000000084e00000, 0x0000000084e00000, 0x0000000084f00000|  0%| F|  |TAMS 0x0000000084e00000, 0x0000000084e00000| Untracked 
|  55|0x0000000084f00000, 0x0000000084f00000, 0x0000000085000000|  0%| F|  |TAMS 0x0000000084f00000, 0x0000000084f00000| Untracked 
|  56|0x0000000085000000, 0x0000000085000000, 0x0000000085100000|  0%| F|  |TAMS 0x0000000085000000, 0x0000000085000000| Untracked 
|  57|0x0000000085100000, 0x0000000085100000, 0x0000000085200000|  0%| F|  |TAMS 0x0000000085100000, 0x0000000085100000| Untracked 
|  58|0x0000000085200000, 0x0000000085200000, 0x0000000085300000|  0%| F|  |TAMS 0x0000000085200000, 0x0000000085200000| Untracked 
|  59|0x0000000085300000, 0x0000000085300000, 0x0000000085400000|  0%| F|  |TAMS 0x0000000085300000, 0x0000000085300000| Untracked 
|  60|0x0000000085400000, 0x0000000085400000, 0x0000000085500000|  0%| F|  |TAMS 0x0000000085400000, 0x0000000085400000| Untracked 
|  61|0x0000000085500000, 0x00000000855e9070, 0x0000000085600000| 91%| S|  |TAMS 0x0000000085500000, 0x0000000085500000| Complete 
|  62|0x0000000085600000, 0x0000000085700000, 0x0000000085700000|100%| S|  |TAMS 0x0000000085600000, 0x0000000085600000| Complete 
|  63|0x0000000085700000, 0x0000000085700000, 0x0000000085800000|  0%| F|  |TAMS 0x0000000085700000, 0x0000000085700000| Untracked 
|  64|0x0000000085800000, 0x0000000085800000, 0x0000000085900000|  0%| F|  |TAMS 0x0000000085800000, 0x0000000085800000| Untracked 
|  65|0x0000000085900000, 0x0000000085900000, 0x0000000085a00000|  0%| F|  |TAMS 0x0000000085900000, 0x0000000085900000| Untracked 
|  66|0x0000000085a00000, 0x0000000085a00000, 0x0000000085b00000|  0%| F|  |TAMS 0x0000000085a00000, 0x0000000085a00000| Untracked 
|  67|0x0000000085b00000, 0x0000000085b00000, 0x0000000085c00000|  0%| F|  |TAMS 0x0000000085b00000, 0x0000000085b00000| Untracked 
|  68|0x0000000085c00000, 0x0000000085c00000, 0x0000000085d00000|  0%| F|  |TAMS 0x0000000085c00000, 0x0000000085c00000| Untracked 
|  69|0x0000000085d00000, 0x0000000085d00000, 0x0000000085e00000|  0%| F|  |TAMS 0x0000000085d00000, 0x0000000085d00000| Untracked 
|  70|0x0000000085e00000, 0x0000000085e00000, 0x0000000085f00000|  0%| F|  |TAMS 0x0000000085e00000, 0x0000000085e00000| Untracked 
|  71|0x0000000085f00000, 0x0000000085f00000, 0x0000000086000000|  0%| F|  |TAMS 0x0000000085f00000, 0x0000000085f00000| Untracked 
|  72|0x0000000086000000, 0x0000000086000000, 0x0000000086100000|  0%| F|  |TAMS 0x0000000086000000, 0x0000000086000000| Untracked 
|  73|0x0000000086100000, 0x0000000086100000, 0x0000000086200000|  0%| F|  |TAMS 0x0000000086100000, 0x0000000086100000| Untracked 
|  74|0x0000000086200000, 0x0000000086200000, 0x0000000086300000|  0%| F|  |TAMS 0x0000000086200000, 0x0000000086200000| Untracked 
|  75|0x0000000086300000, 0x0000000086300000, 0x0000000086400000|  0%| F|  |TAMS 0x0000000086300000, 0x0000000086300000| Untracked 
|  76|0x0000000086400000, 0x0000000086400000, 0x0000000086500000|  0%| F|  |TAMS 0x0000000086400000, 0x0000000086400000| Untracked 
|  77|0x0000000086500000, 0x0000000086500000, 0x0000000086600000|  0%| F|  |TAMS 0x0000000086500000, 0x0000000086500000| Untracked 
|  78|0x0000000086600000, 0x0000000086600000, 0x0000000086700000|  0%| F|  |TAMS 0x0000000086600000, 0x0000000086600000| Untracked 
|  79|0x0000000086700000, 0x0000000086700000, 0x0000000086800000|  0%| F|  |TAMS 0x0000000086700000, 0x0000000086700000| Untracked 
|  80|0x0000000086800000, 0x0000000086800000, 0x0000000086900000|  0%| F|  |TAMS 0x0000000086800000, 0x0000000086800000| Untracked 
|  81|0x0000000086900000, 0x0000000086900000, 0x0000000086a00000|  0%| F|  |TAMS 0x0000000086900000, 0x0000000086900000| Untracked 
|  82|0x0000000086a00000, 0x0000000086a00000, 0x0000000086b00000|  0%| F|  |TAMS 0x0000000086a00000, 0x0000000086a00000| Untracked 
|  83|0x0000000086b00000, 0x0000000086b00000, 0x0000000086c00000|  0%| F|  |TAMS 0x0000000086b00000, 0x0000000086b00000| Untracked 
|  84|0x0000000086c00000, 0x0000000086c00000, 0x0000000086d00000|  0%| F|  |TAMS 0x0000000086c00000, 0x0000000086c00000| Untracked 
|  85|0x0000000086d00000, 0x0000000086d00000, 0x0000000086e00000|  0%| F|  |TAMS 0x0000000086d00000, 0x0000000086d00000| Untracked 
|  86|0x0000000086e00000, 0x0000000086e00000, 0x0000000086f00000|  0%| F|  |TAMS 0x0000000086e00000, 0x0000000086e00000| Untracked 
|  87|0x0000000086f00000, 0x0000000086f00000, 0x0000000087000000|  0%| F|  |TAMS 0x0000000086f00000, 0x0000000086f00000| Untracked 
|  88|0x0000000087000000, 0x0000000087000000, 0x0000000087100000|  0%| F|  |TAMS 0x0000000087000000, 0x0000000087000000| Untracked 
|  89|0x0000000087100000, 0x0000000087100000, 0x0000000087200000|  0%| F|  |TAMS 0x0000000087100000, 0x0000000087100000| Untracked 
|  90|0x0000000087200000, 0x0000000087200000, 0x0000000087300000|  0%| F|  |TAMS 0x0000000087200000, 0x0000000087200000| Untracked 
|  91|0x0000000087300000, 0x0000000087300000, 0x0000000087400000|  0%| F|  |TAMS 0x0000000087300000, 0x0000000087300000| Untracked 
|  92|0x0000000087400000, 0x0000000087400000, 0x0000000087500000|  0%| F|  |TAMS 0x0000000087400000, 0x0000000087400000| Untracked 
|  93|0x0000000087500000, 0x0000000087500000, 0x0000000087600000|  0%| F|  |TAMS 0x0000000087500000, 0x0000000087500000| Untracked 
|  94|0x0000000087600000, 0x0000000087600000, 0x0000000087700000|  0%| F|  |TAMS 0x0000000087600000, 0x0000000087600000| Untracked 
|  95|0x0000000087700000, 0x0000000087700000, 0x0000000087800000|  0%| F|  |TAMS 0x0000000087700000, 0x0000000087700000| Untracked 
|  96|0x0000000087800000, 0x0000000087800000, 0x0000000087900000|  0%| F|  |TAMS 0x0000000087800000, 0x0000000087800000| Untracked 
|  97|0x0000000087900000, 0x0000000087900000, 0x0000000087a00000|  0%| F|  |TAMS 0x0000000087900000, 0x0000000087900000| Untracked 
|  98|0x0000000087a00000, 0x0000000087a00000, 0x0000000087b00000|  0%| F|  |TAMS 0x0000000087a00000, 0x0000000087a00000| Untracked 
|  99|0x0000000087b00000, 0x0000000087b00000, 0x0000000087c00000|  0%| F|  |TAMS 0x0000000087b00000, 0x0000000087b00000| Untracked 
| 100|0x0000000087c00000, 0x0000000087c00000, 0x0000000087d00000|  0%| F|  |TAMS 0x0000000087c00000, 0x0000000087c00000| Untracked 
| 101|0x0000000087d00000, 0x0000000087d00000, 0x0000000087e00000|  0%| F|  |TAMS 0x0000000087d00000, 0x0000000087d00000| Untracked 
| 102|0x0000000087e00000, 0x0000000087e00000, 0x0000000087f00000|  0%| F|  |TAMS 0x0000000087e00000, 0x0000000087e00000| Untracked 
| 103|0x0000000087f00000, 0x0000000087f00000, 0x0000000088000000|  0%| F|  |TAMS 0x0000000087f00000, 0x0000000087f00000| Untracked 
| 104|0x0000000088000000, 0x0000000088000000, 0x0000000088100000|  0%| F|  |TAMS 0x0000000088000000, 0x0000000088000000| Untracked 
| 105|0x0000000088100000, 0x0000000088100000, 0x0000000088200000|  0%| F|  |TAMS 0x0000000088100000, 0x0000000088100000| Untracked 
| 106|0x0000000088200000, 0x0000000088200000, 0x0000000088300000|  0%| F|  |TAMS 0x0000000088200000, 0x0000000088200000| Untracked 
| 107|0x0000000088300000, 0x0000000088300000, 0x0000000088400000|  0%| F|  |TAMS 0x0000000088300000, 0x0000000088300000| Untracked 
| 108|0x0000000088400000, 0x0000000088400000, 0x0000000088500000|  0%| F|  |TAMS 0x0000000088400000, 0x0000000088400000| Untracked 
| 109|0x0000000088500000, 0x000000008850a050, 0x0000000088600000|  3%| O|  |TAMS 0x0000000088500000, 0x0000000088500000| Untracked 
| 110|0x0000000088600000, 0x0000000088600000, 0x0000000088700000|  0%| F|  |TAMS 0x0000000088600000, 0x0000000088600000| Untracked 
| 111|0x0000000088700000, 0x0000000088700000, 0x0000000088800000|  0%| F|  |TAMS 0x0000000088700000, 0x0000000088700000| Untracked 
| 112|0x0000000088800000, 0x0000000088800000, 0x0000000088900000|  0%| F|  |TAMS 0x0000000088800000, 0x0000000088800000| Untracked 
| 113|0x0000000088900000, 0x0000000088900000, 0x0000000088a00000|  0%| F|  |TAMS 0x0000000088900000, 0x0000000088900000| Untracked 
| 114|0x0000000088a00000, 0x0000000088a00000, 0x0000000088b00000|  0%| F|  |TAMS 0x0000000088a00000, 0x0000000088a00000| Untracked 
| 115|0x0000000088b00000, 0x0000000088b00000, 0x0000000088c00000|  0%| F|  |TAMS 0x0000000088b00000, 0x0000000088b00000| Untracked 
| 116|0x0000000088c00000, 0x0000000088c00000, 0x0000000088d00000|  0%| F|  |TAMS 0x0000000088c00000, 0x0000000088c00000| Untracked 
| 117|0x0000000088d00000, 0x0000000088d00000, 0x0000000088e00000|  0%| F|  |TAMS 0x0000000088d00000, 0x0000000088d00000| Untracked 
| 118|0x0000000088e00000, 0x0000000088e00000, 0x0000000088f00000|  0%| F|  |TAMS 0x0000000088e00000, 0x0000000088e00000| Untracked 
| 119|0x0000000088f00000, 0x0000000088f00000, 0x0000000089000000|  0%| F|  |TAMS 0x0000000088f00000, 0x0000000088f00000| Untracked 
| 120|0x0000000089000000, 0x0000000089000000, 0x0000000089100000|  0%| F|  |TAMS 0x0000000089000000, 0x0000000089000000| Untracked 
| 122|0x0000000089200000, 0x0000000089200000, 0x0000000089300000|  0%| F|  |TAMS 0x0000000089200000, 0x0000000089200000| Untracked 
| 127|0x0000000089700000, 0x0000000089700000, 0x0000000089800000|  0%| F|  |TAMS 0x0000000089700000, 0x0000000089700000| Untracked 
|2020|0x00000000ffc00000, 0x00000000ffc00000, 0x00000000ffd00000|  0%| F|  |TAMS 0x00000000ffc00000, 0x00000000ffc00000| Untracked 
|2021|0x00000000ffd00000, 0x00000000ffdbbf00, 0x00000000ffe00000| 73%| E|  |TAMS 0x00000000ffd00000, 0x00000000ffd00000| Complete 
|2022|0x00000000ffe00000, 0x00000000fff00000, 0x00000000fff00000|100%| E|  |TAMS 0x00000000ffe00000, 0x00000000ffe00000| Complete 
|2023|0x00000000fff00000, 0x0000000100000000, 0x0000000100000000|100%| E|  |TAMS 0x00000000fff00000, 0x00000000fff00000| Complete 

Card table byte_map: [0x000001973f8f0000,0x000001973fcf0000] _byte_map_base: 0x000001973f4e4000

Marking Bits (Prev, Next): (CMBitMap*) 0x0000019728a8d3d0, (CMBitMap*) 0x0000019728a8d410
 Prev Bits: [0x00000197400f0000, 0x0000019742090000)
 Next Bits: [0x0000019742090000, 0x0000019744030000)

Polling page: 0x00000197269c0000

Metaspace:

Usage:
  Non-class:     55.88 MB used.
      Class:      8.98 MB used.
       Both:     64.86 MB used.

Virtual space:
  Non-class space:       64.00 MB reserved,      56.25 MB ( 88%) committed,  8 nodes.
      Class space:        1.00 GB reserved,       9.31 MB ( <1%) committed,  1 nodes.
              Both:        1.06 GB reserved,      65.56 MB (  6%) committed. 

Chunk freelists:
   Non-Class:  3.65 MB
       Class:  2.70 MB
        Both:  6.35 MB

MaxMetaspaceSize: 17179869184.00 GB
CompressedClassSpaceSize: 1.00 GB
 - commit_granule_bytes: 65536.
 - commit_granule_words: 8192.
 - virtual_space_node_default_size: 1048576.
 - enlarge_chunks_in_place: 1.
 - new_chunks_are_fully_committed: 0.
 - uncommit_free_chunks: 1.
 - use_allocation_guard: 0.
 - handle_deallocations: 1.


Internal statistics:

num_allocs_failed_limit: 12.
num_arena_births: 1070.
num_arena_deaths: 2.
num_vsnodes_births: 9.
num_vsnodes_deaths: 0.
num_space_committed: 1049.
num_space_uncommitted: 0.
num_chunks_returned_to_freelist: 15.
num_chunks_taken_from_freelist: 3748.
num_chunk_merges: 12.
num_chunk_splits: 2495.
num_chunks_enlarged: 1707.
num_purges: 6.

CodeHeap 'non-profiled nmethods': size=238336Kb used=23780Kb max_used=23780Kb free=214555Kb
 bounds [0x0000019730900000, 0x0000019732040000, 0x000001973f1c0000]
CodeHeap 'non-nmethods': size=7424Kb used=1344Kb max_used=1344Kb free=6079Kb
 bounds [0x00000197301c0000, 0x0000019730430000, 0x0000019730900000]
 total_blobs=14655 nmethods=13979 adapters=602
 compilation: enabled
              stopped_count=0, restarted_count=0
 full_count=0

Compilation events (20 events):
Event: 5098.995 Thread 0x0000019746a424d0 13970       1       java.net.InetSocketAddress::checkPort (39 bytes)
Event: 5098.995 Thread 0x0000019746a424d0 nmethod 13970 0x0000019732035910 code [0x0000019732035b00, 0x0000019732035ef8]
Event: 5098.995 Thread 0x0000019746a424d0 13971       1       java.net.InetSocketAddress$InetSocketAddressHolder::<init> (20 bytes)
Event: 5098.995 Thread 0x0000019746a424d0 nmethod 13971 0x0000019732036110 code [0x00000197320362a0, 0x00000197320363f8]
Event: 5099.003 Thread 0x0000019746a424d0 13972       1       java.io.ObjectStreamClass$FieldReflector::getObjFieldValues (99 bytes)
Event: 5099.004 Thread 0x0000019746a424d0 nmethod 13972 0x0000019732036490 code [0x0000019732036680, 0x0000019732036ad8]
Event: 5099.004 Thread 0x0000019746a424d0 13973       1       org.apache.catalina.ContainerEvent::getType (5 bytes)
Event: 5099.004 Thread 0x0000019746a424d0 nmethod 13973 0x0000019732036d90 code [0x0000019732036f20, 0x0000019732036ff8]
Event: 5099.007 Thread 0x0000019746a424d0 13974  s    1       org.apache.tomcat.util.modeler.Registry::getRegistry (48 bytes)
Event: 5099.007 Thread 0x0000019746a424d0 nmethod 13974 0x0000019732037090 code [0x0000019732037260, 0x00000197320375c8]
Event: 5099.007 Thread 0x0000019746a424d0 13975       1       java.lang.invoke.VarHandleInts$FieldInstanceReadWrite::compareAndSet (32 bytes)
Event: 5099.007 Thread 0x0000019746a424d0 nmethod 13975 0x0000019732037710 code [0x00000197320378e0, 0x0000019732037be8]
Event: 5099.014 Thread 0x0000019746a424d0 13977   !   1       org.hibernate.internal.util.collections.BoundedConcurrentHashMap$Segment::clear (73 bytes)
Event: 5099.015 Thread 0x0000019746a424d0 nmethod 13977 0x0000019732038190 code [0x00000197320383a0, 0x0000019732038778]
Event: 5099.015 Thread 0x0000019746a424d0 13978       1       java.util.concurrent.ConcurrentLinkedQueue::lambda$clear$2 (2 bytes)
Event: 5099.015 Thread 0x0000019746a424d0 nmethod 13978 0x0000019732038a10 code [0x0000019732038ba0, 0x0000019732038c58]
Event: 5099.017 Thread 0x0000019746a424d0 13979       1       java.util.concurrent.ThreadPoolExecutor::isRunning (10 bytes)
Event: 5099.017 Thread 0x0000019746a424d0 nmethod 13979 0x0000019732038d10 code [0x0000019732038ea0, 0x0000019732038f58]
Event: 5099.019 Thread 0x0000019746a424d0 13980       1       java.util.concurrent.LinkedBlockingQueue::size (8 bytes)
Event: 5099.019 Thread 0x0000019746a424d0 nmethod 13980 0x0000019732039010 code [0x00000197320391a0, 0x0000019732039278]

GC Heap History (20 events):
Event: 3269.797 GC heap after
{Heap after GC invocations=38 (full 2):
 garbage-first heap   total 130048K, used 46436K [0x0000000081800000, 0x0000000100000000)
  region size 1024K, 3 young (3072K), 3 survivors (3072K)
 Metaspace       used 66148K, committed 66944K, reserved 1114112K
  class space    used 9145K, committed 9536K, reserved 1048576K
}
Event: 3635.068 GC heap before
{Heap before GC invocations=38 (full 2):
 garbage-first heap   total 130048K, used 109924K [0x0000000081800000, 0x0000000100000000)
  region size 1024K, 65 young (66560K), 3 survivors (3072K)
 Metaspace       used 66149K, committed 66944K, reserved 1114112K
  class space    used 9145K, committed 9536K, reserved 1048576K
}
Event: 3635.074 GC heap after
{Heap after GC invocations=39 (full 2):
 garbage-first heap   total 130048K, used 47050K [0x0000000081800000, 0x0000000100000000)
  region size 1024K, 3 young (3072K), 3 survivors (3072K)
 Metaspace       used 66149K, committed 66944K, reserved 1114112K
  class space    used 9145K, committed 9536K, reserved 1048576K
}
Event: 3951.492 GC heap before
{Heap before GC invocations=39 (full 2):
 garbage-first heap   total 130048K, used 110538K [0x0000000081800000, 0x0000000100000000)
  region size 1024K, 65 young (66560K), 3 survivors (3072K)
 Metaspace       used 66149K, committed 66944K, reserved 1114112K
  class space    used 9145K, committed 9536K, reserved 1048576K
}
Event: 3951.496 GC heap after
{Heap after GC invocations=40 (full 2):
 garbage-first heap   total 130048K, used 47050K [0x0000000081800000, 0x0000000100000000)
  region size 1024K, 3 young (3072K), 3 survivors (3072K)
 Metaspace       used 66149K, committed 66944K, reserved 1114112K
  class space    used 9145K, committed 9536K, reserved 1048576K
}
Event: 4033.914 GC heap before
{Heap before GC invocations=40 (full 2):
 garbage-first heap   total 130048K, used 110538K [0x0000000081800000, 0x0000000100000000)
  region size 1024K, 65 young (66560K), 3 survivors (3072K)
 Metaspace       used 66210K, committed 67008K, reserved 1114112K
  class space    used 9153K, committed 9536K, reserved 1048576K
}
Event: 4033.923 GC heap after
{Heap after GC invocations=41 (full 2):
 garbage-first heap   total 130048K, used 47238K [0x0000000081800000, 0x0000000100000000)
  region size 1024K, 4 young (4096K), 4 survivors (4096K)
 Metaspace       used 66210K, committed 67008K, reserved 1114112K
  class space    used 9153K, committed 9536K, reserved 1048576K
}
Event: 4186.033 GC heap before
{Heap before GC invocations=41 (full 2):
 garbage-first heap   total 130048K, used 108678K [0x0000000081800000, 0x0000000100000000)
  region size 1024K, 64 young (65536K), 4 survivors (4096K)
 Metaspace       used 66261K, committed 67008K, reserved 1114112K
  class space    used 9164K, committed 9536K, reserved 1048576K
}
Event: 4186.040 GC heap after
{Heap after GC invocations=42 (full 2):
 garbage-first heap   total 130048K, used 47437K [0x0000000081800000, 0x0000000100000000)
  region size 1024K, 4 young (4096K), 4 survivors (4096K)
 Metaspace       used 66261K, committed 67008K, reserved 1114112K
  class space    used 9164K, committed 9536K, reserved 1048576K
}
Event: 4466.522 GC heap before
{Heap before GC invocations=42 (full 2):
 garbage-first heap   total 130048K, used 108877K [0x0000000081800000, 0x0000000100000000)
  region size 1024K, 64 young (65536K), 4 survivors (4096K)
 Metaspace       used 66269K, committed 67008K, reserved 1114112K
  class space    used 9166K, committed 9536K, reserved 1048576K
}
Event: 4466.526 GC heap after
{Heap after GC invocations=43 (full 2):
 garbage-first heap   total 130048K, used 47469K [0x0000000081800000, 0x0000000100000000)
  region size 1024K, 4 young (4096K), 4 survivors (4096K)
 Metaspace       used 66269K, committed 67008K, reserved 1114112K
  class space    used 9166K, committed 9536K, reserved 1048576K
}
Event: 4646.486 GC heap before
{Heap before GC invocations=43 (full 2):
 garbage-first heap   total 130048K, used 107885K [0x0000000081800000, 0x0000000100000000)
  region size 1024K, 64 young (65536K), 4 survivors (4096K)
 Metaspace       used 66272K, committed 67008K, reserved 1114112K
  class space    used 9167K, committed 9536K, reserved 1048576K
}
Event: 4646.489 GC heap after
{Heap after GC invocations=44 (full 2):
 garbage-first heap   total 130048K, used 47326K [0x0000000081800000, 0x0000000100000000)
  region size 1024K, 4 young (4096K), 4 survivors (4096K)
 Metaspace       used 66272K, committed 67008K, reserved 1114112K
  class space    used 9167K, committed 9536K, reserved 1048576K
}
Event: 4792.077 GC heap before
{Heap before GC invocations=44 (full 2):
 garbage-first heap   total 130048K, used 108766K [0x0000000081800000, 0x0000000100000000)
  region size 1024K, 64 young (65536K), 4 survivors (4096K)
 Metaspace       used 66274K, committed 67008K, reserved 1114112K
  class space    used 9168K, committed 9536K, reserved 1048576K
}
Event: 4792.086 GC heap after
{Heap after GC invocations=45 (full 2):
 garbage-first heap   total 130048K, used 47387K [0x0000000081800000, 0x0000000100000000)
  region size 1024K, 4 young (4096K), 4 survivors (4096K)
 Metaspace       used 66274K, committed 67008K, reserved 1114112K
  class space    used 9168K, committed 9536K, reserved 1048576K
}
Event: 4940.071 GC heap before
{Heap before GC invocations=45 (full 2):
 garbage-first heap   total 130048K, used 108827K [0x0000000081800000, 0x0000000100000000)
  region size 1024K, 64 young (65536K), 4 survivors (4096K)
 Metaspace       used 66294K, committed 67072K, reserved 1114112K
  class space    used 9169K, committed 9536K, reserved 1048576K
}
Event: 4940.076 GC heap after
{Heap after GC invocations=46 (full 2):
 garbage-first heap   total 130048K, used 47520K [0x0000000081800000, 0x0000000100000000)
  region size 1024K, 4 young (4096K), 4 survivors (4096K)
 Metaspace       used 66294K, committed 67072K, reserved 1114112K
  class space    used 9169K, committed 9536K, reserved 1048576K
}
Event: 5096.653 GC heap before
{Heap before GC invocations=46 (full 2):
 garbage-first heap   total 130048K, used 107936K [0x0000000081800000, 0x0000000100000000)
  region size 1024K, 64 young (65536K), 4 survivors (4096K)
 Metaspace       used 66415K, committed 67136K, reserved 1114112K
  class space    used 9192K, committed 9536K, reserved 1048576K
}
Event: 5096.658 GC heap after
{Heap after GC invocations=47 (full 2):
 garbage-first heap   total 130048K, used 47589K [0x0000000081800000, 0x0000000100000000)
  region size 1024K, 2 young (2048K), 2 survivors (2048K)
 Metaspace       used 66415K, committed 67136K, reserved 1114112K
  class space    used 9192K, committed 9536K, reserved 1048576K
}
Event: 5099.025 GC heap before
{Heap before GC invocations=47 (full 2):
 garbage-first heap   total 130048K, used 49637K [0x0000000081800000, 0x0000000100000000)
  region size 1024K, 5 young (5120K), 2 survivors (2048K)
 Metaspace       used 66417K, committed 67136K, reserved 1114112K
  class space    used 9192K, committed 9536K, reserved 1048576K
}

Deoptimization events (8 events):
Event: 2.070 Thread 0x0000019747db9080 DEOPT PACKING pc=0x0000019730bf4954 sp=0x00000014beefcd60
Event: 2.070 Thread 0x0000019747db9080 DEOPT UNPACKING pc=0x000001973020dece sp=0x00000014beefc2b8 mode 0
Event: 3.646 Thread 0x0000019747db9080 DEOPT PACKING pc=0x0000019731054374 sp=0x00000014beefb150
Event: 3.646 Thread 0x0000019747db9080 DEOPT UNPACKING pc=0x000001973020dece sp=0x00000014beefa5d8 mode 0
Event: 4.177 Thread 0x0000019747db9080 DEOPT PACKING pc=0x0000019730bcc372 sp=0x00000014beefbbf0
Event: 4.177 Thread 0x0000019747db9080 DEOPT UNPACKING pc=0x000001973020dece sp=0x00000014beefb0f8 mode 3
Event: 5.309 Thread 0x0000019747db9080 DEOPT PACKING pc=0x000001973126c3dc sp=0x00000014beefd290
Event: 5.309 Thread 0x0000019747db9080 DEOPT UNPACKING pc=0x000001973020dece sp=0x00000014beefc810 mode 0

Classes unloaded (1 events):
Event: 13.119 Thread 0x0000019746a1f020 Unloading class 0x0000000801320400 'jdk/internal/reflect/GeneratedSerializationConstructorAccessor18'

Classes redefined (0 events):
No events

Internal exceptions (20 events):
Event: 1580.241 Thread 0x000001974b9b32f0 Exception <a 'java/lang/reflect/InvocationTargetException'{0x00000000897453a8}> (0x00000000897453a8) 
thrown [t:\workspace\open\src\hotspot\share\runtime\reflection.cpp, line 1157]
Event: 1580.246 Thread 0x000001974b9b32f0 Exception <a 'java/lang/NoClassDefFoundError'{0x0000000089783538}: sun/reflect/Reflection> (0x0000000089783538) 
thrown [t:\workspace\open\src\hotspot\share\classfile\systemDictionary.cpp, line 245]
Event: 1615.977 Thread 0x000001974b9b6d60 Exception <a 'java/lang/ClassNotFoundException'{0x0000000087f6af18}: java/lang/ObjectCustomizer> (0x0000000087f6af18) 
thrown [t:\workspace\open\src\hotspot\share\classfile\systemDictionary.cpp, line 256]
Event: 1615.980 Thread 0x000001974b9b6d60 Exception <a 'java/lang/ClassNotFoundException'{0x0000000087f79000}: com/example/booksforgram/model/entity/BaseEntityCustomizer> (0x0000000087f79000) 
thrown [t:\workspace\open\src\hotspot\share\classfile\systemDictionary.cpp, line 256]
Event: 1615.982 Thread 0x000001974b9b6d60 Exception <a 'java/lang/ClassNotFoundException'{0x0000000087f85700}: com/example/booksforgram/model/entity/CommentCustomizer> (0x0000000087f85700) 
thrown [t:\workspace\open\src\hotspot\share\classfile\systemDictionary.cpp, line 256]
Event: 2167.805 Thread 0x000001974b9b2300 Exception <a 'java/lang/ClassNotFoundException'{0x0000000088f916b8}: java/lang/ObjectCustomizer> (0x0000000088f916b8) 
thrown [t:\workspace\open\src\hotspot\share\classfile\systemDictionary.cpp, line 256]
Event: 2167.811 Thread 0x000001974b9b2300 Exception <a 'java/lang/ClassNotFoundException'{0x0000000088f9f550}: com/example/booksforgram/model/binding/EmailBindingModelCustomizer> (0x0000000088f9f550) 
thrown [t:\workspace\open\src\hotspot\share\classfile\systemDictionary.cpp, line 256]
Event: 4027.956 Thread 0x000001974b9b6d60 Exception <a 'java/lang/ClassNotFoundException'{0x00000000861923c8}: java/lang/ObjectCustomizer> (0x00000000861923c8) 
thrown [t:\workspace\open\src\hotspot\share\classfile\systemDictionary.cpp, line 256]
Event: 4027.959 Thread 0x000001974b9b6d60 Exception <a 'java/lang/ClassNotFoundException'{0x000000008619f010}: org/springframework/security/authentication/AbstractAuthenticationTokenCustomizer> (0x000000008619f010) 
thrown [t:\workspace\open\src\hotspot\share\classfile\systemDictionary.cpp, line 256]
Event: 4027.962 Thread 0x000001974b9b6d60 Exception <a 'java/lang/ClassNotFoundException'{0x00000000861b0898}: org/springframework/security/authentication/UsernamePasswordAuthenticationTokenCustomizer> (0x00000000861b0898) 
thrown [t:\workspace\open\src\hotspot\share\classfile\systemDictionary.cpp, line 256]
Event: 4027.965 Thread 0x000001974b9b6d60 Exception <a 'java/lang/ClassNotFoundException'{0x00000000861c4fc8}: org/springframework/security/core/AuthenticationCustomizer> (0x00000000861c4fc8) 
thrown [t:\workspace\open\src\hotspot\share\classfile\systemDictionary.cpp, line 256]
Event: 4027.967 Thread 0x000001974b9b6d60 Exception <a 'java/lang/ClassNotFoundException'{0x00000000861d1048}: java/security/PrincipalCustomizer> (0x00000000861d1048) 
thrown [t:\workspace\open\src\hotspot\share\classfile\systemDictionary.cpp, line 256]
Event: 4027.970 Thread 0x000001974b9b6d60 Exception <a 'java/lang/ClassNotFoundException'{0x00000000861dc4e0}: org/springframework/security/core/CredentialsContainerCustomizer> (0x00000000861dc4e0) 
thrown [t:\workspace\open\src\hotspot\share\classfile\systemDictionary.cpp, line 256]
Event: 4040.390 Thread 0x000001974b9b2300 Exception <a 'java/lang/ClassNotFoundException'{0x0000000088c7a600}: java/lang/ObjectCustomizer> (0x0000000088c7a600) 
thrown [t:\workspace\open\src\hotspot\share\classfile\systemDictionary.cpp, line 256]
Event: 4040.392 Thread 0x000001974b9b2300 Exception <a 'java/lang/ClassNotFoundException'{0x0000000088c887b0}: com/example/booksforgram/model/binding/AddBookBindingModelCustomizer> (0x0000000088c887b0) 
thrown [t:\workspace\open\src\hotspot\share\classfile\systemDictionary.cpp, line 256]
Event: 4746.732 Thread 0x000001974b9b62c0 Exception <a 'java/io/IOException'{0x0000000086389c80}> (0x0000000086389c80) 
thrown [t:\workspace\open\src\hotspot\share\prims\jni.cpp, line 579]
Event: 4982.753 Thread 0x000001974b9b1860 Exception <a 'java/lang/ClassNotFoundException'{0x0000000087fd7328}: java/lang/ObjectCustomizer> (0x0000000087fd7328) 
thrown [t:\workspace\open\src\hotspot\share\classfile\systemDictionary.cpp, line 256]
Event: 4982.753 Thread 0x000001974b9b1860 Exception <a 'java/lang/ClassNotFoundException'{0x0000000087fe53e8}: com/example/booksforgram/model/entity/BaseEntityCustomizer> (0x0000000087fe53e8) 
thrown [t:\workspace\open\src\hotspot\share\classfile\systemDictionary.cpp, line 256]
Event: 4982.754 Thread 0x000001974b9b1860 Exception <a 'java/lang/ClassNotFoundException'{0x0000000087ff14b0}: com/example/booksforgram/model/entity/BookCustomizer> (0x0000000087ff14b0) 
thrown [t:\workspace\open\src\hotspot\share\classfile\systemDictionary.cpp, line 256]
Event: 5099.008 Thread 0x000001974b9b5820 Exception <a 'java/lang/InterruptedException'{0x00000000ffecddb8}: sleep interrupted> (0x00000000ffecddb8) 
thrown [t:\workspace\open\src\hotspot\share\prims\jvm.cpp, line 3305]

Events (20 events):
Event: 5098.964 Thread 0x000001974b9b1310 Thread exited: 0x000001974b9b1310
Event: 5098.995 Thread 0x000001974b9b2850 Thread exited: 0x000001974b9b2850
Event: 5099.007 Thread 0x000001974b9b5d70 Thread exited: 0x000001974b9b5d70
Event: 5099.007 Thread 0x000001974b9b0870 Thread exited: 0x000001974b9b0870
Event: 5099.007 Thread 0x000001974b9b1860 Thread exited: 0x000001974b9b1860
Event: 5099.007 Thread 0x000001974b9b2300 Thread exited: 0x000001974b9b2300
Event: 5099.007 Thread 0x000001974b9b32f0 Thread exited: 0x000001974b9b32f0
Event: 5099.007 Thread 0x000001974b9afdd0 Thread exited: 0x000001974b9afdd0
Event: 5099.008 Thread 0x000001974b9b1db0 Thread exited: 0x000001974b9b1db0
Event: 5099.008 Thread 0x000001974b9b6d60 Thread exited: 0x000001974b9b6d60
Event: 5099.008 Thread 0x000001974b9b62c0 Thread exited: 0x000001974b9b62c0
Event: 5099.008 Thread 0x000001974b9b72b0 Thread exited: 0x000001974b9b72b0
Event: 5099.008 Thread 0x000001974b9b2da0 Thread exited: 0x000001974b9b2da0
Event: 5099.008 Thread 0x000001974b9b5820 Thread exited: 0x000001974b9b5820
Event: 5099.008 Thread 0x000001974b9b6810 Thread exited: 0x000001974b9b6810
Event: 5099.008 Thread 0x000001974b9af880 Thread exited: 0x000001974b9af880
Event: 5099.017 Thread 0x000001974b9b1310 Thread added: 0x000001974b9b1310
Event: 5099.017 Thread 0x000001974b9b4830 Thread exited: 0x000001974b9b4830
Event: 5099.022 Thread 0x000001974b9b1310 Thread exited: 0x000001974b9b1310
Event: 5099.025 Executing  VM operation: G1CollectFull


Dynamic libraries:
0x00007ff6bf030000 - 0x00007ff6bf040000 	C:\Program Files\Java\jdk-16.0.1\bin\java.exe
0x00007ff9dd610000 - 0x00007ff9dd805000 	C:\WINDOWS\SYSTEM32\ntdll.dll
0x00007ff9dc000000 - 0x00007ff9dc0bd000 	C:\WINDOWS\System32\KERNEL32.DLL
0x00007ff9db290000 - 0x00007ff9db559000 	C:\WINDOWS\System32\KERNELBASE.dll
0x00007ff9db0f0000 - 0x00007ff9db1f0000 	C:\WINDOWS\System32\ucrtbase.dll
0x00007ff9d5e20000 - 0x00007ff9d5e39000 	C:\Program Files\Java\jdk-16.0.1\bin\VCRUNTIME140.dll
0x00007ff9d5e40000 - 0x00007ff9d5e58000 	C:\Program Files\Java\jdk-16.0.1\bin\jli.dll
0x00007ff9dc720000 - 0x00007ff9dc7cc000 	C:\WINDOWS\System32\ADVAPI32.dll
0x00007ff9dc680000 - 0x00007ff9dc71e000 	C:\WINDOWS\System32\msvcrt.dll
0x00007ff9dca20000 - 0x00007ff9dcabb000 	C:\WINDOWS\System32\sechost.dll
0x00007ff9dd3b0000 - 0x00007ff9dd4da000 	C:\WINDOWS\System32\RPCRT4.dll
0x00007ff9dbca0000 - 0x00007ff9dbe40000 	C:\WINDOWS\System32\USER32.dll
0x00007ff9db560000 - 0x00007ff9db582000 	C:\WINDOWS\System32\win32u.dll
0x00007ff9da120000 - 0x00007ff9da3ba000 	C:\WINDOWS\WinSxS\amd64_microsoft.windows.common-controls_6595b64144ccf1df_6.0.19041.1110_none_60b5254171f9507e\COMCTL32.dll
0x00007ff9dd540000 - 0x00007ff9dd56a000 	C:\WINDOWS\System32\GDI32.dll
0x00007ff9daea0000 - 0x00007ff9dafab000 	C:\WINDOWS\System32\gdi32full.dll
0x00007ff9db1f0000 - 0x00007ff9db28d000 	C:\WINDOWS\System32\msvcp_win.dll
0x00007ff9d40a0000 - 0x00007ff9d40aa000 	C:\WINDOWS\SYSTEM32\VERSION.dll
0x00007ff9dc9d0000 - 0x00007ff9dca00000 	C:\WINDOWS\System32\IMM32.DLL
0x00007ff9d5e10000 - 0x00007ff9d5e1c000 	C:\Program Files\Java\jdk-16.0.1\bin\vcruntime140_1.dll
0x00007ff9d5d70000 - 0x00007ff9d5e01000 	C:\Program Files\Java\jdk-16.0.1\bin\msvcp140.dll
0x00007ff9b9f60000 - 0x00007ff9bab0b000 	C:\Program Files\Java\jdk-16.0.1\bin\server\jvm.dll
0x00007ff9dbe50000 - 0x00007ff9dbe58000 	C:\WINDOWS\System32\PSAPI.DLL
0x00007ff9c6ed0000 - 0x00007ff9c6ed9000 	C:\WINDOWS\SYSTEM32\WSOCK32.dll
0x00007ff9ce620000 - 0x00007ff9ce647000 	C:\WINDOWS\SYSTEM32\WINMM.dll
0x00007ff9dbe60000 - 0x00007ff9dbecb000 	C:\WINDOWS\System32\WS2_32.dll
0x00007ff9d8f80000 - 0x00007ff9d8f92000 	C:\WINDOWS\SYSTEM32\kernel.appcore.dll
0x00007ff9d5d60000 - 0x00007ff9d5d6a000 	C:\Program Files\Java\jdk-16.0.1\bin\jimage.dll
0x00007ff9da5c0000 - 0x00007ff9da7a4000 	C:\WINDOWS\SYSTEM32\DBGHELP.DLL
0x00007ff9da510000 - 0x00007ff9da53c000 	C:\WINDOWS\SYSTEM32\dbgcore.DLL
0x00007ff9db060000 - 0x00007ff9db0e3000 	C:\WINDOWS\System32\bcryptPrimitives.dll
0x00007ff9d4e80000 - 0x00007ff9d4e8e000 	C:\Program Files\Java\jdk-16.0.1\bin\instrument.dll
0x00007ff9d5d30000 - 0x00007ff9d5d55000 	C:\Program Files\Java\jdk-16.0.1\bin\java.dll
0x00007ff9dcac0000 - 0x00007ff9dd1ff000 	C:\WINDOWS\System32\SHELL32.dll
0x00007ff9d8700000 - 0x00007ff9d8e90000 	C:\WINDOWS\SYSTEM32\windows.storage.dll
0x00007ff9dc120000 - 0x00007ff9dc475000 	C:\WINDOWS\System32\combase.dll
0x00007ff9da0b0000 - 0x00007ff9da0dc000 	C:\WINDOWS\SYSTEM32\Wldp.dll
0x00007ff9dc5d0000 - 0x00007ff9dc67e000 	C:\WINDOWS\System32\SHCORE.dll
0x00007ff9dd570000 - 0x00007ff9dd5c5000 	C:\WINDOWS\System32\shlwapi.dll
0x00007ff9dac80000 - 0x00007ff9dac9f000 	C:\WINDOWS\SYSTEM32\profapi.dll
0x00007ff9d4920000 - 0x00007ff9d4938000 	C:\Program Files\Java\jdk-16.0.1\bin\zip.dll
0x00007ff9d5d10000 - 0x00007ff9d5d29000 	C:\Program Files\Java\jdk-16.0.1\bin\net.dll
0x00007ff9cfe80000 - 0x00007ff9cff88000 	C:\WINDOWS\SYSTEM32\WINHTTP.dll
0x00007ff9d9e10000 - 0x00007ff9d9e7a000 	C:\WINDOWS\system32\mswsock.dll
0x00007ff9d4960000 - 0x00007ff9d4973000 	C:\Program Files\Java\jdk-16.0.1\bin\nio.dll
0x00007ff9d42e0000 - 0x00007ff9d42fa000 	C:\Program Files\JetBrains\IntelliJ IDEA 2021.1.2\bin\breakgen64.dll
0x00007ff9d9b40000 - 0x00007ff9d9c0c000 	C:\WINDOWS\SYSTEM32\DNSAPI.dll
0x00007ff9d9b00000 - 0x00007ff9d9b3b000 	C:\WINDOWS\SYSTEM32\IPHLPAPI.DLL
0x00007ff9dbe40000 - 0x00007ff9dbe48000 	C:\WINDOWS\System32\NSI.dll
0x00007ff9cea70000 - 0x00007ff9cea7a000 	C:\Windows\System32\rasadhlp.dll
0x00007ff9cfe00000 - 0x00007ff9cfe7f000 	C:\WINDOWS\System32\fwpuclnt.dll
0x00007ff9db640000 - 0x00007ff9db667000 	C:\WINDOWS\System32\bcrypt.dll
0x00007ff9d2310000 - 0x00007ff9d2319000 	C:\Program Files\Java\jdk-16.0.1\bin\management.dll
0x00007ff9d2300000 - 0x00007ff9d230b000 	C:\Program Files\Java\jdk-16.0.1\bin\management_ext.dll
0x00007ff9daac0000 - 0x00007ff9daad8000 	C:\WINDOWS\SYSTEM32\CRYPTSP.dll
0x00007ff9d97b0000 - 0x00007ff9d97e4000 	C:\WINDOWS\system32\rsaenh.dll
0x00007ff9dac40000 - 0x00007ff9dac6e000 	C:\WINDOWS\SYSTEM32\USERENV.dll
0x00007ff9da0a0000 - 0x00007ff9da0ac000 	C:\WINDOWS\SYSTEM32\CRYPTBASE.dll
0x00007ff9d25b0000 - 0x00007ff9d25c7000 	C:\WINDOWS\SYSTEM32\dhcpcsvc6.DLL
0x00007ff9d2820000 - 0x00007ff9d283d000 	C:\WINDOWS\SYSTEM32\dhcpcsvc.DLL
0x00007ff9c18b0000 - 0x00007ff9c18c7000 	C:\WINDOWS\system32\napinsp.dll
0x00007ff9c1890000 - 0x00007ff9c18ab000 	C:\WINDOWS\system32\pnrpnsp.dll
0x00007ff9d4280000 - 0x00007ff9d4295000 	C:\WINDOWS\system32\wshbth.dll
0x00007ff9d5a10000 - 0x00007ff9d5a2d000 	C:\WINDOWS\system32\NLAapi.dll
0x00007ff9c1870000 - 0x00007ff9c1882000 	C:\WINDOWS\System32\winrnr.dll
0x00007ff9d22f0000 - 0x00007ff9d22fe000 	C:\Program Files\Java\jdk-16.0.1\bin\sunmscapi.dll
0x00007ff9dad40000 - 0x00007ff9dae9f000 	C:\WINDOWS\System32\CRYPT32.dll
0x00007ff9da3c0000 - 0x00007ff9da3e7000 	C:\WINDOWS\SYSTEM32\ncrypt.dll
0x00007ff9da0e0000 - 0x00007ff9da11b000 	C:\WINDOWS\SYSTEM32\NTASN1.dll
0x00007ff9d22c0000 - 0x00007ff9d22c7000 	C:\WINDOWS\system32\wshunix.dll

dbghelp: loaded successfully - version: 4.0.5 - missing functions: none
symbol engine: initialized successfully - sym options: 0x614 - pdb path: .;C:\Program Files\Java\jdk-16.0.1\bin;C:\WINDOWS\SYSTEM32;C:\WINDOWS\WinSxS\amd64_microsoft.windows.common-controls_6595b64144ccf1df_6.0.19041.1110_none_60b5254171f9507e;C:\Program Files\Java\jdk-16.0.1\bin\server;C:\Program Files\JetBrains\IntelliJ IDEA 2021.1.2\bin

VM Arguments:
jvm_args: -XX:TieredStopAtLevel=1 -Xverify:none -Dspring.output.ansi.enabled=always -javaagent:C:\Program Files\JetBrains\IntelliJ IDEA 2021.1.2\lib\idea_rt.jar=61974:C:\Program Files\JetBrains\IntelliJ IDEA 2021.1.2\bin -Dcom.sun.management.jmxremote -Dspring.jmx.enabled=true -Dspring.liveBeansView.mbeanDomain -Dspring.application.admin.enabled=true -Dfile.encoding=UTF-8 
java_command: com.example.booksforgram.BooksforgramApplication
java_class_path (initial): F:\Java-Web\myproject\booksforgram\target\classes;C:\Users\User\.m2\repository\org\springframework\boot\spring-boot-starter-data-jpa\2.5.6\spring-boot-starter-data-jpa-2.5.6.jar;C:\Users\User\.m2\repository\org\springframework\boot\spring-boot-starter-aop\2.5.6\spring-boot-starter-aop-2.5.6.jar;C:\Users\User\.m2\repository\org\aspectj\aspectjweaver\1.9.7\aspectjweaver-1.9.7.jar;C:\Users\User\.m2\repository\org\springframework\boot\spring-boot-starter-jdbc\2.5.6\spring-boot-starter-jdbc-2.5.6.jar;C:\Users\User\.m2\repository\com\zaxxer\HikariCP\4.0.3\HikariCP-4.0.3.jar;C:\Users\User\.m2\repository\org\springframework\spring-jdbc\5.3.12\spring-jdbc-5.3.12.jar;C:\Users\User\.m2\repository\jakarta\transaction\jakarta.transaction-api\1.3.3\jakarta.transaction-api-1.3.3.jar;C:\Users\User\.m2\repository\jakarta\persistence\jakarta.persistence-api\2.2.3\jakarta.persistence-api-2.2.3.jar;C:\Users\User\.m2\repository\org\hibernate\hibernate-core\5.4.32.Final\hibernate-core-5.4.32.Final.jar;C:\Users\User\.m2\repository\org\jboss\logging\jboss-logging\3.4.2.Final\jboss-logging-3.4.2.Final.jar;C:\Users\User\.m2\repository\org\javassist\javassist\3.27.0-GA\javassist-3.27.0-GA.jar;C:\Users\User\.m2\repository\net\bytebuddy\byte-buddy\1.10.22\byte-buddy-1.10.22.jar;C:\Users\User\.m2\repository\antlr\antlr\2.7.7\antlr-2.7.7.jar;C:\Users\User\.m2\repository\org\jboss\jandex\2.2.3.Final\jandex-2.2.3.Final.jar;C:\Users\User\.m2\repository\com\fasterxml\classmate\1.5.1\classmate-1.5.1.jar;C:\Users\User\.m2\repository\org\dom4j\dom4j\2.1.3\dom4j-2.1.3.jar;C:\Users\User\.m2\repository\org\hibernate\common\hibernate-commons-annotations\5.1.2.Final\hibernate-commons-annotations-5.1.2.Final.jar;C:\Users\User\.m2\repository\org\glassfish\jaxb\jaxb-runtime\2.3.5\jaxb-runtime-2.3.5.jar;C:\Users\User\.m2\repository\org\glassfish\jaxb\txw2\2.3.5\txw2-2.3.5.jar;C:\Users\User\.m2\repository\com\sun\istack\istack-commons-runtime\3.0.12\istack-commons-runtime-3.0.12.jar;C
Launcher Type: SUN_STANDARD

[Global flags]
     intx CICompilerCount                          = 4                                         {product} {ergonomic}
     uint ConcGCThreads                            = 2                                         {product} {ergonomic}
     uint G1ConcRefinementThreads                  = 8                                         {product} {ergonomic}
   size_t G1HeapRegionSize                         = 1048576                                   {product} {ergonomic}
    uintx GCDrainStackTargetSize                   = 64                                        {product} {ergonomic}
   size_t InitialHeapSize                          = 134217728                                 {product} {ergonomic}
     bool ManagementServer                         = true                                      {product} {command line}
   size_t MarkStackSize                            = 4194304                                   {product} {ergonomic}
   size_t MaxHeapSize                              = 2122317824                                {product} {ergonomic}
   size_t MaxNewSize                               = 1272971264                                {product} {ergonomic}
   size_t MinHeapDeltaBytes                        = 1048576                                   {product} {ergonomic}
   size_t MinHeapSize                              = 8388608                                   {product} {ergonomic}
    uintx NonNMethodCodeHeapSize                   = 7549744                                {pd product} {ergonomic}
    uintx NonProfiledCodeHeapSize                  = 244108496                              {pd product} {ergonomic}
    uintx ProfiledCodeHeapSize                     = 0                                      {pd product} {ergonomic}
    uintx ReservedCodeCacheSize                    = 251658240                              {pd product} {ergonomic}
     bool SegmentedCodeCache                       = true                                      {product} {ergonomic}
   size_t SoftMaxHeapSize                          = 2122317824                             {manageable} {ergonomic}
     intx TieredStopAtLevel                        = 1                                         {product} {command line}
     bool UseCompressedClassPointers               = true                           {product lp64_product} {ergonomic}
     bool UseCompressedOops                        = true                           {product lp64_product} {ergonomic}
     bool UseG1GC                                  = true                                      {product} {ergonomic}
     bool UseLargePagesIndividualAllocation        = false                                  {pd product} {ergonomic}

Logging:
Log output configuration:
 #0: stdout all=warning uptime,level,tags
 #1: stderr all=off uptime,level,tags

Environment Variables:
PATH=C:\Program Files\Common Files\Oracle\Java\javapath;C:\WINDOWS\system32;C:\WINDOWS;C:\WINDOWS\System32\Wbem;C:\WINDOWS\System32\WindowsPowerShell\v1.0\;C:\WINDOWS\System32\OpenSSH\;C:\Program Files\nodejs\;C:\Program Files\TortoiseGit\bin;C:\Users\User\AppData\Local\Microsoft\WindowsApps;C:\Users\User\AppData\Roaming\npm;C:\Users\User\AppData\Local\Programs\Microsoft VS Code\bin;C:\Users\User\AppData\Local\GitHubDesktop\bin;F:\Java-Web\gradle-6.9.1\bin;
USERNAME=User
OS=Windows_NT
PROCESSOR_IDENTIFIER=Intel64 Family 6 Model 142 Stepping 10, GenuineIntel



---------------  S Y S T E M  ---------------

OS:
 Windows 10 , 64 bit Build 19041 (10.0.19041.1151)
OS uptime: 1 days 5:13 hours

CPU: total 8 (initial active 8) (4 cores per cpu, 2 threads per core) family 6 model 142 stepping 10 microcode 0xea, cx8, cmov, fxsr, ht, mmx, 3dnowpref, sse, sse2, sse3, ssse3, sse4.1, sse4.2, popcnt, lzcnt, tsc, tscinvbit, avx, avx2, aes, erms, clmul, bmi1, bmi2, adx, fma, vzeroupper, clflush, clflushopt

Memory: 4k page, system-wide physical 8089M (1801M free)
TotalPageFile size 11545M (AvailPageFile size 2560M)
current process WorkingSet (physical memory assigned to process): 230M, peak: 293M
current process commit charge ("private bytes"): 351M, peak: 351M

vm_info: Java HotSpot(TM) 64-Bit Server VM (16.0.1+9-24) for windows-amd64 JRE (16.0.1+9-24), built on Mar 26 2021 19:31:42 by "mach5one" with MS VC++ 16.7 (VS2019)

END.
