#
# A fatal error has been detected by the Java Runtime Environment:
#
#  EXCEPTION_ACCESS_VIOLATION (0xc0000005) at pc=0x00007ff809fcce93, pid=8532, tid=12316
#
# JRE version: OpenJDK Runtime Environment JBR-11.0.11.9-1341.57-dcevm (11.0.11+9) (build 11.0.11+9-b1341.57)
# Java VM: Dynamic Code Evolution 64-Bit Server VM JBR-11.0.11.9-1341.57-dcevm (11.0.11+9-b1341.57, mixed mode, tiered, compressed oops, g1 gc, windows-amd64)
# Problematic frame:
# V  [jvm.dll+0x19ce93]
#
# No core dump will be written. Minidumps are not enabled by default on client versions of Windows
#
# If you would like to submit a bug report, please visit:
#   https://bugreport.java.com/bugreport/crash.jsp
#

---------------  S U M M A R Y ------------

Command Line: -Djava.rmi.server.hostname=127.0.0.1 -Duser.timezone=UTC -Xmx1011m -Xms128m -Dfile.encoding=UTF-8 com.intellij.database.remote.RemoteJdbcServer com.mysql.cj.jdbc.Driver

Host: Intel(R) Core(TM) i5-8250U CPU @ 1.60GHz, 8 cores, 7G,  Windows 10 , 64 bit Build 19041 (10.0.19041.1151)
Time: Tue Nov  9 13:07:23 2021 Финландия - стандартно време elapsed time: 1205.682589 seconds (0d 0h 20m 5s)

---------------  T H R E A D  ---------------

Current thread (0x0000021b2e26f800):  JavaThread "C2 CompilerThread0" daemon [_thread_in_native, id=12316, stack(0x0000004318700000,0x0000004318800000)]


Current CompileTask:
C2:1205682 3248       4       sun.rmi.transport.StreamRemoteCall::getResultStream (86 bytes)

Stack: [0x0000004318700000,0x0000004318800000],  sp=0x00000043187fbbd0,  free space=1006k
Native frames: (J=compiled Java code, j=interpreted, Vv=VM code, C=native code)
V  [jvm.dll+0x19ce93]
V  [jvm.dll+0x19a276]
V  [jvm.dll+0x1feace]
V  [jvm.dll+0x1fdbb4]
V  [jvm.dll+0x1868cc]
V  [jvm.dll+0x20c3c7]
V  [jvm.dll+0x20ac11]
V  [jvm.dll+0x74a15f]
V  [jvm.dll+0x742c25]
V  [jvm.dll+0x5fcbf6]
C  [ucrtbase.dll+0x21bb2]
C  [KERNEL32.DLL+0x17034]
C  [ntdll.dll+0x52651]


siginfo: EXCEPTION_ACCESS_VIOLATION (0xc0000005), reading address 0x0000021b57c02120


Register to memory mapping:

RIP=0x00007ff809fcce93 jvm.dll
RAX=0x0000021b2eeaa020 points into unknown readable memory: 0x0000000000000000 | 00 00 00 00 00 00 00 00
RBX=0x0000000000000001 is an unknown value
RCX=0x00007ff80a5ff208 jvm.dll
RDX=0x000000000a356040 is an unknown value
RSP=0x00000043187fbbd0 is pointing into the stack for thread: 0x0000021b2e26f800
RBP=0x0000021b2ed8c6f0 points into unknown readable memory: 0xffffffff3f3fffff | ff ff 3f 3f ff ff ff ff
RSI=0x00000043187fc0d0 is pointing into the stack for thread: 0x0000021b2e26f800
RDI=0x0000000000000005 is an unknown value
R8 =
[error occurred during error reporting (printing register info), id 0xc0000005, EXCEPTION_ACCESS_VIOLATION (0xc0000005) at pc=0x00007ff80a10dfb7]

Registers:
RAX=0x0000021b2eeaa020, RBX=0x0000000000000001, RCX=0x00007ff80a5ff208, RDX=0x000000000a356040
RSP=0x00000043187fbbd0, RBP=0x0000021b2ed8c6f0, RSI=0x00000043187fc0d0, RDI=0x0000000000000005
R8 =0x00000000ffffffff, R9 =0x0000000000000000, R10=0x0000021b2ed8c748, R11=0x000000000000021d
R12=0x0000000000000001, R13=0x0000000000000008, R14=0x0000021b2ed8c6b0, R15=0x0000021b2e52b150
RIP=0x00007ff809fcce93, EFLAGS=0x0000000000010297

Top of Stack: (sp=0x00000043187fbbd0)
0x00000043187fbbd0:   0000021b2fc985c0 00000000000003e7
0x00000043187fbbe0:   0000021b31fea4c8 00007ff80a834000
0x00000043187fbbf0:   000002b500000008 0000004300000005
0x00000043187fbc00:   0000021b2e52b150 0000000000000000
0x00000043187fbc10:   0000000000000000 0000000000000000
0x00000043187fbc20:   00000043187fbd30 0000021b2e98fd30
0x00000043187fbc30:   0000021b2e98fd40 0000000000000008
0x00000043187fbc40:   00000000000003d8 00000043187fbd70
0x00000043187fbc50:   0000000000000000 00000043187fc1b8
0x00000043187fbc60:   00000043187fc0d0 00007ff809fca276
0x00000043187fbc70:   00000043187fc0d0 00000043187fbd01
0x00000043187fbc80:   00000043187fc100 0000021bffffffff
0x00000043187fbc90:   00000043187fbd00 0000000000000001
0x00000043187fbca0:   00007ff800000006 0000021b2e98fd30
0x00000043187fbcb0:   0000021b2fc6b010 0000021b2fcee600
0x00000043187fbcc0:   0000021b2fcee600 0000000000106f98 

Instructions: (pc=0x00007ff809fcce93)
0x00007ff809fccd93:   00 00 00 02 00 01 00 4c 8b f8 eb 6a c7 83 94 00
0x00007ff809fccda3:   00 00 04 00 01 00 4c 8b f8 eb 5b c7 83 94 00 00
0x00007ff809fccdb3:   00 08 00 01 00 4c 8b f8 eb 4c c7 83 94 00 00 00
0x00007ff809fccdc3:   10 00 01 00 4c 8b f8 eb 3d 48 8b cd e8 0c 7b 4b
0x00007ff809fccdd3:   00 81 8b 98 00 00 00 20 01 00 00 66 89 83 94 00
0x00007ff809fccde3:   00 00 66 89 83 96 00 00 00 eb 16 ba b6 03 00 00
0x00007ff809fccdf3:   48 8d 0d be fc 6b 00 e8 71 8f 0a 00 e8 5c 96 45
0x00007ff809fcce03:   00 4c 8b 7c 24 30 48 8b b4 24 a0 00 00 00 0f b6
0x00007ff809fcce13:   9c 24 a8 00 00 00 41 83 c8 ff 41 8b 7e 18 89 7c
0x00007ff809fcce23:   24 28 44 89 84 24 b8 00 00 00 84 db 74 2f 49 8b
0x00007ff809fcce33:   06 49 8b ce ff 90 b0 00 00 00 89 84 24 b8 00 00
0x00007ff809fcce43:   00 44 8b c0 83 f8 ff 74 14 8b d0 49 8b ce e8 0a
0x00007ff809fcce53:   9f 38 00 44 8b c0 89 84 24 b8 00 00 00 44 3b e7
0x00007ff809fcce63:   0f 83 8a 02 00 00 41 8b c4 4c 8d 2c c5 00 00 00
0x00007ff809fcce73:   00 0f 1f 40 00 0f 1f 84 00 00 00 00 00 49 8b 46
0x00007ff809fcce83:   08 4a 8b 0c 28 48 8b 86 28 01 00 00 48 63 51 28
0x00007ff809fcce93:   8b 3c 90 85 ff 0f 84 35 02 00 00 84 db 74 11 45
0x00007ff809fccea3:   3b c4 75 0c 49 8b 06 49 8b ce ff 90 d8 00 00 00
0x00007ff809fcceb3:   80 bc 24 b0 00 00 00 00 74 13 80 be 30 01 00 00
0x00007ff809fccec3:   00 74 0a 45 3b 66 38 0f 83 03 02 00 00 48 8b 46
0x00007ff809fcced3:   70 48 8d 1c bf 48 c1 e3 05 41 8b d4 49 8b ce 48
0x00007ff809fccee3:   03 58 20 49 8b 06 ff 90 80 00 00 00 0f b6 94 24
0x00007ff809fccef3:   a8 00 00 00 48 8b e8 84 d2 75 30 49 8b 4e 08 f2
0x00007ff809fccf03:   41 0f 10 4f 08 f2 0f 59 ce 4a 8b 14 29 48 8b 4e
0x00007ff809fccf13:   48 8b 7a 28 48 8b 51 78 48 8b 0c fa f2 0f 10 41
0x00007ff809fccf23:   08 66 0f 2f c1 0f 87 91 00 00 00 48 8d 53 38 45
0x00007ff809fccf33:   33 c0 48 83 c0 54 48 8d 4a 54 48 3b d0 77 05 48
0x00007ff809fccf43:   3b cd 73 4b bf 02 00 00 00 48 8d 42 10 48 8b cd
0x00007ff809fccf53:   48 2b ca 44 8d 47 0e 66 0f 1f 44 00 00 f3 0f 6f
0x00007ff809fccf63:   40 f0 f3 0f 6f 4c 01 f0 48 8d 40 20 66 0f db c8
0x00007ff809fccf73:   f3 0f 7f 48 d0 f3 0f 6f 54 01 e0 f3 0f 6f 40 e0
0x00007ff809fccf83:   66 0f db d0 f3 0f 7f 50 e0 48 83 ef 01 75 ce 4a 


Stack slot to memory mapping:
stack at sp + 0 slots: 0x0000021b2fc985c0 points into unknown readable memory: 0x0000000000000000 | 00 00 00 00 00 00 00 00
stack at sp + 1 slots: 0x00000000000003e7 is an unknown value
stack at sp + 2 slots: 0x0000021b31fea4c8 points into unknown readable memory: 0x0000000000010000 | 00 00 01 00 00 00 00 00
stack at sp + 3 slots: 0x00007ff80a834000 jvm.dll
stack at sp + 4 slots: 0x000002b500000008 is an unknown value
stack at sp + 5 slots: 0x0000004300000005 is an unknown value
stack at sp + 6 slots: 0x0000021b2e52b150 points into unknown readable memory: 0x00007ff80a6783b0 | b0 83 67 0a f8 7f 00 00
stack at sp + 7 slots: 0x0 is NULL


---------------  P R O C E S S  ---------------

Threads class SMR info:
_java_thread_list=0x0000021b2e56f500, length=19, elements={
0x0000021b152c9800, 0x0000021b2d9fa800, 0x0000021b2d9fe000, 0x0000021b2e268000,
0x0000021b2e269000, 0x0000021b2e26a800, 0x0000021b2e26f800, 0x0000021b2e27b800,
0x0000021b2da1e000, 0x0000021b2e3f8000, 0x0000021b2e436800, 0x0000021b2ea05000,
0x0000021b2e82c800, 0x0000021b2e82d000, 0x0000021b2e99b800, 0x0000021b2e9a1000,
0x0000021b2e885000, 0x0000021b2f983800, 0x0000021b3085b800
}

Java Threads: ( => current thread )
  0x0000021b152c9800 JavaThread "main" [_thread_blocked, id=2112, stack(0x0000004317b00000,0x0000004317c00000)]
  0x0000021b2d9fa800 JavaThread "Reference Handler" daemon [_thread_blocked, id=14916, stack(0x0000004318200000,0x0000004318300000)]
  0x0000021b2d9fe000 JavaThread "Finalizer" daemon [_thread_blocked, id=9252, stack(0x0000004318300000,0x0000004318400000)]
  0x0000021b2e268000 JavaThread "Signal Dispatcher" daemon [_thread_blocked, id=14388, stack(0x0000004318400000,0x0000004318500000)]
  0x0000021b2e269000 JavaThread "Attach Listener" daemon [_thread_blocked, id=5044, stack(0x0000004318500000,0x0000004318600000)]
  0x0000021b2e26a800 JavaThread "Service Thread" daemon [_thread_blocked, id=14548, stack(0x0000004318600000,0x0000004318700000)]
=>0x0000021b2e26f800 JavaThread "C2 CompilerThread0" daemon [_thread_in_native, id=12316, stack(0x0000004318700000,0x0000004318800000)]
  0x0000021b2e27b800 JavaThread "C1 CompilerThread0" daemon [_thread_blocked, id=3960, stack(0x0000004318800000,0x0000004318900000)]
  0x0000021b2da1e000 JavaThread "Sweeper thread" daemon [_thread_blocked, id=15212, stack(0x0000004318900000,0x0000004318a00000)]
  0x0000021b2e3f8000 JavaThread "Common-Cleaner" daemon [_thread_blocked, id=7912, stack(0x0000004318b00000,0x0000004318c00000)]
  0x0000021b2e436800 JavaThread "mysql-cj-abandoned-connection-cleanup" daemon [_thread_blocked, id=13048, stack(0x0000004318c00000,0x0000004318d00000)]
  0x0000021b2ea05000 JavaThread "RMI TCP Accept-28792" daemon [_thread_in_native, id=5428, stack(0x0000004318e00000,0x0000004318f00000)]
  0x0000021b2e82c800 JavaThread "RMI TCP Accept-0" daemon [_thread_in_native, id=4776, stack(0x0000004318f00000,0x0000004319000000)]
  0x0000021b2e82d000 JavaThread "RMI Reaper" [_thread_blocked, id=9704, stack(0x0000004319000000,0x0000004319100000)]
  0x0000021b2e99b800 JavaThread "RMI GC Daemon" daemon [_thread_blocked, id=12616, stack(0x0000004319100000,0x0000004319200000)]
  0x0000021b2e9a1000 JavaThread "RMI TCP Connection(1)-127.0.0.1" daemon [_thread_in_native, id=13228, stack(0x0000004319200000,0x0000004319300000)]
  0x0000021b2e885000 JavaThread "RMI Scheduler(0)" daemon [_thread_blocked, id=5828, stack(0x0000004319300000,0x0000004319400000)]
  0x0000021b2f983800 JavaThread "RMI TCP Connection(3)-127.0.0.1" daemon [_thread_in_native, id=14244, stack(0x0000004317800000,0x0000004317900000)]
  0x0000021b3085b800 JavaThread "C2 CompilerThread1" daemon [_thread_in_native, id=480, stack(0x0000004317900000,0x0000004317a00000)]

Other Threads:
  0x0000021b2e220800 VMThread "VM Thread" [stack: 0x0000004318100000,0x0000004318200000] [id=10688]
  0x0000021b2e3f0000 WatcherThread [stack: 0x0000004318a00000,0x0000004318b00000] [id=12024]
  0x0000021b152e2800 GCTaskThread "GC Thread#0" [stack: 0x0000004317c00000,0x0000004317d00000] [id=8208]
  0x0000021b2edd3800 GCTaskThread "GC Thread#1" [stack: 0x0000004319600000,0x0000004319700000] [id=3584]
  0x0000021b2fc29800 GCTaskThread "GC Thread#2" [stack: 0x0000004319700000,0x0000004319800000] [id=9668]
  0x0000021b2ed1b000 GCTaskThread "GC Thread#3" [stack: 0x0000004319800000,0x0000004319900000] [id=12772]
  0x0000021b152ff800 ConcurrentGCThread "G1 Main Marker" [stack: 0x0000004317d00000,0x0000004317e00000] [id=14008]
  0x0000021b15301800 ConcurrentGCThread "G1 Conc#0" [stack: 0x0000004317e00000,0x0000004317f00000] [id=516]
  0x0000021b2f979000 ConcurrentGCThread "G1 Conc#1" [stack: 0x0000004319500000,0x0000004319600000] [id=5376]
  0x0000021b2d844800 ConcurrentGCThread "G1 Refine#0" [stack: 0x0000004317f00000,0x0000004318000000] [id=11216]
  0x0000021b2e4fb800 ConcurrentGCThread "G1 Refine#1" [stack: 0x0000004319900000,0x0000004319a00000] [id=7988]
  0x0000021b2d845800 ConcurrentGCThread "G1 Young RemSet Sampling" [stack: 0x0000004318000000,0x0000004318100000] [id=7600]

Threads with active compile tasks:
C2 CompilerThread01205754 3248       4       sun.rmi.transport.StreamRemoteCall::getResultStream (86 bytes)
C2 CompilerThread11205754 3256   !   4       sun.security.ssl.SSLSocketImpl$AppInputStream::read (645 bytes)

VM state:not at safepoint (normal execution)

VM Mutex/Monitor currently owned by a thread: None

Heap address: 0x00000000c0c00000, size: 1012 MB, Compressed Oops mode: 32-bit
Narrow klass base: 0x0000000000000000, Narrow klass shift: 3
Compressed class space size: 1073741824 Address: 0x0000000100000000

Heap:
 garbage-first heap   total 131072K, used 27899K [0x00000000c0c00000, 0x0000000100000000)
  region size 1024K, 23 young (23552K), 2 survivors (2048K)
 Metaspace       used 23139K, capacity 23758K, committed 23984K, reserved 1071104K
  class space    used 2350K, capacity 2536K, committed 2560K, reserved 1048576K
Heap Regions: E=young(eden), S=young(survivor), O=old, HS=humongous(starts), HC=humongous(continues), CS=collection set, F=free, A=archive, TAMS=top-at-mark-start (previous, next)
|   0|0x00000000c0c00000, 0x00000000c0d00000, 0x00000000c0d00000|100%| O|  |TAMS 0x00000000c0d00000, 0x00000000c0c00000| Untracked 
|   1|0x00000000c0d00000, 0x00000000c0e00000, 0x00000000c0e00000|100%| O|  |TAMS 0x00000000c0e00000, 0x00000000c0d00000| Untracked 
|   2|0x00000000c0e00000, 0x00000000c0f00000, 0x00000000c0f00000|100%| O|  |TAMS 0x00000000c0f00000, 0x00000000c0e00000| Untracked 
|   3|0x00000000c0f00000, 0x00000000c1000000, 0x00000000c1000000|100%| O|  |TAMS 0x00000000c1000000, 0x00000000c0f00000| Untracked 
|   4|0x00000000c1000000, 0x00000000c1100000, 0x00000000c1100000|100%| O|  |TAMS 0x00000000c1100000, 0x00000000c1000000| Untracked 
|   5|0x00000000c1100000, 0x00000000c114b400, 0x00000000c1200000| 29%| O|  |TAMS 0x00000000c114b400, 0x00000000c1100000| Untracked 
|   6|0x00000000c1200000, 0x00000000c1200000, 0x00000000c1300000|  0%| F|  |TAMS 0x00000000c1200000, 0x00000000c1200000| Untracked 
|   7|0x00000000c1300000, 0x00000000c1300000, 0x00000000c1400000|  0%| F|  |TAMS 0x00000000c1300000, 0x00000000c1300000| Untracked 
|   8|0x00000000c1400000, 0x00000000c1400000, 0x00000000c1500000|  0%| F|  |TAMS 0x00000000c1400000, 0x00000000c1400000| Untracked 
|   9|0x00000000c1500000, 0x00000000c1500000, 0x00000000c1600000|  0%| F|  |TAMS 0x00000000c1500000, 0x00000000c1500000| Untracked 
|  10|0x00000000c1600000, 0x00000000c1600000, 0x00000000c1700000|  0%| F|  |TAMS 0x00000000c1600000, 0x00000000c1600000| Untracked 
|  11|0x00000000c1700000, 0x00000000c1700000, 0x00000000c1800000|  0%| F|  |TAMS 0x00000000c1700000, 0x00000000c1700000| Untracked 
|  12|0x00000000c1800000, 0x00000000c1800000, 0x00000000c1900000|  0%| F|  |TAMS 0x00000000c1800000, 0x00000000c1800000| Untracked 
|  13|0x00000000c1900000, 0x00000000c1900000, 0x00000000c1a00000|  0%| F|  |TAMS 0x00000000c1900000, 0x00000000c1900000| Untracked 
|  14|0x00000000c1a00000, 0x00000000c1a00000, 0x00000000c1b00000|  0%| F|  |TAMS 0x00000000c1a00000, 0x00000000c1a00000| Untracked 
|  15|0x00000000c1b00000, 0x00000000c1b00000, 0x00000000c1c00000|  0%| F|  |TAMS 0x00000000c1b00000, 0x00000000c1b00000| Untracked 
|  16|0x00000000c1c00000, 0x00000000c1c00000, 0x00000000c1d00000|  0%| F|  |TAMS 0x00000000c1c00000, 0x00000000c1c00000| Untracked 
|  17|0x00000000c1d00000, 0x00000000c1d00000, 0x00000000c1e00000|  0%| F|  |TAMS 0x00000000c1d00000, 0x00000000c1d00000| Untracked 
|  18|0x00000000c1e00000, 0x00000000c1e00000, 0x00000000c1f00000|  0%| F|  |TAMS 0x00000000c1e00000, 0x00000000c1e00000| Untracked 
|  19|0x00000000c1f00000, 0x00000000c1f00000, 0x00000000c2000000|  0%| F|  |TAMS 0x00000000c1f00000, 0x00000000c1f00000| Untracked 
|  20|0x00000000c2000000, 0x00000000c2000000, 0x00000000c2100000|  0%| F|  |TAMS 0x00000000c2000000, 0x00000000c2000000| Untracked 
|  21|0x00000000c2100000, 0x00000000c2100000, 0x00000000c2200000|  0%| F|  |TAMS 0x00000000c2100000, 0x00000000c2100000| Untracked 
|  22|0x00000000c2200000, 0x00000000c2200000, 0x00000000c2300000|  0%| F|  |TAMS 0x00000000c2200000, 0x00000000c2200000| Untracked 
|  23|0x00000000c2300000, 0x00000000c2300000, 0x00000000c2400000|  0%| F|  |TAMS 0x00000000c2300000, 0x00000000c2300000| Untracked 
|  24|0x00000000c2400000, 0x00000000c2400000, 0x00000000c2500000|  0%| F|  |TAMS 0x00000000c2400000, 0x00000000c2400000| Untracked 
|  25|0x00000000c2500000, 0x00000000c2500000, 0x00000000c2600000|  0%| F|  |TAMS 0x00000000c2500000, 0x00000000c2500000| Untracked 
|  26|0x00000000c2600000, 0x00000000c2600000, 0x00000000c2700000|  0%| F|  |TAMS 0x00000000c2600000, 0x00000000c2600000| Untracked 
|  27|0x00000000c2700000, 0x00000000c2700000, 0x00000000c2800000|  0%| F|  |TAMS 0x00000000c2700000, 0x00000000c2700000| Untracked 
|  28|0x00000000c2800000, 0x00000000c2800000, 0x00000000c2900000|  0%| F|  |TAMS 0x00000000c2800000, 0x00000000c2800000| Untracked 
|  29|0x00000000c2900000, 0x00000000c2900000, 0x00000000c2a00000|  0%| F|  |TAMS 0x00000000c2900000, 0x00000000c2900000| Untracked 
|  30|0x00000000c2a00000, 0x00000000c2a00000, 0x00000000c2b00000|  0%| F|  |TAMS 0x00000000c2a00000, 0x00000000c2a00000| Untracked 
|  31|0x00000000c2b00000, 0x00000000c2b00000, 0x00000000c2c00000|  0%| F|  |TAMS 0x00000000c2b00000, 0x00000000c2b00000| Untracked 
|  32|0x00000000c2c00000, 0x00000000c2c00000, 0x00000000c2d00000|  0%| F|  |TAMS 0x00000000c2c00000, 0x00000000c2c00000| Untracked 
|  33|0x00000000c2d00000, 0x00000000c2d00000, 0x00000000c2e00000|  0%| F|  |TAMS 0x00000000c2d00000, 0x00000000c2d00000| Untracked 
|  34|0x00000000c2e00000, 0x00000000c2e00000, 0x00000000c2f00000|  0%| F|  |TAMS 0x00000000c2e00000, 0x00000000c2e00000| Untracked 
|  35|0x00000000c2f00000, 0x00000000c2f00000, 0x00000000c3000000|  0%| F|  |TAMS 0x00000000c2f00000, 0x00000000c2f00000| Untracked 
|  36|0x00000000c3000000, 0x00000000c3000000, 0x00000000c3100000|  0%| F|  |TAMS 0x00000000c3000000, 0x00000000c3000000| Untracked 
|  37|0x00000000c3100000, 0x00000000c3100000, 0x00000000c3200000|  0%| F|  |TAMS 0x00000000c3100000, 0x00000000c3100000| Untracked 
|  38|0x00000000c3200000, 0x00000000c3200000, 0x00000000c3300000|  0%| F|  |TAMS 0x00000000c3200000, 0x00000000c3200000| Untracked 
|  39|0x00000000c3300000, 0x00000000c3300000, 0x00000000c3400000|  0%| F|  |TAMS 0x00000000c3300000, 0x00000000c3300000| Untracked 
|  40|0x00000000c3400000, 0x00000000c3400000, 0x00000000c3500000|  0%| F|  |TAMS 0x00000000c3400000, 0x00000000c3400000| Untracked 
|  41|0x00000000c3500000, 0x00000000c3500000, 0x00000000c3600000|  0%| F|  |TAMS 0x00000000c3500000, 0x00000000c3500000| Untracked 
|  42|0x00000000c3600000, 0x00000000c3600000, 0x00000000c3700000|  0%| F|  |TAMS 0x00000000c3600000, 0x00000000c3600000| Untracked 
|  43|0x00000000c3700000, 0x00000000c3700000, 0x00000000c3800000|  0%| F|  |TAMS 0x00000000c3700000, 0x00000000c3700000| Untracked 
|  44|0x00000000c3800000, 0x00000000c3800000, 0x00000000c3900000|  0%| F|  |TAMS 0x00000000c3800000, 0x00000000c3800000| Untracked 
|  45|0x00000000c3900000, 0x00000000c3900000, 0x00000000c3a00000|  0%| F|  |TAMS 0x00000000c3900000, 0x00000000c3900000| Untracked 
|  46|0x00000000c3a00000, 0x00000000c3a00000, 0x00000000c3b00000|  0%| F|  |TAMS 0x00000000c3a00000, 0x00000000c3a00000| Untracked 
|  47|0x00000000c3b00000, 0x00000000c3b00000, 0x00000000c3c00000|  0%| F|  |TAMS 0x00000000c3b00000, 0x00000000c3b00000| Untracked 
|  48|0x00000000c3c00000, 0x00000000c3c00000, 0x00000000c3d00000|  0%| F|  |TAMS 0x00000000c3c00000, 0x00000000c3c00000| Untracked 
|  49|0x00000000c3d00000, 0x00000000c3d00000, 0x00000000c3e00000|  0%| F|  |TAMS 0x00000000c3d00000, 0x00000000c3d00000| Untracked 
|  50|0x00000000c3e00000, 0x00000000c3e00000, 0x00000000c3f00000|  0%| F|  |TAMS 0x00000000c3e00000, 0x00000000c3e00000| Untracked 
|  51|0x00000000c3f00000, 0x00000000c3f00000, 0x00000000c4000000|  0%| F|  |TAMS 0x00000000c3f00000, 0x00000000c3f00000| Untracked 
|  52|0x00000000c4000000, 0x00000000c4000000, 0x00000000c4100000|  0%| F|  |TAMS 0x00000000c4000000, 0x00000000c4000000| Untracked 
|  53|0x00000000c4100000, 0x00000000c4100000, 0x00000000c4200000|  0%| F|  |TAMS 0x00000000c4100000, 0x00000000c4100000| Untracked 
|  54|0x00000000c4200000, 0x00000000c4200000, 0x00000000c4300000|  0%| F|  |TAMS 0x00000000c4200000, 0x00000000c4200000| Untracked 
|  55|0x00000000c4300000, 0x00000000c4300000, 0x00000000c4400000|  0%| F|  |TAMS 0x00000000c4300000, 0x00000000c4300000| Untracked 
|  56|0x00000000c4400000, 0x00000000c4400000, 0x00000000c4500000|  0%| F|  |TAMS 0x00000000c4400000, 0x00000000c4400000| Untracked 
|  57|0x00000000c4500000, 0x00000000c4500000, 0x00000000c4600000|  0%| F|  |TAMS 0x00000000c4500000, 0x00000000c4500000| Untracked 
|  58|0x00000000c4600000, 0x00000000c4600000, 0x00000000c4700000|  0%| F|  |TAMS 0x00000000c4600000, 0x00000000c4600000| Untracked 
|  59|0x00000000c4700000, 0x00000000c4700000, 0x00000000c4800000|  0%| F|  |TAMS 0x00000000c4700000, 0x00000000c4700000| Untracked 
|  60|0x00000000c4800000, 0x00000000c4800000, 0x00000000c4900000|  0%| F|  |TAMS 0x00000000c4800000, 0x00000000c4800000| Untracked 
|  61|0x00000000c4900000, 0x00000000c4900000, 0x00000000c4a00000|  0%| F|  |TAMS 0x00000000c4900000, 0x00000000c4900000| Untracked 
|  62|0x00000000c4a00000, 0x00000000c4a00000, 0x00000000c4b00000|  0%| F|  |TAMS 0x00000000c4a00000, 0x00000000c4a00000| Untracked 
|  63|0x00000000c4b00000, 0x00000000c4b00000, 0x00000000c4c00000|  0%| F|  |TAMS 0x00000000c4b00000, 0x00000000c4b00000| Untracked 
|  64|0x00000000c4c00000, 0x00000000c4c00000, 0x00000000c4d00000|  0%| F|  |TAMS 0x00000000c4c00000, 0x00000000c4c00000| Untracked 
|  65|0x00000000c4d00000, 0x00000000c4d00000, 0x00000000c4e00000|  0%| F|  |TAMS 0x00000000c4d00000, 0x00000000c4d00000| Untracked 
|  66|0x00000000c4e00000, 0x00000000c4e00000, 0x00000000c4f00000|  0%| F|  |TAMS 0x00000000c4e00000, 0x00000000c4e00000| Untracked 
|  67|0x00000000c4f00000, 0x00000000c4f00000, 0x00000000c5000000|  0%| F|  |TAMS 0x00000000c4f00000, 0x00000000c4f00000| Untracked 
|  68|0x00000000c5000000, 0x00000000c5000000, 0x00000000c5100000|  0%| F|  |TAMS 0x00000000c5000000, 0x00000000c5000000| Untracked 
|  69|0x00000000c5100000, 0x00000000c5100000, 0x00000000c5200000|  0%| F|  |TAMS 0x00000000c5100000, 0x00000000c5100000| Untracked 
|  70|0x00000000c5200000, 0x00000000c5200000, 0x00000000c5300000|  0%| F|  |TAMS 0x00000000c5200000, 0x00000000c5200000| Untracked 
|  71|0x00000000c5300000, 0x00000000c5300000, 0x00000000c5400000|  0%| F|  |TAMS 0x00000000c5300000, 0x00000000c5300000| Untracked 
|  72|0x00000000c5400000, 0x00000000c5400000, 0x00000000c5500000|  0%| F|  |TAMS 0x00000000c5400000, 0x00000000c5400000| Untracked 
|  73|0x00000000c5500000, 0x00000000c5500000, 0x00000000c5600000|  0%| F|  |TAMS 0x00000000c5500000, 0x00000000c5500000| Untracked 
|  74|0x00000000c5600000, 0x00000000c5600000, 0x00000000c5700000|  0%| F|  |TAMS 0x00000000c5600000, 0x00000000c5600000| Untracked 
|  75|0x00000000c5700000, 0x00000000c57f3b30, 0x00000000c5800000| 95%| S|CS|TAMS 0x00000000c5700000, 0x00000000c5700000| Complete 
|  76|0x00000000c5800000, 0x00000000c5900000, 0x00000000c5900000|100%| S|CS|TAMS 0x00000000c5800000, 0x00000000c5800000| Complete 
|  77|0x00000000c5900000, 0x00000000c5900000, 0x00000000c5a00000|  0%| F|  |TAMS 0x00000000c5900000, 0x00000000c5900000| Untracked 
|  78|0x00000000c5a00000, 0x00000000c5a00000, 0x00000000c5b00000|  0%| F|  |TAMS 0x00000000c5a00000, 0x00000000c5a00000| Untracked 
|  79|0x00000000c5b00000, 0x00000000c5b00000, 0x00000000c5c00000|  0%| F|  |TAMS 0x00000000c5b00000, 0x00000000c5b00000| Untracked 
|  80|0x00000000c5c00000, 0x00000000c5c00000, 0x00000000c5d00000|  0%| F|  |TAMS 0x00000000c5c00000, 0x00000000c5c00000| Untracked 
|  81|0x00000000c5d00000, 0x00000000c5d00000, 0x00000000c5e00000|  0%| F|  |TAMS 0x00000000c5d00000, 0x00000000c5d00000| Untracked 
|  82|0x00000000c5e00000, 0x00000000c5e00000, 0x00000000c5f00000|  0%| F|  |TAMS 0x00000000c5e00000, 0x00000000c5e00000| Untracked 
|  83|0x00000000c5f00000, 0x00000000c5f00000, 0x00000000c6000000|  0%| F|  |TAMS 0x00000000c5f00000, 0x00000000c5f00000| Untracked 
|  84|0x00000000c6000000, 0x00000000c6000000, 0x00000000c6100000|  0%| F|  |TAMS 0x00000000c6000000, 0x00000000c6000000| Untracked 
|  85|0x00000000c6100000, 0x00000000c6100000, 0x00000000c6200000|  0%| F|  |TAMS 0x00000000c6100000, 0x00000000c6100000| Untracked 
|  86|0x00000000c6200000, 0x00000000c6200000, 0x00000000c6300000|  0%| F|  |TAMS 0x00000000c6200000, 0x00000000c6200000| Untracked 
|  87|0x00000000c6300000, 0x00000000c6300000, 0x00000000c6400000|  0%| F|  |TAMS 0x00000000c6300000, 0x00000000c6300000| Untracked 
|  88|0x00000000c6400000, 0x00000000c6400000, 0x00000000c6500000|  0%| F|  |TAMS 0x00000000c6400000, 0x00000000c6400000| Untracked 
|  89|0x00000000c6500000, 0x00000000c6500000, 0x00000000c6600000|  0%| F|  |TAMS 0x00000000c6500000, 0x00000000c6500000| Untracked 
|  90|0x00000000c6600000, 0x00000000c6600000, 0x00000000c6700000|  0%| F|  |TAMS 0x00000000c6600000, 0x00000000c6600000| Untracked 
|  91|0x00000000c6700000, 0x00000000c6700000, 0x00000000c6800000|  0%| F|  |TAMS 0x00000000c6700000, 0x00000000c6700000| Untracked 
|  92|0x00000000c6800000, 0x00000000c6800000, 0x00000000c6900000|  0%| F|  |TAMS 0x00000000c6800000, 0x00000000c6800000| Untracked 
|  93|0x00000000c6900000, 0x00000000c6900000, 0x00000000c6a00000|  0%| F|  |TAMS 0x00000000c6900000, 0x00000000c6900000| Untracked 
|  94|0x00000000c6a00000, 0x00000000c6a00000, 0x00000000c6b00000|  0%| F|  |TAMS 0x00000000c6a00000, 0x00000000c6a00000| Untracked 
|  95|0x00000000c6b00000, 0x00000000c6b00000, 0x00000000c6c00000|  0%| F|  |TAMS 0x00000000c6b00000, 0x00000000c6b00000| Untracked 
|  96|0x00000000c6c00000, 0x00000000c6c00000, 0x00000000c6d00000|  0%| F|  |TAMS 0x00000000c6c00000, 0x00000000c6c00000| Untracked 
|  97|0x00000000c6d00000, 0x00000000c6d00000, 0x00000000c6e00000|  0%| F|  |TAMS 0x00000000c6d00000, 0x00000000c6d00000| Untracked 
|  98|0x00000000c6e00000, 0x00000000c6e00000, 0x00000000c6f00000|  0%| F|  |TAMS 0x00000000c6e00000, 0x00000000c6e00000| Untracked 
|  99|0x00000000c6f00000, 0x00000000c6f00000, 0x00000000c7000000|  0%| F|  |TAMS 0x00000000c6f00000, 0x00000000c6f00000| Untracked 
| 100|0x00000000c7000000, 0x00000000c7000000, 0x00000000c7100000|  0%| F|  |TAMS 0x00000000c7000000, 0x00000000c7000000| Untracked 
| 101|0x00000000c7100000, 0x00000000c7100000, 0x00000000c7200000|  0%| F|  |TAMS 0x00000000c7100000, 0x00000000c7100000| Untracked 
| 102|0x00000000c7200000, 0x00000000c7200000, 0x00000000c7300000|  0%| F|  |TAMS 0x00000000c7200000, 0x00000000c7200000| Untracked 
| 103|0x00000000c7300000, 0x00000000c7300000, 0x00000000c7400000|  0%| F|  |TAMS 0x00000000c7300000, 0x00000000c7300000| Untracked 
| 104|0x00000000c7400000, 0x00000000c7400000, 0x00000000c7500000|  0%| F|  |TAMS 0x00000000c7400000, 0x00000000c7400000| Untracked 
| 105|0x00000000c7500000, 0x00000000c7500000, 0x00000000c7600000|  0%| F|  |TAMS 0x00000000c7500000, 0x00000000c7500000| Untracked 
| 106|0x00000000c7600000, 0x00000000c7600000, 0x00000000c7700000|  0%| F|  |TAMS 0x00000000c7600000, 0x00000000c7600000| Untracked 
| 107|0x00000000c7700000, 0x00000000c776b590, 0x00000000c7800000| 41%| E|  |TAMS 0x00000000c7700000, 0x00000000c7700000| Complete 
| 108|0x00000000c7800000, 0x00000000c7900000, 0x00000000c7900000|100%| E|CS|TAMS 0x00000000c7800000, 0x00000000c7800000| Complete 
| 109|0x00000000c7900000, 0x00000000c7a00000, 0x00000000c7a00000|100%| E|CS|TAMS 0x00000000c7900000, 0x00000000c7900000| Complete 
| 110|0x00000000c7a00000, 0x00000000c7b00000, 0x00000000c7b00000|100%| E|CS|TAMS 0x00000000c7a00000, 0x00000000c7a00000| Complete 
| 111|0x00000000c7b00000, 0x00000000c7c00000, 0x00000000c7c00000|100%| E|CS|TAMS 0x00000000c7b00000, 0x00000000c7b00000| Complete 
| 112|0x00000000c7c00000, 0x00000000c7d00000, 0x00000000c7d00000|100%| E|CS|TAMS 0x00000000c7c00000, 0x00000000c7c00000| Complete 
| 113|0x00000000c7d00000, 0x00000000c7e00000, 0x00000000c7e00000|100%| E|CS|TAMS 0x00000000c7d00000, 0x00000000c7d00000| Complete 
| 114|0x00000000c7e00000, 0x00000000c7f00000, 0x00000000c7f00000|100%| E|CS|TAMS 0x00000000c7e00000, 0x00000000c7e00000| Complete 
| 115|0x00000000c7f00000, 0x00000000c8000000, 0x00000000c8000000|100%| E|CS|TAMS 0x00000000c7f00000, 0x00000000c7f00000| Complete 
| 116|0x00000000c8000000, 0x00000000c8100000, 0x00000000c8100000|100%| E|CS|TAMS 0x00000000c8000000, 0x00000000c8000000| Complete 
| 117|0x00000000c8100000, 0x00000000c8200000, 0x00000000c8200000|100%| E|CS|TAMS 0x00000000c8100000, 0x00000000c8100000| Complete 
| 118|0x00000000c8200000, 0x00000000c8300000, 0x00000000c8300000|100%| E|CS|TAMS 0x00000000c8200000, 0x00000000c8200000| Complete 
| 119|0x00000000c8300000, 0x00000000c8400000, 0x00000000c8400000|100%| E|CS|TAMS 0x00000000c8300000, 0x00000000c8300000| Complete 
| 120|0x00000000c8400000, 0x00000000c8500000, 0x00000000c8500000|100%| E|CS|TAMS 0x00000000c8400000, 0x00000000c8400000| Complete 
| 121|0x00000000c8500000, 0x00000000c8600000, 0x00000000c8600000|100%| E|CS|TAMS 0x00000000c8500000, 0x00000000c8500000| Complete 
| 122|0x00000000c8600000, 0x00000000c8700000, 0x00000000c8700000|100%| E|CS|TAMS 0x00000000c8600000, 0x00000000c8600000| Complete 
| 123|0x00000000c8700000, 0x00000000c8800000, 0x00000000c8800000|100%| E|CS|TAMS 0x00000000c8700000, 0x00000000c8700000| Complete 
| 124|0x00000000c8800000, 0x00000000c8900000, 0x00000000c8900000|100%| E|CS|TAMS 0x00000000c8800000, 0x00000000c8800000| Complete 
| 125|0x00000000c8900000, 0x00000000c8a00000, 0x00000000c8a00000|100%| E|CS|TAMS 0x00000000c8900000, 0x00000000c8900000| Complete 
| 126|0x00000000c8a00000, 0x00000000c8b00000, 0x00000000c8b00000|100%| E|CS|TAMS 0x00000000c8a00000, 0x00000000c8a00000| Complete 
| 127|0x00000000c8b00000, 0x00000000c8c00000, 0x00000000c8c00000|100%| E|CS|TAMS 0x00000000c8b00000, 0x00000000c8b00000| Complete 

Card table byte_map: [0x0000021b28b90000,0x0000021b28d90000] _byte_map_base: 0x0000021b2858a000

Marking Bits (Prev, Next): (CMBitMap*) 0x0000021b152faa40, (CMBitMap*) 0x0000021b152faa08
 Prev Bits: [0x0000021b29f60000, 0x0000021b2af30000)
 Next Bits: [0x0000021b28f90000, 0x0000021b29f60000)

Polling page: 0x0000021b18f00000

Metaspace:

Usage:
  Non-class:     20.72 MB capacity,    20.30 MB ( 98%) used,   376.01 KB (  2%) free+waste,    57.38 KB ( <1%) overhead. 
      Class:      2.48 MB capacity,     2.30 MB ( 93%) used,   159.92 KB (  6%) free+waste,    25.31 KB ( <1%) overhead. 
       Both:     23.20 MB capacity,    22.60 MB ( 97%) used,   535.93 KB (  2%) free+waste,    82.69 KB ( <1%) overhead. 

Virtual space:
  Non-class space:       22.00 MB reserved,      20.92 MB ( 95%) committed 
      Class space:        1.00 GB reserved,       2.50 MB ( <1%) committed 
             Both:        1.02 GB reserved,      23.42 MB (  2%) committed 

Chunk freelists:
   Non-Class:  10.00 KB
       Class:  0 bytes
        Both:  10.00 KB

MaxMetaspaceSize: 17179869184.00 GB
CompressedClassSpaceSize: 1.00 GB

CodeHeap 'non-profiled nmethods': size=120000Kb used=1667Kb max_used=1667Kb free=118333Kb
 bounds [0x0000021b209f0000, 0x0000021b20c60000, 0x0000021b27f20000]
CodeHeap 'profiled nmethods': size=120000Kb used=7247Kb max_used=7247Kb free=112752Kb
 bounds [0x0000021b194c0000, 0x0000021b19be0000, 0x0000021b209f0000]
CodeHeap 'non-nmethods': size=5760Kb used=1151Kb max_used=1223Kb free=4608Kb
 bounds [0x0000021b18f20000, 0x0000021b19190000, 0x0000021b194c0000]
 total_blobs=3760 nmethods=3274 adapters=397
 compilation: enabled
              stopped_count=0, restarted_count=0
 full_count=0

Compilation events (20 events):
Event: 1205.650 Thread 0x0000021b2e27b800 3264       3       java.rmi.server.ObjID$$Lambda$36/0x00000001000f5840::run (4 bytes)
Event: 1205.650 Thread 0x0000021b2e27b800 nmethod 3264 0x0000021b19bbc890 code [0x0000021b19bbcac0, 0x0000021b19bbd098]
Event: 1205.651 Thread 0x0000021b2e27b800 3265       3       java.rmi.server.ObjID::lambda$useRandomIDs$0 (6 bytes)
Event: 1205.651 Thread 0x0000021b2e27b800 nmethod 3265 0x0000021b19bbd310 code [0x0000021b19bbd520, 0x0000021b19bbda78]
Event: 1205.651 Thread 0x0000021b2e27b800 3266       3       sun.rmi.server.Util$1::run (5 bytes)
Event: 1205.652 Thread 0x0000021b2e27b800 nmethod 3266 0x0000021b19bbdc90 code [0x0000021b19bbde60, 0x0000021b19bbe128]
Event: 1205.652 Thread 0x0000021b2e27b800 3267       3       sun.rmi.server.Util$1::run (19 bytes)
Event: 1205.652 Thread 0x0000021b2e27b800 nmethod 3267 0x0000021b19bbe210 code [0x0000021b19bbe420, 0x0000021b19bbe958]
Event: 1205.652 Thread 0x0000021b2e27b800 3268       3       java.lang.reflect.Proxy::newProxyInstance (35 bytes)
Event: 1205.652 Thread 0x0000021b2e27b800 nmethod 3268 0x0000021b19bbeb10 code [0x0000021b19bbed20, 0x0000021b19bbf0b8]
Event: 1205.653 Thread 0x0000021b2e27b800 3269       3       java.lang.reflect.Proxy::getProxyConstructor (92 bytes)
Event: 1205.654 Thread 0x0000021b2e27b800 nmethod 3269 0x0000021b19bbf290 code [0x0000021b19bbf5a0, 0x0000021b19bc0c98]
Event: 1205.654 Thread 0x0000021b2e27b800 3271   !   3       java.lang.reflect.Proxy::newProxyInstance (75 bytes)
Event: 1205.655 Thread 0x0000021b3085b800 nmethod 3258 0x0000021b20b8db90 code [0x0000021b20b8dd60, 0x0000021b20b8e378]
Event: 1205.655 Thread 0x0000021b2e27b800 nmethod 3271 0x0000021b19bc1210 code [0x0000021b19bc14c0, 0x0000021b19bc2238]
Event: 1205.655 Thread 0x0000021b3085b800 3261       4       java.lang.reflect.Constructor::newInstance (76 bytes)
Event: 1205.655 Thread 0x0000021b2e27b800 3272       3       java.rmi.server.ObjID::<init> (52 bytes)
Event: 1205.656 Thread 0x0000021b2e27b800 nmethod 3272 0x0000021b19bc2910 code [0x0000021b19bc2b60, 0x0000021b19bc3428]
Event: 1205.656 Thread 0x0000021b2e27b800 3273       3       com.mysql.cj.protocol.a.result.ResultsetRowsStatic::isBeforeFirst (26 bytes)
Event: 1205.656 Thread 0x0000021b2e27b800 nmethod 3273 0x0000021b19bc3690 code [0x0000021b19bc3860, 0x0000021b19bc3ac8]

GC Heap History (8 events):
Event: 1.014 GC heap before
{Heap before GC invocations=0 (full 0):
 garbage-first heap   total 131072K, used 24576K [0x00000000c0c00000, 0x0000000100000000)
  region size 1024K, 24 young (24576K), 0 survivors (0K)
 Metaspace       used 18661K, capacity 19090K, committed 19456K, reserved 1067008K
  class space    used 2027K, capacity 2177K, committed 2304K, reserved 1048576K
}
Event: 1.019 GC heap after
{Heap after GC invocations=1 (full 0):
 garbage-first heap   total 131072K, used 5189K [0x00000000c0c00000, 0x0000000100000000)
  region size 1024K, 3 young (3072K), 3 survivors (3072K)
 Metaspace       used 18661K, capacity 19090K, committed 19456K, reserved 1067008K
  class space    used 2027K, capacity 2177K, committed 2304K, reserved 1048576K
}
Event: 1.374 GC heap before
{Heap before GC invocations=1 (full 0):
 garbage-first heap   total 131072K, used 11333K [0x00000000c0c00000, 0x0000000100000000)
  region size 1024K, 10 young (10240K), 3 survivors (3072K)
 Metaspace       used 20699K, capacity 21152K, committed 21296K, reserved 1069056K
  class space    used 2197K, capacity 2347K, committed 2432K, reserved 1048576K
}
Event: 1.379 GC heap after
{Heap after GC invocations=2 (full 0):
 garbage-first heap   total 131072K, used 6379K [0x00000000c0c00000, 0x0000000100000000)
  region size 1024K, 1 young (1024K), 1 survivors (1024K)
 Metaspace       used 20699K, capacity 21152K, committed 21296K, reserved 1069056K
  class space    used 2197K, capacity 2347K, committed 2432K, reserved 1048576K
}
Event: 80.805 GC heap before
{Heap before GC invocations=3 (full 0):
 garbage-first heap   total 131072K, used 42219K [0x00000000c0c00000, 0x0000000100000000)
  region size 1024K, 36 young (36864K), 1 survivors (1024K)
 Metaspace       used 22510K, capacity 23053K, committed 23216K, reserved 1071104K
  class space    used 2329K, capacity 2502K, committed 2560K, reserved 1048576K
}
Event: 80.808 GC heap after
{Heap after GC invocations=4 (full 0):
 garbage-first heap   total 131072K, used 7067K [0x00000000c0c00000, 0x0000000100000000)
  region size 1024K, 2 young (2048K), 2 survivors (2048K)
 Metaspace       used 22510K, capacity 23053K, committed 23216K, reserved 1071104K
  class space    used 2329K, capacity 2502K, committed 2560K, reserved 1048576K
}
Event: 1185.602 GC heap before
{Heap before GC invocations=4 (full 0):
 garbage-first heap   total 131072K, used 57243K [0x00000000c0c00000, 0x0000000100000000)
  region size 1024K, 51 young (52224K), 2 survivors (2048K)
 Metaspace       used 22985K, capacity 23598K, committed 23728K, reserved 1071104K
  class space    used 2347K, capacity 2531K, committed 2560K, reserved 1048576K
}
Event: 1185.604 GC heap after
{Heap after GC invocations=5 (full 0):
 garbage-first heap   total 131072K, used 7419K [0x00000000c0c00000, 0x0000000100000000)
  region size 1024K, 2 young (2048K), 2 survivors (2048K)
 Metaspace       used 22985K, capacity 23598K, committed 23728K, reserved 1071104K
  class space    used 2347K, capacity 2531K, committed 2560K, reserved 1048576K
}

Deoptimization events (20 events):
Event: 1180.030 Thread 0x0000021b2f983800 DEOPT PACKING pc=0x0000021b20b3f2e4 sp=0x00000043178fb240
Event: 1180.030 Thread 0x0000021b2f983800 DEOPT UNPACKING pc=0x0000021b18f4662f sp=0x00000043178fb190 mode 2
Event: 1180.030 Thread 0x0000021b2f983800 Uncommon trap: trap_request=0xffffffbe fr.pc=0x0000021b20b3f2e4 relative=0x00000000000002c4
Event: 1180.030 Thread 0x0000021b2f983800 Uncommon trap: reason=profile_predicate action=maybe_recompile pc=0x0000021b20b3f2e4 method=sun.security.provider.HashDrbg.addBytes([BI[[B)V @ 36 c2
Event: 1180.031 Thread 0x0000021b2f983800 DEOPT PACKING pc=0x0000021b20b3f2e4 sp=0x00000043178fb240
Event: 1180.031 Thread 0x0000021b2f983800 DEOPT UNPACKING pc=0x0000021b18f4662f sp=0x00000043178fb190 mode 2
Event: 1180.034 Thread 0x0000021b2f983800 Uncommon trap: trap_request=0xffffffbe fr.pc=0x0000021b20b3f2e4 relative=0x00000000000002c4
Event: 1180.034 Thread 0x0000021b2f983800 Uncommon trap: reason=profile_predicate action=maybe_recompile pc=0x0000021b20b3f2e4 method=sun.security.provider.HashDrbg.addBytes([BI[[B)V @ 36 c2
Event: 1180.034 Thread 0x0000021b2f983800 DEOPT PACKING pc=0x0000021b20b3f2e4 sp=0x00000043178fb240
Event: 1180.034 Thread 0x0000021b2f983800 DEOPT UNPACKING pc=0x0000021b18f4662f sp=0x00000043178fb190 mode 2
Event: 1180.034 Thread 0x0000021b2f983800 Uncommon trap: trap_request=0xffffffbe fr.pc=0x0000021b20b3f2e4 relative=0x00000000000002c4
Event: 1180.034 Thread 0x0000021b2f983800 Uncommon trap: reason=profile_predicate action=maybe_recompile pc=0x0000021b20b3f2e4 method=sun.security.provider.HashDrbg.addBytes([BI[[B)V @ 36 c2
Event: 1180.034 Thread 0x0000021b2f983800 DEOPT PACKING pc=0x0000021b20b3f2e4 sp=0x00000043178fb240
Event: 1180.034 Thread 0x0000021b2f983800 DEOPT UNPACKING pc=0x0000021b18f4662f sp=0x00000043178fb190 mode 2
Event: 1185.591 Thread 0x0000021b2f983800 DEOPT PACKING pc=0x0000021b198740a9 sp=0x00000043178f9af0
Event: 1185.591 Thread 0x0000021b2f983800 DEOPT UNPACKING pc=0x0000021b18f46dde sp=0x00000043178f8f70 mode 0
Event: 1187.619 Thread 0x0000021b2f983800 Uncommon trap: trap_request=0xffffffcc fr.pc=0x0000021b20b7a750 relative=0x0000000000003cf0
Event: 1187.619 Thread 0x0000021b2f983800 Uncommon trap: reason=intrinsic_or_type_checked_inlining action=make_not_entrant pc=0x0000021b20b7a750 method=java.util.ArrayList.toArray([Ljava/lang/Object;)[Ljava/lang/Object; @ 36 c2
Event: 1187.619 Thread 0x0000021b2f983800 DEOPT PACKING pc=0x0000021b20b7a750 sp=0x00000043178fb270
Event: 1187.619 Thread 0x0000021b2f983800 DEOPT UNPACKING pc=0x0000021b18f4662f sp=0x00000043178fb100 mode 2

Classes redefined (0 events):
No events

Internal exceptions (20 events):
Event: 0.478 Thread 0x0000021b2e9a1000 Exception <a 'java/lang/NoSuchMethodError'{0x00000000c85712a8}: 'java.lang.Object java.lang.invoke.DelegatingMethodHandle$Holder.reinvoke_L(java.lang.Object, int, java.lang.Object)'> (0x00000000c85712a8) thrown at [./src/hotspot/share/interpreter/linkResolver.cpp, line 779]
Event: 0.527 Thread 0x0000021b2e8ec000 Exception <a 'java/lang/NoSuchMethodError'{0x00000000c84275c8}: <clinit>> (0x00000000c84275c8) thrown at [./src/hotspot/share/prims/jni.cpp, line 1363]
Event: 0.637 Thread 0x0000021b2e8ec000 Exception <a 'java/lang/NoSuchMethodError'{0x00000000c8232558}: 'int java.lang.invoke.DirectMethodHandle$Holder.invokeSpecialIFC(java.lang.Object, java.lang.Object, int)'> (0x00000000c8232558) thrown at [./src/hotspot/share/interpreter/linkResolver.cpp, line 779]
Event: 0.677 Thread 0x0000021b2e8ec000 Exception <a 'java/lang/NoSuchMethodError'{0x00000000c81310f0}: 'java.lang.Object java.lang.invoke.DirectMethodHandle$Holder.invokeVirtual(java.lang.Object, java.lang.Object, java.lang.Object)'> (0x00000000c81310f0) thrown at [./src/hotspot/share/interpreter/linkResolver.cpp, line 779]
Event: 0.775 Thread 0x0000021b2e8ec000 Exception <a 'java/lang/NoSuchMethodError'{0x00000000c7d99858}: 'void java.lang.invoke.DirectMethodHandle$Holder.invokeStaticInit(java.lang.Object, java.lang.Object)'> (0x00000000c7d99858) thrown at [./src/hotspot/share/interpreter/linkResolver.cpp, line 779]
Event: 0.845 Thread 0x0000021b2e8ec000 Exception <a 'sun/nio/fs/WindowsException'{0x00000000c7af0698}> (0x00000000c7af0698) thrown at [./src/hotspot/share/prims/jni.cpp, line 616]
Event: 0.854 Thread 0x0000021b2e8ec000 Exception <a 'java/lang/NoSuchMethodError'{0x00000000c7913d48}: 'int java.lang.invoke.DirectMethodHandle$Holder.invokeStaticInit(java.lang.Object, java.lang.Object, java.lang.Object, java.lang.Object)'> (0x00000000c7913d48) thrown at [./src/hotspot/share/interpreter/linkResolver.cpp, line 779]
Event: 0.855 Thread 0x0000021b2e8ec000 Exception <a 'java/lang/IncompatibleClassChangeError'{0x00000000c791cf78}: Found class java.lang.Object, but interface was expected> (0x00000000c791cf78) thrown at [./src/hotspot/share/interpreter/linkResolver.cpp, line 845]
Event: 0.856 Thread 0x0000021b2e8ec000 Exception <a 'java/lang/NoSuchMethodError'{0x00000000c7922518}: 'int java.lang.invoke.DirectMethodHandle$Holder.invokeStaticInit(java.lang.Object, java.lang.Object)'> (0x00000000c7922518) thrown at [./src/hotspot/share/interpreter/linkResolver.cpp, line 779]
Event: 1.089 Thread 0x0000021b2e8ec000 Implicit null exception at 0x0000021b20a19f77 to 0x0000021b20a1a474
Event: 1.263 Thread 0x0000021b2e8ec000 Implicit null exception at 0x0000021b20a5dcf4 to 0x0000021b20a5e208
Event: 1.460 Thread 0x0000021b2e8ec000 Exception <a 'java/lang/NoSuchMethodError'{0x00000000c8aff4b0}: <clinit>> (0x00000000c8aff4b0) thrown at [./src/hotspot/share/prims/jni.cpp, line 1363]
Event: 1.468 Thread 0x0000021b2e8ec000 Exception <a 'java/lang/NoSuchMethodError'{0x00000000c8949400}: <clinit>> (0x00000000c8949400) thrown at [./src/hotspot/share/prims/jni.cpp, line 1363]
Event: 57.919 Thread 0x0000021b2e8ec000 Exception <a 'java/lang/NoSuchMethodError'{0x00000000c7d2bbe8}: <clinit>> (0x00000000c7d2bbe8) thrown at [./src/hotspot/share/prims/jni.cpp, line 1363]
Event: 57.920 Thread 0x0000021b2e8ec000 Exception <a 'java/lang/NoSuchMethodError'{0x00000000c7d38460}: <clinit>> (0x00000000c7d38460) thrown at [./src/hotspot/share/prims/jni.cpp, line 1363]
Event: 57.976 Thread 0x0000021b2e8ec000 Exception <a 'java/lang/NoSuchMethodError'{0x00000000c7c53c80}: <clinit>> (0x00000000c7c53c80) thrown at [./src/hotspot/share/prims/jni.cpp, line 1363]
Event: 57.977 Thread 0x0000021b2e8ec000 Exception <a 'java/lang/NoSuchMethodError'{0x00000000c7c5edb0}: <clinit>> (0x00000000c7c5edb0) thrown at [./src/hotspot/share/prims/jni.cpp, line 1363]
Event: 57.977 Thread 0x0000021b2e8ec000 Exception <a 'java/lang/NoSuchMethodError'{0x00000000c7c69bb8}: <clinit>> (0x00000000c7c69bb8) thrown at [./src/hotspot/share/prims/jni.cpp, line 1363]
Event: 58.000 Thread 0x0000021b2e8ec000 Exception <a 'java/lang/NoSuchMethodError'{0x00000000c7cd5f78}: <clinit>> (0x00000000c7cd5f78) thrown at [./src/hotspot/share/prims/jni.cpp, line 1363]
Event: 58.464 Thread 0x0000021b2e8ec000 Exception <a 'java/net/SocketException'{0x00000000c74d0f60}: Software caused connection abort: socket write error> (0x00000000c74d0f60) thrown at [./src/hotspot/share/prims/jni.cpp, line 637]

Events (20 events):
Event: 1186.323 Thread 0x0000021b2f985800 Thread exited: 0x0000021b2f985800
Event: 1186.323 Thread 0x0000021b2f988000 Thread exited: 0x0000021b2f988000
Event: 1186.324 Thread 0x0000021b2f985800 Thread added: 0x0000021b2f985800
Event: 1186.324 Thread 0x0000021b2f984800 Thread exited: 0x0000021b2f984800
Event: 1186.324 Thread 0x0000021b2f984800 Thread added: 0x0000021b2f984800
Event: 1186.324 Thread 0x0000021b2f986000 Thread exited: 0x0000021b2f986000
Event: 1186.324 Thread 0x0000021b2f986000 Thread added: 0x0000021b2f986000
Event: 1186.324 Thread 0x0000021b2f985800 Thread exited: 0x0000021b2f985800
Event: 1186.324 Thread 0x0000021b2f984800 Thread exited: 0x0000021b2f984800
Event: 1186.324 Thread 0x0000021b2f986000 Thread exited: 0x0000021b2f986000
Event: 1187.620 Thread 0x0000021b2f987000 Thread added: 0x0000021b2f987000
Event: 1187.620 Thread 0x0000021b2f984800 Thread added: 0x0000021b2f984800
Event: 1187.620 Thread 0x0000021b2f987000 Thread exited: 0x0000021b2f987000
Event: 1187.620 Thread 0x0000021b2f984800 Thread exited: 0x0000021b2f984800
Event: 1195.211 Thread 0x0000021b315cb000 Thread exited: 0x0000021b315cb000
Event: 1205.648 Thread 0x0000021b3085b800 Thread added: 0x0000021b3085b800
Event: 1205.676 loading class boolean
Event: 1205.676 loading class boolean done
Event: 1205.676 loading class boolean
Event: 1205.676 loading class boolean done


Dynamic libraries:
0x00007ff652b10000 - 0x00007ff652b1a000 	C:\Program Files\JetBrains\IntelliJ IDEA 2021.1.2\jbr\bin\java.exe
0x00007ff85a2d0000 - 0x00007ff85a4c5000 	C:\WINDOWS\SYSTEM32\ntdll.dll
0x00007ff859150000 - 0x00007ff85920d000 	C:\WINDOWS\System32\KERNEL32.DLL
0x00007ff857d00000 - 0x00007ff857fc9000 	C:\WINDOWS\System32\KERNELBASE.dll
0x00007ff857a30000 - 0x00007ff857b30000 	C:\WINDOWS\System32\ucrtbase.dll
0x00007ff83c790000 - 0x00007ff83c7a9000 	C:\Program Files\JetBrains\IntelliJ IDEA 2021.1.2\jbr\bin\jli.dll
0x00007ff83c700000 - 0x00007ff83c717000 	C:\Program Files\JetBrains\IntelliJ IDEA 2021.1.2\jbr\bin\VCRUNTIME140.dll
0x00007ff859400000 - 0x00007ff8595a0000 	C:\WINDOWS\System32\USER32.dll
0x00007ff857a00000 - 0x00007ff857a22000 	C:\WINDOWS\System32\win32u.dll
0x00007ff856de0000 - 0x00007ff85707a000 	C:\WINDOWS\WinSxS\amd64_microsoft.windows.common-controls_6595b64144ccf1df_6.0.19041.1110_none_60b5254171f9507e\COMCTL32.dll
0x00007ff858910000 - 0x00007ff85893a000 	C:\WINDOWS\System32\GDI32.dll
0x00007ff857bf0000 - 0x00007ff857cfb000 	C:\WINDOWS\System32\gdi32full.dll
0x00007ff858940000 - 0x00007ff8589de000 	C:\WINDOWS\System32\msvcrt.dll
0x00007ff8581e0000 - 0x00007ff85827d000 	C:\WINDOWS\System32\msvcp_win.dll
0x00007ff8593d0000 - 0x00007ff859400000 	C:\WINDOWS\System32\IMM32.DLL
0x00007ff824850000 - 0x00007ff8248ed000 	C:\Program Files\JetBrains\IntelliJ IDEA 2021.1.2\jbr\bin\msvcp140.dll
0x00007ff809e30000 - 0x00007ff80a983000 	C:\Program Files\JetBrains\IntelliJ IDEA 2021.1.2\jbr\bin\server\jvm.dll
0x00007ff8587b0000 - 0x00007ff85885c000 	C:\WINDOWS\System32\ADVAPI32.dll
0x00007ff8592d0000 - 0x00007ff85936b000 	C:\WINDOWS\System32\sechost.dll
0x00007ff858ca0000 - 0x00007ff858dca000 	C:\WINDOWS\System32\RPCRT4.dll
0x00007ff8589f0000 - 0x00007ff8589f8000 	C:\WINDOWS\System32\PSAPI.DLL
0x00007ff84c6f0000 - 0x00007ff84c717000 	C:\WINDOWS\SYSTEM32\WINMM.dll
0x00007ff844330000 - 0x00007ff844339000 	C:\WINDOWS\SYSTEM32\WSOCK32.dll
0x00007ff851c30000 - 0x00007ff851c3a000 	C:\WINDOWS\SYSTEM32\VERSION.dll
0x00007ff85a000000 - 0x00007ff85a06b000 	C:\WINDOWS\System32\WS2_32.dll
0x00007ff855c40000 - 0x00007ff855c52000 	C:\WINDOWS\SYSTEM32\kernel.appcore.dll
0x00007ff84f3b0000 - 0x00007ff84f3c1000 	C:\Program Files\JetBrains\IntelliJ IDEA 2021.1.2\jbr\bin\verify.dll
0x00007ff857280000 - 0x00007ff857464000 	C:\WINDOWS\SYSTEM32\DBGHELP.DLL
0x00007ff8571d0000 - 0x00007ff8571fc000 	C:\WINDOWS\SYSTEM32\dbgcore.DLL
0x00007ff857b30000 - 0x00007ff857bb3000 	C:\WINDOWS\System32\bcryptPrimitives.dll
0x00007ff84f030000 - 0x00007ff84f059000 	C:\Program Files\JetBrains\IntelliJ IDEA 2021.1.2\jbr\bin\java.dll
0x00007ff851bc0000 - 0x00007ff851bcb000 	C:\Program Files\JetBrains\IntelliJ IDEA 2021.1.2\jbr\bin\jimage.dll
0x00007ff84f390000 - 0x00007ff84f3a8000 	C:\Program Files\JetBrains\IntelliJ IDEA 2021.1.2\jbr\bin\zip.dll
0x00007ff8595a0000 - 0x00007ff859cdf000 	C:\WINDOWS\System32\SHELL32.dll
0x00007ff8554a0000 - 0x00007ff855c30000 	C:\WINDOWS\SYSTEM32\windows.storage.dll
0x00007ff858df0000 - 0x00007ff859145000 	C:\WINDOWS\System32\combase.dll
0x00007ff856d70000 - 0x00007ff856d9c000 	C:\WINDOWS\SYSTEM32\Wldp.dll
0x00007ff858860000 - 0x00007ff85890e000 	C:\WINDOWS\System32\SHCORE.dll
0x00007ff85a1b0000 - 0x00007ff85a205000 	C:\WINDOWS\System32\shlwapi.dll
0x00007ff857940000 - 0x00007ff85795f000 	C:\WINDOWS\SYSTEM32\profapi.dll
0x00007ff84eff0000 - 0x00007ff84f00a000 	C:\Program Files\JetBrains\IntelliJ IDEA 2021.1.2\jbr\bin\net.dll
0x00007ff84e6d0000 - 0x00007ff84e7d8000 	C:\WINDOWS\SYSTEM32\WINHTTP.dll
0x00007ff856ad0000 - 0x00007ff856b3a000 	C:\WINDOWS\system32\mswsock.dll
0x00007ff84efd0000 - 0x00007ff84efe4000 	C:\Program Files\JetBrains\IntelliJ IDEA 2021.1.2\jbr\bin\nio.dll
0x00007ff857780000 - 0x00007ff857798000 	C:\WINDOWS\SYSTEM32\CRYPTSP.dll
0x00007ff856470000 - 0x00007ff8564a4000 	C:\WINDOWS\system32\rsaenh.dll
0x00007ff857bc0000 - 0x00007ff857be7000 	C:\WINDOWS\System32\bcrypt.dll
0x00007ff857900000 - 0x00007ff85792e000 	C:\WINDOWS\SYSTEM32\USERENV.dll
0x00007ff856d60000 - 0x00007ff856d6c000 	C:\WINDOWS\SYSTEM32\CRYPTBASE.dll
0x00007ff8567c0000 - 0x00007ff8567fb000 	C:\WINDOWS\SYSTEM32\IPHLPAPI.DLL
0x00007ff8589e0000 - 0x00007ff8589e8000 	C:\WINDOWS\System32\NSI.dll
0x00007ff850770000 - 0x00007ff850787000 	C:\WINDOWS\SYSTEM32\dhcpcsvc6.DLL
0x00007ff850690000 - 0x00007ff8506ad000 	C:\WINDOWS\SYSTEM32\dhcpcsvc.DLL
0x00007ff856800000 - 0x00007ff8568cc000 	C:\WINDOWS\SYSTEM32\DNSAPI.dll
0x00007ff852af0000 - 0x00007ff852af8000 	C:\Program Files\JetBrains\IntelliJ IDEA 2021.1.2\jbr\bin\rmi.dll
0x00007ff84e7e0000 - 0x00007ff84e7ea000 	C:\Windows\System32\rasadhlp.dll
0x00007ff84e650000 - 0x00007ff84e6cf000 	C:\WINDOWS\System32\fwpuclnt.dll
0x00007ff84f080000 - 0x00007ff84f0a8000 	C:\Program Files\JetBrains\IntelliJ IDEA 2021.1.2\jbr\bin\sunec.dll

dbghelp: loaded successfully - version: 4.0.5 - missing functions: none
symbol engine: initialized successfully - sym options: 0x614 - pdb path: .;C:\Program Files\JetBrains\IntelliJ IDEA 2021.1.2\jbr\bin;C:\WINDOWS\SYSTEM32;C:\WINDOWS\WinSxS\amd64_microsoft.windows.common-controls_6595b64144ccf1df_6.0.19041.1110_none_60b5254171f9507e;C:\Program Files\JetBrains\IntelliJ IDEA 2021.1.2\jbr\bin\server

VM Arguments:
jvm_args: -Djava.rmi.server.hostname=127.0.0.1 -Duser.timezone=UTC -Xmx1011m -Xms128m -Dfile.encoding=UTF-8 
java_command: com.intellij.database.remote.RemoteJdbcServer com.mysql.cj.jdbc.Driver
java_class_path (initial): C:\Program Files\JetBrains\IntelliJ IDEA 2021.1.2\lib\util.jar;C:\Program Files\JetBrains\IntelliJ IDEA 2021.1.2\lib\trove4j.jar;C:\Program Files\JetBrains\IntelliJ IDEA 2021.1.2\lib\groovy-2.5.11.jar;C:\Program Files\JetBrains\IntelliJ IDEA 2021.1.2\plugins\DatabaseTools\lib\jdbc-console.jar;C:\Users\User\AppData\Roaming\JetBrains\IntelliJIdea2021.1\jdbc-drivers\MySQL ConnectorJ\8.0.25\mysql-connector-java-8.0.25.jar
Launcher Type: SUN_STANDARD

[Global flags]
     intx CICompilerCount                          = 4                                         {product} {ergonomic}
     uint ConcGCThreads                            = 2                                         {product} {ergonomic}
     uint G1ConcRefinementThreads                  = 8                                         {product} {ergonomic}
   size_t G1HeapRegionSize                         = 1048576                                   {product} {ergonomic}
    uintx GCDrainStackTargetSize                   = 64                                        {product} {ergonomic}
   size_t InitialHeapSize                          = 134217728                                 {product} {command line}
   size_t MarkStackSize                            = 4194304                                   {product} {ergonomic}
   size_t MaxHeapSize                              = 1061158912                                {product} {command line, ergonomic}
   size_t MaxNewSize                               = 636485632                                 {product} {ergonomic}
   size_t MinHeapDeltaBytes                        = 1048576                                   {product} {ergonomic}
    uintx NonNMethodCodeHeapSize                   = 5836300                                {pd product} {ergonomic}
    uintx NonProfiledCodeHeapSize                  = 122910970                              {pd product} {ergonomic}
    uintx ProfiledCodeHeapSize                     = 122910970                              {pd product} {ergonomic}
    uintx ReservedCodeCacheSize                    = 251658240                              {pd product} {ergonomic}
     bool SegmentedCodeCache                       = true                                      {product} {ergonomic}
     bool UseCompressedClassPointers               = true                                 {lp64_product} {ergonomic}
     bool UseCompressedOops                        = true                                 {lp64_product} {ergonomic}
     bool UseG1GC                                  = true                                      {product} {ergonomic}
     bool UseLargePagesIndividualAllocation        = false                                  {pd product} {ergonomic}

Logging:
Log output configuration:
 #0: stdout all=warning uptime,level,tags
 #1: stderr all=off uptime,level,tags

Environment Variables:
PATH=C:\Program Files\Common Files\Oracle\Java\javapath;C:\WINDOWS\system32;C:\WINDOWS;C:\WINDOWS\System32\Wbem;C:\WINDOWS\System32\WindowsPowerShell\v1.0\;C:\WINDOWS\System32\OpenSSH\;C:\Program Files\nodejs\;C:\Program Files\TortoiseGit\bin;C:\Users\User\AppData\Local\Microsoft\WindowsApps;C:\Users\User\AppData\Roaming\npm;C:\Users\User\AppData\Local\Programs\Microsoft VS Code\bin;C:\Users\User\AppData\Local\GitHubDesktop\bin;F:\Java-Web\gradle-6.9.1\bin;
USERNAME=User
OS=Windows_NT
PROCESSOR_IDENTIFIER=Intel64 Family 6 Model 142 Stepping 10, GenuineIntel



---------------  S Y S T E M  ---------------

OS: Windows 10 , 64 bit Build 19041 (10.0.19041.1151)
OS uptime: 2 days 20:13 hours

CPU:total 8 (initial active 8) (4 cores per cpu, 2 threads per core) family 6 model 142 stepping 10 microcode 0xea, cmov, cx8, fxsr, mmx, sse, sse2, sse3, ssse3, sse4.1, sse4.2, popcnt, avx, avx2, aes, clmul, erms, 3dnowpref, lzcnt, ht, tsc, tscinvbit, bmi1, bmi2, adx, fma

Memory: 4k page, system-wide physical 8089M (1343M free)
TotalPageFile size 12064M (AvailPageFile size 2287M)
current process WorkingSet (physical memory assigned to process): 144M, peak: 170M
current process commit charge ("private bytes"): 250M, peak: 278M

vm_info: Dynamic Code Evolution 64-Bit Server VM (11.0.11+9-b1341.57) for windows-amd64 JRE (11.0.11+9-b1341.57), built on May 17 2021 14:09:08 by "" with MS VC++ 14.0 (VS2015)

END.
